<?xml version="1.0" encoding="UTF-8"?>
<!-- Generated by org.testng.reporters.JUnitReportReporter -->
<testsuite hostname="DESKTOP-8OTT66F" failures="0" tests="8" name="cucumber.framework.runner.jcadmin.nisa.JCAdminRunner" time="25.308" errors="0" timestamp="2022-10-03T09:58:12 ICT" skipped="0">
  <testcase classname="cucumber.framework.runner.jcadmin.nisa.JCAdminRunner" name="runScenario" time="1.375"/>
  <system-out/>
  <testcase classname="cucumber.framework.runner.jcadmin.nisa.JCAdminRunner" name="runScenario" time="9.392"/>
  <system-out/>
  <testcase classname="cucumber.framework.runner.jcadmin.nisa.JCAdminRunner" name="runScenario" time="2.528"/>
  <system-out/>
  <testcase classname="cucumber.framework.runner.jcadmin.nisa.JCAdminRunner" name="runScenario" time="1.363"/>
  <system-out/>
  <testcase classname="cucumber.framework.runner.jcadmin.nisa.JCAdminRunner" name="runScenario" time="2.792"/>
  <system-out/>
  <testcase classname="cucumber.framework.runner.jcadmin.nisa.JCAdminRunner" name="runScenario" time="2.777"/>
  <system-out/>
  <testcase classname="cucumber.framework.runner.jcadmin.nisa.JCAdminRunner" name="runScenario" time="2.538"/>
  <system-out/>
  <testcase classname="cucumber.framework.runner.jcadmin.nisa.JCAdminRunner" name="runScenario" time="2.543"/>
  <system-out/>
</testsuite> <!-- cucumber.framework.runner.jcadmin.nisa.JCAdminRunner -->
