<?xml version="1.0" encoding="UTF-8"?>
<!-- Generated by org.testng.reporters.JUnitReportReporter -->
<testsuite hostname="DESKTOP-8OTT66F" failures="0" tests="3" name="cucumber.framework.runner.jcadmin.nisa.JCAdminRunnerNisa" time="49.391" errors="0" timestamp="2022-10-03T14:13:49 ICT" skipped="0">
  <testcase classname="cucumber.framework.runner.jcadmin.nisa.JCAdminRunnerNisa" name="runScenario" time="24.364"/>
  <system-out/>
  <testcase classname="cucumber.framework.runner.jcadmin.nisa.JCAdminRunnerNisa" name="runScenario" time="12.352"/>
  <system-out/>
  <testcase classname="cucumber.framework.runner.jcadmin.nisa.JCAdminRunnerNisa" name="runScenario" time="12.675"/>
  <system-out/>
</testsuite> <!-- cucumber.framework.runner.jcadmin.nisa.JCAdminRunnerNisa -->
