<?xml version="1.0" encoding="UTF-8"?>
<!-- Generated by org.testng.reporters.JUnitReportReporter -->
<testsuite hostname="DESKTOP-8OTT66F" failures="14" tests="220" name="cucumber.framework.runner.jcadmin.JCAdminRunnerKolektif" time="3373.828" errors="58" timestamp="2022-10-09T14:41:14 ICT" skipped="0">
  <testcase classname="cucumber.framework.runner.jcadmin.JCAdminRunnerKolektif" name="runScenario" time="10.224">
    <error message="invalid argument: File not found : C:\Users\NEXSOFT\git\INTEGRATION-BOIM-NICO-NISA\INTEGRATION-BOIM-NICO-NISA\src\main\resources\gambarnisa\dev.png
  (Session info: chrome=105.0.5195.127)
Build info: version: &#039;4.4.0&#039;, revision: &#039;e5c75ed026a&#039;
System info: host: &#039;DESKTOP-8OTT66F&#039;, ip: &#039;192.168.0.11&#039;, os.name: &#039;Windows 10&#039;, os.arch: &#039;amd64&#039;, os.version: &#039;10.0&#039;, java.version: &#039;17.0.4.1&#039;
Driver info: org.openqa.selenium.chrome.ChromeDriver
Command: [b91b9cc2b751a4292dcc5c13c338190c, sendKeysToElement {id=d9d8e0ce-ec66-4c9d-8be1-82fcfce7cae1, value=[Ljava.lang.CharSequence;@39caf68a}]
Capabilities {acceptInsecureCerts: false, browserName: chrome, browserVersion: 105.0.5195.127, chrome: {chromedriverVersion: 105.0.5195.52 (412c95e51883..., userDataDir: C:\Users\NEXSOFT\AppData\Lo...}, goog:chromeOptions: {debuggerAddress: localhost:51677}, networkConnectionEnabled: false, pageLoadStrategy: normal, platformName: WINDOWS, proxy: Proxy(), se:cdp: ws://localhost:51677/devtoo..., se:cdpVersion: 105.0.5195.127, setWindowRect: true, strictFileInteractability: false, timeouts: {implicit: 0, pageLoad: 300000, script: 30000}, unhandledPromptBehavior: dismiss and notify, webauthn:extension:credBlob: true, webauthn:extension:largeBlob: true, webauthn:virtualAuthenticators: true}
Element: [[ChromeDriver: chrome on WINDOWS (b91b9cc2b751a4292dcc5c13c338190c)] -&gt; xpath: //input[@name=&#039;uploadedFile&#039;]]
Session ID: b91b9cc2b751a4292dcc5c13c338190c" type="org.openqa.selenium.InvalidArgumentException">
      <![CDATA[org.openqa.selenium.InvalidArgumentException: invalid argument: File not found : C:\Users\NEXSOFT\git\INTEGRATION-BOIM-NICO-NISA\INTEGRATION-BOIM-NICO-NISA\src\main\resources\gambarnisa\dev.png
  (Session info: chrome=105.0.5195.127)
Build info: version: '4.4.0', revision: 'e5c75ed026a'
System info: host: 'DESKTOP-8OTT66F', ip: '192.168.0.11', os.name: 'Windows 10', os.arch: 'amd64', os.version: '10.0', java.version: '17.0.4.1'
Driver info: org.openqa.selenium.chrome.ChromeDriver
Command: [b91b9cc2b751a4292dcc5c13c338190c, sendKeysToElement {id=d9d8e0ce-ec66-4c9d-8be1-82fcfce7cae1, value=[Ljava.lang.CharSequence;@39caf68a}]
Capabilities {acceptInsecureCerts: false, browserName: chrome, browserVersion: 105.0.5195.127, chrome: {chromedriverVersion: 105.0.5195.52 (412c95e51883..., userDataDir: C:\Users\NEXSOFT\AppData\Lo...}, goog:chromeOptions: {debuggerAddress: localhost:51677}, networkConnectionEnabled: false, pageLoadStrategy: normal, platformName: WINDOWS, proxy: Proxy(), se:cdp: ws://localhost:51677/devtoo..., se:cdpVersion: 105.0.5195.127, setWindowRect: true, strictFileInteractability: false, timeouts: {implicit: 0, pageLoad: 300000, script: 30000}, unhandledPromptBehavior: dismiss and notify, webauthn:extension:credBlob: true, webauthn:extension:largeBlob: true, webauthn:virtualAuthenticators: true}
Element: [[ChromeDriver: chrome on WINDOWS (b91b9cc2b751a4292dcc5c13c338190c)] -> xpath: //input[@name='uploadedFile']]
Session ID: b91b9cc2b751a4292dcc5c13c338190c
at jdk.internal.reflect.GeneratedConstructorAccessor29.newInstance(Unknown Source)
at java.base/jdk.internal.reflect.DelegatingConstructorAccessorImpl.newInstance(DelegatingConstructorAccessorImpl.java:45)
at java.base/java.lang.reflect.Constructor.newInstanceWithCaller(Constructor.java:499)
at java.base/java.lang.reflect.Constructor.newInstance(Constructor.java:480)
at org.openqa.selenium.remote.codec.w3c.W3CHttpResponseCodec.createException(W3CHttpResponseCodec.java:200)
at org.openqa.selenium.remote.codec.w3c.W3CHttpResponseCodec.decode(W3CHttpResponseCodec.java:133)
at org.openqa.selenium.remote.codec.w3c.W3CHttpResponseCodec.decode(W3CHttpResponseCodec.java:53)
at org.openqa.selenium.remote.HttpCommandExecutor.execute(HttpCommandExecutor.java:184)
at org.openqa.selenium.remote.service.DriverCommandExecutor.invokeExecute(DriverCommandExecutor.java:167)
at org.openqa.selenium.remote.service.DriverCommandExecutor.execute(DriverCommandExecutor.java:142)
at org.openqa.selenium.remote.RemoteWebDriver.execute(RemoteWebDriver.java:547)
at org.openqa.selenium.remote.RemoteWebElement.execute(RemoteWebElement.java:257)
at org.openqa.selenium.remote.RemoteWebElement.sendKeys(RemoteWebElement.java:113)
at jdk.internal.reflect.GeneratedMethodAccessor128.invoke(Unknown Source)
at java.base/jdk.internal.reflect.DelegatingMethodAccessorImpl.invoke(DelegatingMethodAccessorImpl.java:43)
at java.base/java.lang.reflect.Method.invoke(Method.java:568)
at org.openqa.selenium.support.pagefactory.internal.LocatingElementHandler.invoke(LocatingElementHandler.java:52)
at jdk.proxy2/jdk.proxy2.$Proxy32.sendKeys(Unknown Source)
at cucumber.framework.page.jcadmin.JCAdminTestimonial.uploadFile(JCAdminTestimonial.java:302)
at cucumber.framework.page.jcadmin.JCAdminTestimonial.tambahDataTestimonialNegativeNoActiveIsi(JCAdminTestimonial.java:360)
at cucumber.framework.runner.jcadmin.Anisa.JCTambahNegatifTestimonialImpl.admin_isi_form_negative_rating_angka_rating_no_active_kosong_isi_testi(JCTambahNegatifTestimonialImpl.java:113)
at ?.TE020N Admin isi form negative rating 1 no active kosong isi testi(file:///C:/Users/NEXSOFT/git/INTEGRATION-BOIM-NICO-NISA/INTEGRATION-BOIM-NICO-NISA/src/main/resources/jcadmin/anisa/002Testimonial002TambahNegatif.feature:49)
]]>
    </error>
  </testcase> <!-- runScenario -->
  <system-out/>
  <testcase classname="cucumber.framework.runner.jcadmin.JCAdminRunnerKolektif" name="runScenario" time="25.860"/>
  <system-out/>
  <testcase classname="cucumber.framework.runner.jcadmin.JCAdminRunnerKolektif" name="runScenario" time="19.130"/>
  <system-out/>
  <testcase classname="cucumber.framework.runner.jcadmin.JCAdminRunnerKolektif" name="runScenario" time="8.867">
    <error message="invalid argument: File not found : C:\Users\NEXSOFT\git\INTEGRATION-BOIM-NICO-NISA\INTEGRATION-BOIM-NICO-NISA\src\main\resources\gambarnisa\jerome.jpeg
  (Session info: chrome=105.0.5195.127)
Build info: version: &#039;4.4.0&#039;, revision: &#039;e5c75ed026a&#039;
System info: host: &#039;DESKTOP-8OTT66F&#039;, ip: &#039;192.168.0.11&#039;, os.name: &#039;Windows 10&#039;, os.arch: &#039;amd64&#039;, os.version: &#039;10.0&#039;, java.version: &#039;17.0.4.1&#039;
Driver info: org.openqa.selenium.chrome.ChromeDriver
Command: [b91b9cc2b751a4292dcc5c13c338190c, sendKeysToElement {id=b017914c-a3b0-4dd8-836b-fd0244d7b024, value=[Ljava.lang.CharSequence;@3cc3914a}]
Capabilities {acceptInsecureCerts: false, browserName: chrome, browserVersion: 105.0.5195.127, chrome: {chromedriverVersion: 105.0.5195.52 (412c95e51883..., userDataDir: C:\Users\NEXSOFT\AppData\Lo...}, goog:chromeOptions: {debuggerAddress: localhost:51677}, networkConnectionEnabled: false, pageLoadStrategy: normal, platformName: WINDOWS, proxy: Proxy(), se:cdp: ws://localhost:51677/devtoo..., se:cdpVersion: 105.0.5195.127, setWindowRect: true, strictFileInteractability: false, timeouts: {implicit: 0, pageLoad: 300000, script: 30000}, unhandledPromptBehavior: dismiss and notify, webauthn:extension:credBlob: true, webauthn:extension:largeBlob: true, webauthn:virtualAuthenticators: true}
Element: [[ChromeDriver: chrome on WINDOWS (b91b9cc2b751a4292dcc5c13c338190c)] -&gt; xpath: //input[@name=&#039;uploadedFile&#039;]]
Session ID: b91b9cc2b751a4292dcc5c13c338190c" type="org.openqa.selenium.InvalidArgumentException">
      <![CDATA[org.openqa.selenium.InvalidArgumentException: invalid argument: File not found : C:\Users\NEXSOFT\git\INTEGRATION-BOIM-NICO-NISA\INTEGRATION-BOIM-NICO-NISA\src\main\resources\gambarnisa\jerome.jpeg
  (Session info: chrome=105.0.5195.127)
Build info: version: '4.4.0', revision: 'e5c75ed026a'
System info: host: 'DESKTOP-8OTT66F', ip: '192.168.0.11', os.name: 'Windows 10', os.arch: 'amd64', os.version: '10.0', java.version: '17.0.4.1'
Driver info: org.openqa.selenium.chrome.ChromeDriver
Command: [b91b9cc2b751a4292dcc5c13c338190c, sendKeysToElement {id=b017914c-a3b0-4dd8-836b-fd0244d7b024, value=[Ljava.lang.CharSequence;@3cc3914a}]
Capabilities {acceptInsecureCerts: false, browserName: chrome, browserVersion: 105.0.5195.127, chrome: {chromedriverVersion: 105.0.5195.52 (412c95e51883..., userDataDir: C:\Users\NEXSOFT\AppData\Lo...}, goog:chromeOptions: {debuggerAddress: localhost:51677}, networkConnectionEnabled: false, pageLoadStrategy: normal, platformName: WINDOWS, proxy: Proxy(), se:cdp: ws://localhost:51677/devtoo..., se:cdpVersion: 105.0.5195.127, setWindowRect: true, strictFileInteractability: false, timeouts: {implicit: 0, pageLoad: 300000, script: 30000}, unhandledPromptBehavior: dismiss and notify, webauthn:extension:credBlob: true, webauthn:extension:largeBlob: true, webauthn:virtualAuthenticators: true}
Element: [[ChromeDriver: chrome on WINDOWS (b91b9cc2b751a4292dcc5c13c338190c)] -> xpath: //input[@name='uploadedFile']]
Session ID: b91b9cc2b751a4292dcc5c13c338190c
at java.base/jdk.internal.reflect.NativeConstructorAccessorImpl.newInstance0(Native Method)
at java.base/jdk.internal.reflect.NativeConstructorAccessorImpl.newInstance(NativeConstructorAccessorImpl.java:77)
at java.base/jdk.internal.reflect.DelegatingConstructorAccessorImpl.newInstance(DelegatingConstructorAccessorImpl.java:45)
at java.base/java.lang.reflect.Constructor.newInstanceWithCaller(Constructor.java:499)
at java.base/java.lang.reflect.Constructor.newInstance(Constructor.java:480)
at org.openqa.selenium.remote.codec.w3c.W3CHttpResponseCodec.createException(W3CHttpResponseCodec.java:200)
at org.openqa.selenium.remote.codec.w3c.W3CHttpResponseCodec.decode(W3CHttpResponseCodec.java:133)
at org.openqa.selenium.remote.codec.w3c.W3CHttpResponseCodec.decode(W3CHttpResponseCodec.java:53)
at org.openqa.selenium.remote.HttpCommandExecutor.execute(HttpCommandExecutor.java:184)
at org.openqa.selenium.remote.service.DriverCommandExecutor.invokeExecute(DriverCommandExecutor.java:167)
at org.openqa.selenium.remote.service.DriverCommandExecutor.execute(DriverCommandExecutor.java:142)
at org.openqa.selenium.remote.RemoteWebDriver.execute(RemoteWebDriver.java:547)
at org.openqa.selenium.remote.RemoteWebElement.execute(RemoteWebElement.java:257)
at org.openqa.selenium.remote.RemoteWebElement.sendKeys(RemoteWebElement.java:113)
at jdk.internal.reflect.GeneratedMethodAccessor128.invoke(Unknown Source)
at java.base/jdk.internal.reflect.DelegatingMethodAccessorImpl.invoke(DelegatingMethodAccessorImpl.java:43)
at java.base/java.lang.reflect.Method.invoke(Method.java:568)
at org.openqa.selenium.support.pagefactory.internal.LocatingElementHandler.invoke(LocatingElementHandler.java:52)
at jdk.proxy2/jdk.proxy2.$Proxy32.sendKeys(Unknown Source)
at cucumber.framework.page.jcadmin.JCAdminTestimonial.uploadFile(JCAdminTestimonial.java:302)
at cucumber.framework.page.jcadmin.JCAdminTestimonial.tambahDataTestimonialNegativeActiveIsi(JCAdminTestimonial.java:344)
at cucumber.framework.runner.jcadmin.Anisa.JCTambahNegatifTestimonialImpl.admin_isi_form_negative_dengan_rating_angka_rating_active_kosong_isi(JCTambahNegatifTestimonialImpl.java:92)
at ?.TE015N Admin isi form negative dengan rating 2 active kosong isi(file:///C:/Users/NEXSOFT/git/INTEGRATION-BOIM-NICO-NISA/INTEGRATION-BOIM-NICO-NISA/src/main/resources/jcadmin/anisa/002Testimonial002TambahNegatif.feature:35)
]]>
    </error>
  </testcase> <!-- runScenario -->
  <system-out/>
  <testcase classname="cucumber.framework.runner.jcadmin.JCAdminRunnerKolektif" name="runScenario" time="17.446"/>
  <system-out/>
  <testcase classname="cucumber.framework.runner.jcadmin.JCAdminRunnerKolektif" name="runScenario" time="26.070"/>
  <system-out/>
  <testcase classname="cucumber.framework.runner.jcadmin.JCAdminRunnerKolektif" name="runScenario" time="13.790"/>
  <system-out/>
  <testcase classname="cucumber.framework.runner.jcadmin.JCAdminRunnerKolektif" name="runScenario" time="10.370">
    <error message="invalid argument: File not found : C:\Users\NEXSOFT\Desktop\Test TA\error-wait.GIF
  (Session info: chrome=105.0.5195.127)
Build info: version: &#039;4.4.0&#039;, revision: &#039;e5c75ed026a&#039;
System info: host: &#039;DESKTOP-8OTT66F&#039;, ip: &#039;192.168.0.11&#039;, os.name: &#039;Windows 10&#039;, os.arch: &#039;amd64&#039;, os.version: &#039;10.0&#039;, java.version: &#039;17.0.4.1&#039;
Driver info: org.openqa.selenium.chrome.ChromeDriver
Command: [b91b9cc2b751a4292dcc5c13c338190c, sendKeysToElement {id=ecee3acd-8334-49b8-933b-72981143f39b, value=[Ljava.lang.CharSequence;@71f12d4c}]
Capabilities {acceptInsecureCerts: false, browserName: chrome, browserVersion: 105.0.5195.127, chrome: {chromedriverVersion: 105.0.5195.52 (412c95e51883..., userDataDir: C:\Users\NEXSOFT\AppData\Lo...}, goog:chromeOptions: {debuggerAddress: localhost:51677}, networkConnectionEnabled: false, pageLoadStrategy: normal, platformName: WINDOWS, proxy: Proxy(), se:cdp: ws://localhost:51677/devtoo..., se:cdpVersion: 105.0.5195.127, setWindowRect: true, strictFileInteractability: false, timeouts: {implicit: 0, pageLoad: 300000, script: 30000}, unhandledPromptBehavior: dismiss and notify, webauthn:extension:credBlob: true, webauthn:extension:largeBlob: true, webauthn:virtualAuthenticators: true}
Element: [[ChromeDriver: chrome on WINDOWS (b91b9cc2b751a4292dcc5c13c338190c)] -&gt; name: uploadedFile]
Session ID: b91b9cc2b751a4292dcc5c13c338190c" type="org.openqa.selenium.InvalidArgumentException">
      <![CDATA[org.openqa.selenium.InvalidArgumentException: invalid argument: File not found : C:\Users\NEXSOFT\Desktop\Test TA\error-wait.GIF
  (Session info: chrome=105.0.5195.127)
Build info: version: '4.4.0', revision: 'e5c75ed026a'
System info: host: 'DESKTOP-8OTT66F', ip: '192.168.0.11', os.name: 'Windows 10', os.arch: 'amd64', os.version: '10.0', java.version: '17.0.4.1'
Driver info: org.openqa.selenium.chrome.ChromeDriver
Command: [b91b9cc2b751a4292dcc5c13c338190c, sendKeysToElement {id=ecee3acd-8334-49b8-933b-72981143f39b, value=[Ljava.lang.CharSequence;@71f12d4c}]
Capabilities {acceptInsecureCerts: false, browserName: chrome, browserVersion: 105.0.5195.127, chrome: {chromedriverVersion: 105.0.5195.52 (412c95e51883..., userDataDir: C:\Users\NEXSOFT\AppData\Lo...}, goog:chromeOptions: {debuggerAddress: localhost:51677}, networkConnectionEnabled: false, pageLoadStrategy: normal, platformName: WINDOWS, proxy: Proxy(), se:cdp: ws://localhost:51677/devtoo..., se:cdpVersion: 105.0.5195.127, setWindowRect: true, strictFileInteractability: false, timeouts: {implicit: 0, pageLoad: 300000, script: 30000}, unhandledPromptBehavior: dismiss and notify, webauthn:extension:credBlob: true, webauthn:extension:largeBlob: true, webauthn:virtualAuthenticators: true}
Element: [[ChromeDriver: chrome on WINDOWS (b91b9cc2b751a4292dcc5c13c338190c)] -> name: uploadedFile]
Session ID: b91b9cc2b751a4292dcc5c13c338190c
at jdk.internal.reflect.GeneratedConstructorAccessor29.newInstance(Unknown Source)
at java.base/jdk.internal.reflect.DelegatingConstructorAccessorImpl.newInstance(DelegatingConstructorAccessorImpl.java:45)
at java.base/java.lang.reflect.Constructor.newInstanceWithCaller(Constructor.java:499)
at java.base/java.lang.reflect.Constructor.newInstance(Constructor.java:480)
at org.openqa.selenium.remote.codec.w3c.W3CHttpResponseCodec.createException(W3CHttpResponseCodec.java:200)
at org.openqa.selenium.remote.codec.w3c.W3CHttpResponseCodec.decode(W3CHttpResponseCodec.java:133)
at org.openqa.selenium.remote.codec.w3c.W3CHttpResponseCodec.decode(W3CHttpResponseCodec.java:53)
at org.openqa.selenium.remote.HttpCommandExecutor.execute(HttpCommandExecutor.java:184)
at org.openqa.selenium.remote.service.DriverCommandExecutor.invokeExecute(DriverCommandExecutor.java:167)
at org.openqa.selenium.remote.service.DriverCommandExecutor.execute(DriverCommandExecutor.java:142)
at org.openqa.selenium.remote.RemoteWebDriver.execute(RemoteWebDriver.java:547)
at org.openqa.selenium.remote.RemoteWebElement.execute(RemoteWebElement.java:257)
at org.openqa.selenium.remote.RemoteWebElement.sendKeys(RemoteWebElement.java:113)
at jdk.internal.reflect.GeneratedMethodAccessor128.invoke(Unknown Source)
at java.base/jdk.internal.reflect.DelegatingMethodAccessorImpl.invoke(DelegatingMethodAccessorImpl.java:43)
at java.base/java.lang.reflect.Method.invoke(Method.java:568)
at org.openqa.selenium.support.pagefactory.internal.LocatingElementHandler.invoke(LocatingElementHandler.java:52)
at jdk.proxy2/jdk.proxy2.$Proxy32.sendKeys(Unknown Source)
at cucumber.framework.page.jcadmin.JCAdminAboutPage.fotoTrainer(JCAdminAboutPage.java:115)
at cucumber.framework.runner.jcadmin.Cnico.JCAdminAboutAddTrainerNegativeImpl.ab009n_admin_memasukkan_foto_nama_dan_jabatan_trainer_input_profile500_karakter(JCAdminAboutAddTrainerNegativeImpl.java:264)
at ?.AB009N Admin memasukkan foto nama dan jabatan trainer input profile500 karakter(file:///C:/Users/NEXSOFT/git/INTEGRATION-BOIM-NICO-NISA/INTEGRATION-BOIM-NICO-NISA/src/main/resources/jcadmin/nico/005About002AddTrainerNegative.feature:54)
]]>
    </error>
  </testcase> <!-- runScenario -->
  <system-out/>
  <testcase classname="cucumber.framework.runner.jcadmin.JCAdminRunnerKolektif" name="runScenario" time="26.343"/>
  <system-out/>
  <testcase classname="cucumber.framework.runner.jcadmin.JCAdminRunnerKolektif" name="runScenario" time="13.229">
    <failure message="expected [00101111zzzozooo] but found [0011111zzzozooo]" type="java.lang.AssertionError">
      <![CDATA[java.lang.AssertionError: expected [00101111zzzozooo] but found [0011111zzzozooo]
at org.testng.Assert.fail(Assert.java:110)
at org.testng.Assert.failNotEquals(Assert.java:1413)
at org.testng.Assert.assertEqualsImpl(Assert.java:149)
at org.testng.Assert.assertEquals(Assert.java:131)
at org.testng.Assert.assertEquals(Assert.java:655)
at org.testng.Assert.assertEquals(Assert.java:665)
at cucumber.framework.runner.jcadmin.Cnico.JCAdminContactMessagesSearchNegativeImpl.kode_admin_menekan_tombol_cari_input_pada_kolom_pencarian_berdasar_sorting(JCAdminContactMessagesSearchNegativeImpl.java:156)
at ?.CO021P Admin menekan tombol cari 00101111zzzozooo pada kolom pencarian berdasar Message(file:///C:/Users/NEXSOFT/git/INTEGRATION-BOIM-NICO-NISA/INTEGRATION-BOIM-NICO-NISA/src/main/resources/jcadmin/nico/007ContactMessages004CariNegative.feature:56)
]]>
    </failure>
  </testcase> <!-- runScenario -->
  <system-out/>
  <testcase classname="cucumber.framework.runner.jcadmin.JCAdminRunnerKolektif" name="runScenario" time="12.277"/>
  <system-out/>
  <testcase classname="cucumber.framework.runner.jcadmin.JCAdminRunnerKolektif" name="runScenario" time="18.798">
    <failure message="expected [GantiJabatanTrainerrrrrrrrrrrrrrrrrrrrrrrrrrrrrrrrrrrrrrrrrrrrrrrrrrrrrrrrrrrrrrrrrrrrrrrrrrrrrrrrrrrrrrrrrrrrrrrrrrrrrrrrrrrrrrrrrrrrrrrrrrrrrrrrrrrrrrrrrrrrrrrrrrrrrrrrrrrrrrrrrrrrrrrrrrrrrrrrrrrrrrrrrrrrrrrrrrrrrrrrrrrrrrrrrrrrrrrrrrrrrrrrrrrrrrrrrrrrrrrrrrrrrrrrrrrrrrrrrrrrrrrrrrrrrrrrrrrrrrrrrrrrrrrrrrrrrrrrrrrrrrrrrrrrrrrrrrrrrrrrrrrrrrrrrrrrrrrrrrrrrrrrrrrrrrrrrrrrrrrrrrrrrrrrrrrrrrrrrrrrrrrrrrrrrrrrrrrrrrrrrrrrrrrrrrrrrrrrrrrrrrrrrrrrrrrrrrrrrrrrrrrrrrrrrrrrrrrrrrrrrrrrrrrrrrrrrrrrrrrrrr] but found [GantiJabatanTrainerrrrrrrrrrrrrrrrrrrrrrrrrrrrrrrrrrrrrrrrrrrrrrrrrrrrrrrrrrrrrrrrrrrrrrrrrrrrrrrrrrrrrrrrrrrrrrrrrrrrrrrrrrrrrrrrrrrrrrrrrrrrrrrrrrrrrrrrrrrrrrrrrrrrrrrrrrrrrrrrrrrrrrrrrrrrrrrrrrrrrr]" type="java.lang.AssertionError">
      <![CDATA[java.lang.AssertionError: expected [GantiJabatanTrainerrrrrrrrrrrrrrrrrrrrrrrrrrrrrrrrrrrrrrrrrrrrrrrrrrrrrrrrrrrrrrrrrrrrrrrrrrrrrrrrrrrrrrrrrrrrrrrrrrrrrrrrrrrrrrrrrrrrrrrrrrrrrrrrrrrrrrrrrrrrrrrrrrrrrrrrrrrrrrrrrrrrrrrrrrrrrrrrrrrrrrrrrrrrrrrrrrrrrrrrrrrrrrrrrrrrrrrrrrrrrrrrrrrrrrrrrrrrrrrrrrrrrrrrrrrrrrrrrrrrrrrrrrrrrrrrrrrrrrrrrrrrrrrrrrrrrrrrrrrrrrrrrrrrrrrrrrrrrrrrrrrrrrrrrrrrrrrrrrrrrrrrrrrrrrrrrrrrrrrrrrrrrrrrrrrrrrrrrrrrrrrrrrrrrrrrrrrrrrrrrrrrrrrrrrrrrrrrrrrrrrrrrrrrrrrrrrrrrrrrrrrrrrrrrrrrrrrrrrrrrrrrrrrrrrrrrrrrrrrrrr] but found [GantiJabatanTrainerrrrrrrrrrrrrrrrrrrrrrrrrrrrrrrrrrrrrrrrrrrrrrrrrrrrrrrrrrrrrrrrrrrrrrrrrrrrrrrrrrrrrrrrrrrrrrrrrrrrrrrrrrrrrrrrrrrrrrrrrrrrrrrrrrrrrrrrrrrrrrrrrrrrrrrrrrrrrrrrrrrrrrrrrrrrrrrrrrrrrr]
at org.testng.Assert.fail(Assert.java:110)
at org.testng.Assert.failNotEquals(Assert.java:1413)
at org.testng.Assert.assertEqualsImpl(Assert.java:149)
at org.testng.Assert.assertEquals(Assert.java:131)
at org.testng.Assert.assertEquals(Assert.java:655)
at org.testng.Assert.assertEquals(Assert.java:665)
at cucumber.framework.runner.jcadmin.Cnico.JCAdminAboutEditInputTrainerNegativeImpl.kode_admin_menekan_tombol_enter_input_karakter_pada_keyboard_case(JCAdminAboutEditInputTrainerNegativeImpl.java:104)
at ?.AB022N Admin menekan tombol enter GantiJabatanTrainerrrrrrrrrrrrrrrrrrrrrrrrrrrrrrrrrrrrrrrrrrrrrrrrrrrrrrrrrrrrrrrrrrrrrrrrrrrrrrrrrrrrrrrrrrrrrrrrrrrrrrrrrrrrrrrrrrrrrrrrrrrrrrrrrrrrrrrrrrrrrrrrrrrrrrrrrrrrrrrrrrrrrrrrrrrrrrrrrrrrrrrrrrrrrrrrrrrrrrrrrrrrrrrrrrrrrrrrrrrrrrrrrrrrrrrrrrrrrrrrrrrrrrrrrrrrrrrrrrrrrrrrrrrrrrrrrrrrrrrrrrrrrrrrrrrrrrrrrrrrrrrrrrrrrrrrrrrrrrrrrrrrrrrrrrrrrrrrrrrrrrrrrrrrrrrrrrrrrrrrrrrrrrrrrrrrrrrrrrrrrrrrrrrrrrrrrrrrrrrrrrrrrrrrrrrrrrrrrrrrrrrrrrrrrrrrrrrrrrrrrrrrrrrrrrrrrrrrrrrrrrrrrrrrrrrrrrrrrrrrrr karakter pada keyboard Jabatan(file:///C:/Users/NEXSOFT/git/INTEGRATION-BOIM-NICO-NISA/INTEGRATION-BOIM-NICO-NISA/src/main/resources/jcadmin/nico/005About007EditInputTrainerNegative.feature:23)
]]>
    </failure>
  </testcase> <!-- runScenario -->
  <system-out/>
  <testcase classname="cucumber.framework.runner.jcadmin.JCAdminRunnerKolektif" name="runScenario" time="9.249">
    <error message="invalid argument: File not found : C:\Users\NEXSOFT\git\INTEGRATION-BOIM-NICO-NISA\INTEGRATION-BOIM-NICO-NISA\src\main\resources\gambarnisa\dev.png
  (Session info: chrome=105.0.5195.127)
Build info: version: &#039;4.4.0&#039;, revision: &#039;e5c75ed026a&#039;
System info: host: &#039;DESKTOP-8OTT66F&#039;, ip: &#039;192.168.0.11&#039;, os.name: &#039;Windows 10&#039;, os.arch: &#039;amd64&#039;, os.version: &#039;10.0&#039;, java.version: &#039;17.0.4.1&#039;
Driver info: org.openqa.selenium.chrome.ChromeDriver
Command: [b91b9cc2b751a4292dcc5c13c338190c, sendKeysToElement {id=78c66e42-743f-4cb5-a9c3-c8bf525b6b19, value=[Ljava.lang.CharSequence;@6516a5e9}]
Capabilities {acceptInsecureCerts: false, browserName: chrome, browserVersion: 105.0.5195.127, chrome: {chromedriverVersion: 105.0.5195.52 (412c95e51883..., userDataDir: C:\Users\NEXSOFT\AppData\Lo...}, goog:chromeOptions: {debuggerAddress: localhost:51677}, networkConnectionEnabled: false, pageLoadStrategy: normal, platformName: WINDOWS, proxy: Proxy(), se:cdp: ws://localhost:51677/devtoo..., se:cdpVersion: 105.0.5195.127, setWindowRect: true, strictFileInteractability: false, timeouts: {implicit: 0, pageLoad: 300000, script: 30000}, unhandledPromptBehavior: dismiss and notify, webauthn:extension:credBlob: true, webauthn:extension:largeBlob: true, webauthn:virtualAuthenticators: true}
Element: [[ChromeDriver: chrome on WINDOWS (b91b9cc2b751a4292dcc5c13c338190c)] -&gt; xpath: //input[@name=&#039;uploadedFile&#039;]]
Session ID: b91b9cc2b751a4292dcc5c13c338190c" type="org.openqa.selenium.InvalidArgumentException">
      <![CDATA[org.openqa.selenium.InvalidArgumentException: invalid argument: File not found : C:\Users\NEXSOFT\git\INTEGRATION-BOIM-NICO-NISA\INTEGRATION-BOIM-NICO-NISA\src\main\resources\gambarnisa\dev.png
  (Session info: chrome=105.0.5195.127)
Build info: version: '4.4.0', revision: 'e5c75ed026a'
System info: host: 'DESKTOP-8OTT66F', ip: '192.168.0.11', os.name: 'Windows 10', os.arch: 'amd64', os.version: '10.0', java.version: '17.0.4.1'
Driver info: org.openqa.selenium.chrome.ChromeDriver
Command: [b91b9cc2b751a4292dcc5c13c338190c, sendKeysToElement {id=78c66e42-743f-4cb5-a9c3-c8bf525b6b19, value=[Ljava.lang.CharSequence;@6516a5e9}]
Capabilities {acceptInsecureCerts: false, browserName: chrome, browserVersion: 105.0.5195.127, chrome: {chromedriverVersion: 105.0.5195.52 (412c95e51883..., userDataDir: C:\Users\NEXSOFT\AppData\Lo...}, goog:chromeOptions: {debuggerAddress: localhost:51677}, networkConnectionEnabled: false, pageLoadStrategy: normal, platformName: WINDOWS, proxy: Proxy(), se:cdp: ws://localhost:51677/devtoo..., se:cdpVersion: 105.0.5195.127, setWindowRect: true, strictFileInteractability: false, timeouts: {implicit: 0, pageLoad: 300000, script: 30000}, unhandledPromptBehavior: dismiss and notify, webauthn:extension:credBlob: true, webauthn:extension:largeBlob: true, webauthn:virtualAuthenticators: true}
Element: [[ChromeDriver: chrome on WINDOWS (b91b9cc2b751a4292dcc5c13c338190c)] -> xpath: //input[@name='uploadedFile']]
Session ID: b91b9cc2b751a4292dcc5c13c338190c
at jdk.internal.reflect.GeneratedConstructorAccessor29.newInstance(Unknown Source)
at java.base/jdk.internal.reflect.DelegatingConstructorAccessorImpl.newInstance(DelegatingConstructorAccessorImpl.java:45)
at java.base/java.lang.reflect.Constructor.newInstanceWithCaller(Constructor.java:499)
at java.base/java.lang.reflect.Constructor.newInstance(Constructor.java:480)
at org.openqa.selenium.remote.codec.w3c.W3CHttpResponseCodec.createException(W3CHttpResponseCodec.java:200)
at org.openqa.selenium.remote.codec.w3c.W3CHttpResponseCodec.decode(W3CHttpResponseCodec.java:133)
at org.openqa.selenium.remote.codec.w3c.W3CHttpResponseCodec.decode(W3CHttpResponseCodec.java:53)
at org.openqa.selenium.remote.HttpCommandExecutor.execute(HttpCommandExecutor.java:184)
at org.openqa.selenium.remote.service.DriverCommandExecutor.invokeExecute(DriverCommandExecutor.java:167)
at org.openqa.selenium.remote.service.DriverCommandExecutor.execute(DriverCommandExecutor.java:142)
at org.openqa.selenium.remote.RemoteWebDriver.execute(RemoteWebDriver.java:547)
at org.openqa.selenium.remote.RemoteWebElement.execute(RemoteWebElement.java:257)
at org.openqa.selenium.remote.RemoteWebElement.sendKeys(RemoteWebElement.java:113)
at jdk.internal.reflect.GeneratedMethodAccessor128.invoke(Unknown Source)
at java.base/jdk.internal.reflect.DelegatingMethodAccessorImpl.invoke(DelegatingMethodAccessorImpl.java:43)
at java.base/java.lang.reflect.Method.invoke(Method.java:568)
at org.openqa.selenium.support.pagefactory.internal.LocatingElementHandler.invoke(LocatingElementHandler.java:52)
at jdk.proxy2/jdk.proxy2.$Proxy32.sendKeys(Unknown Source)
at cucumber.framework.page.jcadmin.JCAdminTestimonial.uploadFile(JCAdminTestimonial.java:302)
at cucumber.framework.page.jcadmin.JCAdminTestimonial.tambahDataTestimonialNegNoActiveNama(JCAdminTestimonial.java:430)
at cucumber.framework.runner.jcadmin.Anisa.JCTambahNegatifTestimonialImpl.admin_isi_negative_data_tambah_dengan_rating_angka_rating_no_active_nama_char(JCTambahNegatifTestimonialImpl.java:194)
at ?.TE044N Admin isi negative data tambah dengan rating 1 no active nama char(file:///C:/Users/NEXSOFT/git/INTEGRATION-BOIM-NICO-NISA/INTEGRATION-BOIM-NICO-NISA/src/main/resources/jcadmin/anisa/002Testimonial002TambahNegatif.feature:105)
]]>
    </error>
  </testcase> <!-- runScenario -->
  <system-out/>
  <testcase classname="cucumber.framework.runner.jcadmin.JCAdminRunnerKolektif" name="runScenario" time="13.302"/>
  <system-out/>
  <testcase classname="cucumber.framework.runner.jcadmin.JCAdminRunnerKolektif" name="runScenario" time="9.839"/>
  <system-out/>
  <testcase classname="cucumber.framework.runner.jcadmin.JCAdminRunnerKolektif" name="runScenario" time="8.880">
    <error message="invalid argument: File not found : C:\Users\NEXSOFT\git\INTEGRATION-BOIM-NICO-NISA\INTEGRATION-BOIM-NICO-NISA\src\main\resources\gambarnisa\dev.png
  (Session info: chrome=105.0.5195.127)
Build info: version: &#039;4.4.0&#039;, revision: &#039;e5c75ed026a&#039;
System info: host: &#039;DESKTOP-8OTT66F&#039;, ip: &#039;192.168.0.11&#039;, os.name: &#039;Windows 10&#039;, os.arch: &#039;amd64&#039;, os.version: &#039;10.0&#039;, java.version: &#039;17.0.4.1&#039;
Driver info: org.openqa.selenium.chrome.ChromeDriver
Command: [b91b9cc2b751a4292dcc5c13c338190c, sendKeysToElement {id=eed2878f-b0e0-468e-829f-14e369902469, value=[Ljava.lang.CharSequence;@12a16e42}]
Capabilities {acceptInsecureCerts: false, browserName: chrome, browserVersion: 105.0.5195.127, chrome: {chromedriverVersion: 105.0.5195.52 (412c95e51883..., userDataDir: C:\Users\NEXSOFT\AppData\Lo...}, goog:chromeOptions: {debuggerAddress: localhost:51677}, networkConnectionEnabled: false, pageLoadStrategy: normal, platformName: WINDOWS, proxy: Proxy(), se:cdp: ws://localhost:51677/devtoo..., se:cdpVersion: 105.0.5195.127, setWindowRect: true, strictFileInteractability: false, timeouts: {implicit: 0, pageLoad: 300000, script: 30000}, unhandledPromptBehavior: dismiss and notify, webauthn:extension:credBlob: true, webauthn:extension:largeBlob: true, webauthn:virtualAuthenticators: true}
Element: [[ChromeDriver: chrome on WINDOWS (b91b9cc2b751a4292dcc5c13c338190c)] -&gt; xpath: //input[@name=&#039;uploadedFile&#039;]]
Session ID: b91b9cc2b751a4292dcc5c13c338190c" type="org.openqa.selenium.InvalidArgumentException">
      <![CDATA[org.openqa.selenium.InvalidArgumentException: invalid argument: File not found : C:\Users\NEXSOFT\git\INTEGRATION-BOIM-NICO-NISA\INTEGRATION-BOIM-NICO-NISA\src\main\resources\gambarnisa\dev.png
  (Session info: chrome=105.0.5195.127)
Build info: version: '4.4.0', revision: 'e5c75ed026a'
System info: host: 'DESKTOP-8OTT66F', ip: '192.168.0.11', os.name: 'Windows 10', os.arch: 'amd64', os.version: '10.0', java.version: '17.0.4.1'
Driver info: org.openqa.selenium.chrome.ChromeDriver
Command: [b91b9cc2b751a4292dcc5c13c338190c, sendKeysToElement {id=eed2878f-b0e0-468e-829f-14e369902469, value=[Ljava.lang.CharSequence;@12a16e42}]
Capabilities {acceptInsecureCerts: false, browserName: chrome, browserVersion: 105.0.5195.127, chrome: {chromedriverVersion: 105.0.5195.52 (412c95e51883..., userDataDir: C:\Users\NEXSOFT\AppData\Lo...}, goog:chromeOptions: {debuggerAddress: localhost:51677}, networkConnectionEnabled: false, pageLoadStrategy: normal, platformName: WINDOWS, proxy: Proxy(), se:cdp: ws://localhost:51677/devtoo..., se:cdpVersion: 105.0.5195.127, setWindowRect: true, strictFileInteractability: false, timeouts: {implicit: 0, pageLoad: 300000, script: 30000}, unhandledPromptBehavior: dismiss and notify, webauthn:extension:credBlob: true, webauthn:extension:largeBlob: true, webauthn:virtualAuthenticators: true}
Element: [[ChromeDriver: chrome on WINDOWS (b91b9cc2b751a4292dcc5c13c338190c)] -> xpath: //input[@name='uploadedFile']]
Session ID: b91b9cc2b751a4292dcc5c13c338190c
at jdk.internal.reflect.GeneratedConstructorAccessor29.newInstance(Unknown Source)
at java.base/jdk.internal.reflect.DelegatingConstructorAccessorImpl.newInstance(DelegatingConstructorAccessorImpl.java:45)
at java.base/java.lang.reflect.Constructor.newInstanceWithCaller(Constructor.java:499)
at java.base/java.lang.reflect.Constructor.newInstance(Constructor.java:480)
at org.openqa.selenium.remote.codec.w3c.W3CHttpResponseCodec.createException(W3CHttpResponseCodec.java:200)
at org.openqa.selenium.remote.codec.w3c.W3CHttpResponseCodec.decode(W3CHttpResponseCodec.java:133)
at org.openqa.selenium.remote.codec.w3c.W3CHttpResponseCodec.decode(W3CHttpResponseCodec.java:53)
at org.openqa.selenium.remote.HttpCommandExecutor.execute(HttpCommandExecutor.java:184)
at org.openqa.selenium.remote.service.DriverCommandExecutor.invokeExecute(DriverCommandExecutor.java:167)
at org.openqa.selenium.remote.service.DriverCommandExecutor.execute(DriverCommandExecutor.java:142)
at org.openqa.selenium.remote.RemoteWebDriver.execute(RemoteWebDriver.java:547)
at org.openqa.selenium.remote.RemoteWebElement.execute(RemoteWebElement.java:257)
at org.openqa.selenium.remote.RemoteWebElement.sendKeys(RemoteWebElement.java:113)
at jdk.internal.reflect.GeneratedMethodAccessor128.invoke(Unknown Source)
at java.base/jdk.internal.reflect.DelegatingMethodAccessorImpl.invoke(DelegatingMethodAccessorImpl.java:43)
at java.base/java.lang.reflect.Method.invoke(Method.java:568)
at org.openqa.selenium.support.pagefactory.internal.LocatingElementHandler.invoke(LocatingElementHandler.java:52)
at jdk.proxy2/jdk.proxy2.$Proxy32.sendKeys(Unknown Source)
at cucumber.framework.page.jcadmin.JCAdminTestimonial.uploadFile(JCAdminTestimonial.java:302)
at cucumber.framework.page.jcadmin.JCAdminTestimonial.tambahDataTestimonialNegativeNoActiveChar(JCAdminTestimonial.java:394)
at cucumber.framework.runner.jcadmin.Anisa.JCTambahNegatifTestimonialImpl.admin_mengisi_form_dengan_rating_angka_rating_publish_no_active_karakter(JCTambahNegatifTestimonialImpl.java:154)
at ?.TE036N Admin mengisi form dengan rating 5 publish no active karakter(file:///C:/Users/NEXSOFT/git/INTEGRATION-BOIM-NICO-NISA/INTEGRATION-BOIM-NICO-NISA/src/main/resources/jcadmin/anisa/002Testimonial002TambahNegatif.feature:77)
]]>
    </error>
  </testcase> <!-- runScenario -->
  <system-out/>
  <testcase classname="cucumber.framework.runner.jcadmin.JCAdminRunnerKolektif" name="runScenario" time="26.088"/>
  <system-out/>
  <testcase classname="cucumber.framework.runner.jcadmin.JCAdminRunnerKolektif" name="runScenario" time="14.070"/>
  <system-out/>
  <testcase classname="cucumber.framework.runner.jcadmin.JCAdminRunnerKolektif" name="runScenario" time="1.470"/>
  <system-out/>
  <testcase classname="cucumber.framework.runner.jcadmin.JCAdminRunnerKolektif" name="runScenario" time="2.823"/>
  <system-out/>
  <testcase classname="cucumber.framework.runner.jcadmin.JCAdminRunnerKolektif" name="runScenario" time="26.159"/>
  <system-out/>
  <testcase classname="cucumber.framework.runner.jcadmin.JCAdminRunnerKolektif" name="runScenario" time="26.091"/>
  <system-out/>
  <testcase classname="cucumber.framework.runner.jcadmin.JCAdminRunnerKolektif" name="runScenario" time="13.416"/>
  <system-out/>
  <testcase classname="cucumber.framework.runner.jcadmin.JCAdminRunnerKolektif" name="runScenario" time="9.334">
    <error message="invalid argument: File not found : C:\Users\NEXSOFT\git\INTEGRATION-BOIM-NICO-NISA\INTEGRATION-BOIM-NICO-NISA\src\main\resources\gambarnisa\dev.png
  (Session info: chrome=105.0.5195.127)
Build info: version: &#039;4.4.0&#039;, revision: &#039;e5c75ed026a&#039;
System info: host: &#039;DESKTOP-8OTT66F&#039;, ip: &#039;192.168.0.11&#039;, os.name: &#039;Windows 10&#039;, os.arch: &#039;amd64&#039;, os.version: &#039;10.0&#039;, java.version: &#039;17.0.4.1&#039;
Driver info: org.openqa.selenium.chrome.ChromeDriver
Command: [b91b9cc2b751a4292dcc5c13c338190c, sendKeysToElement {id=34dafb28-5f96-4254-b4fe-95a16b51c17c, value=[Ljava.lang.CharSequence;@74baaba6}]
Capabilities {acceptInsecureCerts: false, browserName: chrome, browserVersion: 105.0.5195.127, chrome: {chromedriverVersion: 105.0.5195.52 (412c95e51883..., userDataDir: C:\Users\NEXSOFT\AppData\Lo...}, goog:chromeOptions: {debuggerAddress: localhost:51677}, networkConnectionEnabled: false, pageLoadStrategy: normal, platformName: WINDOWS, proxy: Proxy(), se:cdp: ws://localhost:51677/devtoo..., se:cdpVersion: 105.0.5195.127, setWindowRect: true, strictFileInteractability: false, timeouts: {implicit: 0, pageLoad: 300000, script: 30000}, unhandledPromptBehavior: dismiss and notify, webauthn:extension:credBlob: true, webauthn:extension:largeBlob: true, webauthn:virtualAuthenticators: true}
Element: [[ChromeDriver: chrome on WINDOWS (b91b9cc2b751a4292dcc5c13c338190c)] -&gt; xpath: //input[@name=&#039;uploadedFile&#039;]]
Session ID: b91b9cc2b751a4292dcc5c13c338190c" type="org.openqa.selenium.InvalidArgumentException">
      <![CDATA[org.openqa.selenium.InvalidArgumentException: invalid argument: File not found : C:\Users\NEXSOFT\git\INTEGRATION-BOIM-NICO-NISA\INTEGRATION-BOIM-NICO-NISA\src\main\resources\gambarnisa\dev.png
  (Session info: chrome=105.0.5195.127)
Build info: version: '4.4.0', revision: 'e5c75ed026a'
System info: host: 'DESKTOP-8OTT66F', ip: '192.168.0.11', os.name: 'Windows 10', os.arch: 'amd64', os.version: '10.0', java.version: '17.0.4.1'
Driver info: org.openqa.selenium.chrome.ChromeDriver
Command: [b91b9cc2b751a4292dcc5c13c338190c, sendKeysToElement {id=34dafb28-5f96-4254-b4fe-95a16b51c17c, value=[Ljava.lang.CharSequence;@74baaba6}]
Capabilities {acceptInsecureCerts: false, browserName: chrome, browserVersion: 105.0.5195.127, chrome: {chromedriverVersion: 105.0.5195.52 (412c95e51883..., userDataDir: C:\Users\NEXSOFT\AppData\Lo...}, goog:chromeOptions: {debuggerAddress: localhost:51677}, networkConnectionEnabled: false, pageLoadStrategy: normal, platformName: WINDOWS, proxy: Proxy(), se:cdp: ws://localhost:51677/devtoo..., se:cdpVersion: 105.0.5195.127, setWindowRect: true, strictFileInteractability: false, timeouts: {implicit: 0, pageLoad: 300000, script: 30000}, unhandledPromptBehavior: dismiss and notify, webauthn:extension:credBlob: true, webauthn:extension:largeBlob: true, webauthn:virtualAuthenticators: true}
Element: [[ChromeDriver: chrome on WINDOWS (b91b9cc2b751a4292dcc5c13c338190c)] -> xpath: //input[@name='uploadedFile']]
Session ID: b91b9cc2b751a4292dcc5c13c338190c
at jdk.internal.reflect.GeneratedConstructorAccessor29.newInstance(Unknown Source)
at java.base/jdk.internal.reflect.DelegatingConstructorAccessorImpl.newInstance(DelegatingConstructorAccessorImpl.java:45)
at java.base/java.lang.reflect.Constructor.newInstanceWithCaller(Constructor.java:499)
at java.base/java.lang.reflect.Constructor.newInstance(Constructor.java:480)
at org.openqa.selenium.remote.codec.w3c.W3CHttpResponseCodec.createException(W3CHttpResponseCodec.java:200)
at org.openqa.selenium.remote.codec.w3c.W3CHttpResponseCodec.decode(W3CHttpResponseCodec.java:133)
at org.openqa.selenium.remote.codec.w3c.W3CHttpResponseCodec.decode(W3CHttpResponseCodec.java:53)
at org.openqa.selenium.remote.HttpCommandExecutor.execute(HttpCommandExecutor.java:184)
at org.openqa.selenium.remote.service.DriverCommandExecutor.invokeExecute(DriverCommandExecutor.java:167)
at org.openqa.selenium.remote.service.DriverCommandExecutor.execute(DriverCommandExecutor.java:142)
at org.openqa.selenium.remote.RemoteWebDriver.execute(RemoteWebDriver.java:547)
at org.openqa.selenium.remote.RemoteWebElement.execute(RemoteWebElement.java:257)
at org.openqa.selenium.remote.RemoteWebElement.sendKeys(RemoteWebElement.java:113)
at jdk.internal.reflect.GeneratedMethodAccessor128.invoke(Unknown Source)
at java.base/jdk.internal.reflect.DelegatingMethodAccessorImpl.invoke(DelegatingMethodAccessorImpl.java:43)
at java.base/java.lang.reflect.Method.invoke(Method.java:568)
at org.openqa.selenium.support.pagefactory.internal.LocatingElementHandler.invoke(LocatingElementHandler.java:52)
at jdk.proxy2/jdk.proxy2.$Proxy32.sendKeys(Unknown Source)
at cucumber.framework.page.jcadmin.JCAdminTestimonial.uploadFile(JCAdminTestimonial.java:302)
at cucumber.framework.page.jcadmin.JCAdminTestimonial.tambahDataTestimonialNegativeNoActiveIsi(JCAdminTestimonial.java:360)
at cucumber.framework.runner.jcadmin.Anisa.JCTambahNegatifTestimonialImpl.admin_isi_form_negative_rating_angka_rating_no_active_kosong_isi_testi(JCTambahNegatifTestimonialImpl.java:113)
at ?.TE022N Admin isi form negative rating 3 no active kosong isi testi(file:///C:/Users/NEXSOFT/git/INTEGRATION-BOIM-NICO-NISA/INTEGRATION-BOIM-NICO-NISA/src/main/resources/jcadmin/anisa/002Testimonial002TambahNegatif.feature:49)
]]>
    </error>
  </testcase> <!-- runScenario -->
  <system-out/>
  <testcase classname="cucumber.framework.runner.jcadmin.JCAdminRunnerKolektif" name="runScenario" time="9.041">
    <error message="invalid argument: File not found : C:\Users\NEXSOFT\git\INTEGRATION-BOIM-NICO-NISA\INTEGRATION-BOIM-NICO-NISA\src\main\resources\gambarnisa\dev.png
  (Session info: chrome=105.0.5195.127)
Build info: version: &#039;4.4.0&#039;, revision: &#039;e5c75ed026a&#039;
System info: host: &#039;DESKTOP-8OTT66F&#039;, ip: &#039;192.168.0.11&#039;, os.name: &#039;Windows 10&#039;, os.arch: &#039;amd64&#039;, os.version: &#039;10.0&#039;, java.version: &#039;17.0.4.1&#039;
Driver info: org.openqa.selenium.chrome.ChromeDriver
Command: [b91b9cc2b751a4292dcc5c13c338190c, sendKeysToElement {id=7a3f1b94-c0e9-402f-a0cd-68601fb76dff, value=[Ljava.lang.CharSequence;@6f3a8d5e}]
Capabilities {acceptInsecureCerts: false, browserName: chrome, browserVersion: 105.0.5195.127, chrome: {chromedriverVersion: 105.0.5195.52 (412c95e51883..., userDataDir: C:\Users\NEXSOFT\AppData\Lo...}, goog:chromeOptions: {debuggerAddress: localhost:51677}, networkConnectionEnabled: false, pageLoadStrategy: normal, platformName: WINDOWS, proxy: Proxy(), se:cdp: ws://localhost:51677/devtoo..., se:cdpVersion: 105.0.5195.127, setWindowRect: true, strictFileInteractability: false, timeouts: {implicit: 0, pageLoad: 300000, script: 30000}, unhandledPromptBehavior: dismiss and notify, webauthn:extension:credBlob: true, webauthn:extension:largeBlob: true, webauthn:virtualAuthenticators: true}
Element: [[ChromeDriver: chrome on WINDOWS (b91b9cc2b751a4292dcc5c13c338190c)] -&gt; xpath: //input[@name=&#039;uploadedFile&#039;]]
Session ID: b91b9cc2b751a4292dcc5c13c338190c" type="org.openqa.selenium.InvalidArgumentException">
      <![CDATA[org.openqa.selenium.InvalidArgumentException: invalid argument: File not found : C:\Users\NEXSOFT\git\INTEGRATION-BOIM-NICO-NISA\INTEGRATION-BOIM-NICO-NISA\src\main\resources\gambarnisa\dev.png
  (Session info: chrome=105.0.5195.127)
Build info: version: '4.4.0', revision: 'e5c75ed026a'
System info: host: 'DESKTOP-8OTT66F', ip: '192.168.0.11', os.name: 'Windows 10', os.arch: 'amd64', os.version: '10.0', java.version: '17.0.4.1'
Driver info: org.openqa.selenium.chrome.ChromeDriver
Command: [b91b9cc2b751a4292dcc5c13c338190c, sendKeysToElement {id=7a3f1b94-c0e9-402f-a0cd-68601fb76dff, value=[Ljava.lang.CharSequence;@6f3a8d5e}]
Capabilities {acceptInsecureCerts: false, browserName: chrome, browserVersion: 105.0.5195.127, chrome: {chromedriverVersion: 105.0.5195.52 (412c95e51883..., userDataDir: C:\Users\NEXSOFT\AppData\Lo...}, goog:chromeOptions: {debuggerAddress: localhost:51677}, networkConnectionEnabled: false, pageLoadStrategy: normal, platformName: WINDOWS, proxy: Proxy(), se:cdp: ws://localhost:51677/devtoo..., se:cdpVersion: 105.0.5195.127, setWindowRect: true, strictFileInteractability: false, timeouts: {implicit: 0, pageLoad: 300000, script: 30000}, unhandledPromptBehavior: dismiss and notify, webauthn:extension:credBlob: true, webauthn:extension:largeBlob: true, webauthn:virtualAuthenticators: true}
Element: [[ChromeDriver: chrome on WINDOWS (b91b9cc2b751a4292dcc5c13c338190c)] -> xpath: //input[@name='uploadedFile']]
Session ID: b91b9cc2b751a4292dcc5c13c338190c
at jdk.internal.reflect.GeneratedConstructorAccessor29.newInstance(Unknown Source)
at java.base/jdk.internal.reflect.DelegatingConstructorAccessorImpl.newInstance(DelegatingConstructorAccessorImpl.java:45)
at java.base/java.lang.reflect.Constructor.newInstanceWithCaller(Constructor.java:499)
at java.base/java.lang.reflect.Constructor.newInstance(Constructor.java:480)
at org.openqa.selenium.remote.codec.w3c.W3CHttpResponseCodec.createException(W3CHttpResponseCodec.java:200)
at org.openqa.selenium.remote.codec.w3c.W3CHttpResponseCodec.decode(W3CHttpResponseCodec.java:133)
at org.openqa.selenium.remote.codec.w3c.W3CHttpResponseCodec.decode(W3CHttpResponseCodec.java:53)
at org.openqa.selenium.remote.HttpCommandExecutor.execute(HttpCommandExecutor.java:184)
at org.openqa.selenium.remote.service.DriverCommandExecutor.invokeExecute(DriverCommandExecutor.java:167)
at org.openqa.selenium.remote.service.DriverCommandExecutor.execute(DriverCommandExecutor.java:142)
at org.openqa.selenium.remote.RemoteWebDriver.execute(RemoteWebDriver.java:547)
at org.openqa.selenium.remote.RemoteWebElement.execute(RemoteWebElement.java:257)
at org.openqa.selenium.remote.RemoteWebElement.sendKeys(RemoteWebElement.java:113)
at jdk.internal.reflect.GeneratedMethodAccessor128.invoke(Unknown Source)
at java.base/jdk.internal.reflect.DelegatingMethodAccessorImpl.invoke(DelegatingMethodAccessorImpl.java:43)
at java.base/java.lang.reflect.Method.invoke(Method.java:568)
at org.openqa.selenium.support.pagefactory.internal.LocatingElementHandler.invoke(LocatingElementHandler.java:52)
at jdk.proxy2/jdk.proxy2.$Proxy32.sendKeys(Unknown Source)
at cucumber.framework.page.jcadmin.JCAdminTestimonial.uploadFile(JCAdminTestimonial.java:302)
at cucumber.framework.page.jcadmin.JCAdminTestimonial.tambahDataTestimonialNegativeNoActiveIsi(JCAdminTestimonial.java:360)
at cucumber.framework.runner.jcadmin.Anisa.JCTambahNegatifTestimonialImpl.admin_isi_form_negative_rating_angka_rating_no_active_kosong_isi_testi(JCTambahNegatifTestimonialImpl.java:113)
at ?.TE019N Admin isi form negative rating 0 no active kosong isi testi(file:///C:/Users/NEXSOFT/git/INTEGRATION-BOIM-NICO-NISA/INTEGRATION-BOIM-NICO-NISA/src/main/resources/jcadmin/anisa/002Testimonial002TambahNegatif.feature:49)
]]>
    </error>
  </testcase> <!-- runScenario -->
  <system-out/>
  <testcase classname="cucumber.framework.runner.jcadmin.JCAdminRunnerKolektif" name="runScenario" time="34.304"/>
  <system-out/>
  <testcase classname="cucumber.framework.runner.jcadmin.JCAdminRunnerKolektif" name="runScenario" time="11.408">
    <error message="invalid argument: File not found : C:\Users\NEXSOFT\git\INTEGRATION-BOIM-NICO-NISA\INTEGRATION-BOIM-NICO-NISA\src\main\resources\gambarnisa\jerome.jpeg
  (Session info: chrome=105.0.5195.127)
Build info: version: &#039;4.4.0&#039;, revision: &#039;e5c75ed026a&#039;
System info: host: &#039;DESKTOP-8OTT66F&#039;, ip: &#039;192.168.0.11&#039;, os.name: &#039;Windows 10&#039;, os.arch: &#039;amd64&#039;, os.version: &#039;10.0&#039;, java.version: &#039;17.0.4.1&#039;
Driver info: org.openqa.selenium.chrome.ChromeDriver
Command: [b91b9cc2b751a4292dcc5c13c338190c, sendKeysToElement {id=18330f74-f42a-472a-9c9a-e81031da5997, value=[Ljava.lang.CharSequence;@5271c49b}]
Capabilities {acceptInsecureCerts: false, browserName: chrome, browserVersion: 105.0.5195.127, chrome: {chromedriverVersion: 105.0.5195.52 (412c95e51883..., userDataDir: C:\Users\NEXSOFT\AppData\Lo...}, goog:chromeOptions: {debuggerAddress: localhost:51677}, networkConnectionEnabled: false, pageLoadStrategy: normal, platformName: WINDOWS, proxy: Proxy(), se:cdp: ws://localhost:51677/devtoo..., se:cdpVersion: 105.0.5195.127, setWindowRect: true, strictFileInteractability: false, timeouts: {implicit: 0, pageLoad: 300000, script: 30000}, unhandledPromptBehavior: dismiss and notify, webauthn:extension:credBlob: true, webauthn:extension:largeBlob: true, webauthn:virtualAuthenticators: true}
Element: [[ChromeDriver: chrome on WINDOWS (b91b9cc2b751a4292dcc5c13c338190c)] -&gt; xpath: //input[@name=&#039;uploadedFile&#039;]]
Session ID: b91b9cc2b751a4292dcc5c13c338190c" type="org.openqa.selenium.InvalidArgumentException">
      <![CDATA[org.openqa.selenium.InvalidArgumentException: invalid argument: File not found : C:\Users\NEXSOFT\git\INTEGRATION-BOIM-NICO-NISA\INTEGRATION-BOIM-NICO-NISA\src\main\resources\gambarnisa\jerome.jpeg
  (Session info: chrome=105.0.5195.127)
Build info: version: '4.4.0', revision: 'e5c75ed026a'
System info: host: 'DESKTOP-8OTT66F', ip: '192.168.0.11', os.name: 'Windows 10', os.arch: 'amd64', os.version: '10.0', java.version: '17.0.4.1'
Driver info: org.openqa.selenium.chrome.ChromeDriver
Command: [b91b9cc2b751a4292dcc5c13c338190c, sendKeysToElement {id=18330f74-f42a-472a-9c9a-e81031da5997, value=[Ljava.lang.CharSequence;@5271c49b}]
Capabilities {acceptInsecureCerts: false, browserName: chrome, browserVersion: 105.0.5195.127, chrome: {chromedriverVersion: 105.0.5195.52 (412c95e51883..., userDataDir: C:\Users\NEXSOFT\AppData\Lo...}, goog:chromeOptions: {debuggerAddress: localhost:51677}, networkConnectionEnabled: false, pageLoadStrategy: normal, platformName: WINDOWS, proxy: Proxy(), se:cdp: ws://localhost:51677/devtoo..., se:cdpVersion: 105.0.5195.127, setWindowRect: true, strictFileInteractability: false, timeouts: {implicit: 0, pageLoad: 300000, script: 30000}, unhandledPromptBehavior: dismiss and notify, webauthn:extension:credBlob: true, webauthn:extension:largeBlob: true, webauthn:virtualAuthenticators: true}
Element: [[ChromeDriver: chrome on WINDOWS (b91b9cc2b751a4292dcc5c13c338190c)] -> xpath: //input[@name='uploadedFile']]
Session ID: b91b9cc2b751a4292dcc5c13c338190c
at java.base/jdk.internal.reflect.NativeConstructorAccessorImpl.newInstance0(Native Method)
at java.base/jdk.internal.reflect.NativeConstructorAccessorImpl.newInstance(NativeConstructorAccessorImpl.java:77)
at java.base/jdk.internal.reflect.DelegatingConstructorAccessorImpl.newInstance(DelegatingConstructorAccessorImpl.java:45)
at java.base/java.lang.reflect.Constructor.newInstanceWithCaller(Constructor.java:499)
at java.base/java.lang.reflect.Constructor.newInstance(Constructor.java:480)
at org.openqa.selenium.remote.codec.w3c.W3CHttpResponseCodec.createException(W3CHttpResponseCodec.java:200)
at org.openqa.selenium.remote.codec.w3c.W3CHttpResponseCodec.decode(W3CHttpResponseCodec.java:133)
at org.openqa.selenium.remote.codec.w3c.W3CHttpResponseCodec.decode(W3CHttpResponseCodec.java:53)
at org.openqa.selenium.remote.HttpCommandExecutor.execute(HttpCommandExecutor.java:184)
at org.openqa.selenium.remote.service.DriverCommandExecutor.invokeExecute(DriverCommandExecutor.java:167)
at org.openqa.selenium.remote.service.DriverCommandExecutor.execute(DriverCommandExecutor.java:142)
at org.openqa.selenium.remote.RemoteWebDriver.execute(RemoteWebDriver.java:547)
at org.openqa.selenium.remote.RemoteWebElement.execute(RemoteWebElement.java:257)
at org.openqa.selenium.remote.RemoteWebElement.sendKeys(RemoteWebElement.java:113)
at jdk.internal.reflect.GeneratedMethodAccessor128.invoke(Unknown Source)
at java.base/jdk.internal.reflect.DelegatingMethodAccessorImpl.invoke(DelegatingMethodAccessorImpl.java:43)
at java.base/java.lang.reflect.Method.invoke(Method.java:568)
at org.openqa.selenium.support.pagefactory.internal.LocatingElementHandler.invoke(LocatingElementHandler.java:52)
at jdk.proxy2/jdk.proxy2.$Proxy32.sendKeys(Unknown Source)
at cucumber.framework.page.jcadmin.JCAdminTestimonial.uploadFile(JCAdminTestimonial.java:302)
at cucumber.framework.page.jcadmin.JCAdminTestimonial.tambahDataTestimonialNegativeActiveIsi(JCAdminTestimonial.java:344)
at cucumber.framework.runner.jcadmin.Anisa.JCTambahNegatifTestimonialImpl.admin_isi_form_negative_dengan_rating_angka_rating_active_kosong_isi(JCTambahNegatifTestimonialImpl.java:92)
at ?.TE014N Admin isi form negative dengan rating 1 active kosong isi(file:///C:/Users/NEXSOFT/git/INTEGRATION-BOIM-NICO-NISA/INTEGRATION-BOIM-NICO-NISA/src/main/resources/jcadmin/anisa/002Testimonial002TambahNegatif.feature:35)
]]>
    </error>
  </testcase> <!-- runScenario -->
  <system-out/>
  <testcase classname="cucumber.framework.runner.jcadmin.JCAdminRunnerKolektif" name="runScenario" time="13.469">
    <error message="invalid argument: File not found : C:\Users\NEXSOFT\git\INTEGRATION-BOIM-NICO-NISA\INTEGRATION-BOIM-NICO-NISA\src\main\resources\gambarnisa\jerome.jpeg
  (Session info: chrome=105.0.5195.127)
Build info: version: &#039;4.4.0&#039;, revision: &#039;e5c75ed026a&#039;
System info: host: &#039;DESKTOP-8OTT66F&#039;, ip: &#039;192.168.0.11&#039;, os.name: &#039;Windows 10&#039;, os.arch: &#039;amd64&#039;, os.version: &#039;10.0&#039;, java.version: &#039;17.0.4.1&#039;
Driver info: org.openqa.selenium.chrome.ChromeDriver
Command: [b91b9cc2b751a4292dcc5c13c338190c, sendKeysToElement {id=b6c5c378-207c-4686-9c3c-3339a4c15b7a, value=[Ljava.lang.CharSequence;@1de3a67e}]
Capabilities {acceptInsecureCerts: false, browserName: chrome, browserVersion: 105.0.5195.127, chrome: {chromedriverVersion: 105.0.5195.52 (412c95e51883..., userDataDir: C:\Users\NEXSOFT\AppData\Lo...}, goog:chromeOptions: {debuggerAddress: localhost:51677}, networkConnectionEnabled: false, pageLoadStrategy: normal, platformName: WINDOWS, proxy: Proxy(), se:cdp: ws://localhost:51677/devtoo..., se:cdpVersion: 105.0.5195.127, setWindowRect: true, strictFileInteractability: false, timeouts: {implicit: 0, pageLoad: 300000, script: 30000}, unhandledPromptBehavior: dismiss and notify, webauthn:extension:credBlob: true, webauthn:extension:largeBlob: true, webauthn:virtualAuthenticators: true}
Element: [[ChromeDriver: chrome on WINDOWS (b91b9cc2b751a4292dcc5c13c338190c)] -&gt; xpath: //input[@name=&#039;uploadedFile&#039;]]
Session ID: b91b9cc2b751a4292dcc5c13c338190c" type="org.openqa.selenium.InvalidArgumentException">
      <![CDATA[org.openqa.selenium.InvalidArgumentException: invalid argument: File not found : C:\Users\NEXSOFT\git\INTEGRATION-BOIM-NICO-NISA\INTEGRATION-BOIM-NICO-NISA\src\main\resources\gambarnisa\jerome.jpeg
  (Session info: chrome=105.0.5195.127)
Build info: version: '4.4.0', revision: 'e5c75ed026a'
System info: host: 'DESKTOP-8OTT66F', ip: '192.168.0.11', os.name: 'Windows 10', os.arch: 'amd64', os.version: '10.0', java.version: '17.0.4.1'
Driver info: org.openqa.selenium.chrome.ChromeDriver
Command: [b91b9cc2b751a4292dcc5c13c338190c, sendKeysToElement {id=b6c5c378-207c-4686-9c3c-3339a4c15b7a, value=[Ljava.lang.CharSequence;@1de3a67e}]
Capabilities {acceptInsecureCerts: false, browserName: chrome, browserVersion: 105.0.5195.127, chrome: {chromedriverVersion: 105.0.5195.52 (412c95e51883..., userDataDir: C:\Users\NEXSOFT\AppData\Lo...}, goog:chromeOptions: {debuggerAddress: localhost:51677}, networkConnectionEnabled: false, pageLoadStrategy: normal, platformName: WINDOWS, proxy: Proxy(), se:cdp: ws://localhost:51677/devtoo..., se:cdpVersion: 105.0.5195.127, setWindowRect: true, strictFileInteractability: false, timeouts: {implicit: 0, pageLoad: 300000, script: 30000}, unhandledPromptBehavior: dismiss and notify, webauthn:extension:credBlob: true, webauthn:extension:largeBlob: true, webauthn:virtualAuthenticators: true}
Element: [[ChromeDriver: chrome on WINDOWS (b91b9cc2b751a4292dcc5c13c338190c)] -> xpath: //input[@name='uploadedFile']]
Session ID: b91b9cc2b751a4292dcc5c13c338190c
at jdk.internal.reflect.GeneratedConstructorAccessor29.newInstance(Unknown Source)
at java.base/jdk.internal.reflect.DelegatingConstructorAccessorImpl.newInstance(DelegatingConstructorAccessorImpl.java:45)
at java.base/java.lang.reflect.Constructor.newInstanceWithCaller(Constructor.java:499)
at java.base/java.lang.reflect.Constructor.newInstance(Constructor.java:480)
at org.openqa.selenium.remote.codec.w3c.W3CHttpResponseCodec.createException(W3CHttpResponseCodec.java:200)
at org.openqa.selenium.remote.codec.w3c.W3CHttpResponseCodec.decode(W3CHttpResponseCodec.java:133)
at org.openqa.selenium.remote.codec.w3c.W3CHttpResponseCodec.decode(W3CHttpResponseCodec.java:53)
at org.openqa.selenium.remote.HttpCommandExecutor.execute(HttpCommandExecutor.java:184)
at org.openqa.selenium.remote.service.DriverCommandExecutor.invokeExecute(DriverCommandExecutor.java:167)
at org.openqa.selenium.remote.service.DriverCommandExecutor.execute(DriverCommandExecutor.java:142)
at org.openqa.selenium.remote.RemoteWebDriver.execute(RemoteWebDriver.java:547)
at org.openqa.selenium.remote.RemoteWebElement.execute(RemoteWebElement.java:257)
at org.openqa.selenium.remote.RemoteWebElement.sendKeys(RemoteWebElement.java:113)
at jdk.internal.reflect.GeneratedMethodAccessor128.invoke(Unknown Source)
at java.base/jdk.internal.reflect.DelegatingMethodAccessorImpl.invoke(DelegatingMethodAccessorImpl.java:43)
at java.base/java.lang.reflect.Method.invoke(Method.java:568)
at org.openqa.selenium.support.pagefactory.internal.LocatingElementHandler.invoke(LocatingElementHandler.java:52)
at jdk.proxy2/jdk.proxy2.$Proxy32.sendKeys(Unknown Source)
at cucumber.framework.page.jcadmin.JCAdminTestimonial.uploadFile(JCAdminTestimonial.java:302)
at cucumber.framework.page.jcadmin.JCAdminTestimonial.tambahDataTestimonialNegativeActiveChar(JCAdminTestimonial.java:376)
at cucumber.framework.runner.jcadmin.Anisa.JCTambahNegatifTestimonialImpl.admin_mengisi_negative_form_dengan_rating_angka_rating_active_panjang_karakter(JCTambahNegatifTestimonialImpl.java:134)
at ?.TE029N Admin mengisi negative form dengan rating 4 active panjang karakter(file:///C:/Users/NEXSOFT/git/INTEGRATION-BOIM-NICO-NISA/INTEGRATION-BOIM-NICO-NISA/src/main/resources/jcadmin/anisa/002Testimonial002TambahNegatif.feature:63)
]]>
    </error>
  </testcase> <!-- runScenario -->
  <system-out/>
  <testcase classname="cucumber.framework.runner.jcadmin.JCAdminRunnerKolektif" name="runScenario" time="15.580">
    <failure message="expected [00101111zzzozooo] but found [0011111zzzozooo]" type="java.lang.AssertionError">
      <![CDATA[java.lang.AssertionError: expected [00101111zzzozooo] but found [0011111zzzozooo]
at org.testng.Assert.fail(Assert.java:110)
at org.testng.Assert.failNotEquals(Assert.java:1413)
at org.testng.Assert.assertEqualsImpl(Assert.java:149)
at org.testng.Assert.assertEquals(Assert.java:131)
at org.testng.Assert.assertEquals(Assert.java:655)
at org.testng.Assert.assertEquals(Assert.java:665)
at cucumber.framework.runner.jcadmin.Cnico.JCAdminContactMessagesSearchMessagesImpl.kode_admin_mendapat_data_yang_disorting_dengan_sorting(JCAdminContactMessagesSearchMessagesImpl.java:65)
at ?.CO011P Admin mendapat data 00101111zzzozooo yang disorting dengan Message(file:///C:/Users/NEXSOFT/git/INTEGRATION-BOIM-NICO-NISA/INTEGRATION-BOIM-NICO-NISA/src/main/resources/jcadmin/nico/007ContactMessages002SearchMessages.feature:12)
]]>
    </failure>
  </testcase> <!-- runScenario -->
  <system-out/>
  <testcase classname="cucumber.framework.runner.jcadmin.JCAdminRunnerKolektif" name="runScenario" time="8.852">
    <error message="invalid argument: File not found : C:\Users\NEXSOFT\git\INTEGRATION-BOIM-NICO-NISA\INTEGRATION-BOIM-NICO-NISA\src\main\resources\gambarnisa\jerome.jpeg
  (Session info: chrome=105.0.5195.127)
Build info: version: &#039;4.4.0&#039;, revision: &#039;e5c75ed026a&#039;
System info: host: &#039;DESKTOP-8OTT66F&#039;, ip: &#039;192.168.0.11&#039;, os.name: &#039;Windows 10&#039;, os.arch: &#039;amd64&#039;, os.version: &#039;10.0&#039;, java.version: &#039;17.0.4.1&#039;
Driver info: org.openqa.selenium.chrome.ChromeDriver
Command: [b91b9cc2b751a4292dcc5c13c338190c, sendKeysToElement {id=e1fecb0b-dd7c-43f6-a399-60a0f9ec5cc9, value=[Ljava.lang.CharSequence;@4cbb217e}]
Capabilities {acceptInsecureCerts: false, browserName: chrome, browserVersion: 105.0.5195.127, chrome: {chromedriverVersion: 105.0.5195.52 (412c95e51883..., userDataDir: C:\Users\NEXSOFT\AppData\Lo...}, goog:chromeOptions: {debuggerAddress: localhost:51677}, networkConnectionEnabled: false, pageLoadStrategy: normal, platformName: WINDOWS, proxy: Proxy(), se:cdp: ws://localhost:51677/devtoo..., se:cdpVersion: 105.0.5195.127, setWindowRect: true, strictFileInteractability: false, timeouts: {implicit: 0, pageLoad: 300000, script: 30000}, unhandledPromptBehavior: dismiss and notify, webauthn:extension:credBlob: true, webauthn:extension:largeBlob: true, webauthn:virtualAuthenticators: true}
Element: [[ChromeDriver: chrome on WINDOWS (b91b9cc2b751a4292dcc5c13c338190c)] -&gt; xpath: //input[@name=&#039;uploadedFile&#039;]]
Session ID: b91b9cc2b751a4292dcc5c13c338190c" type="org.openqa.selenium.InvalidArgumentException">
      <![CDATA[org.openqa.selenium.InvalidArgumentException: invalid argument: File not found : C:\Users\NEXSOFT\git\INTEGRATION-BOIM-NICO-NISA\INTEGRATION-BOIM-NICO-NISA\src\main\resources\gambarnisa\jerome.jpeg
  (Session info: chrome=105.0.5195.127)
Build info: version: '4.4.0', revision: 'e5c75ed026a'
System info: host: 'DESKTOP-8OTT66F', ip: '192.168.0.11', os.name: 'Windows 10', os.arch: 'amd64', os.version: '10.0', java.version: '17.0.4.1'
Driver info: org.openqa.selenium.chrome.ChromeDriver
Command: [b91b9cc2b751a4292dcc5c13c338190c, sendKeysToElement {id=e1fecb0b-dd7c-43f6-a399-60a0f9ec5cc9, value=[Ljava.lang.CharSequence;@4cbb217e}]
Capabilities {acceptInsecureCerts: false, browserName: chrome, browserVersion: 105.0.5195.127, chrome: {chromedriverVersion: 105.0.5195.52 (412c95e51883..., userDataDir: C:\Users\NEXSOFT\AppData\Lo...}, goog:chromeOptions: {debuggerAddress: localhost:51677}, networkConnectionEnabled: false, pageLoadStrategy: normal, platformName: WINDOWS, proxy: Proxy(), se:cdp: ws://localhost:51677/devtoo..., se:cdpVersion: 105.0.5195.127, setWindowRect: true, strictFileInteractability: false, timeouts: {implicit: 0, pageLoad: 300000, script: 30000}, unhandledPromptBehavior: dismiss and notify, webauthn:extension:credBlob: true, webauthn:extension:largeBlob: true, webauthn:virtualAuthenticators: true}
Element: [[ChromeDriver: chrome on WINDOWS (b91b9cc2b751a4292dcc5c13c338190c)] -> xpath: //input[@name='uploadedFile']]
Session ID: b91b9cc2b751a4292dcc5c13c338190c
at jdk.internal.reflect.GeneratedConstructorAccessor29.newInstance(Unknown Source)
at java.base/jdk.internal.reflect.DelegatingConstructorAccessorImpl.newInstance(DelegatingConstructorAccessorImpl.java:45)
at java.base/java.lang.reflect.Constructor.newInstanceWithCaller(Constructor.java:499)
at java.base/java.lang.reflect.Constructor.newInstance(Constructor.java:480)
at org.openqa.selenium.remote.codec.w3c.W3CHttpResponseCodec.createException(W3CHttpResponseCodec.java:200)
at org.openqa.selenium.remote.codec.w3c.W3CHttpResponseCodec.decode(W3CHttpResponseCodec.java:133)
at org.openqa.selenium.remote.codec.w3c.W3CHttpResponseCodec.decode(W3CHttpResponseCodec.java:53)
at org.openqa.selenium.remote.HttpCommandExecutor.execute(HttpCommandExecutor.java:184)
at org.openqa.selenium.remote.service.DriverCommandExecutor.invokeExecute(DriverCommandExecutor.java:167)
at org.openqa.selenium.remote.service.DriverCommandExecutor.execute(DriverCommandExecutor.java:142)
at org.openqa.selenium.remote.RemoteWebDriver.execute(RemoteWebDriver.java:547)
at org.openqa.selenium.remote.RemoteWebElement.execute(RemoteWebElement.java:257)
at org.openqa.selenium.remote.RemoteWebElement.sendKeys(RemoteWebElement.java:113)
at jdk.internal.reflect.GeneratedMethodAccessor128.invoke(Unknown Source)
at java.base/jdk.internal.reflect.DelegatingMethodAccessorImpl.invoke(DelegatingMethodAccessorImpl.java:43)
at java.base/java.lang.reflect.Method.invoke(Method.java:568)
at org.openqa.selenium.support.pagefactory.internal.LocatingElementHandler.invoke(LocatingElementHandler.java:52)
at jdk.proxy2/jdk.proxy2.$Proxy32.sendKeys(Unknown Source)
at cucumber.framework.page.jcadmin.JCAdminTestimonial.uploadFile(JCAdminTestimonial.java:302)
at cucumber.framework.page.jcadmin.JCAdminTestimonial.tambahDataTestimonialNegActiveNama(JCAdminTestimonial.java:412)
at cucumber.framework.runner.jcadmin.Anisa.JCTambahNegatifTestimonialImpl.admin_isi_negative_tambah_dengan_rating_angka_rating_active_nama_kecuali(JCTambahNegatifTestimonialImpl.java:174)
at ?.TE038N Admin isi negative tambah dengan rating 1 active nama kecuali(file:///C:/Users/NEXSOFT/git/INTEGRATION-BOIM-NICO-NISA/INTEGRATION-BOIM-NICO-NISA/src/main/resources/jcadmin/anisa/002Testimonial002TambahNegatif.feature:91)
]]>
    </error>
  </testcase> <!-- runScenario -->
  <system-out/>
  <testcase classname="cucumber.framework.runner.jcadmin.JCAdminRunnerKolektif" name="runScenario" time="9.120">
    <error message="invalid argument: File not found : C:\Users\NEXSOFT\git\INTEGRATION-BOIM-NICO-NISA\INTEGRATION-BOIM-NICO-NISA\src\main\resources\gambarnisa\jerome.jpeg
  (Session info: chrome=105.0.5195.127)
Build info: version: &#039;4.4.0&#039;, revision: &#039;e5c75ed026a&#039;
System info: host: &#039;DESKTOP-8OTT66F&#039;, ip: &#039;192.168.0.11&#039;, os.name: &#039;Windows 10&#039;, os.arch: &#039;amd64&#039;, os.version: &#039;10.0&#039;, java.version: &#039;17.0.4.1&#039;
Driver info: org.openqa.selenium.chrome.ChromeDriver
Command: [b91b9cc2b751a4292dcc5c13c338190c, sendKeysToElement {id=a47f9d30-8881-45af-996b-23bf5d6dd4e0, value=[Ljava.lang.CharSequence;@18b12df9}]
Capabilities {acceptInsecureCerts: false, browserName: chrome, browserVersion: 105.0.5195.127, chrome: {chromedriverVersion: 105.0.5195.52 (412c95e51883..., userDataDir: C:\Users\NEXSOFT\AppData\Lo...}, goog:chromeOptions: {debuggerAddress: localhost:51677}, networkConnectionEnabled: false, pageLoadStrategy: normal, platformName: WINDOWS, proxy: Proxy(), se:cdp: ws://localhost:51677/devtoo..., se:cdpVersion: 105.0.5195.127, setWindowRect: true, strictFileInteractability: false, timeouts: {implicit: 0, pageLoad: 300000, script: 30000}, unhandledPromptBehavior: dismiss and notify, webauthn:extension:credBlob: true, webauthn:extension:largeBlob: true, webauthn:virtualAuthenticators: true}
Element: [[ChromeDriver: chrome on WINDOWS (b91b9cc2b751a4292dcc5c13c338190c)] -&gt; xpath: //input[@name=&#039;uploadedFile&#039;]]
Session ID: b91b9cc2b751a4292dcc5c13c338190c" type="org.openqa.selenium.InvalidArgumentException">
      <![CDATA[org.openqa.selenium.InvalidArgumentException: invalid argument: File not found : C:\Users\NEXSOFT\git\INTEGRATION-BOIM-NICO-NISA\INTEGRATION-BOIM-NICO-NISA\src\main\resources\gambarnisa\jerome.jpeg
  (Session info: chrome=105.0.5195.127)
Build info: version: '4.4.0', revision: 'e5c75ed026a'
System info: host: 'DESKTOP-8OTT66F', ip: '192.168.0.11', os.name: 'Windows 10', os.arch: 'amd64', os.version: '10.0', java.version: '17.0.4.1'
Driver info: org.openqa.selenium.chrome.ChromeDriver
Command: [b91b9cc2b751a4292dcc5c13c338190c, sendKeysToElement {id=a47f9d30-8881-45af-996b-23bf5d6dd4e0, value=[Ljava.lang.CharSequence;@18b12df9}]
Capabilities {acceptInsecureCerts: false, browserName: chrome, browserVersion: 105.0.5195.127, chrome: {chromedriverVersion: 105.0.5195.52 (412c95e51883..., userDataDir: C:\Users\NEXSOFT\AppData\Lo...}, goog:chromeOptions: {debuggerAddress: localhost:51677}, networkConnectionEnabled: false, pageLoadStrategy: normal, platformName: WINDOWS, proxy: Proxy(), se:cdp: ws://localhost:51677/devtoo..., se:cdpVersion: 105.0.5195.127, setWindowRect: true, strictFileInteractability: false, timeouts: {implicit: 0, pageLoad: 300000, script: 30000}, unhandledPromptBehavior: dismiss and notify, webauthn:extension:credBlob: true, webauthn:extension:largeBlob: true, webauthn:virtualAuthenticators: true}
Element: [[ChromeDriver: chrome on WINDOWS (b91b9cc2b751a4292dcc5c13c338190c)] -> xpath: //input[@name='uploadedFile']]
Session ID: b91b9cc2b751a4292dcc5c13c338190c
at java.base/jdk.internal.reflect.NativeConstructorAccessorImpl.newInstance0(Native Method)
at java.base/jdk.internal.reflect.NativeConstructorAccessorImpl.newInstance(NativeConstructorAccessorImpl.java:77)
at java.base/jdk.internal.reflect.DelegatingConstructorAccessorImpl.newInstance(DelegatingConstructorAccessorImpl.java:45)
at java.base/java.lang.reflect.Constructor.newInstanceWithCaller(Constructor.java:499)
at java.base/java.lang.reflect.Constructor.newInstance(Constructor.java:480)
at org.openqa.selenium.remote.codec.w3c.W3CHttpResponseCodec.createException(W3CHttpResponseCodec.java:200)
at org.openqa.selenium.remote.codec.w3c.W3CHttpResponseCodec.decode(W3CHttpResponseCodec.java:133)
at org.openqa.selenium.remote.codec.w3c.W3CHttpResponseCodec.decode(W3CHttpResponseCodec.java:53)
at org.openqa.selenium.remote.HttpCommandExecutor.execute(HttpCommandExecutor.java:184)
at org.openqa.selenium.remote.service.DriverCommandExecutor.invokeExecute(DriverCommandExecutor.java:167)
at org.openqa.selenium.remote.service.DriverCommandExecutor.execute(DriverCommandExecutor.java:142)
at org.openqa.selenium.remote.RemoteWebDriver.execute(RemoteWebDriver.java:547)
at org.openqa.selenium.remote.RemoteWebElement.execute(RemoteWebElement.java:257)
at org.openqa.selenium.remote.RemoteWebElement.sendKeys(RemoteWebElement.java:113)
at jdk.internal.reflect.GeneratedMethodAccessor128.invoke(Unknown Source)
at java.base/jdk.internal.reflect.DelegatingMethodAccessorImpl.invoke(DelegatingMethodAccessorImpl.java:43)
at java.base/java.lang.reflect.Method.invoke(Method.java:568)
at org.openqa.selenium.support.pagefactory.internal.LocatingElementHandler.invoke(LocatingElementHandler.java:52)
at jdk.proxy2/jdk.proxy2.$Proxy32.sendKeys(Unknown Source)
at cucumber.framework.page.jcadmin.JCAdminTestimonial.uploadFile(JCAdminTestimonial.java:302)
at cucumber.framework.page.jcadmin.JCAdminTestimonial.tambahDataTestimonialNegativeActive(JCAdminTestimonial.java:312)
at cucumber.framework.runner.jcadmin.Anisa.JCTambahNegatifTestimonialImpl.admin_mengisi_form_negative_dengan_rating_angka_rating_active(JCTambahNegatifTestimonialImpl.java:50)
at ?.TE003N Admin mengisi form negative dengan rating 2 active(file:///C:/Users/NEXSOFT/git/INTEGRATION-BOIM-NICO-NISA/INTEGRATION-BOIM-NICO-NISA/src/main/resources/jcadmin/anisa/002Testimonial002TambahNegatif.feature:7)
]]>
    </error>
  </testcase> <!-- runScenario -->
  <system-out/>
  <testcase classname="cucumber.framework.runner.jcadmin.JCAdminRunnerKolektif" name="runScenario" time="25.757"/>
  <system-out/>
  <testcase classname="cucumber.framework.runner.jcadmin.JCAdminRunnerKolektif" name="runScenario" time="3.160"/>
  <system-out/>
  <testcase classname="cucumber.framework.runner.jcadmin.JCAdminRunnerKolektif" name="runScenario" time="9.034">
    <error message="invalid argument: File not found : C:\Users\NEXSOFT\git\INTEGRATION-BOIM-NICO-NISA\INTEGRATION-BOIM-NICO-NISA\src\main\resources\gambarnisa\jerome.jpeg
  (Session info: chrome=105.0.5195.127)
Build info: version: &#039;4.4.0&#039;, revision: &#039;e5c75ed026a&#039;
System info: host: &#039;DESKTOP-8OTT66F&#039;, ip: &#039;192.168.0.11&#039;, os.name: &#039;Windows 10&#039;, os.arch: &#039;amd64&#039;, os.version: &#039;10.0&#039;, java.version: &#039;17.0.4.1&#039;
Driver info: org.openqa.selenium.chrome.ChromeDriver
Command: [b91b9cc2b751a4292dcc5c13c338190c, sendKeysToElement {id=a9cf224a-50c9-457e-b41d-49f333001f2f, value=[Ljava.lang.CharSequence;@49648d97}]
Capabilities {acceptInsecureCerts: false, browserName: chrome, browserVersion: 105.0.5195.127, chrome: {chromedriverVersion: 105.0.5195.52 (412c95e51883..., userDataDir: C:\Users\NEXSOFT\AppData\Lo...}, goog:chromeOptions: {debuggerAddress: localhost:51677}, networkConnectionEnabled: false, pageLoadStrategy: normal, platformName: WINDOWS, proxy: Proxy(), se:cdp: ws://localhost:51677/devtoo..., se:cdpVersion: 105.0.5195.127, setWindowRect: true, strictFileInteractability: false, timeouts: {implicit: 0, pageLoad: 300000, script: 30000}, unhandledPromptBehavior: dismiss and notify, webauthn:extension:credBlob: true, webauthn:extension:largeBlob: true, webauthn:virtualAuthenticators: true}
Element: [[ChromeDriver: chrome on WINDOWS (b91b9cc2b751a4292dcc5c13c338190c)] -&gt; xpath: //input[@name=&#039;uploadedFile&#039;]]
Session ID: b91b9cc2b751a4292dcc5c13c338190c" type="org.openqa.selenium.InvalidArgumentException">
      <![CDATA[org.openqa.selenium.InvalidArgumentException: invalid argument: File not found : C:\Users\NEXSOFT\git\INTEGRATION-BOIM-NICO-NISA\INTEGRATION-BOIM-NICO-NISA\src\main\resources\gambarnisa\jerome.jpeg
  (Session info: chrome=105.0.5195.127)
Build info: version: '4.4.0', revision: 'e5c75ed026a'
System info: host: 'DESKTOP-8OTT66F', ip: '192.168.0.11', os.name: 'Windows 10', os.arch: 'amd64', os.version: '10.0', java.version: '17.0.4.1'
Driver info: org.openqa.selenium.chrome.ChromeDriver
Command: [b91b9cc2b751a4292dcc5c13c338190c, sendKeysToElement {id=a9cf224a-50c9-457e-b41d-49f333001f2f, value=[Ljava.lang.CharSequence;@49648d97}]
Capabilities {acceptInsecureCerts: false, browserName: chrome, browserVersion: 105.0.5195.127, chrome: {chromedriverVersion: 105.0.5195.52 (412c95e51883..., userDataDir: C:\Users\NEXSOFT\AppData\Lo...}, goog:chromeOptions: {debuggerAddress: localhost:51677}, networkConnectionEnabled: false, pageLoadStrategy: normal, platformName: WINDOWS, proxy: Proxy(), se:cdp: ws://localhost:51677/devtoo..., se:cdpVersion: 105.0.5195.127, setWindowRect: true, strictFileInteractability: false, timeouts: {implicit: 0, pageLoad: 300000, script: 30000}, unhandledPromptBehavior: dismiss and notify, webauthn:extension:credBlob: true, webauthn:extension:largeBlob: true, webauthn:virtualAuthenticators: true}
Element: [[ChromeDriver: chrome on WINDOWS (b91b9cc2b751a4292dcc5c13c338190c)] -> xpath: //input[@name='uploadedFile']]
Session ID: b91b9cc2b751a4292dcc5c13c338190c
at jdk.internal.reflect.GeneratedConstructorAccessor29.newInstance(Unknown Source)
at java.base/jdk.internal.reflect.DelegatingConstructorAccessorImpl.newInstance(DelegatingConstructorAccessorImpl.java:45)
at java.base/java.lang.reflect.Constructor.newInstanceWithCaller(Constructor.java:499)
at java.base/java.lang.reflect.Constructor.newInstance(Constructor.java:480)
at org.openqa.selenium.remote.codec.w3c.W3CHttpResponseCodec.createException(W3CHttpResponseCodec.java:200)
at org.openqa.selenium.remote.codec.w3c.W3CHttpResponseCodec.decode(W3CHttpResponseCodec.java:133)
at org.openqa.selenium.remote.codec.w3c.W3CHttpResponseCodec.decode(W3CHttpResponseCodec.java:53)
at org.openqa.selenium.remote.HttpCommandExecutor.execute(HttpCommandExecutor.java:184)
at org.openqa.selenium.remote.service.DriverCommandExecutor.invokeExecute(DriverCommandExecutor.java:167)
at org.openqa.selenium.remote.service.DriverCommandExecutor.execute(DriverCommandExecutor.java:142)
at org.openqa.selenium.remote.RemoteWebDriver.execute(RemoteWebDriver.java:547)
at org.openqa.selenium.remote.RemoteWebElement.execute(RemoteWebElement.java:257)
at org.openqa.selenium.remote.RemoteWebElement.sendKeys(RemoteWebElement.java:113)
at jdk.internal.reflect.GeneratedMethodAccessor128.invoke(Unknown Source)
at java.base/jdk.internal.reflect.DelegatingMethodAccessorImpl.invoke(DelegatingMethodAccessorImpl.java:43)
at java.base/java.lang.reflect.Method.invoke(Method.java:568)
at org.openqa.selenium.support.pagefactory.internal.LocatingElementHandler.invoke(LocatingElementHandler.java:52)
at jdk.proxy2/jdk.proxy2.$Proxy32.sendKeys(Unknown Source)
at cucumber.framework.page.jcadmin.JCAdminTestimonial.uploadFile(JCAdminTestimonial.java:302)
at cucumber.framework.page.jcadmin.JCAdminTestimonial.tambahDataTestimonialNegActiveNama(JCAdminTestimonial.java:412)
at cucumber.framework.runner.jcadmin.Anisa.JCTambahNegatifTestimonialImpl.admin_isi_negative_tambah_dengan_rating_angka_rating_active_nama_kecuali(JCTambahNegatifTestimonialImpl.java:174)
at ?.TE040N Admin isi negative tambah dengan rating 3 active nama kecuali(file:///C:/Users/NEXSOFT/git/INTEGRATION-BOIM-NICO-NISA/INTEGRATION-BOIM-NICO-NISA/src/main/resources/jcadmin/anisa/002Testimonial002TambahNegatif.feature:91)
]]>
    </error>
  </testcase> <!-- runScenario -->
  <system-out/>
  <testcase classname="cucumber.framework.runner.jcadmin.JCAdminRunnerKolektif" name="runScenario" time="26.671"/>
  <system-out/>
  <testcase classname="cucumber.framework.runner.jcadmin.JCAdminRunnerKolektif" name="runScenario" time="26.447"/>
  <system-out/>
  <testcase classname="cucumber.framework.runner.jcadmin.JCAdminRunnerKolektif" name="runScenario" time="25.956"/>
  <system-out/>
  <testcase classname="cucumber.framework.runner.jcadmin.JCAdminRunnerKolektif" name="runScenario" time="26.094"/>
  <system-out/>
  <testcase classname="cucumber.framework.runner.jcadmin.JCAdminRunnerKolektif" name="runScenario" time="10.053">
    <error message="invalid argument: File not found : C:\Users\NEXSOFT\Desktop\Test TA\error-wait.GIF
  (Session info: chrome=105.0.5195.127)
Build info: version: &#039;4.4.0&#039;, revision: &#039;e5c75ed026a&#039;
System info: host: &#039;DESKTOP-8OTT66F&#039;, ip: &#039;192.168.0.11&#039;, os.name: &#039;Windows 10&#039;, os.arch: &#039;amd64&#039;, os.version: &#039;10.0&#039;, java.version: &#039;17.0.4.1&#039;
Driver info: org.openqa.selenium.chrome.ChromeDriver
Command: [b91b9cc2b751a4292dcc5c13c338190c, sendKeysToElement {id=438f7f51-7312-4adc-b240-37a0d51ebc0a, value=[Ljava.lang.CharSequence;@446782b2}]
Capabilities {acceptInsecureCerts: false, browserName: chrome, browserVersion: 105.0.5195.127, chrome: {chromedriverVersion: 105.0.5195.52 (412c95e51883..., userDataDir: C:\Users\NEXSOFT\AppData\Lo...}, goog:chromeOptions: {debuggerAddress: localhost:51677}, networkConnectionEnabled: false, pageLoadStrategy: normal, platformName: WINDOWS, proxy: Proxy(), se:cdp: ws://localhost:51677/devtoo..., se:cdpVersion: 105.0.5195.127, setWindowRect: true, strictFileInteractability: false, timeouts: {implicit: 0, pageLoad: 300000, script: 30000}, unhandledPromptBehavior: dismiss and notify, webauthn:extension:credBlob: true, webauthn:extension:largeBlob: true, webauthn:virtualAuthenticators: true}
Element: [[ChromeDriver: chrome on WINDOWS (b91b9cc2b751a4292dcc5c13c338190c)] -&gt; name: uploadedFile]
Session ID: b91b9cc2b751a4292dcc5c13c338190c" type="org.openqa.selenium.InvalidArgumentException">
      <![CDATA[org.openqa.selenium.InvalidArgumentException: invalid argument: File not found : C:\Users\NEXSOFT\Desktop\Test TA\error-wait.GIF
  (Session info: chrome=105.0.5195.127)
Build info: version: '4.4.0', revision: 'e5c75ed026a'
System info: host: 'DESKTOP-8OTT66F', ip: '192.168.0.11', os.name: 'Windows 10', os.arch: 'amd64', os.version: '10.0', java.version: '17.0.4.1'
Driver info: org.openqa.selenium.chrome.ChromeDriver
Command: [b91b9cc2b751a4292dcc5c13c338190c, sendKeysToElement {id=438f7f51-7312-4adc-b240-37a0d51ebc0a, value=[Ljava.lang.CharSequence;@446782b2}]
Capabilities {acceptInsecureCerts: false, browserName: chrome, browserVersion: 105.0.5195.127, chrome: {chromedriverVersion: 105.0.5195.52 (412c95e51883..., userDataDir: C:\Users\NEXSOFT\AppData\Lo...}, goog:chromeOptions: {debuggerAddress: localhost:51677}, networkConnectionEnabled: false, pageLoadStrategy: normal, platformName: WINDOWS, proxy: Proxy(), se:cdp: ws://localhost:51677/devtoo..., se:cdpVersion: 105.0.5195.127, setWindowRect: true, strictFileInteractability: false, timeouts: {implicit: 0, pageLoad: 300000, script: 30000}, unhandledPromptBehavior: dismiss and notify, webauthn:extension:credBlob: true, webauthn:extension:largeBlob: true, webauthn:virtualAuthenticators: true}
Element: [[ChromeDriver: chrome on WINDOWS (b91b9cc2b751a4292dcc5c13c338190c)] -> name: uploadedFile]
Session ID: b91b9cc2b751a4292dcc5c13c338190c
at jdk.internal.reflect.GeneratedConstructorAccessor29.newInstance(Unknown Source)
at java.base/jdk.internal.reflect.DelegatingConstructorAccessorImpl.newInstance(DelegatingConstructorAccessorImpl.java:45)
at java.base/java.lang.reflect.Constructor.newInstanceWithCaller(Constructor.java:499)
at java.base/java.lang.reflect.Constructor.newInstance(Constructor.java:480)
at org.openqa.selenium.remote.codec.w3c.W3CHttpResponseCodec.createException(W3CHttpResponseCodec.java:200)
at org.openqa.selenium.remote.codec.w3c.W3CHttpResponseCodec.decode(W3CHttpResponseCodec.java:133)
at org.openqa.selenium.remote.codec.w3c.W3CHttpResponseCodec.decode(W3CHttpResponseCodec.java:53)
at org.openqa.selenium.remote.HttpCommandExecutor.execute(HttpCommandExecutor.java:184)
at org.openqa.selenium.remote.service.DriverCommandExecutor.invokeExecute(DriverCommandExecutor.java:167)
at org.openqa.selenium.remote.service.DriverCommandExecutor.execute(DriverCommandExecutor.java:142)
at org.openqa.selenium.remote.RemoteWebDriver.execute(RemoteWebDriver.java:547)
at org.openqa.selenium.remote.RemoteWebElement.execute(RemoteWebElement.java:257)
at org.openqa.selenium.remote.RemoteWebElement.sendKeys(RemoteWebElement.java:113)
at jdk.internal.reflect.GeneratedMethodAccessor128.invoke(Unknown Source)
at java.base/jdk.internal.reflect.DelegatingMethodAccessorImpl.invoke(DelegatingMethodAccessorImpl.java:43)
at java.base/java.lang.reflect.Method.invoke(Method.java:568)
at org.openqa.selenium.support.pagefactory.internal.LocatingElementHandler.invoke(LocatingElementHandler.java:52)
at jdk.proxy2/jdk.proxy2.$Proxy32.sendKeys(Unknown Source)
at cucumber.framework.page.jcadmin.JCAdminAboutPage.fotoTrainer(JCAdminAboutPage.java:115)
at cucumber.framework.runner.jcadmin.Cnico.JCAdminAboutAddTrainerNegativeImpl.ab008n_admin_memasukkan_foto_dan_nama_trainer_input_jabatan500_karakter(JCAdminAboutAddTrainerNegativeImpl.java:225)
at ?.AB008N Admin memasukkan foto dan nama trainer input jabatan500 karakter(file:///C:/Users/NEXSOFT/git/INTEGRATION-BOIM-NICO-NISA/INTEGRATION-BOIM-NICO-NISA/src/main/resources/jcadmin/nico/005About002AddTrainerNegative.feature:47)
]]>
    </error>
  </testcase> <!-- runScenario -->
  <system-out/>
  <testcase classname="cucumber.framework.runner.jcadmin.JCAdminRunnerKolektif" name="runScenario" time="13.565">
    <error message="element not interactable
  (Session info: chrome=105.0.5195.127)
Build info: version: &#039;4.4.0&#039;, revision: &#039;e5c75ed026a&#039;
System info: host: &#039;DESKTOP-8OTT66F&#039;, ip: &#039;192.168.0.11&#039;, os.name: &#039;Windows 10&#039;, os.arch: &#039;amd64&#039;, os.version: &#039;10.0&#039;, java.version: &#039;17.0.4.1&#039;
Driver info: org.openqa.selenium.chrome.ChromeDriver
Command: [b91b9cc2b751a4292dcc5c13c338190c, sendKeysToElement {id=c41bf8c6-d7fc-4301-a9ce-441b0d241101, value=[Ljava.lang.CharSequence;@520739bc}]
Capabilities {acceptInsecureCerts: false, browserName: chrome, browserVersion: 105.0.5195.127, chrome: {chromedriverVersion: 105.0.5195.52 (412c95e51883..., userDataDir: C:\Users\NEXSOFT\AppData\Lo...}, goog:chromeOptions: {debuggerAddress: localhost:51677}, networkConnectionEnabled: false, pageLoadStrategy: normal, platformName: WINDOWS, proxy: Proxy(), se:cdp: ws://localhost:51677/devtoo..., se:cdpVersion: 105.0.5195.127, setWindowRect: true, strictFileInteractability: false, timeouts: {implicit: 0, pageLoad: 300000, script: 30000}, unhandledPromptBehavior: dismiss and notify, webauthn:extension:credBlob: true, webauthn:extension:largeBlob: true, webauthn:virtualAuthenticators: true}
Element: [[ChromeDriver: chrome on WINDOWS (b91b9cc2b751a4292dcc5c13c338190c)] -&gt; xpath: //input[@id=&#039;judul&#039;]]
Session ID: b91b9cc2b751a4292dcc5c13c338190c" type="org.openqa.selenium.ElementNotInteractableException">
      <![CDATA[org.openqa.selenium.ElementNotInteractableException: element not interactable
  (Session info: chrome=105.0.5195.127)
Build info: version: '4.4.0', revision: 'e5c75ed026a'
System info: host: 'DESKTOP-8OTT66F', ip: '192.168.0.11', os.name: 'Windows 10', os.arch: 'amd64', os.version: '10.0', java.version: '17.0.4.1'
Driver info: org.openqa.selenium.chrome.ChromeDriver
Command: [b91b9cc2b751a4292dcc5c13c338190c, sendKeysToElement {id=c41bf8c6-d7fc-4301-a9ce-441b0d241101, value=[Ljava.lang.CharSequence;@520739bc}]
Capabilities {acceptInsecureCerts: false, browserName: chrome, browserVersion: 105.0.5195.127, chrome: {chromedriverVersion: 105.0.5195.52 (412c95e51883..., userDataDir: C:\Users\NEXSOFT\AppData\Lo...}, goog:chromeOptions: {debuggerAddress: localhost:51677}, networkConnectionEnabled: false, pageLoadStrategy: normal, platformName: WINDOWS, proxy: Proxy(), se:cdp: ws://localhost:51677/devtoo..., se:cdpVersion: 105.0.5195.127, setWindowRect: true, strictFileInteractability: false, timeouts: {implicit: 0, pageLoad: 300000, script: 30000}, unhandledPromptBehavior: dismiss and notify, webauthn:extension:credBlob: true, webauthn:extension:largeBlob: true, webauthn:virtualAuthenticators: true}
Element: [[ChromeDriver: chrome on WINDOWS (b91b9cc2b751a4292dcc5c13c338190c)] -> xpath: //input[@id='judul']]
Session ID: b91b9cc2b751a4292dcc5c13c338190c
at java.base/jdk.internal.reflect.NativeConstructorAccessorImpl.newInstance0(Native Method)
at java.base/jdk.internal.reflect.NativeConstructorAccessorImpl.newInstance(NativeConstructorAccessorImpl.java:77)
at java.base/jdk.internal.reflect.DelegatingConstructorAccessorImpl.newInstance(DelegatingConstructorAccessorImpl.java:45)
at java.base/java.lang.reflect.Constructor.newInstanceWithCaller(Constructor.java:499)
at java.base/java.lang.reflect.Constructor.newInstance(Constructor.java:480)
at org.openqa.selenium.remote.codec.w3c.W3CHttpResponseCodec.createException(W3CHttpResponseCodec.java:200)
at org.openqa.selenium.remote.codec.w3c.W3CHttpResponseCodec.decode(W3CHttpResponseCodec.java:133)
at org.openqa.selenium.remote.codec.w3c.W3CHttpResponseCodec.decode(W3CHttpResponseCodec.java:53)
at org.openqa.selenium.remote.HttpCommandExecutor.execute(HttpCommandExecutor.java:184)
at org.openqa.selenium.remote.service.DriverCommandExecutor.invokeExecute(DriverCommandExecutor.java:167)
at org.openqa.selenium.remote.service.DriverCommandExecutor.execute(DriverCommandExecutor.java:142)
at org.openqa.selenium.remote.RemoteWebDriver.execute(RemoteWebDriver.java:547)
at org.openqa.selenium.remote.RemoteWebElement.execute(RemoteWebElement.java:257)
at org.openqa.selenium.remote.RemoteWebElement.sendKeys(RemoteWebElement.java:113)
at jdk.internal.reflect.GeneratedMethodAccessor128.invoke(Unknown Source)
at java.base/jdk.internal.reflect.DelegatingMethodAccessorImpl.invoke(DelegatingMethodAccessorImpl.java:43)
at java.base/java.lang.reflect.Method.invoke(Method.java:568)
at org.openqa.selenium.support.pagefactory.internal.LocatingElementHandler.invoke(LocatingElementHandler.java:52)
at jdk.proxy2/jdk.proxy2.$Proxy32.sendKeys(Unknown Source)
at cucumber.framework.page.jcadmin.JCAdminBlogPage.editJudulBlog(JCAdminBlogPage.java:198)
at cucumber.framework.runner.jcadmin.Cnico.JCAdminBlogFindAndEditNegativeImpl.bl002n_admin_mengubah_judul_blog_edit_judul(JCAdminBlogFindAndEditNegativeImpl.java:79)
at ?.BL002N Admin mengubah judul blog edit judul(file:///C:/Users/NEXSOFT/git/INTEGRATION-BOIM-NICO-NISA/INTEGRATION-BOIM-NICO-NISA/src/main/resources/jcadmin/nico/006Blog005FindAndEditBlogNegative.feature:17)
]]>
    </error>
  </testcase> <!-- runScenario -->
  <system-out/>
  <testcase classname="cucumber.framework.runner.jcadmin.JCAdminRunnerKolektif" name="runScenario" time="11.676">
    <error message="invalid argument: File not found : C:\Users\NEXSOFT\git\INTEGRATION-BOIM-NICO-NISA\INTEGRATION-BOIM-NICO-NISA\src\main\resources\gambarnisa\dev.png
  (Session info: chrome=105.0.5195.127)
Build info: version: &#039;4.4.0&#039;, revision: &#039;e5c75ed026a&#039;
System info: host: &#039;DESKTOP-8OTT66F&#039;, ip: &#039;192.168.0.11&#039;, os.name: &#039;Windows 10&#039;, os.arch: &#039;amd64&#039;, os.version: &#039;10.0&#039;, java.version: &#039;17.0.4.1&#039;
Driver info: org.openqa.selenium.chrome.ChromeDriver
Command: [b91b9cc2b751a4292dcc5c13c338190c, sendKeysToElement {id=e6c63f1e-a8db-4885-8f62-8c7b90a0150a, value=[Ljava.lang.CharSequence;@58e22835}]
Capabilities {acceptInsecureCerts: false, browserName: chrome, browserVersion: 105.0.5195.127, chrome: {chromedriverVersion: 105.0.5195.52 (412c95e51883..., userDataDir: C:\Users\NEXSOFT\AppData\Lo...}, goog:chromeOptions: {debuggerAddress: localhost:51677}, networkConnectionEnabled: false, pageLoadStrategy: normal, platformName: WINDOWS, proxy: Proxy(), se:cdp: ws://localhost:51677/devtoo..., se:cdpVersion: 105.0.5195.127, setWindowRect: true, strictFileInteractability: false, timeouts: {implicit: 0, pageLoad: 300000, script: 30000}, unhandledPromptBehavior: dismiss and notify, webauthn:extension:credBlob: true, webauthn:extension:largeBlob: true, webauthn:virtualAuthenticators: true}
Element: [[ChromeDriver: chrome on WINDOWS (b91b9cc2b751a4292dcc5c13c338190c)] -&gt; xpath: //input[@name=&#039;uploadedFile&#039;]]
Session ID: b91b9cc2b751a4292dcc5c13c338190c" type="org.openqa.selenium.InvalidArgumentException">
      <![CDATA[org.openqa.selenium.InvalidArgumentException: invalid argument: File not found : C:\Users\NEXSOFT\git\INTEGRATION-BOIM-NICO-NISA\INTEGRATION-BOIM-NICO-NISA\src\main\resources\gambarnisa\dev.png
  (Session info: chrome=105.0.5195.127)
Build info: version: '4.4.0', revision: 'e5c75ed026a'
System info: host: 'DESKTOP-8OTT66F', ip: '192.168.0.11', os.name: 'Windows 10', os.arch: 'amd64', os.version: '10.0', java.version: '17.0.4.1'
Driver info: org.openqa.selenium.chrome.ChromeDriver
Command: [b91b9cc2b751a4292dcc5c13c338190c, sendKeysToElement {id=e6c63f1e-a8db-4885-8f62-8c7b90a0150a, value=[Ljava.lang.CharSequence;@58e22835}]
Capabilities {acceptInsecureCerts: false, browserName: chrome, browserVersion: 105.0.5195.127, chrome: {chromedriverVersion: 105.0.5195.52 (412c95e51883..., userDataDir: C:\Users\NEXSOFT\AppData\Lo...}, goog:chromeOptions: {debuggerAddress: localhost:51677}, networkConnectionEnabled: false, pageLoadStrategy: normal, platformName: WINDOWS, proxy: Proxy(), se:cdp: ws://localhost:51677/devtoo..., se:cdpVersion: 105.0.5195.127, setWindowRect: true, strictFileInteractability: false, timeouts: {implicit: 0, pageLoad: 300000, script: 30000}, unhandledPromptBehavior: dismiss and notify, webauthn:extension:credBlob: true, webauthn:extension:largeBlob: true, webauthn:virtualAuthenticators: true}
Element: [[ChromeDriver: chrome on WINDOWS (b91b9cc2b751a4292dcc5c13c338190c)] -> xpath: //input[@name='uploadedFile']]
Session ID: b91b9cc2b751a4292dcc5c13c338190c
at jdk.internal.reflect.GeneratedConstructorAccessor29.newInstance(Unknown Source)
at java.base/jdk.internal.reflect.DelegatingConstructorAccessorImpl.newInstance(DelegatingConstructorAccessorImpl.java:45)
at java.base/java.lang.reflect.Constructor.newInstanceWithCaller(Constructor.java:499)
at java.base/java.lang.reflect.Constructor.newInstance(Constructor.java:480)
at org.openqa.selenium.remote.codec.w3c.W3CHttpResponseCodec.createException(W3CHttpResponseCodec.java:200)
at org.openqa.selenium.remote.codec.w3c.W3CHttpResponseCodec.decode(W3CHttpResponseCodec.java:133)
at org.openqa.selenium.remote.codec.w3c.W3CHttpResponseCodec.decode(W3CHttpResponseCodec.java:53)
at org.openqa.selenium.remote.HttpCommandExecutor.execute(HttpCommandExecutor.java:184)
at org.openqa.selenium.remote.service.DriverCommandExecutor.invokeExecute(DriverCommandExecutor.java:167)
at org.openqa.selenium.remote.service.DriverCommandExecutor.execute(DriverCommandExecutor.java:142)
at org.openqa.selenium.remote.RemoteWebDriver.execute(RemoteWebDriver.java:547)
at org.openqa.selenium.remote.RemoteWebElement.execute(RemoteWebElement.java:257)
at org.openqa.selenium.remote.RemoteWebElement.sendKeys(RemoteWebElement.java:113)
at jdk.internal.reflect.GeneratedMethodAccessor128.invoke(Unknown Source)
at java.base/jdk.internal.reflect.DelegatingMethodAccessorImpl.invoke(DelegatingMethodAccessorImpl.java:43)
at java.base/java.lang.reflect.Method.invoke(Method.java:568)
at org.openqa.selenium.support.pagefactory.internal.LocatingElementHandler.invoke(LocatingElementHandler.java:52)
at jdk.proxy2/jdk.proxy2.$Proxy32.sendKeys(Unknown Source)
at cucumber.framework.page.jcadmin.JCAdminTestimonial.uploadFile(JCAdminTestimonial.java:302)
at cucumber.framework.page.jcadmin.JCAdminTestimonial.tambahDataTestimonialNegNoActiveNama(JCAdminTestimonial.java:430)
at cucumber.framework.runner.jcadmin.Anisa.JCTambahNegatifTestimonialImpl.admin_isi_negative_data_tambah_dengan_rating_angka_rating_no_active_nama_char(JCTambahNegatifTestimonialImpl.java:194)
at ?.TE046N Admin isi negative data tambah dengan rating 3 no active nama char(file:///C:/Users/NEXSOFT/git/INTEGRATION-BOIM-NICO-NISA/INTEGRATION-BOIM-NICO-NISA/src/main/resources/jcadmin/anisa/002Testimonial002TambahNegatif.feature:105)
]]>
    </error>
  </testcase> <!-- runScenario -->
  <system-out/>
  <testcase classname="cucumber.framework.runner.jcadmin.JCAdminRunnerKolektif" name="runScenario" time="13.246"/>
  <system-out/>
  <testcase classname="cucumber.framework.runner.jcadmin.JCAdminRunnerKolektif" name="runScenario" time="8.847">
    <error message="invalid argument: File not found : C:\Users\NEXSOFT\git\INTEGRATION-BOIM-NICO-NISA\INTEGRATION-BOIM-NICO-NISA\src\main\resources\gambarnisa\dev.png
  (Session info: chrome=105.0.5195.127)
Build info: version: &#039;4.4.0&#039;, revision: &#039;e5c75ed026a&#039;
System info: host: &#039;DESKTOP-8OTT66F&#039;, ip: &#039;192.168.0.11&#039;, os.name: &#039;Windows 10&#039;, os.arch: &#039;amd64&#039;, os.version: &#039;10.0&#039;, java.version: &#039;17.0.4.1&#039;
Driver info: org.openqa.selenium.chrome.ChromeDriver
Command: [b91b9cc2b751a4292dcc5c13c338190c, sendKeysToElement {id=3d36ad60-a6b5-4415-b90e-84ea30411ea5, value=[Ljava.lang.CharSequence;@18cdacd}]
Capabilities {acceptInsecureCerts: false, browserName: chrome, browserVersion: 105.0.5195.127, chrome: {chromedriverVersion: 105.0.5195.52 (412c95e51883..., userDataDir: C:\Users\NEXSOFT\AppData\Lo...}, goog:chromeOptions: {debuggerAddress: localhost:51677}, networkConnectionEnabled: false, pageLoadStrategy: normal, platformName: WINDOWS, proxy: Proxy(), se:cdp: ws://localhost:51677/devtoo..., se:cdpVersion: 105.0.5195.127, setWindowRect: true, strictFileInteractability: false, timeouts: {implicit: 0, pageLoad: 300000, script: 30000}, unhandledPromptBehavior: dismiss and notify, webauthn:extension:credBlob: true, webauthn:extension:largeBlob: true, webauthn:virtualAuthenticators: true}
Element: [[ChromeDriver: chrome on WINDOWS (b91b9cc2b751a4292dcc5c13c338190c)] -&gt; xpath: //input[@name=&#039;uploadedFile&#039;]]
Session ID: b91b9cc2b751a4292dcc5c13c338190c" type="org.openqa.selenium.InvalidArgumentException">
      <![CDATA[org.openqa.selenium.InvalidArgumentException: invalid argument: File not found : C:\Users\NEXSOFT\git\INTEGRATION-BOIM-NICO-NISA\INTEGRATION-BOIM-NICO-NISA\src\main\resources\gambarnisa\dev.png
  (Session info: chrome=105.0.5195.127)
Build info: version: '4.4.0', revision: 'e5c75ed026a'
System info: host: 'DESKTOP-8OTT66F', ip: '192.168.0.11', os.name: 'Windows 10', os.arch: 'amd64', os.version: '10.0', java.version: '17.0.4.1'
Driver info: org.openqa.selenium.chrome.ChromeDriver
Command: [b91b9cc2b751a4292dcc5c13c338190c, sendKeysToElement {id=3d36ad60-a6b5-4415-b90e-84ea30411ea5, value=[Ljava.lang.CharSequence;@18cdacd}]
Capabilities {acceptInsecureCerts: false, browserName: chrome, browserVersion: 105.0.5195.127, chrome: {chromedriverVersion: 105.0.5195.52 (412c95e51883..., userDataDir: C:\Users\NEXSOFT\AppData\Lo...}, goog:chromeOptions: {debuggerAddress: localhost:51677}, networkConnectionEnabled: false, pageLoadStrategy: normal, platformName: WINDOWS, proxy: Proxy(), se:cdp: ws://localhost:51677/devtoo..., se:cdpVersion: 105.0.5195.127, setWindowRect: true, strictFileInteractability: false, timeouts: {implicit: 0, pageLoad: 300000, script: 30000}, unhandledPromptBehavior: dismiss and notify, webauthn:extension:credBlob: true, webauthn:extension:largeBlob: true, webauthn:virtualAuthenticators: true}
Element: [[ChromeDriver: chrome on WINDOWS (b91b9cc2b751a4292dcc5c13c338190c)] -> xpath: //input[@name='uploadedFile']]
Session ID: b91b9cc2b751a4292dcc5c13c338190c
at java.base/jdk.internal.reflect.NativeConstructorAccessorImpl.newInstance0(Native Method)
at java.base/jdk.internal.reflect.NativeConstructorAccessorImpl.newInstance(NativeConstructorAccessorImpl.java:77)
at java.base/jdk.internal.reflect.DelegatingConstructorAccessorImpl.newInstance(DelegatingConstructorAccessorImpl.java:45)
at java.base/java.lang.reflect.Constructor.newInstanceWithCaller(Constructor.java:499)
at java.base/java.lang.reflect.Constructor.newInstance(Constructor.java:480)
at org.openqa.selenium.remote.codec.w3c.W3CHttpResponseCodec.createException(W3CHttpResponseCodec.java:200)
at org.openqa.selenium.remote.codec.w3c.W3CHttpResponseCodec.decode(W3CHttpResponseCodec.java:133)
at org.openqa.selenium.remote.codec.w3c.W3CHttpResponseCodec.decode(W3CHttpResponseCodec.java:53)
at org.openqa.selenium.remote.HttpCommandExecutor.execute(HttpCommandExecutor.java:184)
at org.openqa.selenium.remote.service.DriverCommandExecutor.invokeExecute(DriverCommandExecutor.java:167)
at org.openqa.selenium.remote.service.DriverCommandExecutor.execute(DriverCommandExecutor.java:142)
at org.openqa.selenium.remote.RemoteWebDriver.execute(RemoteWebDriver.java:547)
at org.openqa.selenium.remote.RemoteWebElement.execute(RemoteWebElement.java:257)
at org.openqa.selenium.remote.RemoteWebElement.sendKeys(RemoteWebElement.java:113)
at jdk.internal.reflect.GeneratedMethodAccessor128.invoke(Unknown Source)
at java.base/jdk.internal.reflect.DelegatingMethodAccessorImpl.invoke(DelegatingMethodAccessorImpl.java:43)
at java.base/java.lang.reflect.Method.invoke(Method.java:568)
at org.openqa.selenium.support.pagefactory.internal.LocatingElementHandler.invoke(LocatingElementHandler.java:52)
at jdk.proxy2/jdk.proxy2.$Proxy32.sendKeys(Unknown Source)
at cucumber.framework.page.jcadmin.JCAdminTestimonial.uploadFile(JCAdminTestimonial.java:302)
at cucumber.framework.page.jcadmin.JCAdminTestimonial.tambahDataTestimonialNegativeNoActive(JCAdminTestimonial.java:328)
at cucumber.framework.runner.jcadmin.Anisa.JCTambahNegatifTestimonialImpl.admin_mengisi_form_tambah_negative_dengan_rating_angka_rating_publish_no_active(JCTambahNegatifTestimonialImpl.java:72)
at ?.TE009N Admin mengisi form tambah negative dengan rating 2 publish no active(file:///C:/Users/NEXSOFT/git/INTEGRATION-BOIM-NICO-NISA/INTEGRATION-BOIM-NICO-NISA/src/main/resources/jcadmin/anisa/002Testimonial002TambahNegatif.feature:21)
]]>
    </error>
  </testcase> <!-- runScenario -->
  <system-out/>
  <testcase classname="cucumber.framework.runner.jcadmin.JCAdminRunnerKolektif" name="runScenario" time="23.268"/>
  <system-out/>
  <testcase classname="cucumber.framework.runner.jcadmin.JCAdminRunnerKolektif" name="runScenario" time="22.250"/>
  <system-out/>
  <testcase classname="cucumber.framework.runner.jcadmin.JCAdminRunnerKolektif" name="runScenario" time="23.051"/>
  <system-out/>
  <testcase classname="cucumber.framework.runner.jcadmin.JCAdminRunnerKolektif" name="runScenario" time="13.313"/>
  <system-out/>
  <testcase classname="cucumber.framework.runner.jcadmin.JCAdminRunnerKolektif" name="runScenario" time="12.502"/>
  <system-out/>
  <testcase classname="cucumber.framework.runner.jcadmin.JCAdminRunnerKolektif" name="runScenario" time="13.372"/>
  <system-out/>
  <testcase classname="cucumber.framework.runner.jcadmin.JCAdminRunnerKolektif" name="runScenario" time="8.996">
    <error message="invalid argument: File not found : C:\Users\NEXSOFT\git\INTEGRATION-BOIM-NICO-NISA\INTEGRATION-BOIM-NICO-NISA\src\main\resources\gambarnisa\jerome.jpeg
  (Session info: chrome=105.0.5195.127)
Build info: version: &#039;4.4.0&#039;, revision: &#039;e5c75ed026a&#039;
System info: host: &#039;DESKTOP-8OTT66F&#039;, ip: &#039;192.168.0.11&#039;, os.name: &#039;Windows 10&#039;, os.arch: &#039;amd64&#039;, os.version: &#039;10.0&#039;, java.version: &#039;17.0.4.1&#039;
Driver info: org.openqa.selenium.chrome.ChromeDriver
Command: [b91b9cc2b751a4292dcc5c13c338190c, sendKeysToElement {id=b08a6579-5954-4d09-8be2-f98df69f7ad4, value=[Ljava.lang.CharSequence;@4918f4ad}]
Capabilities {acceptInsecureCerts: false, browserName: chrome, browserVersion: 105.0.5195.127, chrome: {chromedriverVersion: 105.0.5195.52 (412c95e51883..., userDataDir: C:\Users\NEXSOFT\AppData\Lo...}, goog:chromeOptions: {debuggerAddress: localhost:51677}, networkConnectionEnabled: false, pageLoadStrategy: normal, platformName: WINDOWS, proxy: Proxy(), se:cdp: ws://localhost:51677/devtoo..., se:cdpVersion: 105.0.5195.127, setWindowRect: true, strictFileInteractability: false, timeouts: {implicit: 0, pageLoad: 300000, script: 30000}, unhandledPromptBehavior: dismiss and notify, webauthn:extension:credBlob: true, webauthn:extension:largeBlob: true, webauthn:virtualAuthenticators: true}
Element: [[ChromeDriver: chrome on WINDOWS (b91b9cc2b751a4292dcc5c13c338190c)] -&gt; xpath: //input[@name=&#039;uploadedFile&#039;]]
Session ID: b91b9cc2b751a4292dcc5c13c338190c" type="org.openqa.selenium.InvalidArgumentException">
      <![CDATA[org.openqa.selenium.InvalidArgumentException: invalid argument: File not found : C:\Users\NEXSOFT\git\INTEGRATION-BOIM-NICO-NISA\INTEGRATION-BOIM-NICO-NISA\src\main\resources\gambarnisa\jerome.jpeg
  (Session info: chrome=105.0.5195.127)
Build info: version: '4.4.0', revision: 'e5c75ed026a'
System info: host: 'DESKTOP-8OTT66F', ip: '192.168.0.11', os.name: 'Windows 10', os.arch: 'amd64', os.version: '10.0', java.version: '17.0.4.1'
Driver info: org.openqa.selenium.chrome.ChromeDriver
Command: [b91b9cc2b751a4292dcc5c13c338190c, sendKeysToElement {id=b08a6579-5954-4d09-8be2-f98df69f7ad4, value=[Ljava.lang.CharSequence;@4918f4ad}]
Capabilities {acceptInsecureCerts: false, browserName: chrome, browserVersion: 105.0.5195.127, chrome: {chromedriverVersion: 105.0.5195.52 (412c95e51883..., userDataDir: C:\Users\NEXSOFT\AppData\Lo...}, goog:chromeOptions: {debuggerAddress: localhost:51677}, networkConnectionEnabled: false, pageLoadStrategy: normal, platformName: WINDOWS, proxy: Proxy(), se:cdp: ws://localhost:51677/devtoo..., se:cdpVersion: 105.0.5195.127, setWindowRect: true, strictFileInteractability: false, timeouts: {implicit: 0, pageLoad: 300000, script: 30000}, unhandledPromptBehavior: dismiss and notify, webauthn:extension:credBlob: true, webauthn:extension:largeBlob: true, webauthn:virtualAuthenticators: true}
Element: [[ChromeDriver: chrome on WINDOWS (b91b9cc2b751a4292dcc5c13c338190c)] -> xpath: //input[@name='uploadedFile']]
Session ID: b91b9cc2b751a4292dcc5c13c338190c
at jdk.internal.reflect.GeneratedConstructorAccessor29.newInstance(Unknown Source)
at java.base/jdk.internal.reflect.DelegatingConstructorAccessorImpl.newInstance(DelegatingConstructorAccessorImpl.java:45)
at java.base/java.lang.reflect.Constructor.newInstanceWithCaller(Constructor.java:499)
at java.base/java.lang.reflect.Constructor.newInstance(Constructor.java:480)
at org.openqa.selenium.remote.codec.w3c.W3CHttpResponseCodec.createException(W3CHttpResponseCodec.java:200)
at org.openqa.selenium.remote.codec.w3c.W3CHttpResponseCodec.decode(W3CHttpResponseCodec.java:133)
at org.openqa.selenium.remote.codec.w3c.W3CHttpResponseCodec.decode(W3CHttpResponseCodec.java:53)
at org.openqa.selenium.remote.HttpCommandExecutor.execute(HttpCommandExecutor.java:184)
at org.openqa.selenium.remote.service.DriverCommandExecutor.invokeExecute(DriverCommandExecutor.java:167)
at org.openqa.selenium.remote.service.DriverCommandExecutor.execute(DriverCommandExecutor.java:142)
at org.openqa.selenium.remote.RemoteWebDriver.execute(RemoteWebDriver.java:547)
at org.openqa.selenium.remote.RemoteWebElement.execute(RemoteWebElement.java:257)
at org.openqa.selenium.remote.RemoteWebElement.sendKeys(RemoteWebElement.java:113)
at jdk.internal.reflect.GeneratedMethodAccessor128.invoke(Unknown Source)
at java.base/jdk.internal.reflect.DelegatingMethodAccessorImpl.invoke(DelegatingMethodAccessorImpl.java:43)
at java.base/java.lang.reflect.Method.invoke(Method.java:568)
at org.openqa.selenium.support.pagefactory.internal.LocatingElementHandler.invoke(LocatingElementHandler.java:52)
at jdk.proxy2/jdk.proxy2.$Proxy32.sendKeys(Unknown Source)
at cucumber.framework.page.jcadmin.JCAdminTestimonial.uploadFile(JCAdminTestimonial.java:302)
at cucumber.framework.page.jcadmin.JCAdminTestimonial.tambahDataTestimonialNegActiveNama(JCAdminTestimonial.java:412)
at cucumber.framework.runner.jcadmin.Anisa.JCTambahNegatifTestimonialImpl.admin_isi_negative_tambah_dengan_rating_angka_rating_active_nama_kecuali(JCTambahNegatifTestimonialImpl.java:174)
at ?.TE037N Admin isi negative tambah dengan rating 0 active nama kecuali(file:///C:/Users/NEXSOFT/git/INTEGRATION-BOIM-NICO-NISA/INTEGRATION-BOIM-NICO-NISA/src/main/resources/jcadmin/anisa/002Testimonial002TambahNegatif.feature:91)
]]>
    </error>
  </testcase> <!-- runScenario -->
  <system-out/>
  <testcase classname="cucumber.framework.runner.jcadmin.JCAdminRunnerKolektif" name="runScenario" time="13.358"/>
  <system-out/>
  <testcase classname="cucumber.framework.runner.jcadmin.JCAdminRunnerKolektif" name="runScenario" time="9.734">
    <error message="invalid argument: File not found : C:\Users\NEXSOFT\git\INTEGRATION-BOIM-NICO-NISA\INTEGRATION-BOIM-NICO-NISA\src\main\resources\gambarnisa\jerome.jpeg
  (Session info: chrome=105.0.5195.127)
Build info: version: &#039;4.4.0&#039;, revision: &#039;e5c75ed026a&#039;
System info: host: &#039;DESKTOP-8OTT66F&#039;, ip: &#039;192.168.0.11&#039;, os.name: &#039;Windows 10&#039;, os.arch: &#039;amd64&#039;, os.version: &#039;10.0&#039;, java.version: &#039;17.0.4.1&#039;
Driver info: org.openqa.selenium.chrome.ChromeDriver
Command: [b91b9cc2b751a4292dcc5c13c338190c, sendKeysToElement {id=3f70a216-c085-4056-a49e-f9892e38bb9e, value=[Ljava.lang.CharSequence;@42a4b97}]
Capabilities {acceptInsecureCerts: false, browserName: chrome, browserVersion: 105.0.5195.127, chrome: {chromedriverVersion: 105.0.5195.52 (412c95e51883..., userDataDir: C:\Users\NEXSOFT\AppData\Lo...}, goog:chromeOptions: {debuggerAddress: localhost:51677}, networkConnectionEnabled: false, pageLoadStrategy: normal, platformName: WINDOWS, proxy: Proxy(), se:cdp: ws://localhost:51677/devtoo..., se:cdpVersion: 105.0.5195.127, setWindowRect: true, strictFileInteractability: false, timeouts: {implicit: 0, pageLoad: 300000, script: 30000}, unhandledPromptBehavior: dismiss and notify, webauthn:extension:credBlob: true, webauthn:extension:largeBlob: true, webauthn:virtualAuthenticators: true}
Element: [[ChromeDriver: chrome on WINDOWS (b91b9cc2b751a4292dcc5c13c338190c)] -&gt; xpath: //input[@name=&#039;uploadedFile&#039;]]
Session ID: b91b9cc2b751a4292dcc5c13c338190c" type="org.openqa.selenium.InvalidArgumentException">
      <![CDATA[org.openqa.selenium.InvalidArgumentException: invalid argument: File not found : C:\Users\NEXSOFT\git\INTEGRATION-BOIM-NICO-NISA\INTEGRATION-BOIM-NICO-NISA\src\main\resources\gambarnisa\jerome.jpeg
  (Session info: chrome=105.0.5195.127)
Build info: version: '4.4.0', revision: 'e5c75ed026a'
System info: host: 'DESKTOP-8OTT66F', ip: '192.168.0.11', os.name: 'Windows 10', os.arch: 'amd64', os.version: '10.0', java.version: '17.0.4.1'
Driver info: org.openqa.selenium.chrome.ChromeDriver
Command: [b91b9cc2b751a4292dcc5c13c338190c, sendKeysToElement {id=3f70a216-c085-4056-a49e-f9892e38bb9e, value=[Ljava.lang.CharSequence;@42a4b97}]
Capabilities {acceptInsecureCerts: false, browserName: chrome, browserVersion: 105.0.5195.127, chrome: {chromedriverVersion: 105.0.5195.52 (412c95e51883..., userDataDir: C:\Users\NEXSOFT\AppData\Lo...}, goog:chromeOptions: {debuggerAddress: localhost:51677}, networkConnectionEnabled: false, pageLoadStrategy: normal, platformName: WINDOWS, proxy: Proxy(), se:cdp: ws://localhost:51677/devtoo..., se:cdpVersion: 105.0.5195.127, setWindowRect: true, strictFileInteractability: false, timeouts: {implicit: 0, pageLoad: 300000, script: 30000}, unhandledPromptBehavior: dismiss and notify, webauthn:extension:credBlob: true, webauthn:extension:largeBlob: true, webauthn:virtualAuthenticators: true}
Element: [[ChromeDriver: chrome on WINDOWS (b91b9cc2b751a4292dcc5c13c338190c)] -> xpath: //input[@name='uploadedFile']]
Session ID: b91b9cc2b751a4292dcc5c13c338190c
at jdk.internal.reflect.GeneratedConstructorAccessor29.newInstance(Unknown Source)
at java.base/jdk.internal.reflect.DelegatingConstructorAccessorImpl.newInstance(DelegatingConstructorAccessorImpl.java:45)
at java.base/java.lang.reflect.Constructor.newInstanceWithCaller(Constructor.java:499)
at java.base/java.lang.reflect.Constructor.newInstance(Constructor.java:480)
at org.openqa.selenium.remote.codec.w3c.W3CHttpResponseCodec.createException(W3CHttpResponseCodec.java:200)
at org.openqa.selenium.remote.codec.w3c.W3CHttpResponseCodec.decode(W3CHttpResponseCodec.java:133)
at org.openqa.selenium.remote.codec.w3c.W3CHttpResponseCodec.decode(W3CHttpResponseCodec.java:53)
at org.openqa.selenium.remote.HttpCommandExecutor.execute(HttpCommandExecutor.java:184)
at org.openqa.selenium.remote.service.DriverCommandExecutor.invokeExecute(DriverCommandExecutor.java:167)
at org.openqa.selenium.remote.service.DriverCommandExecutor.execute(DriverCommandExecutor.java:142)
at org.openqa.selenium.remote.RemoteWebDriver.execute(RemoteWebDriver.java:547)
at org.openqa.selenium.remote.RemoteWebElement.execute(RemoteWebElement.java:257)
at org.openqa.selenium.remote.RemoteWebElement.sendKeys(RemoteWebElement.java:113)
at jdk.internal.reflect.GeneratedMethodAccessor128.invoke(Unknown Source)
at java.base/jdk.internal.reflect.DelegatingMethodAccessorImpl.invoke(DelegatingMethodAccessorImpl.java:43)
at java.base/java.lang.reflect.Method.invoke(Method.java:568)
at org.openqa.selenium.support.pagefactory.internal.LocatingElementHandler.invoke(LocatingElementHandler.java:52)
at jdk.proxy2/jdk.proxy2.$Proxy32.sendKeys(Unknown Source)
at cucumber.framework.page.jcadmin.JCAdminTestimonial.uploadFile(JCAdminTestimonial.java:302)
at cucumber.framework.page.jcadmin.JCAdminTestimonial.tambahDataTestimonialNegActiveNama(JCAdminTestimonial.java:412)
at cucumber.framework.runner.jcadmin.Anisa.JCTambahNegatifTestimonialImpl.admin_isi_negative_tambah_dengan_rating_angka_rating_active_nama_kecuali(JCTambahNegatifTestimonialImpl.java:174)
at ?.TE042N Admin isi negative tambah dengan rating 5 active nama kecuali(file:///C:/Users/NEXSOFT/git/INTEGRATION-BOIM-NICO-NISA/INTEGRATION-BOIM-NICO-NISA/src/main/resources/jcadmin/anisa/002Testimonial002TambahNegatif.feature:91)
]]>
    </error>
  </testcase> <!-- runScenario -->
  <system-out/>
  <testcase classname="cucumber.framework.runner.jcadmin.JCAdminRunnerKolektif" name="runScenario" time="15.852">
    <failure message="expected [No Active] but found [Active]" type="java.lang.AssertionError">
      <![CDATA[java.lang.AssertionError: expected [No Active] but found [Active]
at org.testng.Assert.fail(Assert.java:110)
at org.testng.Assert.failNotEquals(Assert.java:1413)
at org.testng.Assert.assertEqualsImpl(Assert.java:149)
at org.testng.Assert.assertEquals(Assert.java:131)
at org.testng.Assert.assertEquals(Assert.java:655)
at org.testng.Assert.assertEquals(Assert.java:665)
at cucumber.framework.runner.jcadmin.Cnico.JCAdminBlogFindAndEditNegativeImpl.kode_admin_menekan_tombol_simpan_edit_status_status_menjadi_ubah(JCAdminBlogFindAndEditNegativeImpl.java:118)
at ?.BL003N Admin menekan tombol simpan edit status publish Active menjadi No Active(file:///C:/Users/NEXSOFT/git/INTEGRATION-BOIM-NICO-NISA/INTEGRATION-BOIM-NICO-NISA/src/main/resources/jcadmin/nico/006Blog005FindAndEditBlogNegative.feature:23)
]]>
    </failure>
  </testcase> <!-- runScenario -->
  <system-out/>
  <testcase classname="cucumber.framework.runner.jcadmin.JCAdminRunnerKolektif" name="runScenario" time="26.381"/>
  <system-out/>
  <testcase classname="cucumber.framework.runner.jcadmin.JCAdminRunnerKolektif" name="runScenario" time="12.944"/>
  <system-out/>
  <testcase classname="cucumber.framework.runner.jcadmin.JCAdminRunnerKolektif" name="runScenario" time="9.505">
    <error message="invalid argument: File not found : C:\Users\NEXSOFT\git\INTEGRATION-BOIM-NICO-NISA\INTEGRATION-BOIM-NICO-NISA\src\main\resources\gambarnisa\jerome.jpeg
  (Session info: chrome=105.0.5195.127)
Build info: version: &#039;4.4.0&#039;, revision: &#039;e5c75ed026a&#039;
System info: host: &#039;DESKTOP-8OTT66F&#039;, ip: &#039;192.168.0.11&#039;, os.name: &#039;Windows 10&#039;, os.arch: &#039;amd64&#039;, os.version: &#039;10.0&#039;, java.version: &#039;17.0.4.1&#039;
Driver info: org.openqa.selenium.chrome.ChromeDriver
Command: [b91b9cc2b751a4292dcc5c13c338190c, sendKeysToElement {id=1493568d-a362-434f-99d5-429c527202d4, value=[Ljava.lang.CharSequence;@6818c0a6}]
Capabilities {acceptInsecureCerts: false, browserName: chrome, browserVersion: 105.0.5195.127, chrome: {chromedriverVersion: 105.0.5195.52 (412c95e51883..., userDataDir: C:\Users\NEXSOFT\AppData\Lo...}, goog:chromeOptions: {debuggerAddress: localhost:51677}, networkConnectionEnabled: false, pageLoadStrategy: normal, platformName: WINDOWS, proxy: Proxy(), se:cdp: ws://localhost:51677/devtoo..., se:cdpVersion: 105.0.5195.127, setWindowRect: true, strictFileInteractability: false, timeouts: {implicit: 0, pageLoad: 300000, script: 30000}, unhandledPromptBehavior: dismiss and notify, webauthn:extension:credBlob: true, webauthn:extension:largeBlob: true, webauthn:virtualAuthenticators: true}
Element: [[ChromeDriver: chrome on WINDOWS (b91b9cc2b751a4292dcc5c13c338190c)] -&gt; xpath: //input[@name=&#039;uploadedFile&#039;]]
Session ID: b91b9cc2b751a4292dcc5c13c338190c" type="org.openqa.selenium.InvalidArgumentException">
      <![CDATA[org.openqa.selenium.InvalidArgumentException: invalid argument: File not found : C:\Users\NEXSOFT\git\INTEGRATION-BOIM-NICO-NISA\INTEGRATION-BOIM-NICO-NISA\src\main\resources\gambarnisa\jerome.jpeg
  (Session info: chrome=105.0.5195.127)
Build info: version: '4.4.0', revision: 'e5c75ed026a'
System info: host: 'DESKTOP-8OTT66F', ip: '192.168.0.11', os.name: 'Windows 10', os.arch: 'amd64', os.version: '10.0', java.version: '17.0.4.1'
Driver info: org.openqa.selenium.chrome.ChromeDriver
Command: [b91b9cc2b751a4292dcc5c13c338190c, sendKeysToElement {id=1493568d-a362-434f-99d5-429c527202d4, value=[Ljava.lang.CharSequence;@6818c0a6}]
Capabilities {acceptInsecureCerts: false, browserName: chrome, browserVersion: 105.0.5195.127, chrome: {chromedriverVersion: 105.0.5195.52 (412c95e51883..., userDataDir: C:\Users\NEXSOFT\AppData\Lo...}, goog:chromeOptions: {debuggerAddress: localhost:51677}, networkConnectionEnabled: false, pageLoadStrategy: normal, platformName: WINDOWS, proxy: Proxy(), se:cdp: ws://localhost:51677/devtoo..., se:cdpVersion: 105.0.5195.127, setWindowRect: true, strictFileInteractability: false, timeouts: {implicit: 0, pageLoad: 300000, script: 30000}, unhandledPromptBehavior: dismiss and notify, webauthn:extension:credBlob: true, webauthn:extension:largeBlob: true, webauthn:virtualAuthenticators: true}
Element: [[ChromeDriver: chrome on WINDOWS (b91b9cc2b751a4292dcc5c13c338190c)] -> xpath: //input[@name='uploadedFile']]
Session ID: b91b9cc2b751a4292dcc5c13c338190c
at java.base/jdk.internal.reflect.NativeConstructorAccessorImpl.newInstance0(Native Method)
at java.base/jdk.internal.reflect.NativeConstructorAccessorImpl.newInstance(NativeConstructorAccessorImpl.java:77)
at java.base/jdk.internal.reflect.DelegatingConstructorAccessorImpl.newInstance(DelegatingConstructorAccessorImpl.java:45)
at java.base/java.lang.reflect.Constructor.newInstanceWithCaller(Constructor.java:499)
at java.base/java.lang.reflect.Constructor.newInstance(Constructor.java:480)
at org.openqa.selenium.remote.codec.w3c.W3CHttpResponseCodec.createException(W3CHttpResponseCodec.java:200)
at org.openqa.selenium.remote.codec.w3c.W3CHttpResponseCodec.decode(W3CHttpResponseCodec.java:133)
at org.openqa.selenium.remote.codec.w3c.W3CHttpResponseCodec.decode(W3CHttpResponseCodec.java:53)
at org.openqa.selenium.remote.HttpCommandExecutor.execute(HttpCommandExecutor.java:184)
at org.openqa.selenium.remote.service.DriverCommandExecutor.invokeExecute(DriverCommandExecutor.java:167)
at org.openqa.selenium.remote.service.DriverCommandExecutor.execute(DriverCommandExecutor.java:142)
at org.openqa.selenium.remote.RemoteWebDriver.execute(RemoteWebDriver.java:547)
at org.openqa.selenium.remote.RemoteWebElement.execute(RemoteWebElement.java:257)
at org.openqa.selenium.remote.RemoteWebElement.sendKeys(RemoteWebElement.java:113)
at jdk.internal.reflect.GeneratedMethodAccessor128.invoke(Unknown Source)
at java.base/jdk.internal.reflect.DelegatingMethodAccessorImpl.invoke(DelegatingMethodAccessorImpl.java:43)
at java.base/java.lang.reflect.Method.invoke(Method.java:568)
at org.openqa.selenium.support.pagefactory.internal.LocatingElementHandler.invoke(LocatingElementHandler.java:52)
at jdk.proxy2/jdk.proxy2.$Proxy32.sendKeys(Unknown Source)
at cucumber.framework.page.jcadmin.JCAdminTestimonial.uploadFile(JCAdminTestimonial.java:302)
at cucumber.framework.page.jcadmin.JCAdminTestimonial.tambahDataTestimonialNegativeActiveIsi(JCAdminTestimonial.java:344)
at cucumber.framework.runner.jcadmin.Anisa.JCTambahNegatifTestimonialImpl.admin_isi_form_negative_dengan_rating_angka_rating_active_kosong_isi(JCTambahNegatifTestimonialImpl.java:92)
at ?.TE013N Admin isi form negative dengan rating 0 active kosong isi(file:///C:/Users/NEXSOFT/git/INTEGRATION-BOIM-NICO-NISA/INTEGRATION-BOIM-NICO-NISA/src/main/resources/jcadmin/anisa/002Testimonial002TambahNegatif.feature:35)
]]>
    </error>
  </testcase> <!-- runScenario -->
  <system-out/>
  <testcase classname="cucumber.framework.runner.jcadmin.JCAdminRunnerKolektif" name="runScenario" time="7.499"/>
  <system-out/>
  <testcase classname="cucumber.framework.runner.jcadmin.JCAdminRunnerKolektif" name="runScenario" time="8.887">
    <error message="invalid argument: File not found : C:\Users\NEXSOFT\git\INTEGRATION-BOIM-NICO-NISA\INTEGRATION-BOIM-NICO-NISA\src\main\resources\gambarnisa\jerome.jpeg
  (Session info: chrome=105.0.5195.127)
Build info: version: &#039;4.4.0&#039;, revision: &#039;e5c75ed026a&#039;
System info: host: &#039;DESKTOP-8OTT66F&#039;, ip: &#039;192.168.0.11&#039;, os.name: &#039;Windows 10&#039;, os.arch: &#039;amd64&#039;, os.version: &#039;10.0&#039;, java.version: &#039;17.0.4.1&#039;
Driver info: org.openqa.selenium.chrome.ChromeDriver
Command: [b91b9cc2b751a4292dcc5c13c338190c, sendKeysToElement {id=ecd3c3b9-23df-4b81-874e-0f94f090b697, value=[Ljava.lang.CharSequence;@330f3046}]
Capabilities {acceptInsecureCerts: false, browserName: chrome, browserVersion: 105.0.5195.127, chrome: {chromedriverVersion: 105.0.5195.52 (412c95e51883..., userDataDir: C:\Users\NEXSOFT\AppData\Lo...}, goog:chromeOptions: {debuggerAddress: localhost:51677}, networkConnectionEnabled: false, pageLoadStrategy: normal, platformName: WINDOWS, proxy: Proxy(), se:cdp: ws://localhost:51677/devtoo..., se:cdpVersion: 105.0.5195.127, setWindowRect: true, strictFileInteractability: false, timeouts: {implicit: 0, pageLoad: 300000, script: 30000}, unhandledPromptBehavior: dismiss and notify, webauthn:extension:credBlob: true, webauthn:extension:largeBlob: true, webauthn:virtualAuthenticators: true}
Element: [[ChromeDriver: chrome on WINDOWS (b91b9cc2b751a4292dcc5c13c338190c)] -&gt; xpath: //input[@name=&#039;uploadedFile&#039;]]
Session ID: b91b9cc2b751a4292dcc5c13c338190c" type="org.openqa.selenium.InvalidArgumentException">
      <![CDATA[org.openqa.selenium.InvalidArgumentException: invalid argument: File not found : C:\Users\NEXSOFT\git\INTEGRATION-BOIM-NICO-NISA\INTEGRATION-BOIM-NICO-NISA\src\main\resources\gambarnisa\jerome.jpeg
  (Session info: chrome=105.0.5195.127)
Build info: version: '4.4.0', revision: 'e5c75ed026a'
System info: host: 'DESKTOP-8OTT66F', ip: '192.168.0.11', os.name: 'Windows 10', os.arch: 'amd64', os.version: '10.0', java.version: '17.0.4.1'
Driver info: org.openqa.selenium.chrome.ChromeDriver
Command: [b91b9cc2b751a4292dcc5c13c338190c, sendKeysToElement {id=ecd3c3b9-23df-4b81-874e-0f94f090b697, value=[Ljava.lang.CharSequence;@330f3046}]
Capabilities {acceptInsecureCerts: false, browserName: chrome, browserVersion: 105.0.5195.127, chrome: {chromedriverVersion: 105.0.5195.52 (412c95e51883..., userDataDir: C:\Users\NEXSOFT\AppData\Lo...}, goog:chromeOptions: {debuggerAddress: localhost:51677}, networkConnectionEnabled: false, pageLoadStrategy: normal, platformName: WINDOWS, proxy: Proxy(), se:cdp: ws://localhost:51677/devtoo..., se:cdpVersion: 105.0.5195.127, setWindowRect: true, strictFileInteractability: false, timeouts: {implicit: 0, pageLoad: 300000, script: 30000}, unhandledPromptBehavior: dismiss and notify, webauthn:extension:credBlob: true, webauthn:extension:largeBlob: true, webauthn:virtualAuthenticators: true}
Element: [[ChromeDriver: chrome on WINDOWS (b91b9cc2b751a4292dcc5c13c338190c)] -> xpath: //input[@name='uploadedFile']]
Session ID: b91b9cc2b751a4292dcc5c13c338190c
at java.base/jdk.internal.reflect.NativeConstructorAccessorImpl.newInstance0(Native Method)
at java.base/jdk.internal.reflect.NativeConstructorAccessorImpl.newInstance(NativeConstructorAccessorImpl.java:77)
at java.base/jdk.internal.reflect.DelegatingConstructorAccessorImpl.newInstance(DelegatingConstructorAccessorImpl.java:45)
at java.base/java.lang.reflect.Constructor.newInstanceWithCaller(Constructor.java:499)
at java.base/java.lang.reflect.Constructor.newInstance(Constructor.java:480)
at org.openqa.selenium.remote.codec.w3c.W3CHttpResponseCodec.createException(W3CHttpResponseCodec.java:200)
at org.openqa.selenium.remote.codec.w3c.W3CHttpResponseCodec.decode(W3CHttpResponseCodec.java:133)
at org.openqa.selenium.remote.codec.w3c.W3CHttpResponseCodec.decode(W3CHttpResponseCodec.java:53)
at org.openqa.selenium.remote.HttpCommandExecutor.execute(HttpCommandExecutor.java:184)
at org.openqa.selenium.remote.service.DriverCommandExecutor.invokeExecute(DriverCommandExecutor.java:167)
at org.openqa.selenium.remote.service.DriverCommandExecutor.execute(DriverCommandExecutor.java:142)
at org.openqa.selenium.remote.RemoteWebDriver.execute(RemoteWebDriver.java:547)
at org.openqa.selenium.remote.RemoteWebElement.execute(RemoteWebElement.java:257)
at org.openqa.selenium.remote.RemoteWebElement.sendKeys(RemoteWebElement.java:113)
at jdk.internal.reflect.GeneratedMethodAccessor128.invoke(Unknown Source)
at java.base/jdk.internal.reflect.DelegatingMethodAccessorImpl.invoke(DelegatingMethodAccessorImpl.java:43)
at java.base/java.lang.reflect.Method.invoke(Method.java:568)
at org.openqa.selenium.support.pagefactory.internal.LocatingElementHandler.invoke(LocatingElementHandler.java:52)
at jdk.proxy2/jdk.proxy2.$Proxy32.sendKeys(Unknown Source)
at cucumber.framework.page.jcadmin.JCAdminTestimonial.uploadFile(JCAdminTestimonial.java:302)
at cucumber.framework.page.jcadmin.JCAdminTestimonial.tambahDataTestimonialNegativeActive(JCAdminTestimonial.java:312)
at cucumber.framework.runner.jcadmin.Anisa.JCTambahNegatifTestimonialImpl.admin_mengisi_form_negative_dengan_rating_angka_rating_active(JCTambahNegatifTestimonialImpl.java:50)
at ?.TE002N Admin mengisi form negative dengan rating 1 active(file:///C:/Users/NEXSOFT/git/INTEGRATION-BOIM-NICO-NISA/INTEGRATION-BOIM-NICO-NISA/src/main/resources/jcadmin/anisa/002Testimonial002TambahNegatif.feature:7)
]]>
    </error>
  </testcase> <!-- runScenario -->
  <system-out/>
  <testcase classname="cucumber.framework.runner.jcadmin.JCAdminRunnerKolektif" name="runScenario" time="26.015"/>
  <system-out/>
  <testcase classname="cucumber.framework.runner.jcadmin.JCAdminRunnerKolektif" name="runScenario" time="32.665"/>
  <system-out/>
  <testcase classname="cucumber.framework.runner.jcadmin.JCAdminRunnerKolektif" name="runScenario" time="13.492"/>
  <system-out/>
  <testcase classname="cucumber.framework.runner.jcadmin.JCAdminRunnerKolektif" name="runScenario" time="10.363">
    <error message="invalid argument: File not found : C:\Users\NEXSOFT\Desktop\Test TA\error-wait.GIF
  (Session info: chrome=105.0.5195.127)
Build info: version: &#039;4.4.0&#039;, revision: &#039;e5c75ed026a&#039;
System info: host: &#039;DESKTOP-8OTT66F&#039;, ip: &#039;192.168.0.11&#039;, os.name: &#039;Windows 10&#039;, os.arch: &#039;amd64&#039;, os.version: &#039;10.0&#039;, java.version: &#039;17.0.4.1&#039;
Driver info: org.openqa.selenium.chrome.ChromeDriver
Command: [b91b9cc2b751a4292dcc5c13c338190c, sendKeysToElement {id=f5d8cc98-43c8-47e9-9bd2-e3a1272e1a5b, value=[Ljava.lang.CharSequence;@4978de82}]
Capabilities {acceptInsecureCerts: false, browserName: chrome, browserVersion: 105.0.5195.127, chrome: {chromedriverVersion: 105.0.5195.52 (412c95e51883..., userDataDir: C:\Users\NEXSOFT\AppData\Lo...}, goog:chromeOptions: {debuggerAddress: localhost:51677}, networkConnectionEnabled: false, pageLoadStrategy: normal, platformName: WINDOWS, proxy: Proxy(), se:cdp: ws://localhost:51677/devtoo..., se:cdpVersion: 105.0.5195.127, setWindowRect: true, strictFileInteractability: false, timeouts: {implicit: 0, pageLoad: 300000, script: 30000}, unhandledPromptBehavior: dismiss and notify, webauthn:extension:credBlob: true, webauthn:extension:largeBlob: true, webauthn:virtualAuthenticators: true}
Element: [[ChromeDriver: chrome on WINDOWS (b91b9cc2b751a4292dcc5c13c338190c)] -&gt; name: uploadedFile]
Session ID: b91b9cc2b751a4292dcc5c13c338190c" type="org.openqa.selenium.InvalidArgumentException">
      <![CDATA[org.openqa.selenium.InvalidArgumentException: invalid argument: File not found : C:\Users\NEXSOFT\Desktop\Test TA\error-wait.GIF
  (Session info: chrome=105.0.5195.127)
Build info: version: '4.4.0', revision: 'e5c75ed026a'
System info: host: 'DESKTOP-8OTT66F', ip: '192.168.0.11', os.name: 'Windows 10', os.arch: 'amd64', os.version: '10.0', java.version: '17.0.4.1'
Driver info: org.openqa.selenium.chrome.ChromeDriver
Command: [b91b9cc2b751a4292dcc5c13c338190c, sendKeysToElement {id=f5d8cc98-43c8-47e9-9bd2-e3a1272e1a5b, value=[Ljava.lang.CharSequence;@4978de82}]
Capabilities {acceptInsecureCerts: false, browserName: chrome, browserVersion: 105.0.5195.127, chrome: {chromedriverVersion: 105.0.5195.52 (412c95e51883..., userDataDir: C:\Users\NEXSOFT\AppData\Lo...}, goog:chromeOptions: {debuggerAddress: localhost:51677}, networkConnectionEnabled: false, pageLoadStrategy: normal, platformName: WINDOWS, proxy: Proxy(), se:cdp: ws://localhost:51677/devtoo..., se:cdpVersion: 105.0.5195.127, setWindowRect: true, strictFileInteractability: false, timeouts: {implicit: 0, pageLoad: 300000, script: 30000}, unhandledPromptBehavior: dismiss and notify, webauthn:extension:credBlob: true, webauthn:extension:largeBlob: true, webauthn:virtualAuthenticators: true}
Element: [[ChromeDriver: chrome on WINDOWS (b91b9cc2b751a4292dcc5c13c338190c)] -> name: uploadedFile]
Session ID: b91b9cc2b751a4292dcc5c13c338190c
at jdk.internal.reflect.GeneratedConstructorAccessor29.newInstance(Unknown Source)
at java.base/jdk.internal.reflect.DelegatingConstructorAccessorImpl.newInstance(DelegatingConstructorAccessorImpl.java:45)
at java.base/java.lang.reflect.Constructor.newInstanceWithCaller(Constructor.java:499)
at java.base/java.lang.reflect.Constructor.newInstance(Constructor.java:480)
at org.openqa.selenium.remote.codec.w3c.W3CHttpResponseCodec.createException(W3CHttpResponseCodec.java:200)
at org.openqa.selenium.remote.codec.w3c.W3CHttpResponseCodec.decode(W3CHttpResponseCodec.java:133)
at org.openqa.selenium.remote.codec.w3c.W3CHttpResponseCodec.decode(W3CHttpResponseCodec.java:53)
at org.openqa.selenium.remote.HttpCommandExecutor.execute(HttpCommandExecutor.java:184)
at org.openqa.selenium.remote.service.DriverCommandExecutor.invokeExecute(DriverCommandExecutor.java:167)
at org.openqa.selenium.remote.service.DriverCommandExecutor.execute(DriverCommandExecutor.java:142)
at org.openqa.selenium.remote.RemoteWebDriver.execute(RemoteWebDriver.java:547)
at org.openqa.selenium.remote.RemoteWebElement.execute(RemoteWebElement.java:257)
at org.openqa.selenium.remote.RemoteWebElement.sendKeys(RemoteWebElement.java:113)
at jdk.internal.reflect.GeneratedMethodAccessor128.invoke(Unknown Source)
at java.base/jdk.internal.reflect.DelegatingMethodAccessorImpl.invoke(DelegatingMethodAccessorImpl.java:43)
at java.base/java.lang.reflect.Method.invoke(Method.java:568)
at org.openqa.selenium.support.pagefactory.internal.LocatingElementHandler.invoke(LocatingElementHandler.java:52)
at jdk.proxy2/jdk.proxy2.$Proxy32.sendKeys(Unknown Source)
at cucumber.framework.page.jcadmin.JCAdminAboutPage.fotoTrainer(JCAdminAboutPage.java:115)
at cucumber.framework.runner.jcadmin.Cnico.JCAdminAboutAddTrainerNegativeImpl.ab005n_admin_memasukkan_foto_dan_nama_trainer_invalid_input_jabatan(JCAdminAboutAddTrainerNegativeImpl.java:112)
at ?.AB005N Admin memasukkan foto dan nama trainer invalid input jabatan(file:///C:/Users/NEXSOFT/git/INTEGRATION-BOIM-NICO-NISA/INTEGRATION-BOIM-NICO-NISA/src/main/resources/jcadmin/nico/005About002AddTrainerNegative.feature:26)
]]>
    </error>
  </testcase> <!-- runScenario -->
  <system-out/>
  <testcase classname="cucumber.framework.runner.jcadmin.JCAdminRunnerKolektif" name="runScenario" time="13.229">
    <error message="invalid argument: File not found : C:\Users\NEXSOFT\git\INTEGRATION-BOIM-NICO-NISA\INTEGRATION-BOIM-NICO-NISA\src\main\resources\gambarnisa\jerome.jpeg
  (Session info: chrome=105.0.5195.127)
Build info: version: &#039;4.4.0&#039;, revision: &#039;e5c75ed026a&#039;
System info: host: &#039;DESKTOP-8OTT66F&#039;, ip: &#039;192.168.0.11&#039;, os.name: &#039;Windows 10&#039;, os.arch: &#039;amd64&#039;, os.version: &#039;10.0&#039;, java.version: &#039;17.0.4.1&#039;
Driver info: org.openqa.selenium.chrome.ChromeDriver
Command: [b91b9cc2b751a4292dcc5c13c338190c, sendKeysToElement {id=98b45d0f-a1f7-471a-9905-8ffef3ef924f, value=[Ljava.lang.CharSequence;@41aa99fc}]
Capabilities {acceptInsecureCerts: false, browserName: chrome, browserVersion: 105.0.5195.127, chrome: {chromedriverVersion: 105.0.5195.52 (412c95e51883..., userDataDir: C:\Users\NEXSOFT\AppData\Lo...}, goog:chromeOptions: {debuggerAddress: localhost:51677}, networkConnectionEnabled: false, pageLoadStrategy: normal, platformName: WINDOWS, proxy: Proxy(), se:cdp: ws://localhost:51677/devtoo..., se:cdpVersion: 105.0.5195.127, setWindowRect: true, strictFileInteractability: false, timeouts: {implicit: 0, pageLoad: 300000, script: 30000}, unhandledPromptBehavior: dismiss and notify, webauthn:extension:credBlob: true, webauthn:extension:largeBlob: true, webauthn:virtualAuthenticators: true}
Element: [[ChromeDriver: chrome on WINDOWS (b91b9cc2b751a4292dcc5c13c338190c)] -&gt; xpath: //input[@name=&#039;uploadedFile&#039;]]
Session ID: b91b9cc2b751a4292dcc5c13c338190c" type="org.openqa.selenium.InvalidArgumentException">
      <![CDATA[org.openqa.selenium.InvalidArgumentException: invalid argument: File not found : C:\Users\NEXSOFT\git\INTEGRATION-BOIM-NICO-NISA\INTEGRATION-BOIM-NICO-NISA\src\main\resources\gambarnisa\jerome.jpeg
  (Session info: chrome=105.0.5195.127)
Build info: version: '4.4.0', revision: 'e5c75ed026a'
System info: host: 'DESKTOP-8OTT66F', ip: '192.168.0.11', os.name: 'Windows 10', os.arch: 'amd64', os.version: '10.0', java.version: '17.0.4.1'
Driver info: org.openqa.selenium.chrome.ChromeDriver
Command: [b91b9cc2b751a4292dcc5c13c338190c, sendKeysToElement {id=98b45d0f-a1f7-471a-9905-8ffef3ef924f, value=[Ljava.lang.CharSequence;@41aa99fc}]
Capabilities {acceptInsecureCerts: false, browserName: chrome, browserVersion: 105.0.5195.127, chrome: {chromedriverVersion: 105.0.5195.52 (412c95e51883..., userDataDir: C:\Users\NEXSOFT\AppData\Lo...}, goog:chromeOptions: {debuggerAddress: localhost:51677}, networkConnectionEnabled: false, pageLoadStrategy: normal, platformName: WINDOWS, proxy: Proxy(), se:cdp: ws://localhost:51677/devtoo..., se:cdpVersion: 105.0.5195.127, setWindowRect: true, strictFileInteractability: false, timeouts: {implicit: 0, pageLoad: 300000, script: 30000}, unhandledPromptBehavior: dismiss and notify, webauthn:extension:credBlob: true, webauthn:extension:largeBlob: true, webauthn:virtualAuthenticators: true}
Element: [[ChromeDriver: chrome on WINDOWS (b91b9cc2b751a4292dcc5c13c338190c)] -> xpath: //input[@name='uploadedFile']]
Session ID: b91b9cc2b751a4292dcc5c13c338190c
at java.base/jdk.internal.reflect.NativeConstructorAccessorImpl.newInstance0(Native Method)
at java.base/jdk.internal.reflect.NativeConstructorAccessorImpl.newInstance(NativeConstructorAccessorImpl.java:77)
at java.base/jdk.internal.reflect.DelegatingConstructorAccessorImpl.newInstance(DelegatingConstructorAccessorImpl.java:45)
at java.base/java.lang.reflect.Constructor.newInstanceWithCaller(Constructor.java:499)
at java.base/java.lang.reflect.Constructor.newInstance(Constructor.java:480)
at org.openqa.selenium.remote.codec.w3c.W3CHttpResponseCodec.createException(W3CHttpResponseCodec.java:200)
at org.openqa.selenium.remote.codec.w3c.W3CHttpResponseCodec.decode(W3CHttpResponseCodec.java:133)
at org.openqa.selenium.remote.codec.w3c.W3CHttpResponseCodec.decode(W3CHttpResponseCodec.java:53)
at org.openqa.selenium.remote.HttpCommandExecutor.execute(HttpCommandExecutor.java:184)
at org.openqa.selenium.remote.service.DriverCommandExecutor.invokeExecute(DriverCommandExecutor.java:167)
at org.openqa.selenium.remote.service.DriverCommandExecutor.execute(DriverCommandExecutor.java:142)
at org.openqa.selenium.remote.RemoteWebDriver.execute(RemoteWebDriver.java:547)
at org.openqa.selenium.remote.RemoteWebElement.execute(RemoteWebElement.java:257)
at org.openqa.selenium.remote.RemoteWebElement.sendKeys(RemoteWebElement.java:113)
at jdk.internal.reflect.GeneratedMethodAccessor128.invoke(Unknown Source)
at java.base/jdk.internal.reflect.DelegatingMethodAccessorImpl.invoke(DelegatingMethodAccessorImpl.java:43)
at java.base/java.lang.reflect.Method.invoke(Method.java:568)
at org.openqa.selenium.support.pagefactory.internal.LocatingElementHandler.invoke(LocatingElementHandler.java:52)
at jdk.proxy2/jdk.proxy2.$Proxy32.sendKeys(Unknown Source)
at cucumber.framework.page.jcadmin.JCAdminTestimonial.uploadFile(JCAdminTestimonial.java:302)
at cucumber.framework.page.jcadmin.JCAdminTestimonial.tambahDataTestimonialNegativeActiveIsi(JCAdminTestimonial.java:344)
at cucumber.framework.runner.jcadmin.Anisa.JCTambahNegatifTestimonialImpl.admin_isi_form_negative_dengan_rating_angka_rating_active_kosong_isi(JCTambahNegatifTestimonialImpl.java:92)
at ?.TE016N Admin isi form negative dengan rating 3 active kosong isi(file:///C:/Users/NEXSOFT/git/INTEGRATION-BOIM-NICO-NISA/INTEGRATION-BOIM-NICO-NISA/src/main/resources/jcadmin/anisa/002Testimonial002TambahNegatif.feature:35)
]]>
    </error>
  </testcase> <!-- runScenario -->
  <system-out/>
  <testcase classname="cucumber.framework.runner.jcadmin.JCAdminRunnerKolektif" name="runScenario" time="9.178"/>
  <system-out/>
  <testcase classname="cucumber.framework.runner.jcadmin.JCAdminRunnerKolektif" name="runScenario" time="8.876">
    <error message="invalid argument: File not found : C:\Users\NEXSOFT\git\INTEGRATION-BOIM-NICO-NISA\INTEGRATION-BOIM-NICO-NISA\src\main\resources\gambarnisa\dev.png
  (Session info: chrome=105.0.5195.127)
Build info: version: &#039;4.4.0&#039;, revision: &#039;e5c75ed026a&#039;
System info: host: &#039;DESKTOP-8OTT66F&#039;, ip: &#039;192.168.0.11&#039;, os.name: &#039;Windows 10&#039;, os.arch: &#039;amd64&#039;, os.version: &#039;10.0&#039;, java.version: &#039;17.0.4.1&#039;
Driver info: org.openqa.selenium.chrome.ChromeDriver
Command: [b91b9cc2b751a4292dcc5c13c338190c, sendKeysToElement {id=10f7013e-f84c-4b7f-9d79-ff19ff113919, value=[Ljava.lang.CharSequence;@3610b408}]
Capabilities {acceptInsecureCerts: false, browserName: chrome, browserVersion: 105.0.5195.127, chrome: {chromedriverVersion: 105.0.5195.52 (412c95e51883..., userDataDir: C:\Users\NEXSOFT\AppData\Lo...}, goog:chromeOptions: {debuggerAddress: localhost:51677}, networkConnectionEnabled: false, pageLoadStrategy: normal, platformName: WINDOWS, proxy: Proxy(), se:cdp: ws://localhost:51677/devtoo..., se:cdpVersion: 105.0.5195.127, setWindowRect: true, strictFileInteractability: false, timeouts: {implicit: 0, pageLoad: 300000, script: 30000}, unhandledPromptBehavior: dismiss and notify, webauthn:extension:credBlob: true, webauthn:extension:largeBlob: true, webauthn:virtualAuthenticators: true}
Element: [[ChromeDriver: chrome on WINDOWS (b91b9cc2b751a4292dcc5c13c338190c)] -&gt; xpath: //input[@name=&#039;uploadedFile&#039;]]
Session ID: b91b9cc2b751a4292dcc5c13c338190c" type="org.openqa.selenium.InvalidArgumentException">
      <![CDATA[org.openqa.selenium.InvalidArgumentException: invalid argument: File not found : C:\Users\NEXSOFT\git\INTEGRATION-BOIM-NICO-NISA\INTEGRATION-BOIM-NICO-NISA\src\main\resources\gambarnisa\dev.png
  (Session info: chrome=105.0.5195.127)
Build info: version: '4.4.0', revision: 'e5c75ed026a'
System info: host: 'DESKTOP-8OTT66F', ip: '192.168.0.11', os.name: 'Windows 10', os.arch: 'amd64', os.version: '10.0', java.version: '17.0.4.1'
Driver info: org.openqa.selenium.chrome.ChromeDriver
Command: [b91b9cc2b751a4292dcc5c13c338190c, sendKeysToElement {id=10f7013e-f84c-4b7f-9d79-ff19ff113919, value=[Ljava.lang.CharSequence;@3610b408}]
Capabilities {acceptInsecureCerts: false, browserName: chrome, browserVersion: 105.0.5195.127, chrome: {chromedriverVersion: 105.0.5195.52 (412c95e51883..., userDataDir: C:\Users\NEXSOFT\AppData\Lo...}, goog:chromeOptions: {debuggerAddress: localhost:51677}, networkConnectionEnabled: false, pageLoadStrategy: normal, platformName: WINDOWS, proxy: Proxy(), se:cdp: ws://localhost:51677/devtoo..., se:cdpVersion: 105.0.5195.127, setWindowRect: true, strictFileInteractability: false, timeouts: {implicit: 0, pageLoad: 300000, script: 30000}, unhandledPromptBehavior: dismiss and notify, webauthn:extension:credBlob: true, webauthn:extension:largeBlob: true, webauthn:virtualAuthenticators: true}
Element: [[ChromeDriver: chrome on WINDOWS (b91b9cc2b751a4292dcc5c13c338190c)] -> xpath: //input[@name='uploadedFile']]
Session ID: b91b9cc2b751a4292dcc5c13c338190c
at jdk.internal.reflect.GeneratedConstructorAccessor29.newInstance(Unknown Source)
at java.base/jdk.internal.reflect.DelegatingConstructorAccessorImpl.newInstance(DelegatingConstructorAccessorImpl.java:45)
at java.base/java.lang.reflect.Constructor.newInstanceWithCaller(Constructor.java:499)
at java.base/java.lang.reflect.Constructor.newInstance(Constructor.java:480)
at org.openqa.selenium.remote.codec.w3c.W3CHttpResponseCodec.createException(W3CHttpResponseCodec.java:200)
at org.openqa.selenium.remote.codec.w3c.W3CHttpResponseCodec.decode(W3CHttpResponseCodec.java:133)
at org.openqa.selenium.remote.codec.w3c.W3CHttpResponseCodec.decode(W3CHttpResponseCodec.java:53)
at org.openqa.selenium.remote.HttpCommandExecutor.execute(HttpCommandExecutor.java:184)
at org.openqa.selenium.remote.service.DriverCommandExecutor.invokeExecute(DriverCommandExecutor.java:167)
at org.openqa.selenium.remote.service.DriverCommandExecutor.execute(DriverCommandExecutor.java:142)
at org.openqa.selenium.remote.RemoteWebDriver.execute(RemoteWebDriver.java:547)
at org.openqa.selenium.remote.RemoteWebElement.execute(RemoteWebElement.java:257)
at org.openqa.selenium.remote.RemoteWebElement.sendKeys(RemoteWebElement.java:113)
at jdk.internal.reflect.GeneratedMethodAccessor128.invoke(Unknown Source)
at java.base/jdk.internal.reflect.DelegatingMethodAccessorImpl.invoke(DelegatingMethodAccessorImpl.java:43)
at java.base/java.lang.reflect.Method.invoke(Method.java:568)
at org.openqa.selenium.support.pagefactory.internal.LocatingElementHandler.invoke(LocatingElementHandler.java:52)
at jdk.proxy2/jdk.proxy2.$Proxy32.sendKeys(Unknown Source)
at cucumber.framework.page.jcadmin.JCAdminTestimonial.uploadFile(JCAdminTestimonial.java:302)
at cucumber.framework.page.jcadmin.JCAdminTestimonial.tambahDataTestimonialNegativeNoActiveChar(JCAdminTestimonial.java:394)
at cucumber.framework.runner.jcadmin.Anisa.JCTambahNegatifTestimonialImpl.admin_mengisi_form_dengan_rating_angka_rating_publish_no_active_karakter(JCTambahNegatifTestimonialImpl.java:154)
at ?.TE034N Admin mengisi form dengan rating 3 publish no active karakter(file:///C:/Users/NEXSOFT/git/INTEGRATION-BOIM-NICO-NISA/INTEGRATION-BOIM-NICO-NISA/src/main/resources/jcadmin/anisa/002Testimonial002TambahNegatif.feature:77)
]]>
    </error>
  </testcase> <!-- runScenario -->
  <system-out/>
  <testcase classname="cucumber.framework.runner.jcadmin.JCAdminRunnerKolektif" name="runScenario" time="11.779"/>
  <system-out/>
  <testcase classname="cucumber.framework.runner.jcadmin.JCAdminRunnerKolektif" name="runScenario" time="26.022"/>
  <system-out/>
  <testcase classname="cucumber.framework.runner.jcadmin.JCAdminRunnerKolektif" name="runScenario" time="13.917"/>
  <system-out/>
  <testcase classname="cucumber.framework.runner.jcadmin.JCAdminRunnerKolektif" name="runScenario" time="16.102">
    <failure message="expected [pilih] but found [Active]" type="java.lang.AssertionError">
      <![CDATA[java.lang.AssertionError: expected [pilih] but found [Active]
at org.testng.Assert.fail(Assert.java:110)
at org.testng.Assert.failNotEquals(Assert.java:1413)
at org.testng.Assert.assertEqualsImpl(Assert.java:149)
at org.testng.Assert.assertEquals(Assert.java:131)
at org.testng.Assert.assertEquals(Assert.java:655)
at org.testng.Assert.assertEquals(Assert.java:665)
at cucumber.framework.runner.jcadmin.Cnico.JCAdminBlogFindAndEditNegativeImpl.kode_admin_menekan_tombol_simpan_edit_status_status_menjadi_ubah(JCAdminBlogFindAndEditNegativeImpl.java:118)
at ?.BL004N Admin menekan tombol simpan edit status publish Active menjadi pilih(file:///C:/Users/NEXSOFT/git/INTEGRATION-BOIM-NICO-NISA/INTEGRATION-BOIM-NICO-NISA/src/main/resources/jcadmin/nico/006Blog005FindAndEditBlogNegative.feature:23)
]]>
    </failure>
  </testcase> <!-- runScenario -->
  <system-out/>
  <testcase classname="cucumber.framework.runner.jcadmin.JCAdminRunnerKolektif" name="runScenario" time="13.149"/>
  <system-out/>
  <testcase classname="cucumber.framework.runner.jcadmin.JCAdminRunnerKolektif" name="runScenario" time="25.938"/>
  <system-out/>
  <testcase classname="cucumber.framework.runner.jcadmin.JCAdminRunnerKolektif" name="runScenario" time="8.866">
    <error message="invalid argument: File not found : C:\Users\NEXSOFT\git\INTEGRATION-BOIM-NICO-NISA\INTEGRATION-BOIM-NICO-NISA\src\main\resources\gambarnisa\dev.png
  (Session info: chrome=105.0.5195.127)
Build info: version: &#039;4.4.0&#039;, revision: &#039;e5c75ed026a&#039;
System info: host: &#039;DESKTOP-8OTT66F&#039;, ip: &#039;192.168.0.11&#039;, os.name: &#039;Windows 10&#039;, os.arch: &#039;amd64&#039;, os.version: &#039;10.0&#039;, java.version: &#039;17.0.4.1&#039;
Driver info: org.openqa.selenium.chrome.ChromeDriver
Command: [b91b9cc2b751a4292dcc5c13c338190c, sendKeysToElement {id=81c8be03-c2dd-479d-8b1f-ef8595e16a8e, value=[Ljava.lang.CharSequence;@77199818}]
Capabilities {acceptInsecureCerts: false, browserName: chrome, browserVersion: 105.0.5195.127, chrome: {chromedriverVersion: 105.0.5195.52 (412c95e51883..., userDataDir: C:\Users\NEXSOFT\AppData\Lo...}, goog:chromeOptions: {debuggerAddress: localhost:51677}, networkConnectionEnabled: false, pageLoadStrategy: normal, platformName: WINDOWS, proxy: Proxy(), se:cdp: ws://localhost:51677/devtoo..., se:cdpVersion: 105.0.5195.127, setWindowRect: true, strictFileInteractability: false, timeouts: {implicit: 0, pageLoad: 300000, script: 30000}, unhandledPromptBehavior: dismiss and notify, webauthn:extension:credBlob: true, webauthn:extension:largeBlob: true, webauthn:virtualAuthenticators: true}
Element: [[ChromeDriver: chrome on WINDOWS (b91b9cc2b751a4292dcc5c13c338190c)] -&gt; xpath: //input[@name=&#039;uploadedFile&#039;]]
Session ID: b91b9cc2b751a4292dcc5c13c338190c" type="org.openqa.selenium.InvalidArgumentException">
      <![CDATA[org.openqa.selenium.InvalidArgumentException: invalid argument: File not found : C:\Users\NEXSOFT\git\INTEGRATION-BOIM-NICO-NISA\INTEGRATION-BOIM-NICO-NISA\src\main\resources\gambarnisa\dev.png
  (Session info: chrome=105.0.5195.127)
Build info: version: '4.4.0', revision: 'e5c75ed026a'
System info: host: 'DESKTOP-8OTT66F', ip: '192.168.0.11', os.name: 'Windows 10', os.arch: 'amd64', os.version: '10.0', java.version: '17.0.4.1'
Driver info: org.openqa.selenium.chrome.ChromeDriver
Command: [b91b9cc2b751a4292dcc5c13c338190c, sendKeysToElement {id=81c8be03-c2dd-479d-8b1f-ef8595e16a8e, value=[Ljava.lang.CharSequence;@77199818}]
Capabilities {acceptInsecureCerts: false, browserName: chrome, browserVersion: 105.0.5195.127, chrome: {chromedriverVersion: 105.0.5195.52 (412c95e51883..., userDataDir: C:\Users\NEXSOFT\AppData\Lo...}, goog:chromeOptions: {debuggerAddress: localhost:51677}, networkConnectionEnabled: false, pageLoadStrategy: normal, platformName: WINDOWS, proxy: Proxy(), se:cdp: ws://localhost:51677/devtoo..., se:cdpVersion: 105.0.5195.127, setWindowRect: true, strictFileInteractability: false, timeouts: {implicit: 0, pageLoad: 300000, script: 30000}, unhandledPromptBehavior: dismiss and notify, webauthn:extension:credBlob: true, webauthn:extension:largeBlob: true, webauthn:virtualAuthenticators: true}
Element: [[ChromeDriver: chrome on WINDOWS (b91b9cc2b751a4292dcc5c13c338190c)] -> xpath: //input[@name='uploadedFile']]
Session ID: b91b9cc2b751a4292dcc5c13c338190c
at java.base/jdk.internal.reflect.NativeConstructorAccessorImpl.newInstance0(Native Method)
at java.base/jdk.internal.reflect.NativeConstructorAccessorImpl.newInstance(NativeConstructorAccessorImpl.java:77)
at java.base/jdk.internal.reflect.DelegatingConstructorAccessorImpl.newInstance(DelegatingConstructorAccessorImpl.java:45)
at java.base/java.lang.reflect.Constructor.newInstanceWithCaller(Constructor.java:499)
at java.base/java.lang.reflect.Constructor.newInstance(Constructor.java:480)
at org.openqa.selenium.remote.codec.w3c.W3CHttpResponseCodec.createException(W3CHttpResponseCodec.java:200)
at org.openqa.selenium.remote.codec.w3c.W3CHttpResponseCodec.decode(W3CHttpResponseCodec.java:133)
at org.openqa.selenium.remote.codec.w3c.W3CHttpResponseCodec.decode(W3CHttpResponseCodec.java:53)
at org.openqa.selenium.remote.HttpCommandExecutor.execute(HttpCommandExecutor.java:184)
at org.openqa.selenium.remote.service.DriverCommandExecutor.invokeExecute(DriverCommandExecutor.java:167)
at org.openqa.selenium.remote.service.DriverCommandExecutor.execute(DriverCommandExecutor.java:142)
at org.openqa.selenium.remote.RemoteWebDriver.execute(RemoteWebDriver.java:547)
at org.openqa.selenium.remote.RemoteWebElement.execute(RemoteWebElement.java:257)
at org.openqa.selenium.remote.RemoteWebElement.sendKeys(RemoteWebElement.java:113)
at jdk.internal.reflect.GeneratedMethodAccessor128.invoke(Unknown Source)
at java.base/jdk.internal.reflect.DelegatingMethodAccessorImpl.invoke(DelegatingMethodAccessorImpl.java:43)
at java.base/java.lang.reflect.Method.invoke(Method.java:568)
at org.openqa.selenium.support.pagefactory.internal.LocatingElementHandler.invoke(LocatingElementHandler.java:52)
at jdk.proxy2/jdk.proxy2.$Proxy32.sendKeys(Unknown Source)
at cucumber.framework.page.jcadmin.JCAdminTestimonial.uploadFile(JCAdminTestimonial.java:302)
at cucumber.framework.page.jcadmin.JCAdminTestimonial.tambahDataTestimonialNegativeNoActive(JCAdminTestimonial.java:328)
at cucumber.framework.runner.jcadmin.Anisa.JCTambahNegatifTestimonialImpl.admin_mengisi_form_tambah_negative_dengan_rating_angka_rating_publish_no_active(JCTambahNegatifTestimonialImpl.java:72)
at ?.TE012N Admin mengisi form tambah negative dengan rating 5 publish no active(file:///C:/Users/NEXSOFT/git/INTEGRATION-BOIM-NICO-NISA/INTEGRATION-BOIM-NICO-NISA/src/main/resources/jcadmin/anisa/002Testimonial002TambahNegatif.feature:21)
]]>
    </error>
  </testcase> <!-- runScenario -->
  <system-out/>
  <testcase classname="cucumber.framework.runner.jcadmin.JCAdminRunnerKolektif" name="runScenario" time="8.930">
    <error message="invalid argument: File not found : C:\Users\NEXSOFT\git\INTEGRATION-BOIM-NICO-NISA\INTEGRATION-BOIM-NICO-NISA\src\main\resources\gambarnisa\jerome.jpeg
  (Session info: chrome=105.0.5195.127)
Build info: version: &#039;4.4.0&#039;, revision: &#039;e5c75ed026a&#039;
System info: host: &#039;DESKTOP-8OTT66F&#039;, ip: &#039;192.168.0.11&#039;, os.name: &#039;Windows 10&#039;, os.arch: &#039;amd64&#039;, os.version: &#039;10.0&#039;, java.version: &#039;17.0.4.1&#039;
Driver info: org.openqa.selenium.chrome.ChromeDriver
Command: [b91b9cc2b751a4292dcc5c13c338190c, sendKeysToElement {id=586427c8-36aa-43fb-abbb-f81ace9b45ec, value=[Ljava.lang.CharSequence;@1485c961}]
Capabilities {acceptInsecureCerts: false, browserName: chrome, browserVersion: 105.0.5195.127, chrome: {chromedriverVersion: 105.0.5195.52 (412c95e51883..., userDataDir: C:\Users\NEXSOFT\AppData\Lo...}, goog:chromeOptions: {debuggerAddress: localhost:51677}, networkConnectionEnabled: false, pageLoadStrategy: normal, platformName: WINDOWS, proxy: Proxy(), se:cdp: ws://localhost:51677/devtoo..., se:cdpVersion: 105.0.5195.127, setWindowRect: true, strictFileInteractability: false, timeouts: {implicit: 0, pageLoad: 300000, script: 30000}, unhandledPromptBehavior: dismiss and notify, webauthn:extension:credBlob: true, webauthn:extension:largeBlob: true, webauthn:virtualAuthenticators: true}
Element: [[ChromeDriver: chrome on WINDOWS (b91b9cc2b751a4292dcc5c13c338190c)] -&gt; xpath: //input[@name=&#039;uploadedFile&#039;]]
Session ID: b91b9cc2b751a4292dcc5c13c338190c" type="org.openqa.selenium.InvalidArgumentException">
      <![CDATA[org.openqa.selenium.InvalidArgumentException: invalid argument: File not found : C:\Users\NEXSOFT\git\INTEGRATION-BOIM-NICO-NISA\INTEGRATION-BOIM-NICO-NISA\src\main\resources\gambarnisa\jerome.jpeg
  (Session info: chrome=105.0.5195.127)
Build info: version: '4.4.0', revision: 'e5c75ed026a'
System info: host: 'DESKTOP-8OTT66F', ip: '192.168.0.11', os.name: 'Windows 10', os.arch: 'amd64', os.version: '10.0', java.version: '17.0.4.1'
Driver info: org.openqa.selenium.chrome.ChromeDriver
Command: [b91b9cc2b751a4292dcc5c13c338190c, sendKeysToElement {id=586427c8-36aa-43fb-abbb-f81ace9b45ec, value=[Ljava.lang.CharSequence;@1485c961}]
Capabilities {acceptInsecureCerts: false, browserName: chrome, browserVersion: 105.0.5195.127, chrome: {chromedriverVersion: 105.0.5195.52 (412c95e51883..., userDataDir: C:\Users\NEXSOFT\AppData\Lo...}, goog:chromeOptions: {debuggerAddress: localhost:51677}, networkConnectionEnabled: false, pageLoadStrategy: normal, platformName: WINDOWS, proxy: Proxy(), se:cdp: ws://localhost:51677/devtoo..., se:cdpVersion: 105.0.5195.127, setWindowRect: true, strictFileInteractability: false, timeouts: {implicit: 0, pageLoad: 300000, script: 30000}, unhandledPromptBehavior: dismiss and notify, webauthn:extension:credBlob: true, webauthn:extension:largeBlob: true, webauthn:virtualAuthenticators: true}
Element: [[ChromeDriver: chrome on WINDOWS (b91b9cc2b751a4292dcc5c13c338190c)] -> xpath: //input[@name='uploadedFile']]
Session ID: b91b9cc2b751a4292dcc5c13c338190c
at jdk.internal.reflect.GeneratedConstructorAccessor29.newInstance(Unknown Source)
at java.base/jdk.internal.reflect.DelegatingConstructorAccessorImpl.newInstance(DelegatingConstructorAccessorImpl.java:45)
at java.base/java.lang.reflect.Constructor.newInstanceWithCaller(Constructor.java:499)
at java.base/java.lang.reflect.Constructor.newInstance(Constructor.java:480)
at org.openqa.selenium.remote.codec.w3c.W3CHttpResponseCodec.createException(W3CHttpResponseCodec.java:200)
at org.openqa.selenium.remote.codec.w3c.W3CHttpResponseCodec.decode(W3CHttpResponseCodec.java:133)
at org.openqa.selenium.remote.codec.w3c.W3CHttpResponseCodec.decode(W3CHttpResponseCodec.java:53)
at org.openqa.selenium.remote.HttpCommandExecutor.execute(HttpCommandExecutor.java:184)
at org.openqa.selenium.remote.service.DriverCommandExecutor.invokeExecute(DriverCommandExecutor.java:167)
at org.openqa.selenium.remote.service.DriverCommandExecutor.execute(DriverCommandExecutor.java:142)
at org.openqa.selenium.remote.RemoteWebDriver.execute(RemoteWebDriver.java:547)
at org.openqa.selenium.remote.RemoteWebElement.execute(RemoteWebElement.java:257)
at org.openqa.selenium.remote.RemoteWebElement.sendKeys(RemoteWebElement.java:113)
at jdk.internal.reflect.GeneratedMethodAccessor128.invoke(Unknown Source)
at java.base/jdk.internal.reflect.DelegatingMethodAccessorImpl.invoke(DelegatingMethodAccessorImpl.java:43)
at java.base/java.lang.reflect.Method.invoke(Method.java:568)
at org.openqa.selenium.support.pagefactory.internal.LocatingElementHandler.invoke(LocatingElementHandler.java:52)
at jdk.proxy2/jdk.proxy2.$Proxy32.sendKeys(Unknown Source)
at cucumber.framework.page.jcadmin.JCAdminTestimonial.uploadFile(JCAdminTestimonial.java:302)
at cucumber.framework.page.jcadmin.JCAdminTestimonial.tambahDataTestimonialNegActiveNama(JCAdminTestimonial.java:412)
at cucumber.framework.runner.jcadmin.Anisa.JCTambahNegatifTestimonialImpl.admin_isi_negative_tambah_dengan_rating_angka_rating_active_nama_kecuali(JCTambahNegatifTestimonialImpl.java:174)
at ?.TE041N Admin isi negative tambah dengan rating 4 active nama kecuali(file:///C:/Users/NEXSOFT/git/INTEGRATION-BOIM-NICO-NISA/INTEGRATION-BOIM-NICO-NISA/src/main/resources/jcadmin/anisa/002Testimonial002TambahNegatif.feature:91)
]]>
    </error>
  </testcase> <!-- runScenario -->
  <system-out/>
  <testcase classname="cucumber.framework.runner.jcadmin.JCAdminRunnerKolektif" name="runScenario" time="31.369">
    <failure message="expected [Cek Content Preview] but found [lsdkof sfp opkdfkpskfs kf seofkokeof okfokef osefokesf efokefpokfok &lt;&gt;]" type="java.lang.AssertionError">
      <![CDATA[java.lang.AssertionError: expected [Cek Content Preview] but found [lsdkof sfp opkdfkpskfs kf seofkokeof okfokef osefokesf efokefpokfok <>]
at org.testng.Assert.fail(Assert.java:110)
at org.testng.Assert.failNotEquals(Assert.java:1413)
at org.testng.Assert.assertEqualsImpl(Assert.java:149)
at org.testng.Assert.assertEquals(Assert.java:131)
at org.testng.Assert.assertEquals(Assert.java:655)
at org.testng.Assert.assertEquals(Assert.java:665)
at cucumber.framework.runner.jcadmin.Cnico.JCAdminBlogFindAndEditNegativeImpl.kode_admin_menekan_kotak_blog_untuk_validasi_case_bernilai_ubah(JCAdminBlogFindAndEditNegativeImpl.java:170)
at ?.BL009N Admin menekan kotak blog untuk validasi Content Preview bernilai Cek Content Preview(file:///C:/Users/NEXSOFT/git/INTEGRATION-BOIM-NICO-NISA/INTEGRATION-BOIM-NICO-NISA/src/main/resources/jcadmin/nico/006Blog005FindAndEditBlogNegative.feature:40)
]]>
    </failure>
  </testcase> <!-- runScenario -->
  <system-out/>
  <testcase classname="cucumber.framework.runner.jcadmin.JCAdminRunnerKolektif" name="runScenario" time="14.480"/>
  <system-out/>
  <testcase classname="cucumber.framework.runner.jcadmin.JCAdminRunnerKolektif" name="runScenario" time="11.162"/>
  <system-out/>
  <testcase classname="cucumber.framework.runner.jcadmin.JCAdminRunnerKolektif" name="runScenario" time="16.340"/>
  <system-out/>
  <testcase classname="cucumber.framework.runner.jcadmin.JCAdminRunnerKolektif" name="runScenario" time="29.822"/>
  <system-out/>
  <testcase classname="cucumber.framework.runner.jcadmin.JCAdminRunnerKolektif" name="runScenario" time="13.054">
    <error message="invalid argument: File not found : C:\Users\NEXSOFT\git\INTEGRATION-BOIM-NICO-NISA\INTEGRATION-BOIM-NICO-NISA\src\main\resources\gambarnisa\dev.png
  (Session info: chrome=105.0.5195.127)
Build info: version: &#039;4.4.0&#039;, revision: &#039;e5c75ed026a&#039;
System info: host: &#039;DESKTOP-8OTT66F&#039;, ip: &#039;192.168.0.11&#039;, os.name: &#039;Windows 10&#039;, os.arch: &#039;amd64&#039;, os.version: &#039;10.0&#039;, java.version: &#039;17.0.4.1&#039;
Driver info: org.openqa.selenium.chrome.ChromeDriver
Command: [b91b9cc2b751a4292dcc5c13c338190c, sendKeysToElement {id=1dbf8809-6cbd-4eb0-b45b-f5ac25df271f, value=[Ljava.lang.CharSequence;@76c6b12c}]
Capabilities {acceptInsecureCerts: false, browserName: chrome, browserVersion: 105.0.5195.127, chrome: {chromedriverVersion: 105.0.5195.52 (412c95e51883..., userDataDir: C:\Users\NEXSOFT\AppData\Lo...}, goog:chromeOptions: {debuggerAddress: localhost:51677}, networkConnectionEnabled: false, pageLoadStrategy: normal, platformName: WINDOWS, proxy: Proxy(), se:cdp: ws://localhost:51677/devtoo..., se:cdpVersion: 105.0.5195.127, setWindowRect: true, strictFileInteractability: false, timeouts: {implicit: 0, pageLoad: 300000, script: 30000}, unhandledPromptBehavior: dismiss and notify, webauthn:extension:credBlob: true, webauthn:extension:largeBlob: true, webauthn:virtualAuthenticators: true}
Element: [[ChromeDriver: chrome on WINDOWS (b91b9cc2b751a4292dcc5c13c338190c)] -&gt; xpath: //input[@name=&#039;uploadedFile&#039;]]
Session ID: b91b9cc2b751a4292dcc5c13c338190c" type="org.openqa.selenium.InvalidArgumentException">
      <![CDATA[org.openqa.selenium.InvalidArgumentException: invalid argument: File not found : C:\Users\NEXSOFT\git\INTEGRATION-BOIM-NICO-NISA\INTEGRATION-BOIM-NICO-NISA\src\main\resources\gambarnisa\dev.png
  (Session info: chrome=105.0.5195.127)
Build info: version: '4.4.0', revision: 'e5c75ed026a'
System info: host: 'DESKTOP-8OTT66F', ip: '192.168.0.11', os.name: 'Windows 10', os.arch: 'amd64', os.version: '10.0', java.version: '17.0.4.1'
Driver info: org.openqa.selenium.chrome.ChromeDriver
Command: [b91b9cc2b751a4292dcc5c13c338190c, sendKeysToElement {id=1dbf8809-6cbd-4eb0-b45b-f5ac25df271f, value=[Ljava.lang.CharSequence;@76c6b12c}]
Capabilities {acceptInsecureCerts: false, browserName: chrome, browserVersion: 105.0.5195.127, chrome: {chromedriverVersion: 105.0.5195.52 (412c95e51883..., userDataDir: C:\Users\NEXSOFT\AppData\Lo...}, goog:chromeOptions: {debuggerAddress: localhost:51677}, networkConnectionEnabled: false, pageLoadStrategy: normal, platformName: WINDOWS, proxy: Proxy(), se:cdp: ws://localhost:51677/devtoo..., se:cdpVersion: 105.0.5195.127, setWindowRect: true, strictFileInteractability: false, timeouts: {implicit: 0, pageLoad: 300000, script: 30000}, unhandledPromptBehavior: dismiss and notify, webauthn:extension:credBlob: true, webauthn:extension:largeBlob: true, webauthn:virtualAuthenticators: true}
Element: [[ChromeDriver: chrome on WINDOWS (b91b9cc2b751a4292dcc5c13c338190c)] -> xpath: //input[@name='uploadedFile']]
Session ID: b91b9cc2b751a4292dcc5c13c338190c
at java.base/jdk.internal.reflect.NativeConstructorAccessorImpl.newInstance0(Native Method)
at java.base/jdk.internal.reflect.NativeConstructorAccessorImpl.newInstance(NativeConstructorAccessorImpl.java:77)
at java.base/jdk.internal.reflect.DelegatingConstructorAccessorImpl.newInstance(DelegatingConstructorAccessorImpl.java:45)
at java.base/java.lang.reflect.Constructor.newInstanceWithCaller(Constructor.java:499)
at java.base/java.lang.reflect.Constructor.newInstance(Constructor.java:480)
at org.openqa.selenium.remote.codec.w3c.W3CHttpResponseCodec.createException(W3CHttpResponseCodec.java:200)
at org.openqa.selenium.remote.codec.w3c.W3CHttpResponseCodec.decode(W3CHttpResponseCodec.java:133)
at org.openqa.selenium.remote.codec.w3c.W3CHttpResponseCodec.decode(W3CHttpResponseCodec.java:53)
at org.openqa.selenium.remote.HttpCommandExecutor.execute(HttpCommandExecutor.java:184)
at org.openqa.selenium.remote.service.DriverCommandExecutor.invokeExecute(DriverCommandExecutor.java:167)
at org.openqa.selenium.remote.service.DriverCommandExecutor.execute(DriverCommandExecutor.java:142)
at org.openqa.selenium.remote.RemoteWebDriver.execute(RemoteWebDriver.java:547)
at org.openqa.selenium.remote.RemoteWebElement.execute(RemoteWebElement.java:257)
at org.openqa.selenium.remote.RemoteWebElement.sendKeys(RemoteWebElement.java:113)
at jdk.internal.reflect.GeneratedMethodAccessor128.invoke(Unknown Source)
at java.base/jdk.internal.reflect.DelegatingMethodAccessorImpl.invoke(DelegatingMethodAccessorImpl.java:43)
at java.base/java.lang.reflect.Method.invoke(Method.java:568)
at org.openqa.selenium.support.pagefactory.internal.LocatingElementHandler.invoke(LocatingElementHandler.java:52)
at jdk.proxy2/jdk.proxy2.$Proxy32.sendKeys(Unknown Source)
at cucumber.framework.page.jcadmin.JCAdminTestimonial.uploadFile(JCAdminTestimonial.java:302)
at cucumber.framework.page.jcadmin.JCAdminTestimonial.tambahDataTestimonialNegativeNoActive(JCAdminTestimonial.java:328)
at cucumber.framework.runner.jcadmin.Anisa.JCTambahNegatifTestimonialImpl.admin_mengisi_form_tambah_negative_dengan_rating_angka_rating_publish_no_active(JCTambahNegatifTestimonialImpl.java:72)
at ?.TE011N Admin mengisi form tambah negative dengan rating 4 publish no active(file:///C:/Users/NEXSOFT/git/INTEGRATION-BOIM-NICO-NISA/INTEGRATION-BOIM-NICO-NISA/src/main/resources/jcadmin/anisa/002Testimonial002TambahNegatif.feature:21)
]]>
    </error>
  </testcase> <!-- runScenario -->
  <system-out/>
  <testcase classname="cucumber.framework.runner.jcadmin.JCAdminRunnerKolektif" name="runScenario" time="15.217"/>
  <system-out/>
  <testcase classname="cucumber.framework.runner.jcadmin.JCAdminRunnerKolektif" name="runScenario" time="9.251">
    <error message="invalid argument: File not found : C:\Users\NEXSOFT\git\INTEGRATION-BOIM-NICO-NISA\INTEGRATION-BOIM-NICO-NISA\src\main\resources\gambarnisa\jerome.jpeg
  (Session info: chrome=105.0.5195.127)
Build info: version: &#039;4.4.0&#039;, revision: &#039;e5c75ed026a&#039;
System info: host: &#039;DESKTOP-8OTT66F&#039;, ip: &#039;192.168.0.11&#039;, os.name: &#039;Windows 10&#039;, os.arch: &#039;amd64&#039;, os.version: &#039;10.0&#039;, java.version: &#039;17.0.4.1&#039;
Driver info: org.openqa.selenium.chrome.ChromeDriver
Command: [b91b9cc2b751a4292dcc5c13c338190c, sendKeysToElement {id=e8115483-530f-40bc-97ff-41b5cd458f5a, value=[Ljava.lang.CharSequence;@80ca2c3}]
Capabilities {acceptInsecureCerts: false, browserName: chrome, browserVersion: 105.0.5195.127, chrome: {chromedriverVersion: 105.0.5195.52 (412c95e51883..., userDataDir: C:\Users\NEXSOFT\AppData\Lo...}, goog:chromeOptions: {debuggerAddress: localhost:51677}, networkConnectionEnabled: false, pageLoadStrategy: normal, platformName: WINDOWS, proxy: Proxy(), se:cdp: ws://localhost:51677/devtoo..., se:cdpVersion: 105.0.5195.127, setWindowRect: true, strictFileInteractability: false, timeouts: {implicit: 0, pageLoad: 300000, script: 30000}, unhandledPromptBehavior: dismiss and notify, webauthn:extension:credBlob: true, webauthn:extension:largeBlob: true, webauthn:virtualAuthenticators: true}
Element: [[ChromeDriver: chrome on WINDOWS (b91b9cc2b751a4292dcc5c13c338190c)] -&gt; xpath: //input[@name=&#039;uploadedFile&#039;]]
Session ID: b91b9cc2b751a4292dcc5c13c338190c" type="org.openqa.selenium.InvalidArgumentException">
      <![CDATA[org.openqa.selenium.InvalidArgumentException: invalid argument: File not found : C:\Users\NEXSOFT\git\INTEGRATION-BOIM-NICO-NISA\INTEGRATION-BOIM-NICO-NISA\src\main\resources\gambarnisa\jerome.jpeg
  (Session info: chrome=105.0.5195.127)
Build info: version: '4.4.0', revision: 'e5c75ed026a'
System info: host: 'DESKTOP-8OTT66F', ip: '192.168.0.11', os.name: 'Windows 10', os.arch: 'amd64', os.version: '10.0', java.version: '17.0.4.1'
Driver info: org.openqa.selenium.chrome.ChromeDriver
Command: [b91b9cc2b751a4292dcc5c13c338190c, sendKeysToElement {id=e8115483-530f-40bc-97ff-41b5cd458f5a, value=[Ljava.lang.CharSequence;@80ca2c3}]
Capabilities {acceptInsecureCerts: false, browserName: chrome, browserVersion: 105.0.5195.127, chrome: {chromedriverVersion: 105.0.5195.52 (412c95e51883..., userDataDir: C:\Users\NEXSOFT\AppData\Lo...}, goog:chromeOptions: {debuggerAddress: localhost:51677}, networkConnectionEnabled: false, pageLoadStrategy: normal, platformName: WINDOWS, proxy: Proxy(), se:cdp: ws://localhost:51677/devtoo..., se:cdpVersion: 105.0.5195.127, setWindowRect: true, strictFileInteractability: false, timeouts: {implicit: 0, pageLoad: 300000, script: 30000}, unhandledPromptBehavior: dismiss and notify, webauthn:extension:credBlob: true, webauthn:extension:largeBlob: true, webauthn:virtualAuthenticators: true}
Element: [[ChromeDriver: chrome on WINDOWS (b91b9cc2b751a4292dcc5c13c338190c)] -> xpath: //input[@name='uploadedFile']]
Session ID: b91b9cc2b751a4292dcc5c13c338190c
at jdk.internal.reflect.GeneratedConstructorAccessor29.newInstance(Unknown Source)
at java.base/jdk.internal.reflect.DelegatingConstructorAccessorImpl.newInstance(DelegatingConstructorAccessorImpl.java:45)
at java.base/java.lang.reflect.Constructor.newInstanceWithCaller(Constructor.java:499)
at java.base/java.lang.reflect.Constructor.newInstance(Constructor.java:480)
at org.openqa.selenium.remote.codec.w3c.W3CHttpResponseCodec.createException(W3CHttpResponseCodec.java:200)
at org.openqa.selenium.remote.codec.w3c.W3CHttpResponseCodec.decode(W3CHttpResponseCodec.java:133)
at org.openqa.selenium.remote.codec.w3c.W3CHttpResponseCodec.decode(W3CHttpResponseCodec.java:53)
at org.openqa.selenium.remote.HttpCommandExecutor.execute(HttpCommandExecutor.java:184)
at org.openqa.selenium.remote.service.DriverCommandExecutor.invokeExecute(DriverCommandExecutor.java:167)
at org.openqa.selenium.remote.service.DriverCommandExecutor.execute(DriverCommandExecutor.java:142)
at org.openqa.selenium.remote.RemoteWebDriver.execute(RemoteWebDriver.java:547)
at org.openqa.selenium.remote.RemoteWebElement.execute(RemoteWebElement.java:257)
at org.openqa.selenium.remote.RemoteWebElement.sendKeys(RemoteWebElement.java:113)
at jdk.internal.reflect.GeneratedMethodAccessor128.invoke(Unknown Source)
at java.base/jdk.internal.reflect.DelegatingMethodAccessorImpl.invoke(DelegatingMethodAccessorImpl.java:43)
at java.base/java.lang.reflect.Method.invoke(Method.java:568)
at org.openqa.selenium.support.pagefactory.internal.LocatingElementHandler.invoke(LocatingElementHandler.java:52)
at jdk.proxy2/jdk.proxy2.$Proxy32.sendKeys(Unknown Source)
at cucumber.framework.page.jcadmin.JCAdminTestimonial.uploadFile(JCAdminTestimonial.java:302)
at cucumber.framework.page.jcadmin.JCAdminTestimonial.tambahDataTestimonialNegativeActiveChar(JCAdminTestimonial.java:376)
at cucumber.framework.runner.jcadmin.Anisa.JCTambahNegatifTestimonialImpl.admin_mengisi_negative_form_dengan_rating_angka_rating_active_panjang_karakter(JCTambahNegatifTestimonialImpl.java:134)
at ?.TE025N Admin mengisi negative form dengan rating 0 active panjang karakter(file:///C:/Users/NEXSOFT/git/INTEGRATION-BOIM-NICO-NISA/INTEGRATION-BOIM-NICO-NISA/src/main/resources/jcadmin/anisa/002Testimonial002TambahNegatif.feature:63)
]]>
    </error>
  </testcase> <!-- runScenario -->
  <system-out/>
  <testcase classname="cucumber.framework.runner.jcadmin.JCAdminRunnerKolektif" name="runScenario" time="9.090">
    <error message="invalid argument: File not found : C:\Users\NEXSOFT\git\INTEGRATION-BOIM-NICO-NISA\INTEGRATION-BOIM-NICO-NISA\src\main\resources\gambarnisa\dev.png
  (Session info: chrome=105.0.5195.127)
Build info: version: &#039;4.4.0&#039;, revision: &#039;e5c75ed026a&#039;
System info: host: &#039;DESKTOP-8OTT66F&#039;, ip: &#039;192.168.0.11&#039;, os.name: &#039;Windows 10&#039;, os.arch: &#039;amd64&#039;, os.version: &#039;10.0&#039;, java.version: &#039;17.0.4.1&#039;
Driver info: org.openqa.selenium.chrome.ChromeDriver
Command: [b91b9cc2b751a4292dcc5c13c338190c, sendKeysToElement {id=fec7319c-8b3b-4220-bc7f-f0ce7b3e6a59, value=[Ljava.lang.CharSequence;@5d3e24e2}]
Capabilities {acceptInsecureCerts: false, browserName: chrome, browserVersion: 105.0.5195.127, chrome: {chromedriverVersion: 105.0.5195.52 (412c95e51883..., userDataDir: C:\Users\NEXSOFT\AppData\Lo...}, goog:chromeOptions: {debuggerAddress: localhost:51677}, networkConnectionEnabled: false, pageLoadStrategy: normal, platformName: WINDOWS, proxy: Proxy(), se:cdp: ws://localhost:51677/devtoo..., se:cdpVersion: 105.0.5195.127, setWindowRect: true, strictFileInteractability: false, timeouts: {implicit: 0, pageLoad: 300000, script: 30000}, unhandledPromptBehavior: dismiss and notify, webauthn:extension:credBlob: true, webauthn:extension:largeBlob: true, webauthn:virtualAuthenticators: true}
Element: [[ChromeDriver: chrome on WINDOWS (b91b9cc2b751a4292dcc5c13c338190c)] -&gt; xpath: //input[@name=&#039;uploadedFile&#039;]]
Session ID: b91b9cc2b751a4292dcc5c13c338190c" type="org.openqa.selenium.InvalidArgumentException">
      <![CDATA[org.openqa.selenium.InvalidArgumentException: invalid argument: File not found : C:\Users\NEXSOFT\git\INTEGRATION-BOIM-NICO-NISA\INTEGRATION-BOIM-NICO-NISA\src\main\resources\gambarnisa\dev.png
  (Session info: chrome=105.0.5195.127)
Build info: version: '4.4.0', revision: 'e5c75ed026a'
System info: host: 'DESKTOP-8OTT66F', ip: '192.168.0.11', os.name: 'Windows 10', os.arch: 'amd64', os.version: '10.0', java.version: '17.0.4.1'
Driver info: org.openqa.selenium.chrome.ChromeDriver
Command: [b91b9cc2b751a4292dcc5c13c338190c, sendKeysToElement {id=fec7319c-8b3b-4220-bc7f-f0ce7b3e6a59, value=[Ljava.lang.CharSequence;@5d3e24e2}]
Capabilities {acceptInsecureCerts: false, browserName: chrome, browserVersion: 105.0.5195.127, chrome: {chromedriverVersion: 105.0.5195.52 (412c95e51883..., userDataDir: C:\Users\NEXSOFT\AppData\Lo...}, goog:chromeOptions: {debuggerAddress: localhost:51677}, networkConnectionEnabled: false, pageLoadStrategy: normal, platformName: WINDOWS, proxy: Proxy(), se:cdp: ws://localhost:51677/devtoo..., se:cdpVersion: 105.0.5195.127, setWindowRect: true, strictFileInteractability: false, timeouts: {implicit: 0, pageLoad: 300000, script: 30000}, unhandledPromptBehavior: dismiss and notify, webauthn:extension:credBlob: true, webauthn:extension:largeBlob: true, webauthn:virtualAuthenticators: true}
Element: [[ChromeDriver: chrome on WINDOWS (b91b9cc2b751a4292dcc5c13c338190c)] -> xpath: //input[@name='uploadedFile']]
Session ID: b91b9cc2b751a4292dcc5c13c338190c
at jdk.internal.reflect.GeneratedConstructorAccessor29.newInstance(Unknown Source)
at java.base/jdk.internal.reflect.DelegatingConstructorAccessorImpl.newInstance(DelegatingConstructorAccessorImpl.java:45)
at java.base/java.lang.reflect.Constructor.newInstanceWithCaller(Constructor.java:499)
at java.base/java.lang.reflect.Constructor.newInstance(Constructor.java:480)
at org.openqa.selenium.remote.codec.w3c.W3CHttpResponseCodec.createException(W3CHttpResponseCodec.java:200)
at org.openqa.selenium.remote.codec.w3c.W3CHttpResponseCodec.decode(W3CHttpResponseCodec.java:133)
at org.openqa.selenium.remote.codec.w3c.W3CHttpResponseCodec.decode(W3CHttpResponseCodec.java:53)
at org.openqa.selenium.remote.HttpCommandExecutor.execute(HttpCommandExecutor.java:184)
at org.openqa.selenium.remote.service.DriverCommandExecutor.invokeExecute(DriverCommandExecutor.java:167)
at org.openqa.selenium.remote.service.DriverCommandExecutor.execute(DriverCommandExecutor.java:142)
at org.openqa.selenium.remote.RemoteWebDriver.execute(RemoteWebDriver.java:547)
at org.openqa.selenium.remote.RemoteWebElement.execute(RemoteWebElement.java:257)
at org.openqa.selenium.remote.RemoteWebElement.sendKeys(RemoteWebElement.java:113)
at jdk.internal.reflect.GeneratedMethodAccessor128.invoke(Unknown Source)
at java.base/jdk.internal.reflect.DelegatingMethodAccessorImpl.invoke(DelegatingMethodAccessorImpl.java:43)
at java.base/java.lang.reflect.Method.invoke(Method.java:568)
at org.openqa.selenium.support.pagefactory.internal.LocatingElementHandler.invoke(LocatingElementHandler.java:52)
at jdk.proxy2/jdk.proxy2.$Proxy32.sendKeys(Unknown Source)
at cucumber.framework.page.jcadmin.JCAdminTestimonial.uploadFile(JCAdminTestimonial.java:302)
at cucumber.framework.page.jcadmin.JCAdminTestimonial.tambahDataTestimonialNegNoActiveNama(JCAdminTestimonial.java:430)
at cucumber.framework.runner.jcadmin.Anisa.JCTambahNegatifTestimonialImpl.admin_isi_negative_data_tambah_dengan_rating_angka_rating_no_active_nama_char(JCTambahNegatifTestimonialImpl.java:194)
at ?.TE047N Admin isi negative data tambah dengan rating 4 no active nama char(file:///C:/Users/NEXSOFT/git/INTEGRATION-BOIM-NICO-NISA/INTEGRATION-BOIM-NICO-NISA/src/main/resources/jcadmin/anisa/002Testimonial002TambahNegatif.feature:105)
]]>
    </error>
  </testcase> <!-- runScenario -->
  <system-out/>
  <testcase classname="cucumber.framework.runner.jcadmin.JCAdminRunnerKolektif" name="runScenario" time="32.667"/>
  <system-out/>
  <testcase classname="cucumber.framework.runner.jcadmin.JCAdminRunnerKolektif" name="runScenario" time="26.588"/>
  <system-out/>
  <testcase classname="cucumber.framework.runner.jcadmin.JCAdminRunnerKolektif" name="runScenario" time="12.980"/>
  <system-out/>
  <testcase classname="cucumber.framework.runner.jcadmin.JCAdminRunnerKolektif" name="runScenario" time="26.443"/>
  <system-out/>
  <testcase classname="cucumber.framework.runner.jcadmin.JCAdminRunnerKolektif" name="runScenario" time="8.852">
    <error message="invalid argument: File not found : C:\Users\NEXSOFT\git\INTEGRATION-BOIM-NICO-NISA\INTEGRATION-BOIM-NICO-NISA\src\main\resources\gambarnisa\dev.png
  (Session info: chrome=105.0.5195.127)
Build info: version: &#039;4.4.0&#039;, revision: &#039;e5c75ed026a&#039;
System info: host: &#039;DESKTOP-8OTT66F&#039;, ip: &#039;192.168.0.11&#039;, os.name: &#039;Windows 10&#039;, os.arch: &#039;amd64&#039;, os.version: &#039;10.0&#039;, java.version: &#039;17.0.4.1&#039;
Driver info: org.openqa.selenium.chrome.ChromeDriver
Command: [b91b9cc2b751a4292dcc5c13c338190c, sendKeysToElement {id=f4379a52-f87e-4e60-b917-473988afdb7c, value=[Ljava.lang.CharSequence;@6a10f47a}]
Capabilities {acceptInsecureCerts: false, browserName: chrome, browserVersion: 105.0.5195.127, chrome: {chromedriverVersion: 105.0.5195.52 (412c95e51883..., userDataDir: C:\Users\NEXSOFT\AppData\Lo...}, goog:chromeOptions: {debuggerAddress: localhost:51677}, networkConnectionEnabled: false, pageLoadStrategy: normal, platformName: WINDOWS, proxy: Proxy(), se:cdp: ws://localhost:51677/devtoo..., se:cdpVersion: 105.0.5195.127, setWindowRect: true, strictFileInteractability: false, timeouts: {implicit: 0, pageLoad: 300000, script: 30000}, unhandledPromptBehavior: dismiss and notify, webauthn:extension:credBlob: true, webauthn:extension:largeBlob: true, webauthn:virtualAuthenticators: true}
Element: [[ChromeDriver: chrome on WINDOWS (b91b9cc2b751a4292dcc5c13c338190c)] -&gt; xpath: //input[@name=&#039;uploadedFile&#039;]]
Session ID: b91b9cc2b751a4292dcc5c13c338190c" type="org.openqa.selenium.InvalidArgumentException">
      <![CDATA[org.openqa.selenium.InvalidArgumentException: invalid argument: File not found : C:\Users\NEXSOFT\git\INTEGRATION-BOIM-NICO-NISA\INTEGRATION-BOIM-NICO-NISA\src\main\resources\gambarnisa\dev.png
  (Session info: chrome=105.0.5195.127)
Build info: version: '4.4.0', revision: 'e5c75ed026a'
System info: host: 'DESKTOP-8OTT66F', ip: '192.168.0.11', os.name: 'Windows 10', os.arch: 'amd64', os.version: '10.0', java.version: '17.0.4.1'
Driver info: org.openqa.selenium.chrome.ChromeDriver
Command: [b91b9cc2b751a4292dcc5c13c338190c, sendKeysToElement {id=f4379a52-f87e-4e60-b917-473988afdb7c, value=[Ljava.lang.CharSequence;@6a10f47a}]
Capabilities {acceptInsecureCerts: false, browserName: chrome, browserVersion: 105.0.5195.127, chrome: {chromedriverVersion: 105.0.5195.52 (412c95e51883..., userDataDir: C:\Users\NEXSOFT\AppData\Lo...}, goog:chromeOptions: {debuggerAddress: localhost:51677}, networkConnectionEnabled: false, pageLoadStrategy: normal, platformName: WINDOWS, proxy: Proxy(), se:cdp: ws://localhost:51677/devtoo..., se:cdpVersion: 105.0.5195.127, setWindowRect: true, strictFileInteractability: false, timeouts: {implicit: 0, pageLoad: 300000, script: 30000}, unhandledPromptBehavior: dismiss and notify, webauthn:extension:credBlob: true, webauthn:extension:largeBlob: true, webauthn:virtualAuthenticators: true}
Element: [[ChromeDriver: chrome on WINDOWS (b91b9cc2b751a4292dcc5c13c338190c)] -> xpath: //input[@name='uploadedFile']]
Session ID: b91b9cc2b751a4292dcc5c13c338190c
at jdk.internal.reflect.GeneratedConstructorAccessor29.newInstance(Unknown Source)
at java.base/jdk.internal.reflect.DelegatingConstructorAccessorImpl.newInstance(DelegatingConstructorAccessorImpl.java:45)
at java.base/java.lang.reflect.Constructor.newInstanceWithCaller(Constructor.java:499)
at java.base/java.lang.reflect.Constructor.newInstance(Constructor.java:480)
at org.openqa.selenium.remote.codec.w3c.W3CHttpResponseCodec.createException(W3CHttpResponseCodec.java:200)
at org.openqa.selenium.remote.codec.w3c.W3CHttpResponseCodec.decode(W3CHttpResponseCodec.java:133)
at org.openqa.selenium.remote.codec.w3c.W3CHttpResponseCodec.decode(W3CHttpResponseCodec.java:53)
at org.openqa.selenium.remote.HttpCommandExecutor.execute(HttpCommandExecutor.java:184)
at org.openqa.selenium.remote.service.DriverCommandExecutor.invokeExecute(DriverCommandExecutor.java:167)
at org.openqa.selenium.remote.service.DriverCommandExecutor.execute(DriverCommandExecutor.java:142)
at org.openqa.selenium.remote.RemoteWebDriver.execute(RemoteWebDriver.java:547)
at org.openqa.selenium.remote.RemoteWebElement.execute(RemoteWebElement.java:257)
at org.openqa.selenium.remote.RemoteWebElement.sendKeys(RemoteWebElement.java:113)
at jdk.internal.reflect.GeneratedMethodAccessor128.invoke(Unknown Source)
at java.base/jdk.internal.reflect.DelegatingMethodAccessorImpl.invoke(DelegatingMethodAccessorImpl.java:43)
at java.base/java.lang.reflect.Method.invoke(Method.java:568)
at org.openqa.selenium.support.pagefactory.internal.LocatingElementHandler.invoke(LocatingElementHandler.java:52)
at jdk.proxy2/jdk.proxy2.$Proxy32.sendKeys(Unknown Source)
at cucumber.framework.page.jcadmin.JCAdminTestimonial.uploadFile(JCAdminTestimonial.java:302)
at cucumber.framework.page.jcadmin.JCAdminTestimonial.tambahDataTestimonialNegativeNoActiveChar(JCAdminTestimonial.java:394)
at cucumber.framework.runner.jcadmin.Anisa.JCTambahNegatifTestimonialImpl.admin_mengisi_form_dengan_rating_angka_rating_publish_no_active_karakter(JCTambahNegatifTestimonialImpl.java:154)
at ?.TE031N Admin mengisi form dengan rating 0 publish no active karakter(file:///C:/Users/NEXSOFT/git/INTEGRATION-BOIM-NICO-NISA/INTEGRATION-BOIM-NICO-NISA/src/main/resources/jcadmin/anisa/002Testimonial002TambahNegatif.feature:77)
]]>
    </error>
  </testcase> <!-- runScenario -->
  <system-out/>
  <testcase classname="cucumber.framework.runner.jcadmin.JCAdminRunnerKolektif" name="runScenario" time="26.034"/>
  <system-out/>
  <testcase classname="cucumber.framework.runner.jcadmin.JCAdminRunnerKolektif" name="runScenario" time="23.371"/>
  <system-out/>
  <testcase classname="cucumber.framework.runner.jcadmin.JCAdminRunnerKolektif" name="runScenario" time="11.621"/>
  <system-out/>
  <testcase classname="cucumber.framework.runner.jcadmin.JCAdminRunnerKolektif" name="runScenario" time="14.216"/>
  <system-out/>
  <testcase classname="cucumber.framework.runner.jcadmin.JCAdminRunnerKolektif" name="runScenario" time="25.954"/>
  <system-out/>
  <testcase classname="cucumber.framework.runner.jcadmin.JCAdminRunnerKolektif" name="runScenario" time="8.922">
    <error message="invalid argument: File not found : C:\Users\NEXSOFT\git\INTEGRATION-BOIM-NICO-NISA\INTEGRATION-BOIM-NICO-NISA\src\main\resources\gambarnisa\dev.png
  (Session info: chrome=105.0.5195.127)
Build info: version: &#039;4.4.0&#039;, revision: &#039;e5c75ed026a&#039;
System info: host: &#039;DESKTOP-8OTT66F&#039;, ip: &#039;192.168.0.11&#039;, os.name: &#039;Windows 10&#039;, os.arch: &#039;amd64&#039;, os.version: &#039;10.0&#039;, java.version: &#039;17.0.4.1&#039;
Driver info: org.openqa.selenium.chrome.ChromeDriver
Command: [b91b9cc2b751a4292dcc5c13c338190c, sendKeysToElement {id=85d67404-c29d-44ee-8c44-859e074f67ec, value=[Ljava.lang.CharSequence;@38f4c6af}]
Capabilities {acceptInsecureCerts: false, browserName: chrome, browserVersion: 105.0.5195.127, chrome: {chromedriverVersion: 105.0.5195.52 (412c95e51883..., userDataDir: C:\Users\NEXSOFT\AppData\Lo...}, goog:chromeOptions: {debuggerAddress: localhost:51677}, networkConnectionEnabled: false, pageLoadStrategy: normal, platformName: WINDOWS, proxy: Proxy(), se:cdp: ws://localhost:51677/devtoo..., se:cdpVersion: 105.0.5195.127, setWindowRect: true, strictFileInteractability: false, timeouts: {implicit: 0, pageLoad: 300000, script: 30000}, unhandledPromptBehavior: dismiss and notify, webauthn:extension:credBlob: true, webauthn:extension:largeBlob: true, webauthn:virtualAuthenticators: true}
Element: [[ChromeDriver: chrome on WINDOWS (b91b9cc2b751a4292dcc5c13c338190c)] -&gt; xpath: //input[@name=&#039;uploadedFile&#039;]]
Session ID: b91b9cc2b751a4292dcc5c13c338190c" type="org.openqa.selenium.InvalidArgumentException">
      <![CDATA[org.openqa.selenium.InvalidArgumentException: invalid argument: File not found : C:\Users\NEXSOFT\git\INTEGRATION-BOIM-NICO-NISA\INTEGRATION-BOIM-NICO-NISA\src\main\resources\gambarnisa\dev.png
  (Session info: chrome=105.0.5195.127)
Build info: version: '4.4.0', revision: 'e5c75ed026a'
System info: host: 'DESKTOP-8OTT66F', ip: '192.168.0.11', os.name: 'Windows 10', os.arch: 'amd64', os.version: '10.0', java.version: '17.0.4.1'
Driver info: org.openqa.selenium.chrome.ChromeDriver
Command: [b91b9cc2b751a4292dcc5c13c338190c, sendKeysToElement {id=85d67404-c29d-44ee-8c44-859e074f67ec, value=[Ljava.lang.CharSequence;@38f4c6af}]
Capabilities {acceptInsecureCerts: false, browserName: chrome, browserVersion: 105.0.5195.127, chrome: {chromedriverVersion: 105.0.5195.52 (412c95e51883..., userDataDir: C:\Users\NEXSOFT\AppData\Lo...}, goog:chromeOptions: {debuggerAddress: localhost:51677}, networkConnectionEnabled: false, pageLoadStrategy: normal, platformName: WINDOWS, proxy: Proxy(), se:cdp: ws://localhost:51677/devtoo..., se:cdpVersion: 105.0.5195.127, setWindowRect: true, strictFileInteractability: false, timeouts: {implicit: 0, pageLoad: 300000, script: 30000}, unhandledPromptBehavior: dismiss and notify, webauthn:extension:credBlob: true, webauthn:extension:largeBlob: true, webauthn:virtualAuthenticators: true}
Element: [[ChromeDriver: chrome on WINDOWS (b91b9cc2b751a4292dcc5c13c338190c)] -> xpath: //input[@name='uploadedFile']]
Session ID: b91b9cc2b751a4292dcc5c13c338190c
at jdk.internal.reflect.GeneratedConstructorAccessor29.newInstance(Unknown Source)
at java.base/jdk.internal.reflect.DelegatingConstructorAccessorImpl.newInstance(DelegatingConstructorAccessorImpl.java:45)
at java.base/java.lang.reflect.Constructor.newInstanceWithCaller(Constructor.java:499)
at java.base/java.lang.reflect.Constructor.newInstance(Constructor.java:480)
at org.openqa.selenium.remote.codec.w3c.W3CHttpResponseCodec.createException(W3CHttpResponseCodec.java:200)
at org.openqa.selenium.remote.codec.w3c.W3CHttpResponseCodec.decode(W3CHttpResponseCodec.java:133)
at org.openqa.selenium.remote.codec.w3c.W3CHttpResponseCodec.decode(W3CHttpResponseCodec.java:53)
at org.openqa.selenium.remote.HttpCommandExecutor.execute(HttpCommandExecutor.java:184)
at org.openqa.selenium.remote.service.DriverCommandExecutor.invokeExecute(DriverCommandExecutor.java:167)
at org.openqa.selenium.remote.service.DriverCommandExecutor.execute(DriverCommandExecutor.java:142)
at org.openqa.selenium.remote.RemoteWebDriver.execute(RemoteWebDriver.java:547)
at org.openqa.selenium.remote.RemoteWebElement.execute(RemoteWebElement.java:257)
at org.openqa.selenium.remote.RemoteWebElement.sendKeys(RemoteWebElement.java:113)
at jdk.internal.reflect.GeneratedMethodAccessor128.invoke(Unknown Source)
at java.base/jdk.internal.reflect.DelegatingMethodAccessorImpl.invoke(DelegatingMethodAccessorImpl.java:43)
at java.base/java.lang.reflect.Method.invoke(Method.java:568)
at org.openqa.selenium.support.pagefactory.internal.LocatingElementHandler.invoke(LocatingElementHandler.java:52)
at jdk.proxy2/jdk.proxy2.$Proxy32.sendKeys(Unknown Source)
at cucumber.framework.page.jcadmin.JCAdminTestimonial.uploadFile(JCAdminTestimonial.java:302)
at cucumber.framework.page.jcadmin.JCAdminTestimonial.tambahDataTestimonialNegNoActiveNama(JCAdminTestimonial.java:430)
at cucumber.framework.runner.jcadmin.Anisa.JCTambahNegatifTestimonialImpl.admin_isi_negative_data_tambah_dengan_rating_angka_rating_no_active_nama_char(JCTambahNegatifTestimonialImpl.java:194)
at ?.TE048N Admin isi negative data tambah dengan rating 5 no active nama char(file:///C:/Users/NEXSOFT/git/INTEGRATION-BOIM-NICO-NISA/INTEGRATION-BOIM-NICO-NISA/src/main/resources/jcadmin/anisa/002Testimonial002TambahNegatif.feature:105)
]]>
    </error>
  </testcase> <!-- runScenario -->
  <system-out/>
  <testcase classname="cucumber.framework.runner.jcadmin.JCAdminRunnerKolektif" name="runScenario" time="1.450"/>
  <system-out/>
  <testcase classname="cucumber.framework.runner.jcadmin.JCAdminRunnerKolektif" name="runScenario" time="14.209"/>
  <system-out/>
  <testcase classname="cucumber.framework.runner.jcadmin.JCAdminRunnerKolektif" name="runScenario" time="13.687"/>
  <system-out/>
  <testcase classname="cucumber.framework.runner.jcadmin.JCAdminRunnerKolektif" name="runScenario" time="3.179"/>
  <system-out/>
  <testcase classname="cucumber.framework.runner.jcadmin.JCAdminRunnerKolektif" name="runScenario" time="12.631"/>
  <system-out/>
  <testcase classname="cucumber.framework.runner.jcadmin.JCAdminRunnerKolektif" name="runScenario" time="7.729"/>
  <system-out/>
  <testcase classname="cucumber.framework.runner.jcadmin.JCAdminRunnerKolektif" name="runScenario" time="6.750"/>
  <system-out/>
  <testcase classname="cucumber.framework.runner.jcadmin.JCAdminRunnerKolektif" name="runScenario" time="12.090"/>
  <system-out/>
  <testcase classname="cucumber.framework.runner.jcadmin.JCAdminRunnerKolektif" name="runScenario" time="11.892"/>
  <system-out/>
  <testcase classname="cucumber.framework.runner.jcadmin.JCAdminRunnerKolektif" name="runScenario" time="10.246">
    <error message="invalid argument: File not found : C:\Users\NEXSOFT\Desktop\Test TA\error-wait.GIF
  (Session info: chrome=105.0.5195.127)
Build info: version: &#039;4.4.0&#039;, revision: &#039;e5c75ed026a&#039;
System info: host: &#039;DESKTOP-8OTT66F&#039;, ip: &#039;192.168.0.11&#039;, os.name: &#039;Windows 10&#039;, os.arch: &#039;amd64&#039;, os.version: &#039;10.0&#039;, java.version: &#039;17.0.4.1&#039;
Driver info: org.openqa.selenium.chrome.ChromeDriver
Command: [b91b9cc2b751a4292dcc5c13c338190c, sendKeysToElement {id=a7323a33-c9ad-48ac-b1dc-ff1cf0a37d15, value=[Ljava.lang.CharSequence;@3d94d7f3}]
Capabilities {acceptInsecureCerts: false, browserName: chrome, browserVersion: 105.0.5195.127, chrome: {chromedriverVersion: 105.0.5195.52 (412c95e51883..., userDataDir: C:\Users\NEXSOFT\AppData\Lo...}, goog:chromeOptions: {debuggerAddress: localhost:51677}, networkConnectionEnabled: false, pageLoadStrategy: normal, platformName: WINDOWS, proxy: Proxy(), se:cdp: ws://localhost:51677/devtoo..., se:cdpVersion: 105.0.5195.127, setWindowRect: true, strictFileInteractability: false, timeouts: {implicit: 0, pageLoad: 300000, script: 30000}, unhandledPromptBehavior: dismiss and notify, webauthn:extension:credBlob: true, webauthn:extension:largeBlob: true, webauthn:virtualAuthenticators: true}
Element: [[ChromeDriver: chrome on WINDOWS (b91b9cc2b751a4292dcc5c13c338190c)] -&gt; name: uploadedFile]
Session ID: b91b9cc2b751a4292dcc5c13c338190c" type="org.openqa.selenium.InvalidArgumentException">
      <![CDATA[org.openqa.selenium.InvalidArgumentException: invalid argument: File not found : C:\Users\NEXSOFT\Desktop\Test TA\error-wait.GIF
  (Session info: chrome=105.0.5195.127)
Build info: version: '4.4.0', revision: 'e5c75ed026a'
System info: host: 'DESKTOP-8OTT66F', ip: '192.168.0.11', os.name: 'Windows 10', os.arch: 'amd64', os.version: '10.0', java.version: '17.0.4.1'
Driver info: org.openqa.selenium.chrome.ChromeDriver
Command: [b91b9cc2b751a4292dcc5c13c338190c, sendKeysToElement {id=a7323a33-c9ad-48ac-b1dc-ff1cf0a37d15, value=[Ljava.lang.CharSequence;@3d94d7f3}]
Capabilities {acceptInsecureCerts: false, browserName: chrome, browserVersion: 105.0.5195.127, chrome: {chromedriverVersion: 105.0.5195.52 (412c95e51883..., userDataDir: C:\Users\NEXSOFT\AppData\Lo...}, goog:chromeOptions: {debuggerAddress: localhost:51677}, networkConnectionEnabled: false, pageLoadStrategy: normal, platformName: WINDOWS, proxy: Proxy(), se:cdp: ws://localhost:51677/devtoo..., se:cdpVersion: 105.0.5195.127, setWindowRect: true, strictFileInteractability: false, timeouts: {implicit: 0, pageLoad: 300000, script: 30000}, unhandledPromptBehavior: dismiss and notify, webauthn:extension:credBlob: true, webauthn:extension:largeBlob: true, webauthn:virtualAuthenticators: true}
Element: [[ChromeDriver: chrome on WINDOWS (b91b9cc2b751a4292dcc5c13c338190c)] -> name: uploadedFile]
Session ID: b91b9cc2b751a4292dcc5c13c338190c
at jdk.internal.reflect.GeneratedConstructorAccessor29.newInstance(Unknown Source)
at java.base/jdk.internal.reflect.DelegatingConstructorAccessorImpl.newInstance(DelegatingConstructorAccessorImpl.java:45)
at java.base/java.lang.reflect.Constructor.newInstanceWithCaller(Constructor.java:499)
at java.base/java.lang.reflect.Constructor.newInstance(Constructor.java:480)
at org.openqa.selenium.remote.codec.w3c.W3CHttpResponseCodec.createException(W3CHttpResponseCodec.java:200)
at org.openqa.selenium.remote.codec.w3c.W3CHttpResponseCodec.decode(W3CHttpResponseCodec.java:133)
at org.openqa.selenium.remote.codec.w3c.W3CHttpResponseCodec.decode(W3CHttpResponseCodec.java:53)
at org.openqa.selenium.remote.HttpCommandExecutor.execute(HttpCommandExecutor.java:184)
at org.openqa.selenium.remote.service.DriverCommandExecutor.invokeExecute(DriverCommandExecutor.java:167)
at org.openqa.selenium.remote.service.DriverCommandExecutor.execute(DriverCommandExecutor.java:142)
at org.openqa.selenium.remote.RemoteWebDriver.execute(RemoteWebDriver.java:547)
at org.openqa.selenium.remote.RemoteWebElement.execute(RemoteWebElement.java:257)
at org.openqa.selenium.remote.RemoteWebElement.sendKeys(RemoteWebElement.java:113)
at jdk.internal.reflect.GeneratedMethodAccessor128.invoke(Unknown Source)
at java.base/jdk.internal.reflect.DelegatingMethodAccessorImpl.invoke(DelegatingMethodAccessorImpl.java:43)
at java.base/java.lang.reflect.Method.invoke(Method.java:568)
at org.openqa.selenium.support.pagefactory.internal.LocatingElementHandler.invoke(LocatingElementHandler.java:52)
at jdk.proxy2/jdk.proxy2.$Proxy32.sendKeys(Unknown Source)
at cucumber.framework.page.jcadmin.JCAdminAboutPage.fotoTrainer(JCAdminAboutPage.java:115)
at cucumber.framework.runner.jcadmin.Cnico.JCAdminAboutAddTrainerNegativeImpl.ab004n_admin_memasukkan_foto_trainer_invalid_input_nama(JCAdminAboutAddTrainerNegativeImpl.java:75)
at ?.AB004N Admin memasukkan foto trainer invalid input nama(file:///C:/Users/NEXSOFT/git/INTEGRATION-BOIM-NICO-NISA/INTEGRATION-BOIM-NICO-NISA/src/main/resources/jcadmin/nico/005About002AddTrainerNegative.feature:19)
]]>
    </error>
  </testcase> <!-- runScenario -->
  <system-out/>
  <testcase classname="cucumber.framework.runner.jcadmin.JCAdminRunnerKolektif" name="runScenario" time="8.534">
    <failure message="expected [000011111] but found [0011111]" type="java.lang.AssertionError">
      <![CDATA[java.lang.AssertionError: expected [000011111] but found [0011111]
at org.testng.Assert.fail(Assert.java:110)
at org.testng.Assert.failNotEquals(Assert.java:1413)
at org.testng.Assert.assertEqualsImpl(Assert.java:149)
at org.testng.Assert.assertEquals(Assert.java:131)
at org.testng.Assert.assertEquals(Assert.java:655)
at org.testng.Assert.assertEquals(Assert.java:665)
at cucumber.framework.runner.jcadmin.Cnico.JCAdminContactMessagesGetMessageImpl.kode_admin_mendapat_data_yang_disorting_berdasarkan_sorting(JCAdminContactMessagesGetMessageImpl.java:80)
at ?.CO006P Admin mendapat data yang disorting berdasarkan Message(file:///C:/Users/NEXSOFT/git/INTEGRATION-BOIM-NICO-NISA/INTEGRATION-BOIM-NICO-NISA/src/main/resources/jcadmin/nico/007ContactMessages001GetMessages.feature:15)
]]>
    </failure>
  </testcase> <!-- runScenario -->
  <system-out/>
  <testcase classname="cucumber.framework.runner.jcadmin.JCAdminRunnerKolektif" name="runScenario" time="9.717">
    <error message="invalid argument: File not found : C:\Users\NEXSOFT\git\INTEGRATION-BOIM-NICO-NISA\INTEGRATION-BOIM-NICO-NISA\src\main\resources\gambarnisa\dev.png
  (Session info: chrome=105.0.5195.127)
Build info: version: &#039;4.4.0&#039;, revision: &#039;e5c75ed026a&#039;
System info: host: &#039;DESKTOP-8OTT66F&#039;, ip: &#039;192.168.0.11&#039;, os.name: &#039;Windows 10&#039;, os.arch: &#039;amd64&#039;, os.version: &#039;10.0&#039;, java.version: &#039;17.0.4.1&#039;
Driver info: org.openqa.selenium.chrome.ChromeDriver
Command: [b91b9cc2b751a4292dcc5c13c338190c, sendKeysToElement {id=db2ac3f5-4381-401f-a7c1-68330425aabc, value=[Ljava.lang.CharSequence;@12008a54}]
Capabilities {acceptInsecureCerts: false, browserName: chrome, browserVersion: 105.0.5195.127, chrome: {chromedriverVersion: 105.0.5195.52 (412c95e51883..., userDataDir: C:\Users\NEXSOFT\AppData\Lo...}, goog:chromeOptions: {debuggerAddress: localhost:51677}, networkConnectionEnabled: false, pageLoadStrategy: normal, platformName: WINDOWS, proxy: Proxy(), se:cdp: ws://localhost:51677/devtoo..., se:cdpVersion: 105.0.5195.127, setWindowRect: true, strictFileInteractability: false, timeouts: {implicit: 0, pageLoad: 300000, script: 30000}, unhandledPromptBehavior: dismiss and notify, webauthn:extension:credBlob: true, webauthn:extension:largeBlob: true, webauthn:virtualAuthenticators: true}
Element: [[ChromeDriver: chrome on WINDOWS (b91b9cc2b751a4292dcc5c13c338190c)] -&gt; xpath: //input[@name=&#039;uploadedFile&#039;]]
Session ID: b91b9cc2b751a4292dcc5c13c338190c" type="org.openqa.selenium.InvalidArgumentException">
      <![CDATA[org.openqa.selenium.InvalidArgumentException: invalid argument: File not found : C:\Users\NEXSOFT\git\INTEGRATION-BOIM-NICO-NISA\INTEGRATION-BOIM-NICO-NISA\src\main\resources\gambarnisa\dev.png
  (Session info: chrome=105.0.5195.127)
Build info: version: '4.4.0', revision: 'e5c75ed026a'
System info: host: 'DESKTOP-8OTT66F', ip: '192.168.0.11', os.name: 'Windows 10', os.arch: 'amd64', os.version: '10.0', java.version: '17.0.4.1'
Driver info: org.openqa.selenium.chrome.ChromeDriver
Command: [b91b9cc2b751a4292dcc5c13c338190c, sendKeysToElement {id=db2ac3f5-4381-401f-a7c1-68330425aabc, value=[Ljava.lang.CharSequence;@12008a54}]
Capabilities {acceptInsecureCerts: false, browserName: chrome, browserVersion: 105.0.5195.127, chrome: {chromedriverVersion: 105.0.5195.52 (412c95e51883..., userDataDir: C:\Users\NEXSOFT\AppData\Lo...}, goog:chromeOptions: {debuggerAddress: localhost:51677}, networkConnectionEnabled: false, pageLoadStrategy: normal, platformName: WINDOWS, proxy: Proxy(), se:cdp: ws://localhost:51677/devtoo..., se:cdpVersion: 105.0.5195.127, setWindowRect: true, strictFileInteractability: false, timeouts: {implicit: 0, pageLoad: 300000, script: 30000}, unhandledPromptBehavior: dismiss and notify, webauthn:extension:credBlob: true, webauthn:extension:largeBlob: true, webauthn:virtualAuthenticators: true}
Element: [[ChromeDriver: chrome on WINDOWS (b91b9cc2b751a4292dcc5c13c338190c)] -> xpath: //input[@name='uploadedFile']]
Session ID: b91b9cc2b751a4292dcc5c13c338190c
at jdk.internal.reflect.GeneratedConstructorAccessor29.newInstance(Unknown Source)
at java.base/jdk.internal.reflect.DelegatingConstructorAccessorImpl.newInstance(DelegatingConstructorAccessorImpl.java:45)
at java.base/java.lang.reflect.Constructor.newInstanceWithCaller(Constructor.java:499)
at java.base/java.lang.reflect.Constructor.newInstance(Constructor.java:480)
at org.openqa.selenium.remote.codec.w3c.W3CHttpResponseCodec.createException(W3CHttpResponseCodec.java:200)
at org.openqa.selenium.remote.codec.w3c.W3CHttpResponseCodec.decode(W3CHttpResponseCodec.java:133)
at org.openqa.selenium.remote.codec.w3c.W3CHttpResponseCodec.decode(W3CHttpResponseCodec.java:53)
at org.openqa.selenium.remote.HttpCommandExecutor.execute(HttpCommandExecutor.java:184)
at org.openqa.selenium.remote.service.DriverCommandExecutor.invokeExecute(DriverCommandExecutor.java:167)
at org.openqa.selenium.remote.service.DriverCommandExecutor.execute(DriverCommandExecutor.java:142)
at org.openqa.selenium.remote.RemoteWebDriver.execute(RemoteWebDriver.java:547)
at org.openqa.selenium.remote.RemoteWebElement.execute(RemoteWebElement.java:257)
at org.openqa.selenium.remote.RemoteWebElement.sendKeys(RemoteWebElement.java:113)
at jdk.internal.reflect.GeneratedMethodAccessor128.invoke(Unknown Source)
at java.base/jdk.internal.reflect.DelegatingMethodAccessorImpl.invoke(DelegatingMethodAccessorImpl.java:43)
at java.base/java.lang.reflect.Method.invoke(Method.java:568)
at org.openqa.selenium.support.pagefactory.internal.LocatingElementHandler.invoke(LocatingElementHandler.java:52)
at jdk.proxy2/jdk.proxy2.$Proxy32.sendKeys(Unknown Source)
at cucumber.framework.page.jcadmin.JCAdminTestimonial.uploadFile(JCAdminTestimonial.java:302)
at cucumber.framework.page.jcadmin.JCAdminTestimonial.tambahDataTestimonialNegativeNoActiveIsi(JCAdminTestimonial.java:360)
at cucumber.framework.runner.jcadmin.Anisa.JCTambahNegatifTestimonialImpl.admin_isi_form_negative_rating_angka_rating_no_active_kosong_isi_testi(JCTambahNegatifTestimonialImpl.java:113)
at ?.TE021N Admin isi form negative rating 2 no active kosong isi testi(file:///C:/Users/NEXSOFT/git/INTEGRATION-BOIM-NICO-NISA/INTEGRATION-BOIM-NICO-NISA/src/main/resources/jcadmin/anisa/002Testimonial002TambahNegatif.feature:49)
]]>
    </error>
  </testcase> <!-- runScenario -->
  <system-out/>
  <testcase classname="cucumber.framework.runner.jcadmin.JCAdminRunnerKolektif" name="runScenario" time="8.871">
    <error message="invalid argument: File not found : C:\Users\NEXSOFT\git\INTEGRATION-BOIM-NICO-NISA\INTEGRATION-BOIM-NICO-NISA\src\main\resources\gambarnisa\dev.png
  (Session info: chrome=105.0.5195.127)
Build info: version: &#039;4.4.0&#039;, revision: &#039;e5c75ed026a&#039;
System info: host: &#039;DESKTOP-8OTT66F&#039;, ip: &#039;192.168.0.11&#039;, os.name: &#039;Windows 10&#039;, os.arch: &#039;amd64&#039;, os.version: &#039;10.0&#039;, java.version: &#039;17.0.4.1&#039;
Driver info: org.openqa.selenium.chrome.ChromeDriver
Command: [b91b9cc2b751a4292dcc5c13c338190c, sendKeysToElement {id=fb9c25f4-1ffc-40d3-b2a3-967813d9748c, value=[Ljava.lang.CharSequence;@6c648d16}]
Capabilities {acceptInsecureCerts: false, browserName: chrome, browserVersion: 105.0.5195.127, chrome: {chromedriverVersion: 105.0.5195.52 (412c95e51883..., userDataDir: C:\Users\NEXSOFT\AppData\Lo...}, goog:chromeOptions: {debuggerAddress: localhost:51677}, networkConnectionEnabled: false, pageLoadStrategy: normal, platformName: WINDOWS, proxy: Proxy(), se:cdp: ws://localhost:51677/devtoo..., se:cdpVersion: 105.0.5195.127, setWindowRect: true, strictFileInteractability: false, timeouts: {implicit: 0, pageLoad: 300000, script: 30000}, unhandledPromptBehavior: dismiss and notify, webauthn:extension:credBlob: true, webauthn:extension:largeBlob: true, webauthn:virtualAuthenticators: true}
Element: [[ChromeDriver: chrome on WINDOWS (b91b9cc2b751a4292dcc5c13c338190c)] -&gt; xpath: //input[@name=&#039;uploadedFile&#039;]]
Session ID: b91b9cc2b751a4292dcc5c13c338190c" type="org.openqa.selenium.InvalidArgumentException">
      <![CDATA[org.openqa.selenium.InvalidArgumentException: invalid argument: File not found : C:\Users\NEXSOFT\git\INTEGRATION-BOIM-NICO-NISA\INTEGRATION-BOIM-NICO-NISA\src\main\resources\gambarnisa\dev.png
  (Session info: chrome=105.0.5195.127)
Build info: version: '4.4.0', revision: 'e5c75ed026a'
System info: host: 'DESKTOP-8OTT66F', ip: '192.168.0.11', os.name: 'Windows 10', os.arch: 'amd64', os.version: '10.0', java.version: '17.0.4.1'
Driver info: org.openqa.selenium.chrome.ChromeDriver
Command: [b91b9cc2b751a4292dcc5c13c338190c, sendKeysToElement {id=fb9c25f4-1ffc-40d3-b2a3-967813d9748c, value=[Ljava.lang.CharSequence;@6c648d16}]
Capabilities {acceptInsecureCerts: false, browserName: chrome, browserVersion: 105.0.5195.127, chrome: {chromedriverVersion: 105.0.5195.52 (412c95e51883..., userDataDir: C:\Users\NEXSOFT\AppData\Lo...}, goog:chromeOptions: {debuggerAddress: localhost:51677}, networkConnectionEnabled: false, pageLoadStrategy: normal, platformName: WINDOWS, proxy: Proxy(), se:cdp: ws://localhost:51677/devtoo..., se:cdpVersion: 105.0.5195.127, setWindowRect: true, strictFileInteractability: false, timeouts: {implicit: 0, pageLoad: 300000, script: 30000}, unhandledPromptBehavior: dismiss and notify, webauthn:extension:credBlob: true, webauthn:extension:largeBlob: true, webauthn:virtualAuthenticators: true}
Element: [[ChromeDriver: chrome on WINDOWS (b91b9cc2b751a4292dcc5c13c338190c)] -> xpath: //input[@name='uploadedFile']]
Session ID: b91b9cc2b751a4292dcc5c13c338190c
at jdk.internal.reflect.GeneratedConstructorAccessor29.newInstance(Unknown Source)
at java.base/jdk.internal.reflect.DelegatingConstructorAccessorImpl.newInstance(DelegatingConstructorAccessorImpl.java:45)
at java.base/java.lang.reflect.Constructor.newInstanceWithCaller(Constructor.java:499)
at java.base/java.lang.reflect.Constructor.newInstance(Constructor.java:480)
at org.openqa.selenium.remote.codec.w3c.W3CHttpResponseCodec.createException(W3CHttpResponseCodec.java:200)
at org.openqa.selenium.remote.codec.w3c.W3CHttpResponseCodec.decode(W3CHttpResponseCodec.java:133)
at org.openqa.selenium.remote.codec.w3c.W3CHttpResponseCodec.decode(W3CHttpResponseCodec.java:53)
at org.openqa.selenium.remote.HttpCommandExecutor.execute(HttpCommandExecutor.java:184)
at org.openqa.selenium.remote.service.DriverCommandExecutor.invokeExecute(DriverCommandExecutor.java:167)
at org.openqa.selenium.remote.service.DriverCommandExecutor.execute(DriverCommandExecutor.java:142)
at org.openqa.selenium.remote.RemoteWebDriver.execute(RemoteWebDriver.java:547)
at org.openqa.selenium.remote.RemoteWebElement.execute(RemoteWebElement.java:257)
at org.openqa.selenium.remote.RemoteWebElement.sendKeys(RemoteWebElement.java:113)
at jdk.internal.reflect.GeneratedMethodAccessor128.invoke(Unknown Source)
at java.base/jdk.internal.reflect.DelegatingMethodAccessorImpl.invoke(DelegatingMethodAccessorImpl.java:43)
at java.base/java.lang.reflect.Method.invoke(Method.java:568)
at org.openqa.selenium.support.pagefactory.internal.LocatingElementHandler.invoke(LocatingElementHandler.java:52)
at jdk.proxy2/jdk.proxy2.$Proxy32.sendKeys(Unknown Source)
at cucumber.framework.page.jcadmin.JCAdminTestimonial.uploadFile(JCAdminTestimonial.java:302)
at cucumber.framework.page.jcadmin.JCAdminTestimonial.tambahDataTestimonialNegativeNoActiveIsi(JCAdminTestimonial.java:360)
at cucumber.framework.runner.jcadmin.Anisa.JCTambahNegatifTestimonialImpl.admin_isi_form_negative_rating_angka_rating_no_active_kosong_isi_testi(JCTambahNegatifTestimonialImpl.java:113)
at ?.TE024N Admin isi form negative rating 5 no active kosong isi testi(file:///C:/Users/NEXSOFT/git/INTEGRATION-BOIM-NICO-NISA/INTEGRATION-BOIM-NICO-NISA/src/main/resources/jcadmin/anisa/002Testimonial002TambahNegatif.feature:49)
]]>
    </error>
  </testcase> <!-- runScenario -->
  <system-out/>
  <testcase classname="cucumber.framework.runner.jcadmin.JCAdminRunnerKolektif" name="runScenario" time="14.117"/>
  <system-out/>
  <testcase classname="cucumber.framework.runner.jcadmin.JCAdminRunnerKolektif" name="runScenario" time="3.117"/>
  <system-out/>
  <testcase classname="cucumber.framework.runner.jcadmin.JCAdminRunnerKolektif" name="runScenario" time="12.499"/>
  <system-out/>
  <testcase classname="cucumber.framework.runner.jcadmin.JCAdminRunnerKolektif" name="runScenario" time="10.589">
    <error message="invalid argument: File not found : C:\Users\NEXSOFT\git\INTEGRATION-BOIM-NICO-NISA\INTEGRATION-BOIM-NICO-NISA\src\main\resources\gambarnisa\dev.png
  (Session info: chrome=105.0.5195.127)
Build info: version: &#039;4.4.0&#039;, revision: &#039;e5c75ed026a&#039;
System info: host: &#039;DESKTOP-8OTT66F&#039;, ip: &#039;192.168.0.11&#039;, os.name: &#039;Windows 10&#039;, os.arch: &#039;amd64&#039;, os.version: &#039;10.0&#039;, java.version: &#039;17.0.4.1&#039;
Driver info: org.openqa.selenium.chrome.ChromeDriver
Command: [b91b9cc2b751a4292dcc5c13c338190c, sendKeysToElement {id=d7320db9-4931-4b1b-aab6-21b97fcebd83, value=[Ljava.lang.CharSequence;@76e11cc}]
Capabilities {acceptInsecureCerts: false, browserName: chrome, browserVersion: 105.0.5195.127, chrome: {chromedriverVersion: 105.0.5195.52 (412c95e51883..., userDataDir: C:\Users\NEXSOFT\AppData\Lo...}, goog:chromeOptions: {debuggerAddress: localhost:51677}, networkConnectionEnabled: false, pageLoadStrategy: normal, platformName: WINDOWS, proxy: Proxy(), se:cdp: ws://localhost:51677/devtoo..., se:cdpVersion: 105.0.5195.127, setWindowRect: true, strictFileInteractability: false, timeouts: {implicit: 0, pageLoad: 300000, script: 30000}, unhandledPromptBehavior: dismiss and notify, webauthn:extension:credBlob: true, webauthn:extension:largeBlob: true, webauthn:virtualAuthenticators: true}
Element: [[ChromeDriver: chrome on WINDOWS (b91b9cc2b751a4292dcc5c13c338190c)] -&gt; xpath: //input[@name=&#039;uploadedFile&#039;]]
Session ID: b91b9cc2b751a4292dcc5c13c338190c" type="org.openqa.selenium.InvalidArgumentException">
      <![CDATA[org.openqa.selenium.InvalidArgumentException: invalid argument: File not found : C:\Users\NEXSOFT\git\INTEGRATION-BOIM-NICO-NISA\INTEGRATION-BOIM-NICO-NISA\src\main\resources\gambarnisa\dev.png
  (Session info: chrome=105.0.5195.127)
Build info: version: '4.4.0', revision: 'e5c75ed026a'
System info: host: 'DESKTOP-8OTT66F', ip: '192.168.0.11', os.name: 'Windows 10', os.arch: 'amd64', os.version: '10.0', java.version: '17.0.4.1'
Driver info: org.openqa.selenium.chrome.ChromeDriver
Command: [b91b9cc2b751a4292dcc5c13c338190c, sendKeysToElement {id=d7320db9-4931-4b1b-aab6-21b97fcebd83, value=[Ljava.lang.CharSequence;@76e11cc}]
Capabilities {acceptInsecureCerts: false, browserName: chrome, browserVersion: 105.0.5195.127, chrome: {chromedriverVersion: 105.0.5195.52 (412c95e51883..., userDataDir: C:\Users\NEXSOFT\AppData\Lo...}, goog:chromeOptions: {debuggerAddress: localhost:51677}, networkConnectionEnabled: false, pageLoadStrategy: normal, platformName: WINDOWS, proxy: Proxy(), se:cdp: ws://localhost:51677/devtoo..., se:cdpVersion: 105.0.5195.127, setWindowRect: true, strictFileInteractability: false, timeouts: {implicit: 0, pageLoad: 300000, script: 30000}, unhandledPromptBehavior: dismiss and notify, webauthn:extension:credBlob: true, webauthn:extension:largeBlob: true, webauthn:virtualAuthenticators: true}
Element: [[ChromeDriver: chrome on WINDOWS (b91b9cc2b751a4292dcc5c13c338190c)] -> xpath: //input[@name='uploadedFile']]
Session ID: b91b9cc2b751a4292dcc5c13c338190c
at jdk.internal.reflect.GeneratedConstructorAccessor29.newInstance(Unknown Source)
at java.base/jdk.internal.reflect.DelegatingConstructorAccessorImpl.newInstance(DelegatingConstructorAccessorImpl.java:45)
at java.base/java.lang.reflect.Constructor.newInstanceWithCaller(Constructor.java:499)
at java.base/java.lang.reflect.Constructor.newInstance(Constructor.java:480)
at org.openqa.selenium.remote.codec.w3c.W3CHttpResponseCodec.createException(W3CHttpResponseCodec.java:200)
at org.openqa.selenium.remote.codec.w3c.W3CHttpResponseCodec.decode(W3CHttpResponseCodec.java:133)
at org.openqa.selenium.remote.codec.w3c.W3CHttpResponseCodec.decode(W3CHttpResponseCodec.java:53)
at org.openqa.selenium.remote.HttpCommandExecutor.execute(HttpCommandExecutor.java:184)
at org.openqa.selenium.remote.service.DriverCommandExecutor.invokeExecute(DriverCommandExecutor.java:167)
at org.openqa.selenium.remote.service.DriverCommandExecutor.execute(DriverCommandExecutor.java:142)
at org.openqa.selenium.remote.RemoteWebDriver.execute(RemoteWebDriver.java:547)
at org.openqa.selenium.remote.RemoteWebElement.execute(RemoteWebElement.java:257)
at org.openqa.selenium.remote.RemoteWebElement.sendKeys(RemoteWebElement.java:113)
at jdk.internal.reflect.GeneratedMethodAccessor128.invoke(Unknown Source)
at java.base/jdk.internal.reflect.DelegatingMethodAccessorImpl.invoke(DelegatingMethodAccessorImpl.java:43)
at java.base/java.lang.reflect.Method.invoke(Method.java:568)
at org.openqa.selenium.support.pagefactory.internal.LocatingElementHandler.invoke(LocatingElementHandler.java:52)
at jdk.proxy2/jdk.proxy2.$Proxy32.sendKeys(Unknown Source)
at cucumber.framework.page.jcadmin.JCAdminTestimonial.uploadFile(JCAdminTestimonial.java:302)
at cucumber.framework.page.jcadmin.JCAdminTestimonial.tambahDataTestimonialNegativeNoActiveIsi(JCAdminTestimonial.java:360)
at cucumber.framework.runner.jcadmin.Anisa.JCTambahNegatifTestimonialImpl.admin_isi_form_negative_rating_angka_rating_no_active_kosong_isi_testi(JCTambahNegatifTestimonialImpl.java:113)
at ?.TE023N Admin isi form negative rating 4 no active kosong isi testi(file:///C:/Users/NEXSOFT/git/INTEGRATION-BOIM-NICO-NISA/INTEGRATION-BOIM-NICO-NISA/src/main/resources/jcadmin/anisa/002Testimonial002TambahNegatif.feature:49)
]]>
    </error>
  </testcase> <!-- runScenario -->
  <system-out/>
  <testcase classname="cucumber.framework.runner.jcadmin.JCAdminRunnerKolektif" name="runScenario" time="13.410"/>
  <system-out/>
  <testcase classname="cucumber.framework.runner.jcadmin.JCAdminRunnerKolektif" name="runScenario" time="17.537"/>
  <system-out/>
  <testcase classname="cucumber.framework.runner.jcadmin.JCAdminRunnerKolektif" name="runScenario" time="12.555"/>
  <system-out/>
  <testcase classname="cucumber.framework.runner.jcadmin.JCAdminRunnerKolektif" name="runScenario" time="9.343">
    <error message="invalid argument: File not found : C:\Users\NEXSOFT\git\INTEGRATION-BOIM-NICO-NISA\INTEGRATION-BOIM-NICO-NISA\src\main\resources\gambarnisa\jerome.jpeg
  (Session info: chrome=105.0.5195.127)
Build info: version: &#039;4.4.0&#039;, revision: &#039;e5c75ed026a&#039;
System info: host: &#039;DESKTOP-8OTT66F&#039;, ip: &#039;192.168.0.11&#039;, os.name: &#039;Windows 10&#039;, os.arch: &#039;amd64&#039;, os.version: &#039;10.0&#039;, java.version: &#039;17.0.4.1&#039;
Driver info: org.openqa.selenium.chrome.ChromeDriver
Command: [b91b9cc2b751a4292dcc5c13c338190c, sendKeysToElement {id=b37885d5-57e5-4875-9c46-1c7955054654, value=[Ljava.lang.CharSequence;@35355074}]
Capabilities {acceptInsecureCerts: false, browserName: chrome, browserVersion: 105.0.5195.127, chrome: {chromedriverVersion: 105.0.5195.52 (412c95e51883..., userDataDir: C:\Users\NEXSOFT\AppData\Lo...}, goog:chromeOptions: {debuggerAddress: localhost:51677}, networkConnectionEnabled: false, pageLoadStrategy: normal, platformName: WINDOWS, proxy: Proxy(), se:cdp: ws://localhost:51677/devtoo..., se:cdpVersion: 105.0.5195.127, setWindowRect: true, strictFileInteractability: false, timeouts: {implicit: 0, pageLoad: 300000, script: 30000}, unhandledPromptBehavior: dismiss and notify, webauthn:extension:credBlob: true, webauthn:extension:largeBlob: true, webauthn:virtualAuthenticators: true}
Element: [[ChromeDriver: chrome on WINDOWS (b91b9cc2b751a4292dcc5c13c338190c)] -&gt; xpath: //input[@name=&#039;uploadedFile&#039;]]
Session ID: b91b9cc2b751a4292dcc5c13c338190c" type="org.openqa.selenium.InvalidArgumentException">
      <![CDATA[org.openqa.selenium.InvalidArgumentException: invalid argument: File not found : C:\Users\NEXSOFT\git\INTEGRATION-BOIM-NICO-NISA\INTEGRATION-BOIM-NICO-NISA\src\main\resources\gambarnisa\jerome.jpeg
  (Session info: chrome=105.0.5195.127)
Build info: version: '4.4.0', revision: 'e5c75ed026a'
System info: host: 'DESKTOP-8OTT66F', ip: '192.168.0.11', os.name: 'Windows 10', os.arch: 'amd64', os.version: '10.0', java.version: '17.0.4.1'
Driver info: org.openqa.selenium.chrome.ChromeDriver
Command: [b91b9cc2b751a4292dcc5c13c338190c, sendKeysToElement {id=b37885d5-57e5-4875-9c46-1c7955054654, value=[Ljava.lang.CharSequence;@35355074}]
Capabilities {acceptInsecureCerts: false, browserName: chrome, browserVersion: 105.0.5195.127, chrome: {chromedriverVersion: 105.0.5195.52 (412c95e51883..., userDataDir: C:\Users\NEXSOFT\AppData\Lo...}, goog:chromeOptions: {debuggerAddress: localhost:51677}, networkConnectionEnabled: false, pageLoadStrategy: normal, platformName: WINDOWS, proxy: Proxy(), se:cdp: ws://localhost:51677/devtoo..., se:cdpVersion: 105.0.5195.127, setWindowRect: true, strictFileInteractability: false, timeouts: {implicit: 0, pageLoad: 300000, script: 30000}, unhandledPromptBehavior: dismiss and notify, webauthn:extension:credBlob: true, webauthn:extension:largeBlob: true, webauthn:virtualAuthenticators: true}
Element: [[ChromeDriver: chrome on WINDOWS (b91b9cc2b751a4292dcc5c13c338190c)] -> xpath: //input[@name='uploadedFile']]
Session ID: b91b9cc2b751a4292dcc5c13c338190c
at java.base/jdk.internal.reflect.NativeConstructorAccessorImpl.newInstance0(Native Method)
at java.base/jdk.internal.reflect.NativeConstructorAccessorImpl.newInstance(NativeConstructorAccessorImpl.java:77)
at java.base/jdk.internal.reflect.DelegatingConstructorAccessorImpl.newInstance(DelegatingConstructorAccessorImpl.java:45)
at java.base/java.lang.reflect.Constructor.newInstanceWithCaller(Constructor.java:499)
at java.base/java.lang.reflect.Constructor.newInstance(Constructor.java:480)
at org.openqa.selenium.remote.codec.w3c.W3CHttpResponseCodec.createException(W3CHttpResponseCodec.java:200)
at org.openqa.selenium.remote.codec.w3c.W3CHttpResponseCodec.decode(W3CHttpResponseCodec.java:133)
at org.openqa.selenium.remote.codec.w3c.W3CHttpResponseCodec.decode(W3CHttpResponseCodec.java:53)
at org.openqa.selenium.remote.HttpCommandExecutor.execute(HttpCommandExecutor.java:184)
at org.openqa.selenium.remote.service.DriverCommandExecutor.invokeExecute(DriverCommandExecutor.java:167)
at org.openqa.selenium.remote.service.DriverCommandExecutor.execute(DriverCommandExecutor.java:142)
at org.openqa.selenium.remote.RemoteWebDriver.execute(RemoteWebDriver.java:547)
at org.openqa.selenium.remote.RemoteWebElement.execute(RemoteWebElement.java:257)
at org.openqa.selenium.remote.RemoteWebElement.sendKeys(RemoteWebElement.java:113)
at jdk.internal.reflect.GeneratedMethodAccessor128.invoke(Unknown Source)
at java.base/jdk.internal.reflect.DelegatingMethodAccessorImpl.invoke(DelegatingMethodAccessorImpl.java:43)
at java.base/java.lang.reflect.Method.invoke(Method.java:568)
at org.openqa.selenium.support.pagefactory.internal.LocatingElementHandler.invoke(LocatingElementHandler.java:52)
at jdk.proxy2/jdk.proxy2.$Proxy32.sendKeys(Unknown Source)
at cucumber.framework.page.jcadmin.JCAdminTestimonial.uploadFile(JCAdminTestimonial.java:302)
at cucumber.framework.page.jcadmin.JCAdminTestimonial.tambahDataTestimonialNegativeActive(JCAdminTestimonial.java:312)
at cucumber.framework.runner.jcadmin.Anisa.JCTambahNegatifTestimonialImpl.admin_mengisi_form_negative_dengan_rating_angka_rating_active(JCTambahNegatifTestimonialImpl.java:50)
at ?.TE006N Admin mengisi form negative dengan rating 5 active(file:///C:/Users/NEXSOFT/git/INTEGRATION-BOIM-NICO-NISA/INTEGRATION-BOIM-NICO-NISA/src/main/resources/jcadmin/anisa/002Testimonial002TambahNegatif.feature:7)
]]>
    </error>
  </testcase> <!-- runScenario -->
  <system-out/>
  <testcase classname="cucumber.framework.runner.jcadmin.JCAdminRunnerKolektif" name="runScenario" time="26.817"/>
  <system-out/>
  <testcase classname="cucumber.framework.runner.jcadmin.JCAdminRunnerKolektif" name="runScenario" time="12.886"/>
  <system-out/>
  <testcase classname="cucumber.framework.runner.jcadmin.JCAdminRunnerKolektif" name="runScenario" time="9.025"/>
  <system-out/>
  <testcase classname="cucumber.framework.runner.jcadmin.JCAdminRunnerKolektif" name="runScenario" time="35.346">
    <failure message="expected [Cek Isi Content] but found [lsdkof sfp opkdfkpskfs kf seofkokeof okfokef osefokesf efokefpokfok &lt;&gt;]" type="java.lang.AssertionError">
      <![CDATA[java.lang.AssertionError: expected [Cek Isi Content] but found [lsdkof sfp opkdfkpskfs kf seofkokeof okfokef osefokesf efokefpokfok <>]
at org.testng.Assert.fail(Assert.java:110)
at org.testng.Assert.failNotEquals(Assert.java:1413)
at org.testng.Assert.assertEqualsImpl(Assert.java:149)
at org.testng.Assert.assertEquals(Assert.java:131)
at org.testng.Assert.assertEquals(Assert.java:655)
at org.testng.Assert.assertEquals(Assert.java:665)
at cucumber.framework.runner.jcadmin.Cnico.JCAdminBlogFindAndEditNegativeImpl.kode_admin_menekan_kotak_blog_untuk_validasi_case_bernilai_ubah(JCAdminBlogFindAndEditNegativeImpl.java:168)
at ?.BL010N Admin menekan kotak blog untuk validasi Content bernilai Cek Isi Content(file:///C:/Users/NEXSOFT/git/INTEGRATION-BOIM-NICO-NISA/INTEGRATION-BOIM-NICO-NISA/src/main/resources/jcadmin/nico/006Blog005FindAndEditBlogNegative.feature:40)
]]>
    </failure>
  </testcase> <!-- runScenario -->
  <system-out/>
  <testcase classname="cucumber.framework.runner.jcadmin.JCAdminRunnerKolektif" name="runScenario" time="13.001"/>
  <system-out/>
  <testcase classname="cucumber.framework.runner.jcadmin.JCAdminRunnerKolektif" name="runScenario" time="13.559"/>
  <system-out/>
  <testcase classname="cucumber.framework.runner.jcadmin.JCAdminRunnerKolektif" name="runScenario" time="23.002"/>
  <system-out/>
  <testcase classname="cucumber.framework.runner.jcadmin.JCAdminRunnerKolektif" name="runScenario" time="17.717">
    <error message="invalid argument: File not found : C:\Users\NEXSOFT\git\INTEGRATION-BOIM-NICO-NISA\INTEGRATION-BOIM-NICO-NISA\src\main\resources\gambarnisa\jerome.jpeg
  (Session info: chrome=105.0.5195.127)
Build info: version: &#039;4.4.0&#039;, revision: &#039;e5c75ed026a&#039;
System info: host: &#039;DESKTOP-8OTT66F&#039;, ip: &#039;192.168.0.11&#039;, os.name: &#039;Windows 10&#039;, os.arch: &#039;amd64&#039;, os.version: &#039;10.0&#039;, java.version: &#039;17.0.4.1&#039;
Driver info: org.openqa.selenium.chrome.ChromeDriver
Command: [b91b9cc2b751a4292dcc5c13c338190c, sendKeysToElement {id=33cba704-f31b-4949-a0a4-2697bf2c2313, value=[Ljava.lang.CharSequence;@5ca29f17}]
Capabilities {acceptInsecureCerts: false, browserName: chrome, browserVersion: 105.0.5195.127, chrome: {chromedriverVersion: 105.0.5195.52 (412c95e51883..., userDataDir: C:\Users\NEXSOFT\AppData\Lo...}, goog:chromeOptions: {debuggerAddress: localhost:51677}, networkConnectionEnabled: false, pageLoadStrategy: normal, platformName: WINDOWS, proxy: Proxy(), se:cdp: ws://localhost:51677/devtoo..., se:cdpVersion: 105.0.5195.127, setWindowRect: true, strictFileInteractability: false, timeouts: {implicit: 0, pageLoad: 300000, script: 30000}, unhandledPromptBehavior: dismiss and notify, webauthn:extension:credBlob: true, webauthn:extension:largeBlob: true, webauthn:virtualAuthenticators: true}
Element: [[ChromeDriver: chrome on WINDOWS (b91b9cc2b751a4292dcc5c13c338190c)] -&gt; xpath: //input[@name=&#039;uploadedFile&#039;]]
Session ID: b91b9cc2b751a4292dcc5c13c338190c" type="org.openqa.selenium.InvalidArgumentException">
      <![CDATA[org.openqa.selenium.InvalidArgumentException: invalid argument: File not found : C:\Users\NEXSOFT\git\INTEGRATION-BOIM-NICO-NISA\INTEGRATION-BOIM-NICO-NISA\src\main\resources\gambarnisa\jerome.jpeg
  (Session info: chrome=105.0.5195.127)
Build info: version: '4.4.0', revision: 'e5c75ed026a'
System info: host: 'DESKTOP-8OTT66F', ip: '192.168.0.11', os.name: 'Windows 10', os.arch: 'amd64', os.version: '10.0', java.version: '17.0.4.1'
Driver info: org.openqa.selenium.chrome.ChromeDriver
Command: [b91b9cc2b751a4292dcc5c13c338190c, sendKeysToElement {id=33cba704-f31b-4949-a0a4-2697bf2c2313, value=[Ljava.lang.CharSequence;@5ca29f17}]
Capabilities {acceptInsecureCerts: false, browserName: chrome, browserVersion: 105.0.5195.127, chrome: {chromedriverVersion: 105.0.5195.52 (412c95e51883..., userDataDir: C:\Users\NEXSOFT\AppData\Lo...}, goog:chromeOptions: {debuggerAddress: localhost:51677}, networkConnectionEnabled: false, pageLoadStrategy: normal, platformName: WINDOWS, proxy: Proxy(), se:cdp: ws://localhost:51677/devtoo..., se:cdpVersion: 105.0.5195.127, setWindowRect: true, strictFileInteractability: false, timeouts: {implicit: 0, pageLoad: 300000, script: 30000}, unhandledPromptBehavior: dismiss and notify, webauthn:extension:credBlob: true, webauthn:extension:largeBlob: true, webauthn:virtualAuthenticators: true}
Element: [[ChromeDriver: chrome on WINDOWS (b91b9cc2b751a4292dcc5c13c338190c)] -> xpath: //input[@name='uploadedFile']]
Session ID: b91b9cc2b751a4292dcc5c13c338190c
at jdk.internal.reflect.GeneratedConstructorAccessor29.newInstance(Unknown Source)
at java.base/jdk.internal.reflect.DelegatingConstructorAccessorImpl.newInstance(DelegatingConstructorAccessorImpl.java:45)
at java.base/java.lang.reflect.Constructor.newInstanceWithCaller(Constructor.java:499)
at java.base/java.lang.reflect.Constructor.newInstance(Constructor.java:480)
at org.openqa.selenium.remote.codec.w3c.W3CHttpResponseCodec.createException(W3CHttpResponseCodec.java:200)
at org.openqa.selenium.remote.codec.w3c.W3CHttpResponseCodec.decode(W3CHttpResponseCodec.java:133)
at org.openqa.selenium.remote.codec.w3c.W3CHttpResponseCodec.decode(W3CHttpResponseCodec.java:53)
at org.openqa.selenium.remote.HttpCommandExecutor.execute(HttpCommandExecutor.java:184)
at org.openqa.selenium.remote.service.DriverCommandExecutor.invokeExecute(DriverCommandExecutor.java:167)
at org.openqa.selenium.remote.service.DriverCommandExecutor.execute(DriverCommandExecutor.java:142)
at org.openqa.selenium.remote.RemoteWebDriver.execute(RemoteWebDriver.java:547)
at org.openqa.selenium.remote.RemoteWebElement.execute(RemoteWebElement.java:257)
at org.openqa.selenium.remote.RemoteWebElement.sendKeys(RemoteWebElement.java:113)
at jdk.internal.reflect.GeneratedMethodAccessor128.invoke(Unknown Source)
at java.base/jdk.internal.reflect.DelegatingMethodAccessorImpl.invoke(DelegatingMethodAccessorImpl.java:43)
at java.base/java.lang.reflect.Method.invoke(Method.java:568)
at org.openqa.selenium.support.pagefactory.internal.LocatingElementHandler.invoke(LocatingElementHandler.java:52)
at jdk.proxy2/jdk.proxy2.$Proxy32.sendKeys(Unknown Source)
at cucumber.framework.page.jcadmin.JCAdminTestimonial.uploadFile(JCAdminTestimonial.java:302)
at cucumber.framework.page.jcadmin.JCAdminTestimonial.tambahDataTestimonialNegativeActiveIsi(JCAdminTestimonial.java:344)
at cucumber.framework.runner.jcadmin.Anisa.JCTambahNegatifTestimonialImpl.admin_isi_form_negative_dengan_rating_angka_rating_active_kosong_isi(JCTambahNegatifTestimonialImpl.java:92)
at ?.TE017N Admin isi form negative dengan rating 4 active kosong isi(file:///C:/Users/NEXSOFT/git/INTEGRATION-BOIM-NICO-NISA/INTEGRATION-BOIM-NICO-NISA/src/main/resources/jcadmin/anisa/002Testimonial002TambahNegatif.feature:35)
]]>
    </error>
  </testcase> <!-- runScenario -->
  <system-out/>
  <testcase classname="cucumber.framework.runner.jcadmin.JCAdminRunnerKolektif" name="runScenario" time="8.893">
    <error message="invalid argument: File not found : C:\Users\NEXSOFT\git\INTEGRATION-BOIM-NICO-NISA\INTEGRATION-BOIM-NICO-NISA\src\main\resources\gambarnisa\jerome.jpeg
  (Session info: chrome=105.0.5195.127)
Build info: version: &#039;4.4.0&#039;, revision: &#039;e5c75ed026a&#039;
System info: host: &#039;DESKTOP-8OTT66F&#039;, ip: &#039;192.168.0.11&#039;, os.name: &#039;Windows 10&#039;, os.arch: &#039;amd64&#039;, os.version: &#039;10.0&#039;, java.version: &#039;17.0.4.1&#039;
Driver info: org.openqa.selenium.chrome.ChromeDriver
Command: [b91b9cc2b751a4292dcc5c13c338190c, sendKeysToElement {id=f91ce5d1-6f4d-4494-86c4-a3840898d8ef, value=[Ljava.lang.CharSequence;@c7b276}]
Capabilities {acceptInsecureCerts: false, browserName: chrome, browserVersion: 105.0.5195.127, chrome: {chromedriverVersion: 105.0.5195.52 (412c95e51883..., userDataDir: C:\Users\NEXSOFT\AppData\Lo...}, goog:chromeOptions: {debuggerAddress: localhost:51677}, networkConnectionEnabled: false, pageLoadStrategy: normal, platformName: WINDOWS, proxy: Proxy(), se:cdp: ws://localhost:51677/devtoo..., se:cdpVersion: 105.0.5195.127, setWindowRect: true, strictFileInteractability: false, timeouts: {implicit: 0, pageLoad: 300000, script: 30000}, unhandledPromptBehavior: dismiss and notify, webauthn:extension:credBlob: true, webauthn:extension:largeBlob: true, webauthn:virtualAuthenticators: true}
Element: [[ChromeDriver: chrome on WINDOWS (b91b9cc2b751a4292dcc5c13c338190c)] -&gt; xpath: //input[@name=&#039;uploadedFile&#039;]]
Session ID: b91b9cc2b751a4292dcc5c13c338190c" type="org.openqa.selenium.InvalidArgumentException">
      <![CDATA[org.openqa.selenium.InvalidArgumentException: invalid argument: File not found : C:\Users\NEXSOFT\git\INTEGRATION-BOIM-NICO-NISA\INTEGRATION-BOIM-NICO-NISA\src\main\resources\gambarnisa\jerome.jpeg
  (Session info: chrome=105.0.5195.127)
Build info: version: '4.4.0', revision: 'e5c75ed026a'
System info: host: 'DESKTOP-8OTT66F', ip: '192.168.0.11', os.name: 'Windows 10', os.arch: 'amd64', os.version: '10.0', java.version: '17.0.4.1'
Driver info: org.openqa.selenium.chrome.ChromeDriver
Command: [b91b9cc2b751a4292dcc5c13c338190c, sendKeysToElement {id=f91ce5d1-6f4d-4494-86c4-a3840898d8ef, value=[Ljava.lang.CharSequence;@c7b276}]
Capabilities {acceptInsecureCerts: false, browserName: chrome, browserVersion: 105.0.5195.127, chrome: {chromedriverVersion: 105.0.5195.52 (412c95e51883..., userDataDir: C:\Users\NEXSOFT\AppData\Lo...}, goog:chromeOptions: {debuggerAddress: localhost:51677}, networkConnectionEnabled: false, pageLoadStrategy: normal, platformName: WINDOWS, proxy: Proxy(), se:cdp: ws://localhost:51677/devtoo..., se:cdpVersion: 105.0.5195.127, setWindowRect: true, strictFileInteractability: false, timeouts: {implicit: 0, pageLoad: 300000, script: 30000}, unhandledPromptBehavior: dismiss and notify, webauthn:extension:credBlob: true, webauthn:extension:largeBlob: true, webauthn:virtualAuthenticators: true}
Element: [[ChromeDriver: chrome on WINDOWS (b91b9cc2b751a4292dcc5c13c338190c)] -> xpath: //input[@name='uploadedFile']]
Session ID: b91b9cc2b751a4292dcc5c13c338190c
at jdk.internal.reflect.GeneratedConstructorAccessor29.newInstance(Unknown Source)
at java.base/jdk.internal.reflect.DelegatingConstructorAccessorImpl.newInstance(DelegatingConstructorAccessorImpl.java:45)
at java.base/java.lang.reflect.Constructor.newInstanceWithCaller(Constructor.java:499)
at java.base/java.lang.reflect.Constructor.newInstance(Constructor.java:480)
at org.openqa.selenium.remote.codec.w3c.W3CHttpResponseCodec.createException(W3CHttpResponseCodec.java:200)
at org.openqa.selenium.remote.codec.w3c.W3CHttpResponseCodec.decode(W3CHttpResponseCodec.java:133)
at org.openqa.selenium.remote.codec.w3c.W3CHttpResponseCodec.decode(W3CHttpResponseCodec.java:53)
at org.openqa.selenium.remote.HttpCommandExecutor.execute(HttpCommandExecutor.java:184)
at org.openqa.selenium.remote.service.DriverCommandExecutor.invokeExecute(DriverCommandExecutor.java:167)
at org.openqa.selenium.remote.service.DriverCommandExecutor.execute(DriverCommandExecutor.java:142)
at org.openqa.selenium.remote.RemoteWebDriver.execute(RemoteWebDriver.java:547)
at org.openqa.selenium.remote.RemoteWebElement.execute(RemoteWebElement.java:257)
at org.openqa.selenium.remote.RemoteWebElement.sendKeys(RemoteWebElement.java:113)
at jdk.internal.reflect.GeneratedMethodAccessor128.invoke(Unknown Source)
at java.base/jdk.internal.reflect.DelegatingMethodAccessorImpl.invoke(DelegatingMethodAccessorImpl.java:43)
at java.base/java.lang.reflect.Method.invoke(Method.java:568)
at org.openqa.selenium.support.pagefactory.internal.LocatingElementHandler.invoke(LocatingElementHandler.java:52)
at jdk.proxy2/jdk.proxy2.$Proxy32.sendKeys(Unknown Source)
at cucumber.framework.page.jcadmin.JCAdminTestimonial.uploadFile(JCAdminTestimonial.java:302)
at cucumber.framework.page.jcadmin.JCAdminTestimonial.tambahDataTestimonialNegativeActiveChar(JCAdminTestimonial.java:376)
at cucumber.framework.runner.jcadmin.Anisa.JCTambahNegatifTestimonialImpl.admin_mengisi_negative_form_dengan_rating_angka_rating_active_panjang_karakter(JCTambahNegatifTestimonialImpl.java:134)
at ?.TE030N Admin mengisi negative form dengan rating 5 active panjang karakter(file:///C:/Users/NEXSOFT/git/INTEGRATION-BOIM-NICO-NISA/INTEGRATION-BOIM-NICO-NISA/src/main/resources/jcadmin/anisa/002Testimonial002TambahNegatif.feature:63)
]]>
    </error>
  </testcase> <!-- runScenario -->
  <system-out/>
  <testcase classname="cucumber.framework.runner.jcadmin.JCAdminRunnerKolektif" name="runScenario" time="16.014">
    <failure message="expected [Yes] but found [No]" type="java.lang.AssertionError">
      <![CDATA[java.lang.AssertionError: expected [Yes] but found [No]
at org.testng.Assert.fail(Assert.java:110)
at org.testng.Assert.failNotEquals(Assert.java:1413)
at org.testng.Assert.assertEqualsImpl(Assert.java:149)
at org.testng.Assert.assertEquals(Assert.java:131)
at org.testng.Assert.assertEquals(Assert.java:655)
at org.testng.Assert.assertEquals(Assert.java:665)
at cucumber.framework.runner.jcadmin.Cnico.JCAdminBlogFindAndEditNegativeImpl.kode_admin_menekan_tombol_simpan_edit_status_status_menjadi_ubah(JCAdminBlogFindAndEditNegativeImpl.java:120)
at ?.BL007N Admin menekan tombol simpan edit status set to home No menjadi Yes(file:///C:/Users/NEXSOFT/git/INTEGRATION-BOIM-NICO-NISA/INTEGRATION-BOIM-NICO-NISA/src/main/resources/jcadmin/nico/006Blog005FindAndEditBlogNegative.feature:23)
]]>
    </failure>
  </testcase> <!-- runScenario -->
  <system-out/>
  <testcase classname="cucumber.framework.runner.jcadmin.JCAdminRunnerKolektif" name="runScenario" time="26.189"/>
  <system-out/>
  <testcase classname="cucumber.framework.runner.jcadmin.JCAdminRunnerKolektif" name="runScenario" time="13.177"/>
  <system-out/>
  <testcase classname="cucumber.framework.runner.jcadmin.JCAdminRunnerKolektif" name="runScenario" time="12.747"/>
  <system-out/>
  <testcase classname="cucumber.framework.runner.jcadmin.JCAdminRunnerKolektif" name="runScenario" time="3.225"/>
  <system-out/>
  <testcase classname="cucumber.framework.runner.jcadmin.JCAdminRunnerKolektif" name="runScenario" time="12.441"/>
  <system-out/>
  <testcase classname="cucumber.framework.runner.jcadmin.JCAdminRunnerKolektif" name="runScenario" time="2.894"/>
  <system-out/>
  <testcase classname="cucumber.framework.runner.jcadmin.JCAdminRunnerKolektif" name="runScenario" time="8.798">
    <error message="invalid argument: File not found : C:\Users\NEXSOFT\git\INTEGRATION-BOIM-NICO-NISA\INTEGRATION-BOIM-NICO-NISA\src\main\resources\gambarnisa\dev.png
  (Session info: chrome=105.0.5195.127)
Build info: version: &#039;4.4.0&#039;, revision: &#039;e5c75ed026a&#039;
System info: host: &#039;DESKTOP-8OTT66F&#039;, ip: &#039;192.168.0.11&#039;, os.name: &#039;Windows 10&#039;, os.arch: &#039;amd64&#039;, os.version: &#039;10.0&#039;, java.version: &#039;17.0.4.1&#039;
Driver info: org.openqa.selenium.chrome.ChromeDriver
Command: [b91b9cc2b751a4292dcc5c13c338190c, sendKeysToElement {id=d890aa51-baa2-4ee5-adbd-6eab7aca98c0, value=[Ljava.lang.CharSequence;@645650b1}]
Capabilities {acceptInsecureCerts: false, browserName: chrome, browserVersion: 105.0.5195.127, chrome: {chromedriverVersion: 105.0.5195.52 (412c95e51883..., userDataDir: C:\Users\NEXSOFT\AppData\Lo...}, goog:chromeOptions: {debuggerAddress: localhost:51677}, networkConnectionEnabled: false, pageLoadStrategy: normal, platformName: WINDOWS, proxy: Proxy(), se:cdp: ws://localhost:51677/devtoo..., se:cdpVersion: 105.0.5195.127, setWindowRect: true, strictFileInteractability: false, timeouts: {implicit: 0, pageLoad: 300000, script: 30000}, unhandledPromptBehavior: dismiss and notify, webauthn:extension:credBlob: true, webauthn:extension:largeBlob: true, webauthn:virtualAuthenticators: true}
Element: [[ChromeDriver: chrome on WINDOWS (b91b9cc2b751a4292dcc5c13c338190c)] -&gt; xpath: //input[@name=&#039;uploadedFile&#039;]]
Session ID: b91b9cc2b751a4292dcc5c13c338190c" type="org.openqa.selenium.InvalidArgumentException">
      <![CDATA[org.openqa.selenium.InvalidArgumentException: invalid argument: File not found : C:\Users\NEXSOFT\git\INTEGRATION-BOIM-NICO-NISA\INTEGRATION-BOIM-NICO-NISA\src\main\resources\gambarnisa\dev.png
  (Session info: chrome=105.0.5195.127)
Build info: version: '4.4.0', revision: 'e5c75ed026a'
System info: host: 'DESKTOP-8OTT66F', ip: '192.168.0.11', os.name: 'Windows 10', os.arch: 'amd64', os.version: '10.0', java.version: '17.0.4.1'
Driver info: org.openqa.selenium.chrome.ChromeDriver
Command: [b91b9cc2b751a4292dcc5c13c338190c, sendKeysToElement {id=d890aa51-baa2-4ee5-adbd-6eab7aca98c0, value=[Ljava.lang.CharSequence;@645650b1}]
Capabilities {acceptInsecureCerts: false, browserName: chrome, browserVersion: 105.0.5195.127, chrome: {chromedriverVersion: 105.0.5195.52 (412c95e51883..., userDataDir: C:\Users\NEXSOFT\AppData\Lo...}, goog:chromeOptions: {debuggerAddress: localhost:51677}, networkConnectionEnabled: false, pageLoadStrategy: normal, platformName: WINDOWS, proxy: Proxy(), se:cdp: ws://localhost:51677/devtoo..., se:cdpVersion: 105.0.5195.127, setWindowRect: true, strictFileInteractability: false, timeouts: {implicit: 0, pageLoad: 300000, script: 30000}, unhandledPromptBehavior: dismiss and notify, webauthn:extension:credBlob: true, webauthn:extension:largeBlob: true, webauthn:virtualAuthenticators: true}
Element: [[ChromeDriver: chrome on WINDOWS (b91b9cc2b751a4292dcc5c13c338190c)] -> xpath: //input[@name='uploadedFile']]
Session ID: b91b9cc2b751a4292dcc5c13c338190c
at jdk.internal.reflect.GeneratedConstructorAccessor29.newInstance(Unknown Source)
at java.base/jdk.internal.reflect.DelegatingConstructorAccessorImpl.newInstance(DelegatingConstructorAccessorImpl.java:45)
at java.base/java.lang.reflect.Constructor.newInstanceWithCaller(Constructor.java:499)
at java.base/java.lang.reflect.Constructor.newInstance(Constructor.java:480)
at org.openqa.selenium.remote.codec.w3c.W3CHttpResponseCodec.createException(W3CHttpResponseCodec.java:200)
at org.openqa.selenium.remote.codec.w3c.W3CHttpResponseCodec.decode(W3CHttpResponseCodec.java:133)
at org.openqa.selenium.remote.codec.w3c.W3CHttpResponseCodec.decode(W3CHttpResponseCodec.java:53)
at org.openqa.selenium.remote.HttpCommandExecutor.execute(HttpCommandExecutor.java:184)
at org.openqa.selenium.remote.service.DriverCommandExecutor.invokeExecute(DriverCommandExecutor.java:167)
at org.openqa.selenium.remote.service.DriverCommandExecutor.execute(DriverCommandExecutor.java:142)
at org.openqa.selenium.remote.RemoteWebDriver.execute(RemoteWebDriver.java:547)
at org.openqa.selenium.remote.RemoteWebElement.execute(RemoteWebElement.java:257)
at org.openqa.selenium.remote.RemoteWebElement.sendKeys(RemoteWebElement.java:113)
at jdk.internal.reflect.GeneratedMethodAccessor128.invoke(Unknown Source)
at java.base/jdk.internal.reflect.DelegatingMethodAccessorImpl.invoke(DelegatingMethodAccessorImpl.java:43)
at java.base/java.lang.reflect.Method.invoke(Method.java:568)
at org.openqa.selenium.support.pagefactory.internal.LocatingElementHandler.invoke(LocatingElementHandler.java:52)
at jdk.proxy2/jdk.proxy2.$Proxy32.sendKeys(Unknown Source)
at cucumber.framework.page.jcadmin.JCAdminTestimonial.uploadFile(JCAdminTestimonial.java:302)
at cucumber.framework.page.jcadmin.JCAdminTestimonial.tambahDataTestimonialNegativeNoActiveChar(JCAdminTestimonial.java:394)
at cucumber.framework.runner.jcadmin.Anisa.JCTambahNegatifTestimonialImpl.admin_mengisi_form_dengan_rating_angka_rating_publish_no_active_karakter(JCTambahNegatifTestimonialImpl.java:154)
at ?.TE035N Admin mengisi form dengan rating 4 publish no active karakter(file:///C:/Users/NEXSOFT/git/INTEGRATION-BOIM-NICO-NISA/INTEGRATION-BOIM-NICO-NISA/src/main/resources/jcadmin/anisa/002Testimonial002TambahNegatif.feature:77)
]]>
    </error>
  </testcase> <!-- runScenario -->
  <system-out/>
  <testcase classname="cucumber.framework.runner.jcadmin.JCAdminRunnerKolektif" name="runScenario" time="9.024"/>
  <system-out/>
  <testcase classname="cucumber.framework.runner.jcadmin.JCAdminRunnerKolektif" name="runScenario" time="9.090">
    <error message="invalid argument: File not found : C:\Users\NEXSOFT\git\INTEGRATION-BOIM-NICO-NISA\INTEGRATION-BOIM-NICO-NISA\src\main\resources\gambarnisa\jerome.jpeg
  (Session info: chrome=105.0.5195.127)
Build info: version: &#039;4.4.0&#039;, revision: &#039;e5c75ed026a&#039;
System info: host: &#039;DESKTOP-8OTT66F&#039;, ip: &#039;192.168.0.11&#039;, os.name: &#039;Windows 10&#039;, os.arch: &#039;amd64&#039;, os.version: &#039;10.0&#039;, java.version: &#039;17.0.4.1&#039;
Driver info: org.openqa.selenium.chrome.ChromeDriver
Command: [b91b9cc2b751a4292dcc5c13c338190c, sendKeysToElement {id=d0135517-1766-4904-ab94-23addd72b4ae, value=[Ljava.lang.CharSequence;@72e4905c}]
Capabilities {acceptInsecureCerts: false, browserName: chrome, browserVersion: 105.0.5195.127, chrome: {chromedriverVersion: 105.0.5195.52 (412c95e51883..., userDataDir: C:\Users\NEXSOFT\AppData\Lo...}, goog:chromeOptions: {debuggerAddress: localhost:51677}, networkConnectionEnabled: false, pageLoadStrategy: normal, platformName: WINDOWS, proxy: Proxy(), se:cdp: ws://localhost:51677/devtoo..., se:cdpVersion: 105.0.5195.127, setWindowRect: true, strictFileInteractability: false, timeouts: {implicit: 0, pageLoad: 300000, script: 30000}, unhandledPromptBehavior: dismiss and notify, webauthn:extension:credBlob: true, webauthn:extension:largeBlob: true, webauthn:virtualAuthenticators: true}
Element: [[ChromeDriver: chrome on WINDOWS (b91b9cc2b751a4292dcc5c13c338190c)] -&gt; xpath: //input[@name=&#039;uploadedFile&#039;]]
Session ID: b91b9cc2b751a4292dcc5c13c338190c" type="org.openqa.selenium.InvalidArgumentException">
      <![CDATA[org.openqa.selenium.InvalidArgumentException: invalid argument: File not found : C:\Users\NEXSOFT\git\INTEGRATION-BOIM-NICO-NISA\INTEGRATION-BOIM-NICO-NISA\src\main\resources\gambarnisa\jerome.jpeg
  (Session info: chrome=105.0.5195.127)
Build info: version: '4.4.0', revision: 'e5c75ed026a'
System info: host: 'DESKTOP-8OTT66F', ip: '192.168.0.11', os.name: 'Windows 10', os.arch: 'amd64', os.version: '10.0', java.version: '17.0.4.1'
Driver info: org.openqa.selenium.chrome.ChromeDriver
Command: [b91b9cc2b751a4292dcc5c13c338190c, sendKeysToElement {id=d0135517-1766-4904-ab94-23addd72b4ae, value=[Ljava.lang.CharSequence;@72e4905c}]
Capabilities {acceptInsecureCerts: false, browserName: chrome, browserVersion: 105.0.5195.127, chrome: {chromedriverVersion: 105.0.5195.52 (412c95e51883..., userDataDir: C:\Users\NEXSOFT\AppData\Lo...}, goog:chromeOptions: {debuggerAddress: localhost:51677}, networkConnectionEnabled: false, pageLoadStrategy: normal, platformName: WINDOWS, proxy: Proxy(), se:cdp: ws://localhost:51677/devtoo..., se:cdpVersion: 105.0.5195.127, setWindowRect: true, strictFileInteractability: false, timeouts: {implicit: 0, pageLoad: 300000, script: 30000}, unhandledPromptBehavior: dismiss and notify, webauthn:extension:credBlob: true, webauthn:extension:largeBlob: true, webauthn:virtualAuthenticators: true}
Element: [[ChromeDriver: chrome on WINDOWS (b91b9cc2b751a4292dcc5c13c338190c)] -> xpath: //input[@name='uploadedFile']]
Session ID: b91b9cc2b751a4292dcc5c13c338190c
at java.base/jdk.internal.reflect.NativeConstructorAccessorImpl.newInstance0(Native Method)
at java.base/jdk.internal.reflect.NativeConstructorAccessorImpl.newInstance(NativeConstructorAccessorImpl.java:77)
at java.base/jdk.internal.reflect.DelegatingConstructorAccessorImpl.newInstance(DelegatingConstructorAccessorImpl.java:45)
at java.base/java.lang.reflect.Constructor.newInstanceWithCaller(Constructor.java:499)
at java.base/java.lang.reflect.Constructor.newInstance(Constructor.java:480)
at org.openqa.selenium.remote.codec.w3c.W3CHttpResponseCodec.createException(W3CHttpResponseCodec.java:200)
at org.openqa.selenium.remote.codec.w3c.W3CHttpResponseCodec.decode(W3CHttpResponseCodec.java:133)
at org.openqa.selenium.remote.codec.w3c.W3CHttpResponseCodec.decode(W3CHttpResponseCodec.java:53)
at org.openqa.selenium.remote.HttpCommandExecutor.execute(HttpCommandExecutor.java:184)
at org.openqa.selenium.remote.service.DriverCommandExecutor.invokeExecute(DriverCommandExecutor.java:167)
at org.openqa.selenium.remote.service.DriverCommandExecutor.execute(DriverCommandExecutor.java:142)
at org.openqa.selenium.remote.RemoteWebDriver.execute(RemoteWebDriver.java:547)
at org.openqa.selenium.remote.RemoteWebElement.execute(RemoteWebElement.java:257)
at org.openqa.selenium.remote.RemoteWebElement.sendKeys(RemoteWebElement.java:113)
at jdk.internal.reflect.GeneratedMethodAccessor128.invoke(Unknown Source)
at java.base/jdk.internal.reflect.DelegatingMethodAccessorImpl.invoke(DelegatingMethodAccessorImpl.java:43)
at java.base/java.lang.reflect.Method.invoke(Method.java:568)
at org.openqa.selenium.support.pagefactory.internal.LocatingElementHandler.invoke(LocatingElementHandler.java:52)
at jdk.proxy2/jdk.proxy2.$Proxy32.sendKeys(Unknown Source)
at cucumber.framework.page.jcadmin.JCAdminTestimonial.uploadFile(JCAdminTestimonial.java:302)
at cucumber.framework.page.jcadmin.JCAdminTestimonial.tambahDataTestimonialNegativeActive(JCAdminTestimonial.java:312)
at cucumber.framework.runner.jcadmin.Anisa.JCTambahNegatifTestimonialImpl.admin_mengisi_form_negative_dengan_rating_angka_rating_active(JCTambahNegatifTestimonialImpl.java:50)
at ?.TE004N Admin mengisi form negative dengan rating 3 active(file:///C:/Users/NEXSOFT/git/INTEGRATION-BOIM-NICO-NISA/INTEGRATION-BOIM-NICO-NISA/src/main/resources/jcadmin/anisa/002Testimonial002TambahNegatif.feature:7)
]]>
    </error>
  </testcase> <!-- runScenario -->
  <system-out/>
  <testcase classname="cucumber.framework.runner.jcadmin.JCAdminRunnerKolektif" name="runScenario" time="16.490">
    <failure message="expected [pilih] but found [No Active]" type="java.lang.AssertionError">
      <![CDATA[java.lang.AssertionError: expected [pilih] but found [No Active]
at org.testng.Assert.fail(Assert.java:110)
at org.testng.Assert.failNotEquals(Assert.java:1413)
at org.testng.Assert.assertEqualsImpl(Assert.java:149)
at org.testng.Assert.assertEquals(Assert.java:131)
at org.testng.Assert.assertEquals(Assert.java:655)
at org.testng.Assert.assertEquals(Assert.java:665)
at cucumber.framework.runner.jcadmin.Cnico.JCAdminBlogFindAndEditNegativeImpl.kode_admin_menekan_tombol_simpan_edit_status_status_menjadi_ubah(JCAdminBlogFindAndEditNegativeImpl.java:118)
at ?.BL006N Admin menekan tombol simpan edit status publish No Active menjadi pilih(file:///C:/Users/NEXSOFT/git/INTEGRATION-BOIM-NICO-NISA/INTEGRATION-BOIM-NICO-NISA/src/main/resources/jcadmin/nico/006Blog005FindAndEditBlogNegative.feature:23)
]]>
    </failure>
  </testcase> <!-- runScenario -->
  <system-out/>
  <testcase classname="cucumber.framework.runner.jcadmin.JCAdminRunnerKolektif" name="runScenario" time="25.897"/>
  <system-out/>
  <testcase classname="cucumber.framework.runner.jcadmin.JCAdminRunnerKolektif" name="runScenario" time="26.183"/>
  <system-out/>
  <testcase classname="cucumber.framework.runner.jcadmin.JCAdminRunnerKolektif" name="runScenario" time="8.881">
    <error message="invalid argument: File not found : C:\Users\NEXSOFT\git\INTEGRATION-BOIM-NICO-NISA\INTEGRATION-BOIM-NICO-NISA\src\main\resources\gambarnisa\dev.png
  (Session info: chrome=105.0.5195.127)
Build info: version: &#039;4.4.0&#039;, revision: &#039;e5c75ed026a&#039;
System info: host: &#039;DESKTOP-8OTT66F&#039;, ip: &#039;192.168.0.11&#039;, os.name: &#039;Windows 10&#039;, os.arch: &#039;amd64&#039;, os.version: &#039;10.0&#039;, java.version: &#039;17.0.4.1&#039;
Driver info: org.openqa.selenium.chrome.ChromeDriver
Command: [b91b9cc2b751a4292dcc5c13c338190c, sendKeysToElement {id=1b56d94f-b17b-4074-829b-f861201b6ed5, value=[Ljava.lang.CharSequence;@78fb4f7f}]
Capabilities {acceptInsecureCerts: false, browserName: chrome, browserVersion: 105.0.5195.127, chrome: {chromedriverVersion: 105.0.5195.52 (412c95e51883..., userDataDir: C:\Users\NEXSOFT\AppData\Lo...}, goog:chromeOptions: {debuggerAddress: localhost:51677}, networkConnectionEnabled: false, pageLoadStrategy: normal, platformName: WINDOWS, proxy: Proxy(), se:cdp: ws://localhost:51677/devtoo..., se:cdpVersion: 105.0.5195.127, setWindowRect: true, strictFileInteractability: false, timeouts: {implicit: 0, pageLoad: 300000, script: 30000}, unhandledPromptBehavior: dismiss and notify, webauthn:extension:credBlob: true, webauthn:extension:largeBlob: true, webauthn:virtualAuthenticators: true}
Element: [[ChromeDriver: chrome on WINDOWS (b91b9cc2b751a4292dcc5c13c338190c)] -&gt; xpath: //input[@name=&#039;uploadedFile&#039;]]
Session ID: b91b9cc2b751a4292dcc5c13c338190c" type="org.openqa.selenium.InvalidArgumentException">
      <![CDATA[org.openqa.selenium.InvalidArgumentException: invalid argument: File not found : C:\Users\NEXSOFT\git\INTEGRATION-BOIM-NICO-NISA\INTEGRATION-BOIM-NICO-NISA\src\main\resources\gambarnisa\dev.png
  (Session info: chrome=105.0.5195.127)
Build info: version: '4.4.0', revision: 'e5c75ed026a'
System info: host: 'DESKTOP-8OTT66F', ip: '192.168.0.11', os.name: 'Windows 10', os.arch: 'amd64', os.version: '10.0', java.version: '17.0.4.1'
Driver info: org.openqa.selenium.chrome.ChromeDriver
Command: [b91b9cc2b751a4292dcc5c13c338190c, sendKeysToElement {id=1b56d94f-b17b-4074-829b-f861201b6ed5, value=[Ljava.lang.CharSequence;@78fb4f7f}]
Capabilities {acceptInsecureCerts: false, browserName: chrome, browserVersion: 105.0.5195.127, chrome: {chromedriverVersion: 105.0.5195.52 (412c95e51883..., userDataDir: C:\Users\NEXSOFT\AppData\Lo...}, goog:chromeOptions: {debuggerAddress: localhost:51677}, networkConnectionEnabled: false, pageLoadStrategy: normal, platformName: WINDOWS, proxy: Proxy(), se:cdp: ws://localhost:51677/devtoo..., se:cdpVersion: 105.0.5195.127, setWindowRect: true, strictFileInteractability: false, timeouts: {implicit: 0, pageLoad: 300000, script: 30000}, unhandledPromptBehavior: dismiss and notify, webauthn:extension:credBlob: true, webauthn:extension:largeBlob: true, webauthn:virtualAuthenticators: true}
Element: [[ChromeDriver: chrome on WINDOWS (b91b9cc2b751a4292dcc5c13c338190c)] -> xpath: //input[@name='uploadedFile']]
Session ID: b91b9cc2b751a4292dcc5c13c338190c
at java.base/jdk.internal.reflect.NativeConstructorAccessorImpl.newInstance0(Native Method)
at java.base/jdk.internal.reflect.NativeConstructorAccessorImpl.newInstance(NativeConstructorAccessorImpl.java:77)
at java.base/jdk.internal.reflect.DelegatingConstructorAccessorImpl.newInstance(DelegatingConstructorAccessorImpl.java:45)
at java.base/java.lang.reflect.Constructor.newInstanceWithCaller(Constructor.java:499)
at java.base/java.lang.reflect.Constructor.newInstance(Constructor.java:480)
at org.openqa.selenium.remote.codec.w3c.W3CHttpResponseCodec.createException(W3CHttpResponseCodec.java:200)
at org.openqa.selenium.remote.codec.w3c.W3CHttpResponseCodec.decode(W3CHttpResponseCodec.java:133)
at org.openqa.selenium.remote.codec.w3c.W3CHttpResponseCodec.decode(W3CHttpResponseCodec.java:53)
at org.openqa.selenium.remote.HttpCommandExecutor.execute(HttpCommandExecutor.java:184)
at org.openqa.selenium.remote.service.DriverCommandExecutor.invokeExecute(DriverCommandExecutor.java:167)
at org.openqa.selenium.remote.service.DriverCommandExecutor.execute(DriverCommandExecutor.java:142)
at org.openqa.selenium.remote.RemoteWebDriver.execute(RemoteWebDriver.java:547)
at org.openqa.selenium.remote.RemoteWebElement.execute(RemoteWebElement.java:257)
at org.openqa.selenium.remote.RemoteWebElement.sendKeys(RemoteWebElement.java:113)
at jdk.internal.reflect.GeneratedMethodAccessor128.invoke(Unknown Source)
at java.base/jdk.internal.reflect.DelegatingMethodAccessorImpl.invoke(DelegatingMethodAccessorImpl.java:43)
at java.base/java.lang.reflect.Method.invoke(Method.java:568)
at org.openqa.selenium.support.pagefactory.internal.LocatingElementHandler.invoke(LocatingElementHandler.java:52)
at jdk.proxy2/jdk.proxy2.$Proxy32.sendKeys(Unknown Source)
at cucumber.framework.page.jcadmin.JCAdminTestimonial.uploadFile(JCAdminTestimonial.java:302)
at cucumber.framework.page.jcadmin.JCAdminTestimonial.tambahDataTestimonialNegativeNoActive(JCAdminTestimonial.java:328)
at cucumber.framework.runner.jcadmin.Anisa.JCTambahNegatifTestimonialImpl.admin_mengisi_form_tambah_negative_dengan_rating_angka_rating_publish_no_active(JCTambahNegatifTestimonialImpl.java:72)
at ?.TE008N Admin mengisi form tambah negative dengan rating 1 publish no active(file:///C:/Users/NEXSOFT/git/INTEGRATION-BOIM-NICO-NISA/INTEGRATION-BOIM-NICO-NISA/src/main/resources/jcadmin/anisa/002Testimonial002TambahNegatif.feature:21)
]]>
    </error>
  </testcase> <!-- runScenario -->
  <system-out/>
  <testcase classname="cucumber.framework.runner.jcadmin.JCAdminRunnerKolektif" name="runScenario" time="14.666"/>
  <system-out/>
  <testcase classname="cucumber.framework.runner.jcadmin.JCAdminRunnerKolektif" name="runScenario" time="14.918"/>
  <system-out/>
  <testcase classname="cucumber.framework.runner.jcadmin.JCAdminRunnerKolektif" name="runScenario" time="9.909">
    <error message="invalid argument: File not found : C:\Users\NEXSOFT\git\INTEGRATION-BOIM-NICO-NISA\INTEGRATION-BOIM-NICO-NISA\src\main\resources\gambarnisa\jerome.jpeg
  (Session info: chrome=105.0.5195.127)
Build info: version: &#039;4.4.0&#039;, revision: &#039;e5c75ed026a&#039;
System info: host: &#039;DESKTOP-8OTT66F&#039;, ip: &#039;192.168.0.11&#039;, os.name: &#039;Windows 10&#039;, os.arch: &#039;amd64&#039;, os.version: &#039;10.0&#039;, java.version: &#039;17.0.4.1&#039;
Driver info: org.openqa.selenium.chrome.ChromeDriver
Command: [b91b9cc2b751a4292dcc5c13c338190c, sendKeysToElement {id=5add1797-764a-4088-b43c-73f4d1315b56, value=[Ljava.lang.CharSequence;@118932fe}]
Capabilities {acceptInsecureCerts: false, browserName: chrome, browserVersion: 105.0.5195.127, chrome: {chromedriverVersion: 105.0.5195.52 (412c95e51883..., userDataDir: C:\Users\NEXSOFT\AppData\Lo...}, goog:chromeOptions: {debuggerAddress: localhost:51677}, networkConnectionEnabled: false, pageLoadStrategy: normal, platformName: WINDOWS, proxy: Proxy(), se:cdp: ws://localhost:51677/devtoo..., se:cdpVersion: 105.0.5195.127, setWindowRect: true, strictFileInteractability: false, timeouts: {implicit: 0, pageLoad: 300000, script: 30000}, unhandledPromptBehavior: dismiss and notify, webauthn:extension:credBlob: true, webauthn:extension:largeBlob: true, webauthn:virtualAuthenticators: true}
Element: [[ChromeDriver: chrome on WINDOWS (b91b9cc2b751a4292dcc5c13c338190c)] -&gt; xpath: //input[@name=&#039;uploadedFile&#039;]]
Session ID: b91b9cc2b751a4292dcc5c13c338190c" type="org.openqa.selenium.InvalidArgumentException">
      <![CDATA[org.openqa.selenium.InvalidArgumentException: invalid argument: File not found : C:\Users\NEXSOFT\git\INTEGRATION-BOIM-NICO-NISA\INTEGRATION-BOIM-NICO-NISA\src\main\resources\gambarnisa\jerome.jpeg
  (Session info: chrome=105.0.5195.127)
Build info: version: '4.4.0', revision: 'e5c75ed026a'
System info: host: 'DESKTOP-8OTT66F', ip: '192.168.0.11', os.name: 'Windows 10', os.arch: 'amd64', os.version: '10.0', java.version: '17.0.4.1'
Driver info: org.openqa.selenium.chrome.ChromeDriver
Command: [b91b9cc2b751a4292dcc5c13c338190c, sendKeysToElement {id=5add1797-764a-4088-b43c-73f4d1315b56, value=[Ljava.lang.CharSequence;@118932fe}]
Capabilities {acceptInsecureCerts: false, browserName: chrome, browserVersion: 105.0.5195.127, chrome: {chromedriverVersion: 105.0.5195.52 (412c95e51883..., userDataDir: C:\Users\NEXSOFT\AppData\Lo...}, goog:chromeOptions: {debuggerAddress: localhost:51677}, networkConnectionEnabled: false, pageLoadStrategy: normal, platformName: WINDOWS, proxy: Proxy(), se:cdp: ws://localhost:51677/devtoo..., se:cdpVersion: 105.0.5195.127, setWindowRect: true, strictFileInteractability: false, timeouts: {implicit: 0, pageLoad: 300000, script: 30000}, unhandledPromptBehavior: dismiss and notify, webauthn:extension:credBlob: true, webauthn:extension:largeBlob: true, webauthn:virtualAuthenticators: true}
Element: [[ChromeDriver: chrome on WINDOWS (b91b9cc2b751a4292dcc5c13c338190c)] -> xpath: //input[@name='uploadedFile']]
Session ID: b91b9cc2b751a4292dcc5c13c338190c
at java.base/jdk.internal.reflect.NativeConstructorAccessorImpl.newInstance0(Native Method)
at java.base/jdk.internal.reflect.NativeConstructorAccessorImpl.newInstance(NativeConstructorAccessorImpl.java:77)
at java.base/jdk.internal.reflect.DelegatingConstructorAccessorImpl.newInstance(DelegatingConstructorAccessorImpl.java:45)
at java.base/java.lang.reflect.Constructor.newInstanceWithCaller(Constructor.java:499)
at java.base/java.lang.reflect.Constructor.newInstance(Constructor.java:480)
at org.openqa.selenium.remote.codec.w3c.W3CHttpResponseCodec.createException(W3CHttpResponseCodec.java:200)
at org.openqa.selenium.remote.codec.w3c.W3CHttpResponseCodec.decode(W3CHttpResponseCodec.java:133)
at org.openqa.selenium.remote.codec.w3c.W3CHttpResponseCodec.decode(W3CHttpResponseCodec.java:53)
at org.openqa.selenium.remote.HttpCommandExecutor.execute(HttpCommandExecutor.java:184)
at org.openqa.selenium.remote.service.DriverCommandExecutor.invokeExecute(DriverCommandExecutor.java:167)
at org.openqa.selenium.remote.service.DriverCommandExecutor.execute(DriverCommandExecutor.java:142)
at org.openqa.selenium.remote.RemoteWebDriver.execute(RemoteWebDriver.java:547)
at org.openqa.selenium.remote.RemoteWebElement.execute(RemoteWebElement.java:257)
at org.openqa.selenium.remote.RemoteWebElement.sendKeys(RemoteWebElement.java:113)
at jdk.internal.reflect.GeneratedMethodAccessor128.invoke(Unknown Source)
at java.base/jdk.internal.reflect.DelegatingMethodAccessorImpl.invoke(DelegatingMethodAccessorImpl.java:43)
at java.base/java.lang.reflect.Method.invoke(Method.java:568)
at org.openqa.selenium.support.pagefactory.internal.LocatingElementHandler.invoke(LocatingElementHandler.java:52)
at jdk.proxy2/jdk.proxy2.$Proxy32.sendKeys(Unknown Source)
at cucumber.framework.page.jcadmin.JCAdminTestimonial.uploadFile(JCAdminTestimonial.java:302)
at cucumber.framework.page.jcadmin.JCAdminTestimonial.tambahDataTestimonialNegativeActive(JCAdminTestimonial.java:312)
at cucumber.framework.runner.jcadmin.Anisa.JCTambahNegatifTestimonialImpl.admin_mengisi_form_negative_dengan_rating_angka_rating_active(JCTambahNegatifTestimonialImpl.java:50)
at ?.TE001N Admin mengisi form negative dengan rating 0 active(file:///C:/Users/NEXSOFT/git/INTEGRATION-BOIM-NICO-NISA/INTEGRATION-BOIM-NICO-NISA/src/main/resources/jcadmin/anisa/002Testimonial002TambahNegatif.feature:7)
]]>
    </error>
  </testcase> <!-- runScenario -->
  <system-out/>
  <testcase classname="cucumber.framework.runner.jcadmin.JCAdminRunnerKolektif" name="runScenario" time="15.370">
    <error message="invalid argument: File not found : C:\Users\NEXSOFT\git\INTEGRATION-BOIM-NICO-NISA\INTEGRATION-BOIM-NICO-NISA\src\main\resources\gambarnisa\jerome.jpeg
  (Session info: chrome=105.0.5195.127)
Build info: version: &#039;4.4.0&#039;, revision: &#039;e5c75ed026a&#039;
System info: host: &#039;DESKTOP-8OTT66F&#039;, ip: &#039;192.168.0.11&#039;, os.name: &#039;Windows 10&#039;, os.arch: &#039;amd64&#039;, os.version: &#039;10.0&#039;, java.version: &#039;17.0.4.1&#039;
Driver info: org.openqa.selenium.chrome.ChromeDriver
Command: [b91b9cc2b751a4292dcc5c13c338190c, sendKeysToElement {id=f9a9dfe4-83d0-468b-9af7-c3cc913af2e3, value=[Ljava.lang.CharSequence;@dc6c5ca}]
Capabilities {acceptInsecureCerts: false, browserName: chrome, browserVersion: 105.0.5195.127, chrome: {chromedriverVersion: 105.0.5195.52 (412c95e51883..., userDataDir: C:\Users\NEXSOFT\AppData\Lo...}, goog:chromeOptions: {debuggerAddress: localhost:51677}, networkConnectionEnabled: false, pageLoadStrategy: normal, platformName: WINDOWS, proxy: Proxy(), se:cdp: ws://localhost:51677/devtoo..., se:cdpVersion: 105.0.5195.127, setWindowRect: true, strictFileInteractability: false, timeouts: {implicit: 0, pageLoad: 300000, script: 30000}, unhandledPromptBehavior: dismiss and notify, webauthn:extension:credBlob: true, webauthn:extension:largeBlob: true, webauthn:virtualAuthenticators: true}
Element: [[ChromeDriver: chrome on WINDOWS (b91b9cc2b751a4292dcc5c13c338190c)] -&gt; xpath: //input[@name=&#039;uploadedFile&#039;]]
Session ID: b91b9cc2b751a4292dcc5c13c338190c" type="org.openqa.selenium.InvalidArgumentException">
      <![CDATA[org.openqa.selenium.InvalidArgumentException: invalid argument: File not found : C:\Users\NEXSOFT\git\INTEGRATION-BOIM-NICO-NISA\INTEGRATION-BOIM-NICO-NISA\src\main\resources\gambarnisa\jerome.jpeg
  (Session info: chrome=105.0.5195.127)
Build info: version: '4.4.0', revision: 'e5c75ed026a'
System info: host: 'DESKTOP-8OTT66F', ip: '192.168.0.11', os.name: 'Windows 10', os.arch: 'amd64', os.version: '10.0', java.version: '17.0.4.1'
Driver info: org.openqa.selenium.chrome.ChromeDriver
Command: [b91b9cc2b751a4292dcc5c13c338190c, sendKeysToElement {id=f9a9dfe4-83d0-468b-9af7-c3cc913af2e3, value=[Ljava.lang.CharSequence;@dc6c5ca}]
Capabilities {acceptInsecureCerts: false, browserName: chrome, browserVersion: 105.0.5195.127, chrome: {chromedriverVersion: 105.0.5195.52 (412c95e51883..., userDataDir: C:\Users\NEXSOFT\AppData\Lo...}, goog:chromeOptions: {debuggerAddress: localhost:51677}, networkConnectionEnabled: false, pageLoadStrategy: normal, platformName: WINDOWS, proxy: Proxy(), se:cdp: ws://localhost:51677/devtoo..., se:cdpVersion: 105.0.5195.127, setWindowRect: true, strictFileInteractability: false, timeouts: {implicit: 0, pageLoad: 300000, script: 30000}, unhandledPromptBehavior: dismiss and notify, webauthn:extension:credBlob: true, webauthn:extension:largeBlob: true, webauthn:virtualAuthenticators: true}
Element: [[ChromeDriver: chrome on WINDOWS (b91b9cc2b751a4292dcc5c13c338190c)] -> xpath: //input[@name='uploadedFile']]
Session ID: b91b9cc2b751a4292dcc5c13c338190c
at jdk.internal.reflect.GeneratedConstructorAccessor29.newInstance(Unknown Source)
at java.base/jdk.internal.reflect.DelegatingConstructorAccessorImpl.newInstance(DelegatingConstructorAccessorImpl.java:45)
at java.base/java.lang.reflect.Constructor.newInstanceWithCaller(Constructor.java:499)
at java.base/java.lang.reflect.Constructor.newInstance(Constructor.java:480)
at org.openqa.selenium.remote.codec.w3c.W3CHttpResponseCodec.createException(W3CHttpResponseCodec.java:200)
at org.openqa.selenium.remote.codec.w3c.W3CHttpResponseCodec.decode(W3CHttpResponseCodec.java:133)
at org.openqa.selenium.remote.codec.w3c.W3CHttpResponseCodec.decode(W3CHttpResponseCodec.java:53)
at org.openqa.selenium.remote.HttpCommandExecutor.execute(HttpCommandExecutor.java:184)
at org.openqa.selenium.remote.service.DriverCommandExecutor.invokeExecute(DriverCommandExecutor.java:167)
at org.openqa.selenium.remote.service.DriverCommandExecutor.execute(DriverCommandExecutor.java:142)
at org.openqa.selenium.remote.RemoteWebDriver.execute(RemoteWebDriver.java:547)
at org.openqa.selenium.remote.RemoteWebElement.execute(RemoteWebElement.java:257)
at org.openqa.selenium.remote.RemoteWebElement.sendKeys(RemoteWebElement.java:113)
at jdk.internal.reflect.GeneratedMethodAccessor128.invoke(Unknown Source)
at java.base/jdk.internal.reflect.DelegatingMethodAccessorImpl.invoke(DelegatingMethodAccessorImpl.java:43)
at java.base/java.lang.reflect.Method.invoke(Method.java:568)
at org.openqa.selenium.support.pagefactory.internal.LocatingElementHandler.invoke(LocatingElementHandler.java:52)
at jdk.proxy2/jdk.proxy2.$Proxy32.sendKeys(Unknown Source)
at cucumber.framework.page.jcadmin.JCAdminTestimonial.uploadFile(JCAdminTestimonial.java:302)
at cucumber.framework.page.jcadmin.JCAdminTestimonial.tambahDataTestimonialNegativeActiveIsi(JCAdminTestimonial.java:344)
at cucumber.framework.runner.jcadmin.Anisa.JCTambahNegatifTestimonialImpl.admin_isi_form_negative_dengan_rating_angka_rating_active_kosong_isi(JCTambahNegatifTestimonialImpl.java:92)
at ?.TE018N Admin isi form negative dengan rating 5 active kosong isi(file:///C:/Users/NEXSOFT/git/INTEGRATION-BOIM-NICO-NISA/INTEGRATION-BOIM-NICO-NISA/src/main/resources/jcadmin/anisa/002Testimonial002TambahNegatif.feature:35)
]]>
    </error>
  </testcase> <!-- runScenario -->
  <system-out/>
  <testcase classname="cucumber.framework.runner.jcadmin.JCAdminRunnerKolektif" name="runScenario" time="13.539">
    <error message="element click intercepted: Element &lt;a href=&quot;https://dev.ptdika.com/web_jc_v2/admin/testimonial?page_testimonial=5&quot; aria-label=&quot;Next&quot; class=&quot;page-link&quot;&gt;...&lt;/a&gt; is not clickable at point (1410, 683). Other element would receive the click: &lt;p class=&quot;mb-0&quot;&gt;...&lt;/p&gt;
  (Session info: chrome=105.0.5195.127)
Build info: version: &#039;4.4.0&#039;, revision: &#039;e5c75ed026a&#039;
System info: host: &#039;DESKTOP-8OTT66F&#039;, ip: &#039;192.168.0.11&#039;, os.name: &#039;Windows 10&#039;, os.arch: &#039;amd64&#039;, os.version: &#039;10.0&#039;, java.version: &#039;17.0.4.1&#039;
Driver info: org.openqa.selenium.chrome.ChromeDriver
Command: [b91b9cc2b751a4292dcc5c13c338190c, clickElement {id=3060f69f-4f34-4376-9c63-14da77d6d485}]
Capabilities {acceptInsecureCerts: false, browserName: chrome, browserVersion: 105.0.5195.127, chrome: {chromedriverVersion: 105.0.5195.52 (412c95e51883..., userDataDir: C:\Users\NEXSOFT\AppData\Lo...}, goog:chromeOptions: {debuggerAddress: localhost:51677}, networkConnectionEnabled: false, pageLoadStrategy: normal, platformName: WINDOWS, proxy: Proxy(), se:cdp: ws://localhost:51677/devtoo..., se:cdpVersion: 105.0.5195.127, setWindowRect: true, strictFileInteractability: false, timeouts: {implicit: 0, pageLoad: 300000, script: 30000}, unhandledPromptBehavior: dismiss and notify, webauthn:extension:credBlob: true, webauthn:extension:largeBlob: true, webauthn:virtualAuthenticators: true}
Element: [[ChromeDriver: chrome on WINDOWS (b91b9cc2b751a4292dcc5c13c338190c)] -&gt; xpath: //a[@aria-label=&#039;Next&#039;]]
Session ID: b91b9cc2b751a4292dcc5c13c338190c" type="org.openqa.selenium.ElementClickInterceptedException">
      <![CDATA[org.openqa.selenium.ElementClickInterceptedException: element click intercepted: Element <a href="https://dev.ptdika.com/web_jc_v2/admin/testimonial?page_testimonial=5" aria-label="Next" class="page-link">...</a> is not clickable at point (1410, 683). Other element would receive the click: <p class="mb-0">...</p>
  (Session info: chrome=105.0.5195.127)
Build info: version: '4.4.0', revision: 'e5c75ed026a'
System info: host: 'DESKTOP-8OTT66F', ip: '192.168.0.11', os.name: 'Windows 10', os.arch: 'amd64', os.version: '10.0', java.version: '17.0.4.1'
Driver info: org.openqa.selenium.chrome.ChromeDriver
Command: [b91b9cc2b751a4292dcc5c13c338190c, clickElement {id=3060f69f-4f34-4376-9c63-14da77d6d485}]
Capabilities {acceptInsecureCerts: false, browserName: chrome, browserVersion: 105.0.5195.127, chrome: {chromedriverVersion: 105.0.5195.52 (412c95e51883..., userDataDir: C:\Users\NEXSOFT\AppData\Lo...}, goog:chromeOptions: {debuggerAddress: localhost:51677}, networkConnectionEnabled: false, pageLoadStrategy: normal, platformName: WINDOWS, proxy: Proxy(), se:cdp: ws://localhost:51677/devtoo..., se:cdpVersion: 105.0.5195.127, setWindowRect: true, strictFileInteractability: false, timeouts: {implicit: 0, pageLoad: 300000, script: 30000}, unhandledPromptBehavior: dismiss and notify, webauthn:extension:credBlob: true, webauthn:extension:largeBlob: true, webauthn:virtualAuthenticators: true}
Element: [[ChromeDriver: chrome on WINDOWS (b91b9cc2b751a4292dcc5c13c338190c)] -> xpath: //a[@aria-label='Next']]
Session ID: b91b9cc2b751a4292dcc5c13c338190c
at java.base/jdk.internal.reflect.NativeConstructorAccessorImpl.newInstance0(Native Method)
at java.base/jdk.internal.reflect.NativeConstructorAccessorImpl.newInstance(NativeConstructorAccessorImpl.java:77)
at java.base/jdk.internal.reflect.DelegatingConstructorAccessorImpl.newInstance(DelegatingConstructorAccessorImpl.java:45)
at java.base/java.lang.reflect.Constructor.newInstanceWithCaller(Constructor.java:499)
at java.base/java.lang.reflect.Constructor.newInstance(Constructor.java:480)
at org.openqa.selenium.remote.codec.w3c.W3CHttpResponseCodec.createException(W3CHttpResponseCodec.java:200)
at org.openqa.selenium.remote.codec.w3c.W3CHttpResponseCodec.decode(W3CHttpResponseCodec.java:133)
at org.openqa.selenium.remote.codec.w3c.W3CHttpResponseCodec.decode(W3CHttpResponseCodec.java:53)
at org.openqa.selenium.remote.HttpCommandExecutor.execute(HttpCommandExecutor.java:184)
at org.openqa.selenium.remote.service.DriverCommandExecutor.invokeExecute(DriverCommandExecutor.java:167)
at org.openqa.selenium.remote.service.DriverCommandExecutor.execute(DriverCommandExecutor.java:142)
at org.openqa.selenium.remote.RemoteWebDriver.execute(RemoteWebDriver.java:547)
at org.openqa.selenium.remote.RemoteWebElement.execute(RemoteWebElement.java:257)
at org.openqa.selenium.remote.RemoteWebElement.click(RemoteWebElement.java:78)
at jdk.internal.reflect.GeneratedMethodAccessor129.invoke(Unknown Source)
at java.base/jdk.internal.reflect.DelegatingMethodAccessorImpl.invoke(DelegatingMethodAccessorImpl.java:43)
at java.base/java.lang.reflect.Method.invoke(Method.java:568)
at org.openqa.selenium.support.pagefactory.internal.LocatingElementHandler.invoke(LocatingElementHandler.java:52)
at jdk.proxy2/jdk.proxy2.$Proxy32.click(Unknown Source)
at cucumber.framework.page.jcadmin.JCAdminTestimonial.cekListTestimonial(JCAdminTestimonial.java:125)
at cucumber.framework.runner.jcadmin.Anisa.JCListTestimonialImpl.te001p_admin_scroll_page_dan_klik_button_halaman(JCListTestimonialImpl.java:41)
at ?.TE001P Admin scroll page dan klik button halaman(file:///C:/Users/NEXSOFT/git/INTEGRATION-BOIM-NICO-NISA/INTEGRATION-BOIM-NICO-NISA/src/main/resources/jcadmin/anisa/002Testimonial008ListTestimonial.feature:5)
]]>
    </error>
  </testcase> <!-- runScenario -->
  <system-out/>
  <testcase classname="cucumber.framework.runner.jcadmin.JCAdminRunnerKolektif" name="runScenario" time="23.478"/>
  <system-out/>
  <testcase classname="cucumber.framework.runner.jcadmin.JCAdminRunnerKolektif" name="runScenario" time="22.978">
    <failure message="expected [true] but found [false]" type="java.lang.AssertionError">
      <![CDATA[java.lang.AssertionError: expected [true] but found [false]
at org.testng.Assert.fail(Assert.java:110)
at org.testng.Assert.failNotEquals(Assert.java:1413)
at org.testng.Assert.assertTrue(Assert.java:56)
at org.testng.Assert.assertTrue(Assert.java:66)
at cucumber.framework.runner.jcadmin.Cnico.JCAdminBlogFindAndEditNegativeImpl.bl001n_admin_menekan_button_simpan_blog_edit_foto(JCAdminBlogFindAndEditNegativeImpl.java:56)
at ?.BL001N Admin menekan button simpan blog edit foto(file:///C:/Users/NEXSOFT/git/INTEGRATION-BOIM-NICO-NISA/INTEGRATION-BOIM-NICO-NISA/src/main/resources/jcadmin/nico/006Blog005FindAndEditBlogNegative.feature:12)
]]>
    </failure>
  </testcase> <!-- runScenario -->
  <system-out/>
  <testcase classname="cucumber.framework.runner.jcadmin.JCAdminRunnerKolektif" name="runScenario" time="26.037"/>
  <system-out/>
  <testcase classname="cucumber.framework.runner.jcadmin.JCAdminRunnerKolektif" name="runScenario" time="8.888">
    <error message="invalid argument: File not found : C:\Users\NEXSOFT\git\INTEGRATION-BOIM-NICO-NISA\INTEGRATION-BOIM-NICO-NISA\src\main\resources\gambarnisa\dev.png
  (Session info: chrome=105.0.5195.127)
Build info: version: &#039;4.4.0&#039;, revision: &#039;e5c75ed026a&#039;
System info: host: &#039;DESKTOP-8OTT66F&#039;, ip: &#039;192.168.0.11&#039;, os.name: &#039;Windows 10&#039;, os.arch: &#039;amd64&#039;, os.version: &#039;10.0&#039;, java.version: &#039;17.0.4.1&#039;
Driver info: org.openqa.selenium.chrome.ChromeDriver
Command: [b91b9cc2b751a4292dcc5c13c338190c, sendKeysToElement {id=c1d315bf-6d49-4821-aee5-bf5d75d658ba, value=[Ljava.lang.CharSequence;@16023bb2}]
Capabilities {acceptInsecureCerts: false, browserName: chrome, browserVersion: 105.0.5195.127, chrome: {chromedriverVersion: 105.0.5195.52 (412c95e51883..., userDataDir: C:\Users\NEXSOFT\AppData\Lo...}, goog:chromeOptions: {debuggerAddress: localhost:51677}, networkConnectionEnabled: false, pageLoadStrategy: normal, platformName: WINDOWS, proxy: Proxy(), se:cdp: ws://localhost:51677/devtoo..., se:cdpVersion: 105.0.5195.127, setWindowRect: true, strictFileInteractability: false, timeouts: {implicit: 0, pageLoad: 300000, script: 30000}, unhandledPromptBehavior: dismiss and notify, webauthn:extension:credBlob: true, webauthn:extension:largeBlob: true, webauthn:virtualAuthenticators: true}
Element: [[ChromeDriver: chrome on WINDOWS (b91b9cc2b751a4292dcc5c13c338190c)] -&gt; xpath: //input[@name=&#039;uploadedFile&#039;]]
Session ID: b91b9cc2b751a4292dcc5c13c338190c" type="org.openqa.selenium.InvalidArgumentException">
      <![CDATA[org.openqa.selenium.InvalidArgumentException: invalid argument: File not found : C:\Users\NEXSOFT\git\INTEGRATION-BOIM-NICO-NISA\INTEGRATION-BOIM-NICO-NISA\src\main\resources\gambarnisa\dev.png
  (Session info: chrome=105.0.5195.127)
Build info: version: '4.4.0', revision: 'e5c75ed026a'
System info: host: 'DESKTOP-8OTT66F', ip: '192.168.0.11', os.name: 'Windows 10', os.arch: 'amd64', os.version: '10.0', java.version: '17.0.4.1'
Driver info: org.openqa.selenium.chrome.ChromeDriver
Command: [b91b9cc2b751a4292dcc5c13c338190c, sendKeysToElement {id=c1d315bf-6d49-4821-aee5-bf5d75d658ba, value=[Ljava.lang.CharSequence;@16023bb2}]
Capabilities {acceptInsecureCerts: false, browserName: chrome, browserVersion: 105.0.5195.127, chrome: {chromedriverVersion: 105.0.5195.52 (412c95e51883..., userDataDir: C:\Users\NEXSOFT\AppData\Lo...}, goog:chromeOptions: {debuggerAddress: localhost:51677}, networkConnectionEnabled: false, pageLoadStrategy: normal, platformName: WINDOWS, proxy: Proxy(), se:cdp: ws://localhost:51677/devtoo..., se:cdpVersion: 105.0.5195.127, setWindowRect: true, strictFileInteractability: false, timeouts: {implicit: 0, pageLoad: 300000, script: 30000}, unhandledPromptBehavior: dismiss and notify, webauthn:extension:credBlob: true, webauthn:extension:largeBlob: true, webauthn:virtualAuthenticators: true}
Element: [[ChromeDriver: chrome on WINDOWS (b91b9cc2b751a4292dcc5c13c338190c)] -> xpath: //input[@name='uploadedFile']]
Session ID: b91b9cc2b751a4292dcc5c13c338190c
at jdk.internal.reflect.GeneratedConstructorAccessor29.newInstance(Unknown Source)
at java.base/jdk.internal.reflect.DelegatingConstructorAccessorImpl.newInstance(DelegatingConstructorAccessorImpl.java:45)
at java.base/java.lang.reflect.Constructor.newInstanceWithCaller(Constructor.java:499)
at java.base/java.lang.reflect.Constructor.newInstance(Constructor.java:480)
at org.openqa.selenium.remote.codec.w3c.W3CHttpResponseCodec.createException(W3CHttpResponseCodec.java:200)
at org.openqa.selenium.remote.codec.w3c.W3CHttpResponseCodec.decode(W3CHttpResponseCodec.java:133)
at org.openqa.selenium.remote.codec.w3c.W3CHttpResponseCodec.decode(W3CHttpResponseCodec.java:53)
at org.openqa.selenium.remote.HttpCommandExecutor.execute(HttpCommandExecutor.java:184)
at org.openqa.selenium.remote.service.DriverCommandExecutor.invokeExecute(DriverCommandExecutor.java:167)
at org.openqa.selenium.remote.service.DriverCommandExecutor.execute(DriverCommandExecutor.java:142)
at org.openqa.selenium.remote.RemoteWebDriver.execute(RemoteWebDriver.java:547)
at org.openqa.selenium.remote.RemoteWebElement.execute(RemoteWebElement.java:257)
at org.openqa.selenium.remote.RemoteWebElement.sendKeys(RemoteWebElement.java:113)
at jdk.internal.reflect.GeneratedMethodAccessor128.invoke(Unknown Source)
at java.base/jdk.internal.reflect.DelegatingMethodAccessorImpl.invoke(DelegatingMethodAccessorImpl.java:43)
at java.base/java.lang.reflect.Method.invoke(Method.java:568)
at org.openqa.selenium.support.pagefactory.internal.LocatingElementHandler.invoke(LocatingElementHandler.java:52)
at jdk.proxy2/jdk.proxy2.$Proxy32.sendKeys(Unknown Source)
at cucumber.framework.page.jcadmin.JCAdminTestimonial.uploadFile(JCAdminTestimonial.java:302)
at cucumber.framework.page.jcadmin.JCAdminTestimonial.tambahDataTestimonialNegNoActiveNama(JCAdminTestimonial.java:430)
at cucumber.framework.runner.jcadmin.Anisa.JCTambahNegatifTestimonialImpl.admin_isi_negative_data_tambah_dengan_rating_angka_rating_no_active_nama_char(JCTambahNegatifTestimonialImpl.java:194)
at ?.TE045N Admin isi negative data tambah dengan rating 2 no active nama char(file:///C:/Users/NEXSOFT/git/INTEGRATION-BOIM-NICO-NISA/INTEGRATION-BOIM-NICO-NISA/src/main/resources/jcadmin/anisa/002Testimonial002TambahNegatif.feature:105)
]]>
    </error>
  </testcase> <!-- runScenario -->
  <system-out/>
  <testcase classname="cucumber.framework.runner.jcadmin.JCAdminRunnerKolektif" name="runScenario" time="26.052"/>
  <system-out/>
  <testcase classname="cucumber.framework.runner.jcadmin.JCAdminRunnerKolektif" name="runScenario" time="28.876"/>
  <system-out/>
  <testcase classname="cucumber.framework.runner.jcadmin.JCAdminRunnerKolektif" name="runScenario" time="14.978"/>
  <system-out/>
  <testcase classname="cucumber.framework.runner.jcadmin.JCAdminRunnerKolektif" name="runScenario" time="12.939"/>
  <system-out/>
  <testcase classname="cucumber.framework.runner.jcadmin.JCAdminRunnerKolektif" name="runScenario" time="21.159"/>
  <system-out/>
  <testcase classname="cucumber.framework.runner.jcadmin.JCAdminRunnerKolektif" name="runScenario" time="9.652">
    <error message="invalid argument: File not found : C:\Users\NEXSOFT\git\INTEGRATION-BOIM-NICO-NISA\INTEGRATION-BOIM-NICO-NISA\src\main\resources\gambarnisa\jerome.jpeg
  (Session info: chrome=105.0.5195.127)
Build info: version: &#039;4.4.0&#039;, revision: &#039;e5c75ed026a&#039;
System info: host: &#039;DESKTOP-8OTT66F&#039;, ip: &#039;192.168.0.11&#039;, os.name: &#039;Windows 10&#039;, os.arch: &#039;amd64&#039;, os.version: &#039;10.0&#039;, java.version: &#039;17.0.4.1&#039;
Driver info: org.openqa.selenium.chrome.ChromeDriver
Command: [b91b9cc2b751a4292dcc5c13c338190c, sendKeysToElement {id=51f07109-51a3-4627-b1d0-2c6c2b31b802, value=[Ljava.lang.CharSequence;@537231c1}]
Capabilities {acceptInsecureCerts: false, browserName: chrome, browserVersion: 105.0.5195.127, chrome: {chromedriverVersion: 105.0.5195.52 (412c95e51883..., userDataDir: C:\Users\NEXSOFT\AppData\Lo...}, goog:chromeOptions: {debuggerAddress: localhost:51677}, networkConnectionEnabled: false, pageLoadStrategy: normal, platformName: WINDOWS, proxy: Proxy(), se:cdp: ws://localhost:51677/devtoo..., se:cdpVersion: 105.0.5195.127, setWindowRect: true, strictFileInteractability: false, timeouts: {implicit: 0, pageLoad: 300000, script: 30000}, unhandledPromptBehavior: dismiss and notify, webauthn:extension:credBlob: true, webauthn:extension:largeBlob: true, webauthn:virtualAuthenticators: true}
Element: [[ChromeDriver: chrome on WINDOWS (b91b9cc2b751a4292dcc5c13c338190c)] -&gt; xpath: //input[@name=&#039;uploadedFile&#039;]]
Session ID: b91b9cc2b751a4292dcc5c13c338190c" type="org.openqa.selenium.InvalidArgumentException">
      <![CDATA[org.openqa.selenium.InvalidArgumentException: invalid argument: File not found : C:\Users\NEXSOFT\git\INTEGRATION-BOIM-NICO-NISA\INTEGRATION-BOIM-NICO-NISA\src\main\resources\gambarnisa\jerome.jpeg
  (Session info: chrome=105.0.5195.127)
Build info: version: '4.4.0', revision: 'e5c75ed026a'
System info: host: 'DESKTOP-8OTT66F', ip: '192.168.0.11', os.name: 'Windows 10', os.arch: 'amd64', os.version: '10.0', java.version: '17.0.4.1'
Driver info: org.openqa.selenium.chrome.ChromeDriver
Command: [b91b9cc2b751a4292dcc5c13c338190c, sendKeysToElement {id=51f07109-51a3-4627-b1d0-2c6c2b31b802, value=[Ljava.lang.CharSequence;@537231c1}]
Capabilities {acceptInsecureCerts: false, browserName: chrome, browserVersion: 105.0.5195.127, chrome: {chromedriverVersion: 105.0.5195.52 (412c95e51883..., userDataDir: C:\Users\NEXSOFT\AppData\Lo...}, goog:chromeOptions: {debuggerAddress: localhost:51677}, networkConnectionEnabled: false, pageLoadStrategy: normal, platformName: WINDOWS, proxy: Proxy(), se:cdp: ws://localhost:51677/devtoo..., se:cdpVersion: 105.0.5195.127, setWindowRect: true, strictFileInteractability: false, timeouts: {implicit: 0, pageLoad: 300000, script: 30000}, unhandledPromptBehavior: dismiss and notify, webauthn:extension:credBlob: true, webauthn:extension:largeBlob: true, webauthn:virtualAuthenticators: true}
Element: [[ChromeDriver: chrome on WINDOWS (b91b9cc2b751a4292dcc5c13c338190c)] -> xpath: //input[@name='uploadedFile']]
Session ID: b91b9cc2b751a4292dcc5c13c338190c
at jdk.internal.reflect.GeneratedConstructorAccessor29.newInstance(Unknown Source)
at java.base/jdk.internal.reflect.DelegatingConstructorAccessorImpl.newInstance(DelegatingConstructorAccessorImpl.java:45)
at java.base/java.lang.reflect.Constructor.newInstanceWithCaller(Constructor.java:499)
at java.base/java.lang.reflect.Constructor.newInstance(Constructor.java:480)
at org.openqa.selenium.remote.codec.w3c.W3CHttpResponseCodec.createException(W3CHttpResponseCodec.java:200)
at org.openqa.selenium.remote.codec.w3c.W3CHttpResponseCodec.decode(W3CHttpResponseCodec.java:133)
at org.openqa.selenium.remote.codec.w3c.W3CHttpResponseCodec.decode(W3CHttpResponseCodec.java:53)
at org.openqa.selenium.remote.HttpCommandExecutor.execute(HttpCommandExecutor.java:184)
at org.openqa.selenium.remote.service.DriverCommandExecutor.invokeExecute(DriverCommandExecutor.java:167)
at org.openqa.selenium.remote.service.DriverCommandExecutor.execute(DriverCommandExecutor.java:142)
at org.openqa.selenium.remote.RemoteWebDriver.execute(RemoteWebDriver.java:547)
at org.openqa.selenium.remote.RemoteWebElement.execute(RemoteWebElement.java:257)
at org.openqa.selenium.remote.RemoteWebElement.sendKeys(RemoteWebElement.java:113)
at jdk.internal.reflect.GeneratedMethodAccessor128.invoke(Unknown Source)
at java.base/jdk.internal.reflect.DelegatingMethodAccessorImpl.invoke(DelegatingMethodAccessorImpl.java:43)
at java.base/java.lang.reflect.Method.invoke(Method.java:568)
at org.openqa.selenium.support.pagefactory.internal.LocatingElementHandler.invoke(LocatingElementHandler.java:52)
at jdk.proxy2/jdk.proxy2.$Proxy32.sendKeys(Unknown Source)
at cucumber.framework.page.jcadmin.JCAdminTestimonial.uploadFile(JCAdminTestimonial.java:302)
at cucumber.framework.page.jcadmin.JCAdminTestimonial.tambahDataTestimonialNegativeActiveChar(JCAdminTestimonial.java:376)
at cucumber.framework.runner.jcadmin.Anisa.JCTambahNegatifTestimonialImpl.admin_mengisi_negative_form_dengan_rating_angka_rating_active_panjang_karakter(JCTambahNegatifTestimonialImpl.java:134)
at ?.TE027N Admin mengisi negative form dengan rating 2 active panjang karakter(file:///C:/Users/NEXSOFT/git/INTEGRATION-BOIM-NICO-NISA/INTEGRATION-BOIM-NICO-NISA/src/main/resources/jcadmin/anisa/002Testimonial002TambahNegatif.feature:63)
]]>
    </error>
  </testcase> <!-- runScenario -->
  <system-out/>
  <testcase classname="cucumber.framework.runner.jcadmin.JCAdminRunnerKolektif" name="runScenario" time="18.280"/>
  <system-out/>
  <testcase classname="cucumber.framework.runner.jcadmin.JCAdminRunnerKolektif" name="runScenario" time="23.534"/>
  <system-out/>
  <testcase classname="cucumber.framework.runner.jcadmin.JCAdminRunnerKolektif" name="runScenario" time="13.261"/>
  <system-out/>
  <testcase classname="cucumber.framework.runner.jcadmin.JCAdminRunnerKolektif" name="runScenario" time="18.177"/>
  <system-out/>
  <testcase classname="cucumber.framework.runner.jcadmin.JCAdminRunnerKolektif" name="runScenario" time="25.916"/>
  <system-out/>
  <testcase classname="cucumber.framework.runner.jcadmin.JCAdminRunnerKolektif" name="runScenario" time="30.840"/>
  <system-out/>
  <testcase classname="cucumber.framework.runner.jcadmin.JCAdminRunnerKolektif" name="runScenario" time="25.748"/>
  <system-out/>
  <testcase classname="cucumber.framework.runner.jcadmin.JCAdminRunnerKolektif" name="runScenario" time="20.395"/>
  <system-out/>
  <testcase classname="cucumber.framework.runner.jcadmin.JCAdminRunnerKolektif" name="runScenario" time="13.530"/>
  <system-out/>
  <testcase classname="cucumber.framework.runner.jcadmin.JCAdminRunnerKolektif" name="runScenario" time="21.652">
    <failure message="expected [GantiNamaTrainerrrrrrrrrrrrrrrrrrrrrrrrrrrrrrrrrrrrrrrrrrrrrrrrrrrrrrrrrrrrrrrrrrrrrrrrrrrrrrrrrrrrrrrrrrrrrrrrrrrrrrrrrrrrrrrrrrrrrrrrrrrrrrrrrrrrrrrrrrrrrrrrrrrrrrrrrrrrrrrrrrrrrrrrrrrrrrrrrrrrrrrrrrrrrrrrrrrrrrrrrrrrrrrrrrrrrrrrrrrrrrrrrrrrrrrrrrrrrrrrrrrrrrrrrrrrrrrrrrrrrrrrrrrrrrrrrrrrrrrrrrrrrrrrrrrrrrrrrrrrrrrrrrrrrrrrrrrrrrrrrrrrrrrrrrrrrrrrrrrrrrrrrrrrrrrrrrrrrrrrrrrrrrrrrrrrrrrrrrrrrrrrrrrrrrrrrrrrrrrrrrrrrrrrrrrrrrrrrrrrrrrrrrrrrrrrrrrrrrrrrrrrrrrrrrrrrrrrrrrrrrrrrrrrrrrrrrrrrrrrrrrrr] but found [GantiNamaTrainerrrrrrrrrrrrrrrrrrrrrrrrrrrrrrrrrrrrrrrrrrrrrrrrrrrrrrrrrrrrrrrrrrrrrrrrrrrrrrrrrrrrr]" type="java.lang.AssertionError">
      <![CDATA[java.lang.AssertionError: expected [GantiNamaTrainerrrrrrrrrrrrrrrrrrrrrrrrrrrrrrrrrrrrrrrrrrrrrrrrrrrrrrrrrrrrrrrrrrrrrrrrrrrrrrrrrrrrrrrrrrrrrrrrrrrrrrrrrrrrrrrrrrrrrrrrrrrrrrrrrrrrrrrrrrrrrrrrrrrrrrrrrrrrrrrrrrrrrrrrrrrrrrrrrrrrrrrrrrrrrrrrrrrrrrrrrrrrrrrrrrrrrrrrrrrrrrrrrrrrrrrrrrrrrrrrrrrrrrrrrrrrrrrrrrrrrrrrrrrrrrrrrrrrrrrrrrrrrrrrrrrrrrrrrrrrrrrrrrrrrrrrrrrrrrrrrrrrrrrrrrrrrrrrrrrrrrrrrrrrrrrrrrrrrrrrrrrrrrrrrrrrrrrrrrrrrrrrrrrrrrrrrrrrrrrrrrrrrrrrrrrrrrrrrrrrrrrrrrrrrrrrrrrrrrrrrrrrrrrrrrrrrrrrrrrrrrrrrrrrrrrrrrrrrrrrrrrrr] but found [GantiNamaTrainerrrrrrrrrrrrrrrrrrrrrrrrrrrrrrrrrrrrrrrrrrrrrrrrrrrrrrrrrrrrrrrrrrrrrrrrrrrrrrrrrrrrr]
at org.testng.Assert.fail(Assert.java:110)
at org.testng.Assert.failNotEquals(Assert.java:1413)
at org.testng.Assert.assertEqualsImpl(Assert.java:149)
at org.testng.Assert.assertEquals(Assert.java:131)
at org.testng.Assert.assertEquals(Assert.java:655)
at org.testng.Assert.assertEquals(Assert.java:665)
at cucumber.framework.runner.jcadmin.Cnico.JCAdminAboutEditInputTrainerNegativeImpl.kode_admin_menekan_tombol_enter_input_karakter_pada_keyboard_case(JCAdminAboutEditInputTrainerNegativeImpl.java:102)
at ?.AB021N Admin menekan tombol enter GantiNamaTrainerrrrrrrrrrrrrrrrrrrrrrrrrrrrrrrrrrrrrrrrrrrrrrrrrrrrrrrrrrrrrrrrrrrrrrrrrrrrrrrrrrrrrrrrrrrrrrrrrrrrrrrrrrrrrrrrrrrrrrrrrrrrrrrrrrrrrrrrrrrrrrrrrrrrrrrrrrrrrrrrrrrrrrrrrrrrrrrrrrrrrrrrrrrrrrrrrrrrrrrrrrrrrrrrrrrrrrrrrrrrrrrrrrrrrrrrrrrrrrrrrrrrrrrrrrrrrrrrrrrrrrrrrrrrrrrrrrrrrrrrrrrrrrrrrrrrrrrrrrrrrrrrrrrrrrrrrrrrrrrrrrrrrrrrrrrrrrrrrrrrrrrrrrrrrrrrrrrrrrrrrrrrrrrrrrrrrrrrrrrrrrrrrrrrrrrrrrrrrrrrrrrrrrrrrrrrrrrrrrrrrrrrrrrrrrrrrrrrrrrrrrrrrrrrrrrrrrrrrrrrrrrrrrrrrrrrrrrrrrrrrrrrr karakter pada keyboard Nama(file:///C:/Users/NEXSOFT/git/INTEGRATION-BOIM-NICO-NISA/INTEGRATION-BOIM-NICO-NISA/src/main/resources/jcadmin/nico/005About007EditInputTrainerNegative.feature:23)
]]>
    </failure>
  </testcase> <!-- runScenario -->
  <system-out/>
  <testcase classname="cucumber.framework.runner.jcadmin.JCAdminRunnerKolektif" name="runScenario" time="14.429"/>
  <system-out/>
  <testcase classname="cucumber.framework.runner.jcadmin.JCAdminRunnerKolektif" name="runScenario" time="13.530"/>
  <system-out/>
  <testcase classname="cucumber.framework.runner.jcadmin.JCAdminRunnerKolektif" name="runScenario" time="11.053">
    <error message="invalid argument: File not found : C:\Users\NEXSOFT\Desktop\Test TA\error-wait.GIF
  (Session info: chrome=105.0.5195.127)
Build info: version: &#039;4.4.0&#039;, revision: &#039;e5c75ed026a&#039;
System info: host: &#039;DESKTOP-8OTT66F&#039;, ip: &#039;192.168.0.11&#039;, os.name: &#039;Windows 10&#039;, os.arch: &#039;amd64&#039;, os.version: &#039;10.0&#039;, java.version: &#039;17.0.4.1&#039;
Driver info: org.openqa.selenium.chrome.ChromeDriver
Command: [b91b9cc2b751a4292dcc5c13c338190c, sendKeysToElement {id=b4e0f260-6d24-4905-91e9-a575f2a7f114, value=[Ljava.lang.CharSequence;@4f50bf4c}]
Capabilities {acceptInsecureCerts: false, browserName: chrome, browserVersion: 105.0.5195.127, chrome: {chromedriverVersion: 105.0.5195.52 (412c95e51883..., userDataDir: C:\Users\NEXSOFT\AppData\Lo...}, goog:chromeOptions: {debuggerAddress: localhost:51677}, networkConnectionEnabled: false, pageLoadStrategy: normal, platformName: WINDOWS, proxy: Proxy(), se:cdp: ws://localhost:51677/devtoo..., se:cdpVersion: 105.0.5195.127, setWindowRect: true, strictFileInteractability: false, timeouts: {implicit: 0, pageLoad: 300000, script: 30000}, unhandledPromptBehavior: dismiss and notify, webauthn:extension:credBlob: true, webauthn:extension:largeBlob: true, webauthn:virtualAuthenticators: true}
Element: [[ChromeDriver: chrome on WINDOWS (b91b9cc2b751a4292dcc5c13c338190c)] -&gt; name: uploadedFile]
Session ID: b91b9cc2b751a4292dcc5c13c338190c" type="org.openqa.selenium.InvalidArgumentException">
      <![CDATA[org.openqa.selenium.InvalidArgumentException: invalid argument: File not found : C:\Users\NEXSOFT\Desktop\Test TA\error-wait.GIF
  (Session info: chrome=105.0.5195.127)
Build info: version: '4.4.0', revision: 'e5c75ed026a'
System info: host: 'DESKTOP-8OTT66F', ip: '192.168.0.11', os.name: 'Windows 10', os.arch: 'amd64', os.version: '10.0', java.version: '17.0.4.1'
Driver info: org.openqa.selenium.chrome.ChromeDriver
Command: [b91b9cc2b751a4292dcc5c13c338190c, sendKeysToElement {id=b4e0f260-6d24-4905-91e9-a575f2a7f114, value=[Ljava.lang.CharSequence;@4f50bf4c}]
Capabilities {acceptInsecureCerts: false, browserName: chrome, browserVersion: 105.0.5195.127, chrome: {chromedriverVersion: 105.0.5195.52 (412c95e51883..., userDataDir: C:\Users\NEXSOFT\AppData\Lo...}, goog:chromeOptions: {debuggerAddress: localhost:51677}, networkConnectionEnabled: false, pageLoadStrategy: normal, platformName: WINDOWS, proxy: Proxy(), se:cdp: ws://localhost:51677/devtoo..., se:cdpVersion: 105.0.5195.127, setWindowRect: true, strictFileInteractability: false, timeouts: {implicit: 0, pageLoad: 300000, script: 30000}, unhandledPromptBehavior: dismiss and notify, webauthn:extension:credBlob: true, webauthn:extension:largeBlob: true, webauthn:virtualAuthenticators: true}
Element: [[ChromeDriver: chrome on WINDOWS (b91b9cc2b751a4292dcc5c13c338190c)] -> name: uploadedFile]
Session ID: b91b9cc2b751a4292dcc5c13c338190c
at jdk.internal.reflect.GeneratedConstructorAccessor29.newInstance(Unknown Source)
at java.base/jdk.internal.reflect.DelegatingConstructorAccessorImpl.newInstance(DelegatingConstructorAccessorImpl.java:45)
at java.base/java.lang.reflect.Constructor.newInstanceWithCaller(Constructor.java:499)
at java.base/java.lang.reflect.Constructor.newInstance(Constructor.java:480)
at org.openqa.selenium.remote.codec.w3c.W3CHttpResponseCodec.createException(W3CHttpResponseCodec.java:200)
at org.openqa.selenium.remote.codec.w3c.W3CHttpResponseCodec.decode(W3CHttpResponseCodec.java:133)
at org.openqa.selenium.remote.codec.w3c.W3CHttpResponseCodec.decode(W3CHttpResponseCodec.java:53)
at org.openqa.selenium.remote.HttpCommandExecutor.execute(HttpCommandExecutor.java:184)
at org.openqa.selenium.remote.service.DriverCommandExecutor.invokeExecute(DriverCommandExecutor.java:167)
at org.openqa.selenium.remote.service.DriverCommandExecutor.execute(DriverCommandExecutor.java:142)
at org.openqa.selenium.remote.RemoteWebDriver.execute(RemoteWebDriver.java:547)
at org.openqa.selenium.remote.RemoteWebElement.execute(RemoteWebElement.java:257)
at org.openqa.selenium.remote.RemoteWebElement.sendKeys(RemoteWebElement.java:113)
at jdk.internal.reflect.GeneratedMethodAccessor128.invoke(Unknown Source)
at java.base/jdk.internal.reflect.DelegatingMethodAccessorImpl.invoke(DelegatingMethodAccessorImpl.java:43)
at java.base/java.lang.reflect.Method.invoke(Method.java:568)
at org.openqa.selenium.support.pagefactory.internal.LocatingElementHandler.invoke(LocatingElementHandler.java:52)
at jdk.proxy2/jdk.proxy2.$Proxy32.sendKeys(Unknown Source)
at cucumber.framework.page.jcadmin.JCAdminAboutPage.fotoTrainer(JCAdminAboutPage.java:115)
at cucumber.framework.runner.jcadmin.Cnico.JCAdminAboutAddTrainerNegativeImpl.ab007n_admin_memasukkan_foto_trainer_input_nama500_karakter(JCAdminAboutAddTrainerNegativeImpl.java:186)
at ?.AB007N Admin memasukkan foto trainer input nama500 karakter(file:///C:/Users/NEXSOFT/git/INTEGRATION-BOIM-NICO-NISA/INTEGRATION-BOIM-NICO-NISA/src/main/resources/jcadmin/nico/005About002AddTrainerNegative.feature:40)
]]>
    </error>
  </testcase> <!-- runScenario -->
  <system-out/>
  <testcase classname="cucumber.framework.runner.jcadmin.JCAdminRunnerKolektif" name="runScenario" time="12.953"/>
  <system-out/>
  <testcase classname="cucumber.framework.runner.jcadmin.JCAdminRunnerKolektif" name="runScenario" time="31.673"/>
  <system-out/>
  <testcase classname="cucumber.framework.runner.jcadmin.JCAdminRunnerKolektif" name="runScenario" time="12.600"/>
  <system-out/>
  <testcase classname="cucumber.framework.runner.jcadmin.JCAdminRunnerKolektif" name="runScenario" time="8.892">
    <error message="invalid argument: File not found : C:\Users\NEXSOFT\git\INTEGRATION-BOIM-NICO-NISA\INTEGRATION-BOIM-NICO-NISA\src\main\resources\gambarnisa\dev.png
  (Session info: chrome=105.0.5195.127)
Build info: version: &#039;4.4.0&#039;, revision: &#039;e5c75ed026a&#039;
System info: host: &#039;DESKTOP-8OTT66F&#039;, ip: &#039;192.168.0.11&#039;, os.name: &#039;Windows 10&#039;, os.arch: &#039;amd64&#039;, os.version: &#039;10.0&#039;, java.version: &#039;17.0.4.1&#039;
Driver info: org.openqa.selenium.chrome.ChromeDriver
Command: [b91b9cc2b751a4292dcc5c13c338190c, sendKeysToElement {id=7ddfa9c8-24f8-4362-8013-b2b0cdde4c16, value=[Ljava.lang.CharSequence;@185b998d}]
Capabilities {acceptInsecureCerts: false, browserName: chrome, browserVersion: 105.0.5195.127, chrome: {chromedriverVersion: 105.0.5195.52 (412c95e51883..., userDataDir: C:\Users\NEXSOFT\AppData\Lo...}, goog:chromeOptions: {debuggerAddress: localhost:51677}, networkConnectionEnabled: false, pageLoadStrategy: normal, platformName: WINDOWS, proxy: Proxy(), se:cdp: ws://localhost:51677/devtoo..., se:cdpVersion: 105.0.5195.127, setWindowRect: true, strictFileInteractability: false, timeouts: {implicit: 0, pageLoad: 300000, script: 30000}, unhandledPromptBehavior: dismiss and notify, webauthn:extension:credBlob: true, webauthn:extension:largeBlob: true, webauthn:virtualAuthenticators: true}
Element: [[ChromeDriver: chrome on WINDOWS (b91b9cc2b751a4292dcc5c13c338190c)] -&gt; xpath: //input[@name=&#039;uploadedFile&#039;]]
Session ID: b91b9cc2b751a4292dcc5c13c338190c" type="org.openqa.selenium.InvalidArgumentException">
      <![CDATA[org.openqa.selenium.InvalidArgumentException: invalid argument: File not found : C:\Users\NEXSOFT\git\INTEGRATION-BOIM-NICO-NISA\INTEGRATION-BOIM-NICO-NISA\src\main\resources\gambarnisa\dev.png
  (Session info: chrome=105.0.5195.127)
Build info: version: '4.4.0', revision: 'e5c75ed026a'
System info: host: 'DESKTOP-8OTT66F', ip: '192.168.0.11', os.name: 'Windows 10', os.arch: 'amd64', os.version: '10.0', java.version: '17.0.4.1'
Driver info: org.openqa.selenium.chrome.ChromeDriver
Command: [b91b9cc2b751a4292dcc5c13c338190c, sendKeysToElement {id=7ddfa9c8-24f8-4362-8013-b2b0cdde4c16, value=[Ljava.lang.CharSequence;@185b998d}]
Capabilities {acceptInsecureCerts: false, browserName: chrome, browserVersion: 105.0.5195.127, chrome: {chromedriverVersion: 105.0.5195.52 (412c95e51883..., userDataDir: C:\Users\NEXSOFT\AppData\Lo...}, goog:chromeOptions: {debuggerAddress: localhost:51677}, networkConnectionEnabled: false, pageLoadStrategy: normal, platformName: WINDOWS, proxy: Proxy(), se:cdp: ws://localhost:51677/devtoo..., se:cdpVersion: 105.0.5195.127, setWindowRect: true, strictFileInteractability: false, timeouts: {implicit: 0, pageLoad: 300000, script: 30000}, unhandledPromptBehavior: dismiss and notify, webauthn:extension:credBlob: true, webauthn:extension:largeBlob: true, webauthn:virtualAuthenticators: true}
Element: [[ChromeDriver: chrome on WINDOWS (b91b9cc2b751a4292dcc5c13c338190c)] -> xpath: //input[@name='uploadedFile']]
Session ID: b91b9cc2b751a4292dcc5c13c338190c
at java.base/jdk.internal.reflect.NativeConstructorAccessorImpl.newInstance0(Native Method)
at java.base/jdk.internal.reflect.NativeConstructorAccessorImpl.newInstance(NativeConstructorAccessorImpl.java:77)
at java.base/jdk.internal.reflect.DelegatingConstructorAccessorImpl.newInstance(DelegatingConstructorAccessorImpl.java:45)
at java.base/java.lang.reflect.Constructor.newInstanceWithCaller(Constructor.java:499)
at java.base/java.lang.reflect.Constructor.newInstance(Constructor.java:480)
at org.openqa.selenium.remote.codec.w3c.W3CHttpResponseCodec.createException(W3CHttpResponseCodec.java:200)
at org.openqa.selenium.remote.codec.w3c.W3CHttpResponseCodec.decode(W3CHttpResponseCodec.java:133)
at org.openqa.selenium.remote.codec.w3c.W3CHttpResponseCodec.decode(W3CHttpResponseCodec.java:53)
at org.openqa.selenium.remote.HttpCommandExecutor.execute(HttpCommandExecutor.java:184)
at org.openqa.selenium.remote.service.DriverCommandExecutor.invokeExecute(DriverCommandExecutor.java:167)
at org.openqa.selenium.remote.service.DriverCommandExecutor.execute(DriverCommandExecutor.java:142)
at org.openqa.selenium.remote.RemoteWebDriver.execute(RemoteWebDriver.java:547)
at org.openqa.selenium.remote.RemoteWebElement.execute(RemoteWebElement.java:257)
at org.openqa.selenium.remote.RemoteWebElement.sendKeys(RemoteWebElement.java:113)
at jdk.internal.reflect.GeneratedMethodAccessor128.invoke(Unknown Source)
at java.base/jdk.internal.reflect.DelegatingMethodAccessorImpl.invoke(DelegatingMethodAccessorImpl.java:43)
at java.base/java.lang.reflect.Method.invoke(Method.java:568)
at org.openqa.selenium.support.pagefactory.internal.LocatingElementHandler.invoke(LocatingElementHandler.java:52)
at jdk.proxy2/jdk.proxy2.$Proxy32.sendKeys(Unknown Source)
at cucumber.framework.page.jcadmin.JCAdminTestimonial.uploadFile(JCAdminTestimonial.java:302)
at cucumber.framework.page.jcadmin.JCAdminTestimonial.tambahDataTestimonialNegativeNoActive(JCAdminTestimonial.java:328)
at cucumber.framework.runner.jcadmin.Anisa.JCTambahNegatifTestimonialImpl.admin_mengisi_form_tambah_negative_dengan_rating_angka_rating_publish_no_active(JCTambahNegatifTestimonialImpl.java:72)
at ?.TE007N Admin mengisi form tambah negative dengan rating 0 publish no active(file:///C:/Users/NEXSOFT/git/INTEGRATION-BOIM-NICO-NISA/INTEGRATION-BOIM-NICO-NISA/src/main/resources/jcadmin/anisa/002Testimonial002TambahNegatif.feature:21)
]]>
    </error>
  </testcase> <!-- runScenario -->
  <system-out/>
  <testcase classname="cucumber.framework.runner.jcadmin.JCAdminRunnerKolektif" name="runScenario" time="2.719"/>
  <system-out/>
  <testcase classname="cucumber.framework.runner.jcadmin.JCAdminRunnerKolektif" name="runScenario" time="13.413"/>
  <system-out/>
  <testcase classname="cucumber.framework.runner.jcadmin.JCAdminRunnerKolektif" name="runScenario" time="13.618"/>
  <system-out/>
  <testcase classname="cucumber.framework.runner.jcadmin.JCAdminRunnerKolektif" name="runScenario" time="23.164"/>
  <system-out/>
  <testcase classname="cucumber.framework.runner.jcadmin.JCAdminRunnerKolektif" name="runScenario" time="21.931">
    <error message="invalid argument: File not found : C:\Users\NEXSOFT\git\INTEGRATION-BOIM-NICO-NISA\INTEGRATION-BOIM-NICO-NISA\src\main\resources\gambarnisa\jerome.jpeg
  (Session info: chrome=105.0.5195.127)
Build info: version: &#039;4.4.0&#039;, revision: &#039;e5c75ed026a&#039;
System info: host: &#039;DESKTOP-8OTT66F&#039;, ip: &#039;192.168.0.11&#039;, os.name: &#039;Windows 10&#039;, os.arch: &#039;amd64&#039;, os.version: &#039;10.0&#039;, java.version: &#039;17.0.4.1&#039;
Driver info: org.openqa.selenium.chrome.ChromeDriver
Command: [b91b9cc2b751a4292dcc5c13c338190c, sendKeysToElement {id=630557c5-1155-4767-aec6-a8e8b836ae8f, value=[Ljava.lang.CharSequence;@1d7201cb}]
Capabilities {acceptInsecureCerts: false, browserName: chrome, browserVersion: 105.0.5195.127, chrome: {chromedriverVersion: 105.0.5195.52 (412c95e51883..., userDataDir: C:\Users\NEXSOFT\AppData\Lo...}, goog:chromeOptions: {debuggerAddress: localhost:51677}, networkConnectionEnabled: false, pageLoadStrategy: normal, platformName: WINDOWS, proxy: Proxy(), se:cdp: ws://localhost:51677/devtoo..., se:cdpVersion: 105.0.5195.127, setWindowRect: true, strictFileInteractability: false, timeouts: {implicit: 0, pageLoad: 300000, script: 30000}, unhandledPromptBehavior: dismiss and notify, webauthn:extension:credBlob: true, webauthn:extension:largeBlob: true, webauthn:virtualAuthenticators: true}
Element: [[ChromeDriver: chrome on WINDOWS (b91b9cc2b751a4292dcc5c13c338190c)] -&gt; xpath: //input[@name=&#039;uploadedFile&#039;]]
Session ID: b91b9cc2b751a4292dcc5c13c338190c" type="org.openqa.selenium.InvalidArgumentException">
      <![CDATA[org.openqa.selenium.InvalidArgumentException: invalid argument: File not found : C:\Users\NEXSOFT\git\INTEGRATION-BOIM-NICO-NISA\INTEGRATION-BOIM-NICO-NISA\src\main\resources\gambarnisa\jerome.jpeg
  (Session info: chrome=105.0.5195.127)
Build info: version: '4.4.0', revision: 'e5c75ed026a'
System info: host: 'DESKTOP-8OTT66F', ip: '192.168.0.11', os.name: 'Windows 10', os.arch: 'amd64', os.version: '10.0', java.version: '17.0.4.1'
Driver info: org.openqa.selenium.chrome.ChromeDriver
Command: [b91b9cc2b751a4292dcc5c13c338190c, sendKeysToElement {id=630557c5-1155-4767-aec6-a8e8b836ae8f, value=[Ljava.lang.CharSequence;@1d7201cb}]
Capabilities {acceptInsecureCerts: false, browserName: chrome, browserVersion: 105.0.5195.127, chrome: {chromedriverVersion: 105.0.5195.52 (412c95e51883..., userDataDir: C:\Users\NEXSOFT\AppData\Lo...}, goog:chromeOptions: {debuggerAddress: localhost:51677}, networkConnectionEnabled: false, pageLoadStrategy: normal, platformName: WINDOWS, proxy: Proxy(), se:cdp: ws://localhost:51677/devtoo..., se:cdpVersion: 105.0.5195.127, setWindowRect: true, strictFileInteractability: false, timeouts: {implicit: 0, pageLoad: 300000, script: 30000}, unhandledPromptBehavior: dismiss and notify, webauthn:extension:credBlob: true, webauthn:extension:largeBlob: true, webauthn:virtualAuthenticators: true}
Element: [[ChromeDriver: chrome on WINDOWS (b91b9cc2b751a4292dcc5c13c338190c)] -> xpath: //input[@name='uploadedFile']]
Session ID: b91b9cc2b751a4292dcc5c13c338190c
at jdk.internal.reflect.GeneratedConstructorAccessor29.newInstance(Unknown Source)
at java.base/jdk.internal.reflect.DelegatingConstructorAccessorImpl.newInstance(DelegatingConstructorAccessorImpl.java:45)
at java.base/java.lang.reflect.Constructor.newInstanceWithCaller(Constructor.java:499)
at java.base/java.lang.reflect.Constructor.newInstance(Constructor.java:480)
at org.openqa.selenium.remote.codec.w3c.W3CHttpResponseCodec.createException(W3CHttpResponseCodec.java:200)
at org.openqa.selenium.remote.codec.w3c.W3CHttpResponseCodec.decode(W3CHttpResponseCodec.java:133)
at org.openqa.selenium.remote.codec.w3c.W3CHttpResponseCodec.decode(W3CHttpResponseCodec.java:53)
at org.openqa.selenium.remote.HttpCommandExecutor.execute(HttpCommandExecutor.java:184)
at org.openqa.selenium.remote.service.DriverCommandExecutor.invokeExecute(DriverCommandExecutor.java:167)
at org.openqa.selenium.remote.service.DriverCommandExecutor.execute(DriverCommandExecutor.java:142)
at org.openqa.selenium.remote.RemoteWebDriver.execute(RemoteWebDriver.java:547)
at org.openqa.selenium.remote.RemoteWebElement.execute(RemoteWebElement.java:257)
at org.openqa.selenium.remote.RemoteWebElement.sendKeys(RemoteWebElement.java:113)
at jdk.internal.reflect.GeneratedMethodAccessor128.invoke(Unknown Source)
at java.base/jdk.internal.reflect.DelegatingMethodAccessorImpl.invoke(DelegatingMethodAccessorImpl.java:43)
at java.base/java.lang.reflect.Method.invoke(Method.java:568)
at org.openqa.selenium.support.pagefactory.internal.LocatingElementHandler.invoke(LocatingElementHandler.java:52)
at jdk.proxy2/jdk.proxy2.$Proxy32.sendKeys(Unknown Source)
at cucumber.framework.page.jcadmin.JCAdminTestimonial.uploadFile(JCAdminTestimonial.java:302)
at cucumber.framework.page.jcadmin.JCAdminTestimonial.tambahDataTestimonialNegativeActiveChar(JCAdminTestimonial.java:376)
at cucumber.framework.runner.jcadmin.Anisa.JCTambahNegatifTestimonialImpl.admin_mengisi_negative_form_dengan_rating_angka_rating_active_panjang_karakter(JCTambahNegatifTestimonialImpl.java:134)
at ?.TE026N Admin mengisi negative form dengan rating 1 active panjang karakter(file:///C:/Users/NEXSOFT/git/INTEGRATION-BOIM-NICO-NISA/INTEGRATION-BOIM-NICO-NISA/src/main/resources/jcadmin/anisa/002Testimonial002TambahNegatif.feature:63)
]]>
    </error>
  </testcase> <!-- runScenario -->
  <system-out/>
  <testcase classname="cucumber.framework.runner.jcadmin.JCAdminRunnerKolektif" name="runScenario" time="26.065"/>
  <system-out/>
  <testcase classname="cucumber.framework.runner.jcadmin.JCAdminRunnerKolektif" name="runScenario" time="2.519"/>
  <system-out/>
  <testcase classname="cucumber.framework.runner.jcadmin.JCAdminRunnerKolektif" name="runScenario" time="13.048"/>
  <system-out/>
  <testcase classname="cucumber.framework.runner.jcadmin.JCAdminRunnerKolektif" name="runScenario" time="8.913">
    <error message="invalid argument: File not found : C:\Users\NEXSOFT\git\INTEGRATION-BOIM-NICO-NISA\INTEGRATION-BOIM-NICO-NISA\src\main\resources\gambarnisa\dev.png
  (Session info: chrome=105.0.5195.127)
Build info: version: &#039;4.4.0&#039;, revision: &#039;e5c75ed026a&#039;
System info: host: &#039;DESKTOP-8OTT66F&#039;, ip: &#039;192.168.0.11&#039;, os.name: &#039;Windows 10&#039;, os.arch: &#039;amd64&#039;, os.version: &#039;10.0&#039;, java.version: &#039;17.0.4.1&#039;
Driver info: org.openqa.selenium.chrome.ChromeDriver
Command: [b91b9cc2b751a4292dcc5c13c338190c, sendKeysToElement {id=4f433aea-c52a-474d-bb1a-8be70048bae6, value=[Ljava.lang.CharSequence;@48f08e9}]
Capabilities {acceptInsecureCerts: false, browserName: chrome, browserVersion: 105.0.5195.127, chrome: {chromedriverVersion: 105.0.5195.52 (412c95e51883..., userDataDir: C:\Users\NEXSOFT\AppData\Lo...}, goog:chromeOptions: {debuggerAddress: localhost:51677}, networkConnectionEnabled: false, pageLoadStrategy: normal, platformName: WINDOWS, proxy: Proxy(), se:cdp: ws://localhost:51677/devtoo..., se:cdpVersion: 105.0.5195.127, setWindowRect: true, strictFileInteractability: false, timeouts: {implicit: 0, pageLoad: 300000, script: 30000}, unhandledPromptBehavior: dismiss and notify, webauthn:extension:credBlob: true, webauthn:extension:largeBlob: true, webauthn:virtualAuthenticators: true}
Element: [[ChromeDriver: chrome on WINDOWS (b91b9cc2b751a4292dcc5c13c338190c)] -&gt; xpath: //input[@name=&#039;uploadedFile&#039;]]
Session ID: b91b9cc2b751a4292dcc5c13c338190c" type="org.openqa.selenium.InvalidArgumentException">
      <![CDATA[org.openqa.selenium.InvalidArgumentException: invalid argument: File not found : C:\Users\NEXSOFT\git\INTEGRATION-BOIM-NICO-NISA\INTEGRATION-BOIM-NICO-NISA\src\main\resources\gambarnisa\dev.png
  (Session info: chrome=105.0.5195.127)
Build info: version: '4.4.0', revision: 'e5c75ed026a'
System info: host: 'DESKTOP-8OTT66F', ip: '192.168.0.11', os.name: 'Windows 10', os.arch: 'amd64', os.version: '10.0', java.version: '17.0.4.1'
Driver info: org.openqa.selenium.chrome.ChromeDriver
Command: [b91b9cc2b751a4292dcc5c13c338190c, sendKeysToElement {id=4f433aea-c52a-474d-bb1a-8be70048bae6, value=[Ljava.lang.CharSequence;@48f08e9}]
Capabilities {acceptInsecureCerts: false, browserName: chrome, browserVersion: 105.0.5195.127, chrome: {chromedriverVersion: 105.0.5195.52 (412c95e51883..., userDataDir: C:\Users\NEXSOFT\AppData\Lo...}, goog:chromeOptions: {debuggerAddress: localhost:51677}, networkConnectionEnabled: false, pageLoadStrategy: normal, platformName: WINDOWS, proxy: Proxy(), se:cdp: ws://localhost:51677/devtoo..., se:cdpVersion: 105.0.5195.127, setWindowRect: true, strictFileInteractability: false, timeouts: {implicit: 0, pageLoad: 300000, script: 30000}, unhandledPromptBehavior: dismiss and notify, webauthn:extension:credBlob: true, webauthn:extension:largeBlob: true, webauthn:virtualAuthenticators: true}
Element: [[ChromeDriver: chrome on WINDOWS (b91b9cc2b751a4292dcc5c13c338190c)] -> xpath: //input[@name='uploadedFile']]
Session ID: b91b9cc2b751a4292dcc5c13c338190c
at java.base/jdk.internal.reflect.NativeConstructorAccessorImpl.newInstance0(Native Method)
at java.base/jdk.internal.reflect.NativeConstructorAccessorImpl.newInstance(NativeConstructorAccessorImpl.java:77)
at java.base/jdk.internal.reflect.DelegatingConstructorAccessorImpl.newInstance(DelegatingConstructorAccessorImpl.java:45)
at java.base/java.lang.reflect.Constructor.newInstanceWithCaller(Constructor.java:499)
at java.base/java.lang.reflect.Constructor.newInstance(Constructor.java:480)
at org.openqa.selenium.remote.codec.w3c.W3CHttpResponseCodec.createException(W3CHttpResponseCodec.java:200)
at org.openqa.selenium.remote.codec.w3c.W3CHttpResponseCodec.decode(W3CHttpResponseCodec.java:133)
at org.openqa.selenium.remote.codec.w3c.W3CHttpResponseCodec.decode(W3CHttpResponseCodec.java:53)
at org.openqa.selenium.remote.HttpCommandExecutor.execute(HttpCommandExecutor.java:184)
at org.openqa.selenium.remote.service.DriverCommandExecutor.invokeExecute(DriverCommandExecutor.java:167)
at org.openqa.selenium.remote.service.DriverCommandExecutor.execute(DriverCommandExecutor.java:142)
at org.openqa.selenium.remote.RemoteWebDriver.execute(RemoteWebDriver.java:547)
at org.openqa.selenium.remote.RemoteWebElement.execute(RemoteWebElement.java:257)
at org.openqa.selenium.remote.RemoteWebElement.sendKeys(RemoteWebElement.java:113)
at jdk.internal.reflect.GeneratedMethodAccessor128.invoke(Unknown Source)
at java.base/jdk.internal.reflect.DelegatingMethodAccessorImpl.invoke(DelegatingMethodAccessorImpl.java:43)
at java.base/java.lang.reflect.Method.invoke(Method.java:568)
at org.openqa.selenium.support.pagefactory.internal.LocatingElementHandler.invoke(LocatingElementHandler.java:52)
at jdk.proxy2/jdk.proxy2.$Proxy32.sendKeys(Unknown Source)
at cucumber.framework.page.jcadmin.JCAdminTestimonial.uploadFile(JCAdminTestimonial.java:302)
at cucumber.framework.page.jcadmin.JCAdminTestimonial.tambahDataTestimonialNegativeNoActive(JCAdminTestimonial.java:328)
at cucumber.framework.runner.jcadmin.Anisa.JCTambahNegatifTestimonialImpl.admin_mengisi_form_tambah_negative_dengan_rating_angka_rating_publish_no_active(JCTambahNegatifTestimonialImpl.java:72)
at ?.TE010N Admin mengisi form tambah negative dengan rating 3 publish no active(file:///C:/Users/NEXSOFT/git/INTEGRATION-BOIM-NICO-NISA/INTEGRATION-BOIM-NICO-NISA/src/main/resources/jcadmin/anisa/002Testimonial002TambahNegatif.feature:21)
]]>
    </error>
  </testcase> <!-- runScenario -->
  <system-out/>
  <testcase classname="cucumber.framework.runner.jcadmin.JCAdminRunnerKolektif" name="runScenario" time="26.552"/>
  <system-out/>
  <testcase classname="cucumber.framework.runner.jcadmin.JCAdminRunnerKolektif" name="runScenario" time="8.486"/>
  <system-out/>
  <testcase classname="cucumber.framework.runner.jcadmin.JCAdminRunnerKolektif" name="runScenario" time="8.943">
    <error message="invalid argument: File not found : C:\Users\NEXSOFT\git\INTEGRATION-BOIM-NICO-NISA\INTEGRATION-BOIM-NICO-NISA\src\main\resources\gambarnisa\dev.png
  (Session info: chrome=105.0.5195.127)
Build info: version: &#039;4.4.0&#039;, revision: &#039;e5c75ed026a&#039;
System info: host: &#039;DESKTOP-8OTT66F&#039;, ip: &#039;192.168.0.11&#039;, os.name: &#039;Windows 10&#039;, os.arch: &#039;amd64&#039;, os.version: &#039;10.0&#039;, java.version: &#039;17.0.4.1&#039;
Driver info: org.openqa.selenium.chrome.ChromeDriver
Command: [b91b9cc2b751a4292dcc5c13c338190c, sendKeysToElement {id=dc16faa5-047b-4163-b47c-abcccd9b8cff, value=[Ljava.lang.CharSequence;@5b4e1899}]
Capabilities {acceptInsecureCerts: false, browserName: chrome, browserVersion: 105.0.5195.127, chrome: {chromedriverVersion: 105.0.5195.52 (412c95e51883..., userDataDir: C:\Users\NEXSOFT\AppData\Lo...}, goog:chromeOptions: {debuggerAddress: localhost:51677}, networkConnectionEnabled: false, pageLoadStrategy: normal, platformName: WINDOWS, proxy: Proxy(), se:cdp: ws://localhost:51677/devtoo..., se:cdpVersion: 105.0.5195.127, setWindowRect: true, strictFileInteractability: false, timeouts: {implicit: 0, pageLoad: 300000, script: 30000}, unhandledPromptBehavior: dismiss and notify, webauthn:extension:credBlob: true, webauthn:extension:largeBlob: true, webauthn:virtualAuthenticators: true}
Element: [[ChromeDriver: chrome on WINDOWS (b91b9cc2b751a4292dcc5c13c338190c)] -&gt; xpath: //input[@name=&#039;uploadedFile&#039;]]
Session ID: b91b9cc2b751a4292dcc5c13c338190c" type="org.openqa.selenium.InvalidArgumentException">
      <![CDATA[org.openqa.selenium.InvalidArgumentException: invalid argument: File not found : C:\Users\NEXSOFT\git\INTEGRATION-BOIM-NICO-NISA\INTEGRATION-BOIM-NICO-NISA\src\main\resources\gambarnisa\dev.png
  (Session info: chrome=105.0.5195.127)
Build info: version: '4.4.0', revision: 'e5c75ed026a'
System info: host: 'DESKTOP-8OTT66F', ip: '192.168.0.11', os.name: 'Windows 10', os.arch: 'amd64', os.version: '10.0', java.version: '17.0.4.1'
Driver info: org.openqa.selenium.chrome.ChromeDriver
Command: [b91b9cc2b751a4292dcc5c13c338190c, sendKeysToElement {id=dc16faa5-047b-4163-b47c-abcccd9b8cff, value=[Ljava.lang.CharSequence;@5b4e1899}]
Capabilities {acceptInsecureCerts: false, browserName: chrome, browserVersion: 105.0.5195.127, chrome: {chromedriverVersion: 105.0.5195.52 (412c95e51883..., userDataDir: C:\Users\NEXSOFT\AppData\Lo...}, goog:chromeOptions: {debuggerAddress: localhost:51677}, networkConnectionEnabled: false, pageLoadStrategy: normal, platformName: WINDOWS, proxy: Proxy(), se:cdp: ws://localhost:51677/devtoo..., se:cdpVersion: 105.0.5195.127, setWindowRect: true, strictFileInteractability: false, timeouts: {implicit: 0, pageLoad: 300000, script: 30000}, unhandledPromptBehavior: dismiss and notify, webauthn:extension:credBlob: true, webauthn:extension:largeBlob: true, webauthn:virtualAuthenticators: true}
Element: [[ChromeDriver: chrome on WINDOWS (b91b9cc2b751a4292dcc5c13c338190c)] -> xpath: //input[@name='uploadedFile']]
Session ID: b91b9cc2b751a4292dcc5c13c338190c
at jdk.internal.reflect.GeneratedConstructorAccessor29.newInstance(Unknown Source)
at java.base/jdk.internal.reflect.DelegatingConstructorAccessorImpl.newInstance(DelegatingConstructorAccessorImpl.java:45)
at java.base/java.lang.reflect.Constructor.newInstanceWithCaller(Constructor.java:499)
at java.base/java.lang.reflect.Constructor.newInstance(Constructor.java:480)
at org.openqa.selenium.remote.codec.w3c.W3CHttpResponseCodec.createException(W3CHttpResponseCodec.java:200)
at org.openqa.selenium.remote.codec.w3c.W3CHttpResponseCodec.decode(W3CHttpResponseCodec.java:133)
at org.openqa.selenium.remote.codec.w3c.W3CHttpResponseCodec.decode(W3CHttpResponseCodec.java:53)
at org.openqa.selenium.remote.HttpCommandExecutor.execute(HttpCommandExecutor.java:184)
at org.openqa.selenium.remote.service.DriverCommandExecutor.invokeExecute(DriverCommandExecutor.java:167)
at org.openqa.selenium.remote.service.DriverCommandExecutor.execute(DriverCommandExecutor.java:142)
at org.openqa.selenium.remote.RemoteWebDriver.execute(RemoteWebDriver.java:547)
at org.openqa.selenium.remote.RemoteWebElement.execute(RemoteWebElement.java:257)
at org.openqa.selenium.remote.RemoteWebElement.sendKeys(RemoteWebElement.java:113)
at jdk.internal.reflect.GeneratedMethodAccessor128.invoke(Unknown Source)
at java.base/jdk.internal.reflect.DelegatingMethodAccessorImpl.invoke(DelegatingMethodAccessorImpl.java:43)
at java.base/java.lang.reflect.Method.invoke(Method.java:568)
at org.openqa.selenium.support.pagefactory.internal.LocatingElementHandler.invoke(LocatingElementHandler.java:52)
at jdk.proxy2/jdk.proxy2.$Proxy32.sendKeys(Unknown Source)
at cucumber.framework.page.jcadmin.JCAdminTestimonial.uploadFile(JCAdminTestimonial.java:302)
at cucumber.framework.page.jcadmin.JCAdminTestimonial.tambahDataTestimonialNegativeNoActiveChar(JCAdminTestimonial.java:394)
at cucumber.framework.runner.jcadmin.Anisa.JCTambahNegatifTestimonialImpl.admin_mengisi_form_dengan_rating_angka_rating_publish_no_active_karakter(JCTambahNegatifTestimonialImpl.java:154)
at ?.TE032N Admin mengisi form dengan rating 1 publish no active karakter(file:///C:/Users/NEXSOFT/git/INTEGRATION-BOIM-NICO-NISA/INTEGRATION-BOIM-NICO-NISA/src/main/resources/jcadmin/anisa/002Testimonial002TambahNegatif.feature:77)
]]>
    </error>
  </testcase> <!-- runScenario -->
  <system-out/>
  <testcase classname="cucumber.framework.runner.jcadmin.JCAdminRunnerKolektif" name="runScenario" time="13.516"/>
  <system-out/>
  <testcase classname="cucumber.framework.runner.jcadmin.JCAdminRunnerKolektif" name="runScenario" time="13.513"/>
  <system-out/>
  <testcase classname="cucumber.framework.runner.jcadmin.JCAdminRunnerKolektif" name="runScenario" time="25.927"/>
  <system-out/>
  <testcase classname="cucumber.framework.runner.jcadmin.JCAdminRunnerKolektif" name="runScenario" time="31.311">
    <error message="invalid argument: File not found : C:\Users\NEXSOFT\git\INTEGRATION-BOIM-NICO-NISA\INTEGRATION-BOIM-NICO-NISA\src\main\resources\gambarnisa\jerome.jpeg
  (Session info: chrome=105.0.5195.127)
Build info: version: &#039;4.4.0&#039;, revision: &#039;e5c75ed026a&#039;
System info: host: &#039;DESKTOP-8OTT66F&#039;, ip: &#039;192.168.0.11&#039;, os.name: &#039;Windows 10&#039;, os.arch: &#039;amd64&#039;, os.version: &#039;10.0&#039;, java.version: &#039;17.0.4.1&#039;
Driver info: org.openqa.selenium.chrome.ChromeDriver
Command: [b91b9cc2b751a4292dcc5c13c338190c, sendKeysToElement {id=52f7a265-e823-449c-8891-17c3c0c99722, value=[Ljava.lang.CharSequence;@3dcc59f5}]
Capabilities {acceptInsecureCerts: false, browserName: chrome, browserVersion: 105.0.5195.127, chrome: {chromedriverVersion: 105.0.5195.52 (412c95e51883..., userDataDir: C:\Users\NEXSOFT\AppData\Lo...}, goog:chromeOptions: {debuggerAddress: localhost:51677}, networkConnectionEnabled: false, pageLoadStrategy: normal, platformName: WINDOWS, proxy: Proxy(), se:cdp: ws://localhost:51677/devtoo..., se:cdpVersion: 105.0.5195.127, setWindowRect: true, strictFileInteractability: false, timeouts: {implicit: 0, pageLoad: 300000, script: 30000}, unhandledPromptBehavior: dismiss and notify, webauthn:extension:credBlob: true, webauthn:extension:largeBlob: true, webauthn:virtualAuthenticators: true}
Element: [[ChromeDriver: chrome on WINDOWS (b91b9cc2b751a4292dcc5c13c338190c)] -&gt; xpath: //input[@name=&#039;uploadedFile&#039;]]
Session ID: b91b9cc2b751a4292dcc5c13c338190c" type="org.openqa.selenium.InvalidArgumentException">
      <![CDATA[org.openqa.selenium.InvalidArgumentException: invalid argument: File not found : C:\Users\NEXSOFT\git\INTEGRATION-BOIM-NICO-NISA\INTEGRATION-BOIM-NICO-NISA\src\main\resources\gambarnisa\jerome.jpeg
  (Session info: chrome=105.0.5195.127)
Build info: version: '4.4.0', revision: 'e5c75ed026a'
System info: host: 'DESKTOP-8OTT66F', ip: '192.168.0.11', os.name: 'Windows 10', os.arch: 'amd64', os.version: '10.0', java.version: '17.0.4.1'
Driver info: org.openqa.selenium.chrome.ChromeDriver
Command: [b91b9cc2b751a4292dcc5c13c338190c, sendKeysToElement {id=52f7a265-e823-449c-8891-17c3c0c99722, value=[Ljava.lang.CharSequence;@3dcc59f5}]
Capabilities {acceptInsecureCerts: false, browserName: chrome, browserVersion: 105.0.5195.127, chrome: {chromedriverVersion: 105.0.5195.52 (412c95e51883..., userDataDir: C:\Users\NEXSOFT\AppData\Lo...}, goog:chromeOptions: {debuggerAddress: localhost:51677}, networkConnectionEnabled: false, pageLoadStrategy: normal, platformName: WINDOWS, proxy: Proxy(), se:cdp: ws://localhost:51677/devtoo..., se:cdpVersion: 105.0.5195.127, setWindowRect: true, strictFileInteractability: false, timeouts: {implicit: 0, pageLoad: 300000, script: 30000}, unhandledPromptBehavior: dismiss and notify, webauthn:extension:credBlob: true, webauthn:extension:largeBlob: true, webauthn:virtualAuthenticators: true}
Element: [[ChromeDriver: chrome on WINDOWS (b91b9cc2b751a4292dcc5c13c338190c)] -> xpath: //input[@name='uploadedFile']]
Session ID: b91b9cc2b751a4292dcc5c13c338190c
at java.base/jdk.internal.reflect.NativeConstructorAccessorImpl.newInstance0(Native Method)
at java.base/jdk.internal.reflect.NativeConstructorAccessorImpl.newInstance(NativeConstructorAccessorImpl.java:77)
at java.base/jdk.internal.reflect.DelegatingConstructorAccessorImpl.newInstance(DelegatingConstructorAccessorImpl.java:45)
at java.base/java.lang.reflect.Constructor.newInstanceWithCaller(Constructor.java:499)
at java.base/java.lang.reflect.Constructor.newInstance(Constructor.java:480)
at org.openqa.selenium.remote.codec.w3c.W3CHttpResponseCodec.createException(W3CHttpResponseCodec.java:200)
at org.openqa.selenium.remote.codec.w3c.W3CHttpResponseCodec.decode(W3CHttpResponseCodec.java:133)
at org.openqa.selenium.remote.codec.w3c.W3CHttpResponseCodec.decode(W3CHttpResponseCodec.java:53)
at org.openqa.selenium.remote.HttpCommandExecutor.execute(HttpCommandExecutor.java:184)
at org.openqa.selenium.remote.service.DriverCommandExecutor.invokeExecute(DriverCommandExecutor.java:167)
at org.openqa.selenium.remote.service.DriverCommandExecutor.execute(DriverCommandExecutor.java:142)
at org.openqa.selenium.remote.RemoteWebDriver.execute(RemoteWebDriver.java:547)
at org.openqa.selenium.remote.RemoteWebElement.execute(RemoteWebElement.java:257)
at org.openqa.selenium.remote.RemoteWebElement.sendKeys(RemoteWebElement.java:113)
at jdk.internal.reflect.GeneratedMethodAccessor128.invoke(Unknown Source)
at java.base/jdk.internal.reflect.DelegatingMethodAccessorImpl.invoke(DelegatingMethodAccessorImpl.java:43)
at java.base/java.lang.reflect.Method.invoke(Method.java:568)
at org.openqa.selenium.support.pagefactory.internal.LocatingElementHandler.invoke(LocatingElementHandler.java:52)
at jdk.proxy2/jdk.proxy2.$Proxy32.sendKeys(Unknown Source)
at cucumber.framework.page.jcadmin.JCAdminTestimonial.uploadFile(JCAdminTestimonial.java:302)
at cucumber.framework.page.jcadmin.JCAdminTestimonial.tambahDataTestimonialNegativeActive(JCAdminTestimonial.java:312)
at cucumber.framework.runner.jcadmin.Anisa.JCTambahNegatifTestimonialImpl.admin_mengisi_form_negative_dengan_rating_angka_rating_active(JCTambahNegatifTestimonialImpl.java:50)
at ?.TE005N Admin mengisi form negative dengan rating 4 active(file:///C:/Users/NEXSOFT/git/INTEGRATION-BOIM-NICO-NISA/INTEGRATION-BOIM-NICO-NISA/src/main/resources/jcadmin/anisa/002Testimonial002TambahNegatif.feature:7)
]]>
    </error>
  </testcase> <!-- runScenario -->
  <system-out/>
  <testcase classname="cucumber.framework.runner.jcadmin.JCAdminRunnerKolektif" name="runScenario" time="9.000">
    <error message="invalid argument: File not found : C:\Users\NEXSOFT\git\INTEGRATION-BOIM-NICO-NISA\INTEGRATION-BOIM-NICO-NISA\src\main\resources\gambarnisa\dev.png
  (Session info: chrome=105.0.5195.127)
Build info: version: &#039;4.4.0&#039;, revision: &#039;e5c75ed026a&#039;
System info: host: &#039;DESKTOP-8OTT66F&#039;, ip: &#039;192.168.0.11&#039;, os.name: &#039;Windows 10&#039;, os.arch: &#039;amd64&#039;, os.version: &#039;10.0&#039;, java.version: &#039;17.0.4.1&#039;
Driver info: org.openqa.selenium.chrome.ChromeDriver
Command: [b91b9cc2b751a4292dcc5c13c338190c, sendKeysToElement {id=b56c3c99-3198-4ce8-9d5b-ab68ba44f6e9, value=[Ljava.lang.CharSequence;@5fb2088b}]
Capabilities {acceptInsecureCerts: false, browserName: chrome, browserVersion: 105.0.5195.127, chrome: {chromedriverVersion: 105.0.5195.52 (412c95e51883..., userDataDir: C:\Users\NEXSOFT\AppData\Lo...}, goog:chromeOptions: {debuggerAddress: localhost:51677}, networkConnectionEnabled: false, pageLoadStrategy: normal, platformName: WINDOWS, proxy: Proxy(), se:cdp: ws://localhost:51677/devtoo..., se:cdpVersion: 105.0.5195.127, setWindowRect: true, strictFileInteractability: false, timeouts: {implicit: 0, pageLoad: 300000, script: 30000}, unhandledPromptBehavior: dismiss and notify, webauthn:extension:credBlob: true, webauthn:extension:largeBlob: true, webauthn:virtualAuthenticators: true}
Element: [[ChromeDriver: chrome on WINDOWS (b91b9cc2b751a4292dcc5c13c338190c)] -&gt; xpath: //input[@name=&#039;uploadedFile&#039;]]
Session ID: b91b9cc2b751a4292dcc5c13c338190c" type="org.openqa.selenium.InvalidArgumentException">
      <![CDATA[org.openqa.selenium.InvalidArgumentException: invalid argument: File not found : C:\Users\NEXSOFT\git\INTEGRATION-BOIM-NICO-NISA\INTEGRATION-BOIM-NICO-NISA\src\main\resources\gambarnisa\dev.png
  (Session info: chrome=105.0.5195.127)
Build info: version: '4.4.0', revision: 'e5c75ed026a'
System info: host: 'DESKTOP-8OTT66F', ip: '192.168.0.11', os.name: 'Windows 10', os.arch: 'amd64', os.version: '10.0', java.version: '17.0.4.1'
Driver info: org.openqa.selenium.chrome.ChromeDriver
Command: [b91b9cc2b751a4292dcc5c13c338190c, sendKeysToElement {id=b56c3c99-3198-4ce8-9d5b-ab68ba44f6e9, value=[Ljava.lang.CharSequence;@5fb2088b}]
Capabilities {acceptInsecureCerts: false, browserName: chrome, browserVersion: 105.0.5195.127, chrome: {chromedriverVersion: 105.0.5195.52 (412c95e51883..., userDataDir: C:\Users\NEXSOFT\AppData\Lo...}, goog:chromeOptions: {debuggerAddress: localhost:51677}, networkConnectionEnabled: false, pageLoadStrategy: normal, platformName: WINDOWS, proxy: Proxy(), se:cdp: ws://localhost:51677/devtoo..., se:cdpVersion: 105.0.5195.127, setWindowRect: true, strictFileInteractability: false, timeouts: {implicit: 0, pageLoad: 300000, script: 30000}, unhandledPromptBehavior: dismiss and notify, webauthn:extension:credBlob: true, webauthn:extension:largeBlob: true, webauthn:virtualAuthenticators: true}
Element: [[ChromeDriver: chrome on WINDOWS (b91b9cc2b751a4292dcc5c13c338190c)] -> xpath: //input[@name='uploadedFile']]
Session ID: b91b9cc2b751a4292dcc5c13c338190c
at jdk.internal.reflect.GeneratedConstructorAccessor29.newInstance(Unknown Source)
at java.base/jdk.internal.reflect.DelegatingConstructorAccessorImpl.newInstance(DelegatingConstructorAccessorImpl.java:45)
at java.base/java.lang.reflect.Constructor.newInstanceWithCaller(Constructor.java:499)
at java.base/java.lang.reflect.Constructor.newInstance(Constructor.java:480)
at org.openqa.selenium.remote.codec.w3c.W3CHttpResponseCodec.createException(W3CHttpResponseCodec.java:200)
at org.openqa.selenium.remote.codec.w3c.W3CHttpResponseCodec.decode(W3CHttpResponseCodec.java:133)
at org.openqa.selenium.remote.codec.w3c.W3CHttpResponseCodec.decode(W3CHttpResponseCodec.java:53)
at org.openqa.selenium.remote.HttpCommandExecutor.execute(HttpCommandExecutor.java:184)
at org.openqa.selenium.remote.service.DriverCommandExecutor.invokeExecute(DriverCommandExecutor.java:167)
at org.openqa.selenium.remote.service.DriverCommandExecutor.execute(DriverCommandExecutor.java:142)
at org.openqa.selenium.remote.RemoteWebDriver.execute(RemoteWebDriver.java:547)
at org.openqa.selenium.remote.RemoteWebElement.execute(RemoteWebElement.java:257)
at org.openqa.selenium.remote.RemoteWebElement.sendKeys(RemoteWebElement.java:113)
at jdk.internal.reflect.GeneratedMethodAccessor128.invoke(Unknown Source)
at java.base/jdk.internal.reflect.DelegatingMethodAccessorImpl.invoke(DelegatingMethodAccessorImpl.java:43)
at java.base/java.lang.reflect.Method.invoke(Method.java:568)
at org.openqa.selenium.support.pagefactory.internal.LocatingElementHandler.invoke(LocatingElementHandler.java:52)
at jdk.proxy2/jdk.proxy2.$Proxy32.sendKeys(Unknown Source)
at cucumber.framework.page.jcadmin.JCAdminTestimonial.uploadFile(JCAdminTestimonial.java:302)
at cucumber.framework.page.jcadmin.JCAdminTestimonial.tambahDataTestimonialNegativeNoActiveChar(JCAdminTestimonial.java:394)
at cucumber.framework.runner.jcadmin.Anisa.JCTambahNegatifTestimonialImpl.admin_mengisi_form_dengan_rating_angka_rating_publish_no_active_karakter(JCTambahNegatifTestimonialImpl.java:154)
at ?.TE033N Admin mengisi form dengan rating 2 publish no active karakter(file:///C:/Users/NEXSOFT/git/INTEGRATION-BOIM-NICO-NISA/INTEGRATION-BOIM-NICO-NISA/src/main/resources/jcadmin/anisa/002Testimonial002TambahNegatif.feature:77)
]]>
    </error>
  </testcase> <!-- runScenario -->
  <system-out/>
  <testcase classname="cucumber.framework.runner.jcadmin.JCAdminRunnerKolektif" name="runScenario" time="14.363"/>
  <system-out/>
  <testcase classname="cucumber.framework.runner.jcadmin.JCAdminRunnerKolektif" name="runScenario" time="13.183"/>
  <system-out/>
  <testcase classname="cucumber.framework.runner.jcadmin.JCAdminRunnerKolektif" name="runScenario" time="2.722"/>
  <system-out/>
  <testcase classname="cucumber.framework.runner.jcadmin.JCAdminRunnerKolektif" name="runScenario" time="15.027">
    <error message="invalid argument: File not found : C:\Users\NEXSOFT\git\INTEGRATION-BOIM-NICO-NISA\INTEGRATION-BOIM-NICO-NISA\src\main\resources\gambarnisa\dev.png
  (Session info: chrome=105.0.5195.127)
Build info: version: &#039;4.4.0&#039;, revision: &#039;e5c75ed026a&#039;
System info: host: &#039;DESKTOP-8OTT66F&#039;, ip: &#039;192.168.0.11&#039;, os.name: &#039;Windows 10&#039;, os.arch: &#039;amd64&#039;, os.version: &#039;10.0&#039;, java.version: &#039;17.0.4.1&#039;
Driver info: org.openqa.selenium.chrome.ChromeDriver
Command: [b91b9cc2b751a4292dcc5c13c338190c, sendKeysToElement {id=7c7f3f22-7319-45f1-a813-fc50d4a8e5a7, value=[Ljava.lang.CharSequence;@3ca07d9}]
Capabilities {acceptInsecureCerts: false, browserName: chrome, browserVersion: 105.0.5195.127, chrome: {chromedriverVersion: 105.0.5195.52 (412c95e51883..., userDataDir: C:\Users\NEXSOFT\AppData\Lo...}, goog:chromeOptions: {debuggerAddress: localhost:51677}, networkConnectionEnabled: false, pageLoadStrategy: normal, platformName: WINDOWS, proxy: Proxy(), se:cdp: ws://localhost:51677/devtoo..., se:cdpVersion: 105.0.5195.127, setWindowRect: true, strictFileInteractability: false, timeouts: {implicit: 0, pageLoad: 300000, script: 30000}, unhandledPromptBehavior: dismiss and notify, webauthn:extension:credBlob: true, webauthn:extension:largeBlob: true, webauthn:virtualAuthenticators: true}
Element: [[ChromeDriver: chrome on WINDOWS (b91b9cc2b751a4292dcc5c13c338190c)] -&gt; xpath: //input[@name=&#039;uploadedFile&#039;]]
Session ID: b91b9cc2b751a4292dcc5c13c338190c" type="org.openqa.selenium.InvalidArgumentException">
      <![CDATA[org.openqa.selenium.InvalidArgumentException: invalid argument: File not found : C:\Users\NEXSOFT\git\INTEGRATION-BOIM-NICO-NISA\INTEGRATION-BOIM-NICO-NISA\src\main\resources\gambarnisa\dev.png
  (Session info: chrome=105.0.5195.127)
Build info: version: '4.4.0', revision: 'e5c75ed026a'
System info: host: 'DESKTOP-8OTT66F', ip: '192.168.0.11', os.name: 'Windows 10', os.arch: 'amd64', os.version: '10.0', java.version: '17.0.4.1'
Driver info: org.openqa.selenium.chrome.ChromeDriver
Command: [b91b9cc2b751a4292dcc5c13c338190c, sendKeysToElement {id=7c7f3f22-7319-45f1-a813-fc50d4a8e5a7, value=[Ljava.lang.CharSequence;@3ca07d9}]
Capabilities {acceptInsecureCerts: false, browserName: chrome, browserVersion: 105.0.5195.127, chrome: {chromedriverVersion: 105.0.5195.52 (412c95e51883..., userDataDir: C:\Users\NEXSOFT\AppData\Lo...}, goog:chromeOptions: {debuggerAddress: localhost:51677}, networkConnectionEnabled: false, pageLoadStrategy: normal, platformName: WINDOWS, proxy: Proxy(), se:cdp: ws://localhost:51677/devtoo..., se:cdpVersion: 105.0.5195.127, setWindowRect: true, strictFileInteractability: false, timeouts: {implicit: 0, pageLoad: 300000, script: 30000}, unhandledPromptBehavior: dismiss and notify, webauthn:extension:credBlob: true, webauthn:extension:largeBlob: true, webauthn:virtualAuthenticators: true}
Element: [[ChromeDriver: chrome on WINDOWS (b91b9cc2b751a4292dcc5c13c338190c)] -> xpath: //input[@name='uploadedFile']]
Session ID: b91b9cc2b751a4292dcc5c13c338190c
at jdk.internal.reflect.GeneratedConstructorAccessor29.newInstance(Unknown Source)
at java.base/jdk.internal.reflect.DelegatingConstructorAccessorImpl.newInstance(DelegatingConstructorAccessorImpl.java:45)
at java.base/java.lang.reflect.Constructor.newInstanceWithCaller(Constructor.java:499)
at java.base/java.lang.reflect.Constructor.newInstance(Constructor.java:480)
at org.openqa.selenium.remote.codec.w3c.W3CHttpResponseCodec.createException(W3CHttpResponseCodec.java:200)
at org.openqa.selenium.remote.codec.w3c.W3CHttpResponseCodec.decode(W3CHttpResponseCodec.java:133)
at org.openqa.selenium.remote.codec.w3c.W3CHttpResponseCodec.decode(W3CHttpResponseCodec.java:53)
at org.openqa.selenium.remote.HttpCommandExecutor.execute(HttpCommandExecutor.java:184)
at org.openqa.selenium.remote.service.DriverCommandExecutor.invokeExecute(DriverCommandExecutor.java:167)
at org.openqa.selenium.remote.service.DriverCommandExecutor.execute(DriverCommandExecutor.java:142)
at org.openqa.selenium.remote.RemoteWebDriver.execute(RemoteWebDriver.java:547)
at org.openqa.selenium.remote.RemoteWebElement.execute(RemoteWebElement.java:257)
at org.openqa.selenium.remote.RemoteWebElement.sendKeys(RemoteWebElement.java:113)
at jdk.internal.reflect.GeneratedMethodAccessor128.invoke(Unknown Source)
at java.base/jdk.internal.reflect.DelegatingMethodAccessorImpl.invoke(DelegatingMethodAccessorImpl.java:43)
at java.base/java.lang.reflect.Method.invoke(Method.java:568)
at org.openqa.selenium.support.pagefactory.internal.LocatingElementHandler.invoke(LocatingElementHandler.java:52)
at jdk.proxy2/jdk.proxy2.$Proxy32.sendKeys(Unknown Source)
at cucumber.framework.page.jcadmin.JCAdminTestimonial.uploadFile(JCAdminTestimonial.java:302)
at cucumber.framework.page.jcadmin.JCAdminTestimonial.tambahDataTestimonialNegNoActiveNama(JCAdminTestimonial.java:430)
at cucumber.framework.runner.jcadmin.Anisa.JCTambahNegatifTestimonialImpl.admin_isi_negative_data_tambah_dengan_rating_angka_rating_no_active_nama_char(JCTambahNegatifTestimonialImpl.java:194)
at ?.TE043N Admin isi negative data tambah dengan rating 0 no active nama char(file:///C:/Users/NEXSOFT/git/INTEGRATION-BOIM-NICO-NISA/INTEGRATION-BOIM-NICO-NISA/src/main/resources/jcadmin/anisa/002Testimonial002TambahNegatif.feature:105)
]]>
    </error>
  </testcase> <!-- runScenario -->
  <system-out/>
  <testcase classname="cucumber.framework.runner.jcadmin.JCAdminRunnerKolektif" name="runScenario" time="10.130">
    <error message="invalid argument: File not found : C:\Users\NEXSOFT\Desktop\Test TA\error-wait.GIF
  (Session info: chrome=105.0.5195.127)
Build info: version: &#039;4.4.0&#039;, revision: &#039;e5c75ed026a&#039;
System info: host: &#039;DESKTOP-8OTT66F&#039;, ip: &#039;192.168.0.11&#039;, os.name: &#039;Windows 10&#039;, os.arch: &#039;amd64&#039;, os.version: &#039;10.0&#039;, java.version: &#039;17.0.4.1&#039;
Driver info: org.openqa.selenium.chrome.ChromeDriver
Command: [b91b9cc2b751a4292dcc5c13c338190c, sendKeysToElement {id=b6ddabfc-f422-4c50-a1a3-9ec83684e949, value=[Ljava.lang.CharSequence;@4909e294}]
Capabilities {acceptInsecureCerts: false, browserName: chrome, browserVersion: 105.0.5195.127, chrome: {chromedriverVersion: 105.0.5195.52 (412c95e51883..., userDataDir: C:\Users\NEXSOFT\AppData\Lo...}, goog:chromeOptions: {debuggerAddress: localhost:51677}, networkConnectionEnabled: false, pageLoadStrategy: normal, platformName: WINDOWS, proxy: Proxy(), se:cdp: ws://localhost:51677/devtoo..., se:cdpVersion: 105.0.5195.127, setWindowRect: true, strictFileInteractability: false, timeouts: {implicit: 0, pageLoad: 300000, script: 30000}, unhandledPromptBehavior: dismiss and notify, webauthn:extension:credBlob: true, webauthn:extension:largeBlob: true, webauthn:virtualAuthenticators: true}
Element: [[ChromeDriver: chrome on WINDOWS (b91b9cc2b751a4292dcc5c13c338190c)] -&gt; name: uploadedFile]
Session ID: b91b9cc2b751a4292dcc5c13c338190c" type="org.openqa.selenium.InvalidArgumentException">
      <![CDATA[org.openqa.selenium.InvalidArgumentException: invalid argument: File not found : C:\Users\NEXSOFT\Desktop\Test TA\error-wait.GIF
  (Session info: chrome=105.0.5195.127)
Build info: version: '4.4.0', revision: 'e5c75ed026a'
System info: host: 'DESKTOP-8OTT66F', ip: '192.168.0.11', os.name: 'Windows 10', os.arch: 'amd64', os.version: '10.0', java.version: '17.0.4.1'
Driver info: org.openqa.selenium.chrome.ChromeDriver
Command: [b91b9cc2b751a4292dcc5c13c338190c, sendKeysToElement {id=b6ddabfc-f422-4c50-a1a3-9ec83684e949, value=[Ljava.lang.CharSequence;@4909e294}]
Capabilities {acceptInsecureCerts: false, browserName: chrome, browserVersion: 105.0.5195.127, chrome: {chromedriverVersion: 105.0.5195.52 (412c95e51883..., userDataDir: C:\Users\NEXSOFT\AppData\Lo...}, goog:chromeOptions: {debuggerAddress: localhost:51677}, networkConnectionEnabled: false, pageLoadStrategy: normal, platformName: WINDOWS, proxy: Proxy(), se:cdp: ws://localhost:51677/devtoo..., se:cdpVersion: 105.0.5195.127, setWindowRect: true, strictFileInteractability: false, timeouts: {implicit: 0, pageLoad: 300000, script: 30000}, unhandledPromptBehavior: dismiss and notify, webauthn:extension:credBlob: true, webauthn:extension:largeBlob: true, webauthn:virtualAuthenticators: true}
Element: [[ChromeDriver: chrome on WINDOWS (b91b9cc2b751a4292dcc5c13c338190c)] -> name: uploadedFile]
Session ID: b91b9cc2b751a4292dcc5c13c338190c
at jdk.internal.reflect.GeneratedConstructorAccessor29.newInstance(Unknown Source)
at java.base/jdk.internal.reflect.DelegatingConstructorAccessorImpl.newInstance(DelegatingConstructorAccessorImpl.java:45)
at java.base/java.lang.reflect.Constructor.newInstanceWithCaller(Constructor.java:499)
at java.base/java.lang.reflect.Constructor.newInstance(Constructor.java:480)
at org.openqa.selenium.remote.codec.w3c.W3CHttpResponseCodec.createException(W3CHttpResponseCodec.java:200)
at org.openqa.selenium.remote.codec.w3c.W3CHttpResponseCodec.decode(W3CHttpResponseCodec.java:133)
at org.openqa.selenium.remote.codec.w3c.W3CHttpResponseCodec.decode(W3CHttpResponseCodec.java:53)
at org.openqa.selenium.remote.HttpCommandExecutor.execute(HttpCommandExecutor.java:184)
at org.openqa.selenium.remote.service.DriverCommandExecutor.invokeExecute(DriverCommandExecutor.java:167)
at org.openqa.selenium.remote.service.DriverCommandExecutor.execute(DriverCommandExecutor.java:142)
at org.openqa.selenium.remote.RemoteWebDriver.execute(RemoteWebDriver.java:547)
at org.openqa.selenium.remote.RemoteWebElement.execute(RemoteWebElement.java:257)
at org.openqa.selenium.remote.RemoteWebElement.sendKeys(RemoteWebElement.java:113)
at jdk.internal.reflect.GeneratedMethodAccessor128.invoke(Unknown Source)
at java.base/jdk.internal.reflect.DelegatingMethodAccessorImpl.invoke(DelegatingMethodAccessorImpl.java:43)
at java.base/java.lang.reflect.Method.invoke(Method.java:568)
at org.openqa.selenium.support.pagefactory.internal.LocatingElementHandler.invoke(LocatingElementHandler.java:52)
at jdk.proxy2/jdk.proxy2.$Proxy32.sendKeys(Unknown Source)
at cucumber.framework.page.jcadmin.JCAdminAboutPage.fotoTrainer(JCAdminAboutPage.java:115)
at cucumber.framework.runner.jcadmin.Cnico.JCAdminAboutAddTrainerImpl.kode_admin_mengisi_data_foto_nama_jabatan_dan_profile_trainer(JCAdminAboutAddTrainerImpl.java:61)
at ?.AB003P Admin mengisi data foto nama jabatan dan profile trainer(file:///C:/Users/NEXSOFT/git/INTEGRATION-BOIM-NICO-NISA/INTEGRATION-BOIM-NICO-NISA/src/main/resources/jcadmin/nico/005About001AddTrainer.feature:12)
]]>
    </error>
  </testcase> <!-- runScenario -->
  <system-out/>
  <testcase classname="cucumber.framework.runner.jcadmin.JCAdminRunnerKolektif" name="runScenario" time="18.411"/>
  <system-out/>
  <testcase classname="cucumber.framework.runner.jcadmin.JCAdminRunnerKolektif" name="runScenario" time="8.938"/>
  <system-out/>
  <testcase classname="cucumber.framework.runner.jcadmin.JCAdminRunnerKolektif" name="runScenario" time="9.193">
    <error message="invalid argument: File not found : C:\Users\NEXSOFT\git\INTEGRATION-BOIM-NICO-NISA\INTEGRATION-BOIM-NICO-NISA\src\main\resources\gambarnisa\jerome.jpeg
  (Session info: chrome=105.0.5195.127)
Build info: version: &#039;4.4.0&#039;, revision: &#039;e5c75ed026a&#039;
System info: host: &#039;DESKTOP-8OTT66F&#039;, ip: &#039;192.168.0.11&#039;, os.name: &#039;Windows 10&#039;, os.arch: &#039;amd64&#039;, os.version: &#039;10.0&#039;, java.version: &#039;17.0.4.1&#039;
Driver info: org.openqa.selenium.chrome.ChromeDriver
Command: [b91b9cc2b751a4292dcc5c13c338190c, sendKeysToElement {id=6ee30129-a7d3-4f0f-9adb-b1cf73dff5d1, value=[Ljava.lang.CharSequence;@2728e166}]
Capabilities {acceptInsecureCerts: false, browserName: chrome, browserVersion: 105.0.5195.127, chrome: {chromedriverVersion: 105.0.5195.52 (412c95e51883..., userDataDir: C:\Users\NEXSOFT\AppData\Lo...}, goog:chromeOptions: {debuggerAddress: localhost:51677}, networkConnectionEnabled: false, pageLoadStrategy: normal, platformName: WINDOWS, proxy: Proxy(), se:cdp: ws://localhost:51677/devtoo..., se:cdpVersion: 105.0.5195.127, setWindowRect: true, strictFileInteractability: false, timeouts: {implicit: 0, pageLoad: 300000, script: 30000}, unhandledPromptBehavior: dismiss and notify, webauthn:extension:credBlob: true, webauthn:extension:largeBlob: true, webauthn:virtualAuthenticators: true}
Element: [[ChromeDriver: chrome on WINDOWS (b91b9cc2b751a4292dcc5c13c338190c)] -&gt; xpath: //input[@name=&#039;uploadedFile&#039;]]
Session ID: b91b9cc2b751a4292dcc5c13c338190c" type="org.openqa.selenium.InvalidArgumentException">
      <![CDATA[org.openqa.selenium.InvalidArgumentException: invalid argument: File not found : C:\Users\NEXSOFT\git\INTEGRATION-BOIM-NICO-NISA\INTEGRATION-BOIM-NICO-NISA\src\main\resources\gambarnisa\jerome.jpeg
  (Session info: chrome=105.0.5195.127)
Build info: version: '4.4.0', revision: 'e5c75ed026a'
System info: host: 'DESKTOP-8OTT66F', ip: '192.168.0.11', os.name: 'Windows 10', os.arch: 'amd64', os.version: '10.0', java.version: '17.0.4.1'
Driver info: org.openqa.selenium.chrome.ChromeDriver
Command: [b91b9cc2b751a4292dcc5c13c338190c, sendKeysToElement {id=6ee30129-a7d3-4f0f-9adb-b1cf73dff5d1, value=[Ljava.lang.CharSequence;@2728e166}]
Capabilities {acceptInsecureCerts: false, browserName: chrome, browserVersion: 105.0.5195.127, chrome: {chromedriverVersion: 105.0.5195.52 (412c95e51883..., userDataDir: C:\Users\NEXSOFT\AppData\Lo...}, goog:chromeOptions: {debuggerAddress: localhost:51677}, networkConnectionEnabled: false, pageLoadStrategy: normal, platformName: WINDOWS, proxy: Proxy(), se:cdp: ws://localhost:51677/devtoo..., se:cdpVersion: 105.0.5195.127, setWindowRect: true, strictFileInteractability: false, timeouts: {implicit: 0, pageLoad: 300000, script: 30000}, unhandledPromptBehavior: dismiss and notify, webauthn:extension:credBlob: true, webauthn:extension:largeBlob: true, webauthn:virtualAuthenticators: true}
Element: [[ChromeDriver: chrome on WINDOWS (b91b9cc2b751a4292dcc5c13c338190c)] -> xpath: //input[@name='uploadedFile']]
Session ID: b91b9cc2b751a4292dcc5c13c338190c
at jdk.internal.reflect.GeneratedConstructorAccessor29.newInstance(Unknown Source)
at java.base/jdk.internal.reflect.DelegatingConstructorAccessorImpl.newInstance(DelegatingConstructorAccessorImpl.java:45)
at java.base/java.lang.reflect.Constructor.newInstanceWithCaller(Constructor.java:499)
at java.base/java.lang.reflect.Constructor.newInstance(Constructor.java:480)
at org.openqa.selenium.remote.codec.w3c.W3CHttpResponseCodec.createException(W3CHttpResponseCodec.java:200)
at org.openqa.selenium.remote.codec.w3c.W3CHttpResponseCodec.decode(W3CHttpResponseCodec.java:133)
at org.openqa.selenium.remote.codec.w3c.W3CHttpResponseCodec.decode(W3CHttpResponseCodec.java:53)
at org.openqa.selenium.remote.HttpCommandExecutor.execute(HttpCommandExecutor.java:184)
at org.openqa.selenium.remote.service.DriverCommandExecutor.invokeExecute(DriverCommandExecutor.java:167)
at org.openqa.selenium.remote.service.DriverCommandExecutor.execute(DriverCommandExecutor.java:142)
at org.openqa.selenium.remote.RemoteWebDriver.execute(RemoteWebDriver.java:547)
at org.openqa.selenium.remote.RemoteWebElement.execute(RemoteWebElement.java:257)
at org.openqa.selenium.remote.RemoteWebElement.sendKeys(RemoteWebElement.java:113)
at jdk.internal.reflect.GeneratedMethodAccessor128.invoke(Unknown Source)
at java.base/jdk.internal.reflect.DelegatingMethodAccessorImpl.invoke(DelegatingMethodAccessorImpl.java:43)
at java.base/java.lang.reflect.Method.invoke(Method.java:568)
at org.openqa.selenium.support.pagefactory.internal.LocatingElementHandler.invoke(LocatingElementHandler.java:52)
at jdk.proxy2/jdk.proxy2.$Proxy32.sendKeys(Unknown Source)
at cucumber.framework.page.jcadmin.JCAdminTestimonial.uploadFile(JCAdminTestimonial.java:302)
at cucumber.framework.page.jcadmin.JCAdminTestimonial.tambahDataTestimonialNegativeActiveChar(JCAdminTestimonial.java:376)
at cucumber.framework.runner.jcadmin.Anisa.JCTambahNegatifTestimonialImpl.admin_mengisi_negative_form_dengan_rating_angka_rating_active_panjang_karakter(JCTambahNegatifTestimonialImpl.java:134)
at ?.TE028N Admin mengisi negative form dengan rating 3 active panjang karakter(file:///C:/Users/NEXSOFT/git/INTEGRATION-BOIM-NICO-NISA/INTEGRATION-BOIM-NICO-NISA/src/main/resources/jcadmin/anisa/002Testimonial002TambahNegatif.feature:63)
]]>
    </error>
  </testcase> <!-- runScenario -->
  <system-out/>
  <testcase classname="cucumber.framework.runner.jcadmin.JCAdminRunnerKolektif" name="runScenario" time="26.140"/>
  <system-out/>
  <testcase classname="cucumber.framework.runner.jcadmin.JCAdminRunnerKolektif" name="runScenario" time="25.799"/>
  <system-out/>
  <testcase classname="cucumber.framework.runner.jcadmin.JCAdminRunnerKolektif" name="runScenario" time="13.674"/>
  <system-out/>
  <testcase classname="cucumber.framework.runner.jcadmin.JCAdminRunnerKolektif" name="runScenario" time="10.276"/>
  <system-out/>
  <testcase classname="cucumber.framework.runner.jcadmin.JCAdminRunnerKolektif" name="runScenario" time="10.181">
    <error message="invalid argument: File not found : C:\Users\NEXSOFT\Desktop\Test TA\error-wait.GIF
  (Session info: chrome=105.0.5195.127)
Build info: version: &#039;4.4.0&#039;, revision: &#039;e5c75ed026a&#039;
System info: host: &#039;DESKTOP-8OTT66F&#039;, ip: &#039;192.168.0.11&#039;, os.name: &#039;Windows 10&#039;, os.arch: &#039;amd64&#039;, os.version: &#039;10.0&#039;, java.version: &#039;17.0.4.1&#039;
Driver info: org.openqa.selenium.chrome.ChromeDriver
Command: [b91b9cc2b751a4292dcc5c13c338190c, sendKeysToElement {id=d5ddaea9-a37a-4e58-af43-471e7bff4dca, value=[Ljava.lang.CharSequence;@2d9a273e}]
Capabilities {acceptInsecureCerts: false, browserName: chrome, browserVersion: 105.0.5195.127, chrome: {chromedriverVersion: 105.0.5195.52 (412c95e51883..., userDataDir: C:\Users\NEXSOFT\AppData\Lo...}, goog:chromeOptions: {debuggerAddress: localhost:51677}, networkConnectionEnabled: false, pageLoadStrategy: normal, platformName: WINDOWS, proxy: Proxy(), se:cdp: ws://localhost:51677/devtoo..., se:cdpVersion: 105.0.5195.127, setWindowRect: true, strictFileInteractability: false, timeouts: {implicit: 0, pageLoad: 300000, script: 30000}, unhandledPromptBehavior: dismiss and notify, webauthn:extension:credBlob: true, webauthn:extension:largeBlob: true, webauthn:virtualAuthenticators: true}
Element: [[ChromeDriver: chrome on WINDOWS (b91b9cc2b751a4292dcc5c13c338190c)] -&gt; name: uploadedFile]
Session ID: b91b9cc2b751a4292dcc5c13c338190c" type="org.openqa.selenium.InvalidArgumentException">
      <![CDATA[org.openqa.selenium.InvalidArgumentException: invalid argument: File not found : C:\Users\NEXSOFT\Desktop\Test TA\error-wait.GIF
  (Session info: chrome=105.0.5195.127)
Build info: version: '4.4.0', revision: 'e5c75ed026a'
System info: host: 'DESKTOP-8OTT66F', ip: '192.168.0.11', os.name: 'Windows 10', os.arch: 'amd64', os.version: '10.0', java.version: '17.0.4.1'
Driver info: org.openqa.selenium.chrome.ChromeDriver
Command: [b91b9cc2b751a4292dcc5c13c338190c, sendKeysToElement {id=d5ddaea9-a37a-4e58-af43-471e7bff4dca, value=[Ljava.lang.CharSequence;@2d9a273e}]
Capabilities {acceptInsecureCerts: false, browserName: chrome, browserVersion: 105.0.5195.127, chrome: {chromedriverVersion: 105.0.5195.52 (412c95e51883..., userDataDir: C:\Users\NEXSOFT\AppData\Lo...}, goog:chromeOptions: {debuggerAddress: localhost:51677}, networkConnectionEnabled: false, pageLoadStrategy: normal, platformName: WINDOWS, proxy: Proxy(), se:cdp: ws://localhost:51677/devtoo..., se:cdpVersion: 105.0.5195.127, setWindowRect: true, strictFileInteractability: false, timeouts: {implicit: 0, pageLoad: 300000, script: 30000}, unhandledPromptBehavior: dismiss and notify, webauthn:extension:credBlob: true, webauthn:extension:largeBlob: true, webauthn:virtualAuthenticators: true}
Element: [[ChromeDriver: chrome on WINDOWS (b91b9cc2b751a4292dcc5c13c338190c)] -> name: uploadedFile]
Session ID: b91b9cc2b751a4292dcc5c13c338190c
at jdk.internal.reflect.GeneratedConstructorAccessor29.newInstance(Unknown Source)
at java.base/jdk.internal.reflect.DelegatingConstructorAccessorImpl.newInstance(DelegatingConstructorAccessorImpl.java:45)
at java.base/java.lang.reflect.Constructor.newInstanceWithCaller(Constructor.java:499)
at java.base/java.lang.reflect.Constructor.newInstance(Constructor.java:480)
at org.openqa.selenium.remote.codec.w3c.W3CHttpResponseCodec.createException(W3CHttpResponseCodec.java:200)
at org.openqa.selenium.remote.codec.w3c.W3CHttpResponseCodec.decode(W3CHttpResponseCodec.java:133)
at org.openqa.selenium.remote.codec.w3c.W3CHttpResponseCodec.decode(W3CHttpResponseCodec.java:53)
at org.openqa.selenium.remote.HttpCommandExecutor.execute(HttpCommandExecutor.java:184)
at org.openqa.selenium.remote.service.DriverCommandExecutor.invokeExecute(DriverCommandExecutor.java:167)
at org.openqa.selenium.remote.service.DriverCommandExecutor.execute(DriverCommandExecutor.java:142)
at org.openqa.selenium.remote.RemoteWebDriver.execute(RemoteWebDriver.java:547)
at org.openqa.selenium.remote.RemoteWebElement.execute(RemoteWebElement.java:257)
at org.openqa.selenium.remote.RemoteWebElement.sendKeys(RemoteWebElement.java:113)
at jdk.internal.reflect.GeneratedMethodAccessor128.invoke(Unknown Source)
at java.base/jdk.internal.reflect.DelegatingMethodAccessorImpl.invoke(DelegatingMethodAccessorImpl.java:43)
at java.base/java.lang.reflect.Method.invoke(Method.java:568)
at org.openqa.selenium.support.pagefactory.internal.LocatingElementHandler.invoke(LocatingElementHandler.java:52)
at jdk.proxy2/jdk.proxy2.$Proxy32.sendKeys(Unknown Source)
at cucumber.framework.page.jcadmin.JCAdminAboutPage.fotoTrainer(JCAdminAboutPage.java:115)
at cucumber.framework.runner.jcadmin.Cnico.JCAdminAboutAddTrainerNegativeImpl.ab006n_admin_memasukkan_foto_nama_dan_jabatan_trainer_invalid_input_profile(JCAdminAboutAddTrainerNegativeImpl.java:149)
at ?.AB006N Admin memasukkan foto nama dan jabatan trainer invalid input profile(file:///C:/Users/NEXSOFT/git/INTEGRATION-BOIM-NICO-NISA/INTEGRATION-BOIM-NICO-NISA/src/main/resources/jcadmin/nico/005About002AddTrainerNegative.feature:33)
]]>
    </error>
  </testcase> <!-- runScenario -->
  <system-out/>
  <testcase classname="cucumber.framework.runner.jcadmin.JCAdminRunnerKolektif" name="runScenario" time="16.779">
    <failure message="expected [Active] but found [No Active]" type="java.lang.AssertionError">
      <![CDATA[java.lang.AssertionError: expected [Active] but found [No Active]
at org.testng.Assert.fail(Assert.java:110)
at org.testng.Assert.failNotEquals(Assert.java:1413)
at org.testng.Assert.assertEqualsImpl(Assert.java:149)
at org.testng.Assert.assertEquals(Assert.java:131)
at org.testng.Assert.assertEquals(Assert.java:655)
at org.testng.Assert.assertEquals(Assert.java:665)
at cucumber.framework.runner.jcadmin.Cnico.JCAdminBlogFindAndEditNegativeImpl.kode_admin_menekan_tombol_simpan_edit_status_status_menjadi_ubah(JCAdminBlogFindAndEditNegativeImpl.java:118)
at ?.BL005N Admin menekan tombol simpan edit status publish No Active menjadi Active(file:///C:/Users/NEXSOFT/git/INTEGRATION-BOIM-NICO-NISA/INTEGRATION-BOIM-NICO-NISA/src/main/resources/jcadmin/nico/006Blog005FindAndEditBlogNegative.feature:23)
]]>
    </failure>
  </testcase> <!-- runScenario -->
  <system-out/>
  <testcase classname="cucumber.framework.runner.jcadmin.JCAdminRunnerKolektif" name="runScenario" time="13.356"/>
  <system-out/>
  <testcase classname="cucumber.framework.runner.jcadmin.JCAdminRunnerKolektif" name="runScenario" time="20.983"/>
  <system-out/>
  <testcase classname="cucumber.framework.runner.jcadmin.JCAdminRunnerKolektif" name="runScenario" time="9.024"/>
  <system-out/>
  <testcase classname="cucumber.framework.runner.jcadmin.JCAdminRunnerKolektif" name="runScenario" time="0.440"/>
  <system-out/>
  <testcase classname="cucumber.framework.runner.jcadmin.JCAdminRunnerKolektif" name="runScenario" time="22.747"/>
  <system-out/>
  <testcase classname="cucumber.framework.runner.jcadmin.JCAdminRunnerKolektif" name="runScenario" time="2.865"/>
  <system-out/>
  <testcase classname="cucumber.framework.runner.jcadmin.JCAdminRunnerKolektif" name="runScenario" time="11.876"/>
  <system-out/>
  <testcase classname="cucumber.framework.runner.jcadmin.JCAdminRunnerKolektif" name="runScenario" time="16.165"/>
  <system-out/>
  <testcase classname="cucumber.framework.runner.jcadmin.JCAdminRunnerKolektif" name="runScenario" time="12.762"/>
  <system-out/>
  <testcase classname="cucumber.framework.runner.jcadmin.JCAdminRunnerKolektif" name="runScenario" time="13.583"/>
  <system-out/>
  <testcase classname="cucumber.framework.runner.jcadmin.JCAdminRunnerKolektif" name="runScenario" time="13.024"/>
  <system-out/>
  <testcase classname="cucumber.framework.runner.jcadmin.JCAdminRunnerKolektif" name="runScenario" time="23.171"/>
  <system-out/>
  <testcase classname="cucumber.framework.runner.jcadmin.JCAdminRunnerKolektif" name="runScenario" time="32.344"/>
  <system-out/>
  <testcase classname="cucumber.framework.runner.jcadmin.JCAdminRunnerKolektif" name="runScenario" time="10.129">
    <error message="invalid argument: File not found : C:\Users\NEXSOFT\Desktop\Test TA\error-wait.GIF
  (Session info: chrome=105.0.5195.127)
Build info: version: &#039;4.4.0&#039;, revision: &#039;e5c75ed026a&#039;
System info: host: &#039;DESKTOP-8OTT66F&#039;, ip: &#039;192.168.0.11&#039;, os.name: &#039;Windows 10&#039;, os.arch: &#039;amd64&#039;, os.version: &#039;10.0&#039;, java.version: &#039;17.0.4.1&#039;
Driver info: org.openqa.selenium.chrome.ChromeDriver
Command: [b91b9cc2b751a4292dcc5c13c338190c, sendKeysToElement {id=bec66f9b-f802-4b95-8269-2a95a7e32e16, value=[Ljava.lang.CharSequence;@393a535}]
Capabilities {acceptInsecureCerts: false, browserName: chrome, browserVersion: 105.0.5195.127, chrome: {chromedriverVersion: 105.0.5195.52 (412c95e51883..., userDataDir: C:\Users\NEXSOFT\AppData\Lo...}, goog:chromeOptions: {debuggerAddress: localhost:51677}, networkConnectionEnabled: false, pageLoadStrategy: normal, platformName: WINDOWS, proxy: Proxy(), se:cdp: ws://localhost:51677/devtoo..., se:cdpVersion: 105.0.5195.127, setWindowRect: true, strictFileInteractability: false, timeouts: {implicit: 0, pageLoad: 300000, script: 30000}, unhandledPromptBehavior: dismiss and notify, webauthn:extension:credBlob: true, webauthn:extension:largeBlob: true, webauthn:virtualAuthenticators: true}
Element: [[ChromeDriver: chrome on WINDOWS (b91b9cc2b751a4292dcc5c13c338190c)] -&gt; name: uploadedFile]
Session ID: b91b9cc2b751a4292dcc5c13c338190c" type="org.openqa.selenium.InvalidArgumentException">
      <![CDATA[org.openqa.selenium.InvalidArgumentException: invalid argument: File not found : C:\Users\NEXSOFT\Desktop\Test TA\error-wait.GIF
  (Session info: chrome=105.0.5195.127)
Build info: version: '4.4.0', revision: 'e5c75ed026a'
System info: host: 'DESKTOP-8OTT66F', ip: '192.168.0.11', os.name: 'Windows 10', os.arch: 'amd64', os.version: '10.0', java.version: '17.0.4.1'
Driver info: org.openqa.selenium.chrome.ChromeDriver
Command: [b91b9cc2b751a4292dcc5c13c338190c, sendKeysToElement {id=bec66f9b-f802-4b95-8269-2a95a7e32e16, value=[Ljava.lang.CharSequence;@393a535}]
Capabilities {acceptInsecureCerts: false, browserName: chrome, browserVersion: 105.0.5195.127, chrome: {chromedriverVersion: 105.0.5195.52 (412c95e51883..., userDataDir: C:\Users\NEXSOFT\AppData\Lo...}, goog:chromeOptions: {debuggerAddress: localhost:51677}, networkConnectionEnabled: false, pageLoadStrategy: normal, platformName: WINDOWS, proxy: Proxy(), se:cdp: ws://localhost:51677/devtoo..., se:cdpVersion: 105.0.5195.127, setWindowRect: true, strictFileInteractability: false, timeouts: {implicit: 0, pageLoad: 300000, script: 30000}, unhandledPromptBehavior: dismiss and notify, webauthn:extension:credBlob: true, webauthn:extension:largeBlob: true, webauthn:virtualAuthenticators: true}
Element: [[ChromeDriver: chrome on WINDOWS (b91b9cc2b751a4292dcc5c13c338190c)] -> name: uploadedFile]
Session ID: b91b9cc2b751a4292dcc5c13c338190c
at jdk.internal.reflect.GeneratedConstructorAccessor29.newInstance(Unknown Source)
at java.base/jdk.internal.reflect.DelegatingConstructorAccessorImpl.newInstance(DelegatingConstructorAccessorImpl.java:45)
at java.base/java.lang.reflect.Constructor.newInstanceWithCaller(Constructor.java:499)
at java.base/java.lang.reflect.Constructor.newInstance(Constructor.java:480)
at org.openqa.selenium.remote.codec.w3c.W3CHttpResponseCodec.createException(W3CHttpResponseCodec.java:200)
at org.openqa.selenium.remote.codec.w3c.W3CHttpResponseCodec.decode(W3CHttpResponseCodec.java:133)
at org.openqa.selenium.remote.codec.w3c.W3CHttpResponseCodec.decode(W3CHttpResponseCodec.java:53)
at org.openqa.selenium.remote.HttpCommandExecutor.execute(HttpCommandExecutor.java:184)
at org.openqa.selenium.remote.service.DriverCommandExecutor.invokeExecute(DriverCommandExecutor.java:167)
at org.openqa.selenium.remote.service.DriverCommandExecutor.execute(DriverCommandExecutor.java:142)
at org.openqa.selenium.remote.RemoteWebDriver.execute(RemoteWebDriver.java:547)
at org.openqa.selenium.remote.RemoteWebElement.execute(RemoteWebElement.java:257)
at org.openqa.selenium.remote.RemoteWebElement.sendKeys(RemoteWebElement.java:113)
at jdk.internal.reflect.GeneratedMethodAccessor128.invoke(Unknown Source)
at java.base/jdk.internal.reflect.DelegatingMethodAccessorImpl.invoke(DelegatingMethodAccessorImpl.java:43)
at java.base/java.lang.reflect.Method.invoke(Method.java:568)
at org.openqa.selenium.support.pagefactory.internal.LocatingElementHandler.invoke(LocatingElementHandler.java:52)
at jdk.proxy2/jdk.proxy2.$Proxy32.sendKeys(Unknown Source)
at cucumber.framework.page.jcadmin.JCAdminAboutPage.fotoTrainer(JCAdminAboutPage.java:115)
at cucumber.framework.runner.jcadmin.Cnico.JCAdminAboutAddTrainerImpl.kode_admin_mengisi_data_foto_nama_jabatan_dan_profile_trainer(JCAdminAboutAddTrainerImpl.java:61)
at ?.AB002P Admin mengisi data foto nama jabatan dan profile trainer(file:///C:/Users/NEXSOFT/git/INTEGRATION-BOIM-NICO-NISA/INTEGRATION-BOIM-NICO-NISA/src/main/resources/jcadmin/nico/005About001AddTrainer.feature:12)
]]>
    </error>
  </testcase> <!-- runScenario -->
  <system-out/>
  <testcase classname="cucumber.framework.runner.jcadmin.JCAdminRunnerKolektif" name="runScenario" time="2.701"/>
  <system-out/>
  <testcase classname="cucumber.framework.runner.jcadmin.JCAdminRunnerKolektif" name="runScenario" time="19.507">
    <failure message="expected [No] but found [Yes]" type="java.lang.AssertionError">
      <![CDATA[java.lang.AssertionError: expected [No] but found [Yes]
at org.testng.Assert.fail(Assert.java:110)
at org.testng.Assert.failNotEquals(Assert.java:1413)
at org.testng.Assert.assertEqualsImpl(Assert.java:149)
at org.testng.Assert.assertEquals(Assert.java:131)
at org.testng.Assert.assertEquals(Assert.java:655)
at org.testng.Assert.assertEquals(Assert.java:665)
at cucumber.framework.runner.jcadmin.Cnico.JCAdminBlogFindAndEditNegativeImpl.kode_admin_menekan_tombol_simpan_edit_status_status_menjadi_ubah(JCAdminBlogFindAndEditNegativeImpl.java:120)
at ?.BL008N Admin menekan tombol simpan edit status set to home Yes menjadi No(file:///C:/Users/NEXSOFT/git/INTEGRATION-BOIM-NICO-NISA/INTEGRATION-BOIM-NICO-NISA/src/main/resources/jcadmin/nico/006Blog005FindAndEditBlogNegative.feature:23)
]]>
    </failure>
  </testcase> <!-- runScenario -->
  <system-out/>
  <testcase classname="cucumber.framework.runner.jcadmin.JCAdminRunnerKolektif" name="runScenario" time="26.014"/>
  <system-out/>
  <testcase classname="cucumber.framework.runner.jcadmin.JCAdminRunnerKolektif" name="runScenario" time="6.256"/>
  <system-out/>
  <testcase classname="cucumber.framework.runner.jcadmin.JCAdminRunnerKolektif" name="runScenario" time="12.934"/>
  <system-out/>
  <testcase classname="cucumber.framework.runner.jcadmin.JCAdminRunnerKolektif" name="runScenario" time="8.872">
    <error message="invalid argument: File not found : C:\Users\NEXSOFT\git\INTEGRATION-BOIM-NICO-NISA\INTEGRATION-BOIM-NICO-NISA\src\main\resources\gambarnisa\jerome.jpeg
  (Session info: chrome=105.0.5195.127)
Build info: version: &#039;4.4.0&#039;, revision: &#039;e5c75ed026a&#039;
System info: host: &#039;DESKTOP-8OTT66F&#039;, ip: &#039;192.168.0.11&#039;, os.name: &#039;Windows 10&#039;, os.arch: &#039;amd64&#039;, os.version: &#039;10.0&#039;, java.version: &#039;17.0.4.1&#039;
Driver info: org.openqa.selenium.chrome.ChromeDriver
Command: [b91b9cc2b751a4292dcc5c13c338190c, sendKeysToElement {id=b960ffb8-958e-4d9f-acb5-d3970518ab18, value=[Ljava.lang.CharSequence;@82134e4}]
Capabilities {acceptInsecureCerts: false, browserName: chrome, browserVersion: 105.0.5195.127, chrome: {chromedriverVersion: 105.0.5195.52 (412c95e51883..., userDataDir: C:\Users\NEXSOFT\AppData\Lo...}, goog:chromeOptions: {debuggerAddress: localhost:51677}, networkConnectionEnabled: false, pageLoadStrategy: normal, platformName: WINDOWS, proxy: Proxy(), se:cdp: ws://localhost:51677/devtoo..., se:cdpVersion: 105.0.5195.127, setWindowRect: true, strictFileInteractability: false, timeouts: {implicit: 0, pageLoad: 300000, script: 30000}, unhandledPromptBehavior: dismiss and notify, webauthn:extension:credBlob: true, webauthn:extension:largeBlob: true, webauthn:virtualAuthenticators: true}
Element: [[ChromeDriver: chrome on WINDOWS (b91b9cc2b751a4292dcc5c13c338190c)] -&gt; xpath: //input[@name=&#039;uploadedFile&#039;]]
Session ID: b91b9cc2b751a4292dcc5c13c338190c" type="org.openqa.selenium.InvalidArgumentException">
      <![CDATA[org.openqa.selenium.InvalidArgumentException: invalid argument: File not found : C:\Users\NEXSOFT\git\INTEGRATION-BOIM-NICO-NISA\INTEGRATION-BOIM-NICO-NISA\src\main\resources\gambarnisa\jerome.jpeg
  (Session info: chrome=105.0.5195.127)
Build info: version: '4.4.0', revision: 'e5c75ed026a'
System info: host: 'DESKTOP-8OTT66F', ip: '192.168.0.11', os.name: 'Windows 10', os.arch: 'amd64', os.version: '10.0', java.version: '17.0.4.1'
Driver info: org.openqa.selenium.chrome.ChromeDriver
Command: [b91b9cc2b751a4292dcc5c13c338190c, sendKeysToElement {id=b960ffb8-958e-4d9f-acb5-d3970518ab18, value=[Ljava.lang.CharSequence;@82134e4}]
Capabilities {acceptInsecureCerts: false, browserName: chrome, browserVersion: 105.0.5195.127, chrome: {chromedriverVersion: 105.0.5195.52 (412c95e51883..., userDataDir: C:\Users\NEXSOFT\AppData\Lo...}, goog:chromeOptions: {debuggerAddress: localhost:51677}, networkConnectionEnabled: false, pageLoadStrategy: normal, platformName: WINDOWS, proxy: Proxy(), se:cdp: ws://localhost:51677/devtoo..., se:cdpVersion: 105.0.5195.127, setWindowRect: true, strictFileInteractability: false, timeouts: {implicit: 0, pageLoad: 300000, script: 30000}, unhandledPromptBehavior: dismiss and notify, webauthn:extension:credBlob: true, webauthn:extension:largeBlob: true, webauthn:virtualAuthenticators: true}
Element: [[ChromeDriver: chrome on WINDOWS (b91b9cc2b751a4292dcc5c13c338190c)] -> xpath: //input[@name='uploadedFile']]
Session ID: b91b9cc2b751a4292dcc5c13c338190c
at jdk.internal.reflect.GeneratedConstructorAccessor29.newInstance(Unknown Source)
at java.base/jdk.internal.reflect.DelegatingConstructorAccessorImpl.newInstance(DelegatingConstructorAccessorImpl.java:45)
at java.base/java.lang.reflect.Constructor.newInstanceWithCaller(Constructor.java:499)
at java.base/java.lang.reflect.Constructor.newInstance(Constructor.java:480)
at org.openqa.selenium.remote.codec.w3c.W3CHttpResponseCodec.createException(W3CHttpResponseCodec.java:200)
at org.openqa.selenium.remote.codec.w3c.W3CHttpResponseCodec.decode(W3CHttpResponseCodec.java:133)
at org.openqa.selenium.remote.codec.w3c.W3CHttpResponseCodec.decode(W3CHttpResponseCodec.java:53)
at org.openqa.selenium.remote.HttpCommandExecutor.execute(HttpCommandExecutor.java:184)
at org.openqa.selenium.remote.service.DriverCommandExecutor.invokeExecute(DriverCommandExecutor.java:167)
at org.openqa.selenium.remote.service.DriverCommandExecutor.execute(DriverCommandExecutor.java:142)
at org.openqa.selenium.remote.RemoteWebDriver.execute(RemoteWebDriver.java:547)
at org.openqa.selenium.remote.RemoteWebElement.execute(RemoteWebElement.java:257)
at org.openqa.selenium.remote.RemoteWebElement.sendKeys(RemoteWebElement.java:113)
at jdk.internal.reflect.GeneratedMethodAccessor128.invoke(Unknown Source)
at java.base/jdk.internal.reflect.DelegatingMethodAccessorImpl.invoke(DelegatingMethodAccessorImpl.java:43)
at java.base/java.lang.reflect.Method.invoke(Method.java:568)
at org.openqa.selenium.support.pagefactory.internal.LocatingElementHandler.invoke(LocatingElementHandler.java:52)
at jdk.proxy2/jdk.proxy2.$Proxy32.sendKeys(Unknown Source)
at cucumber.framework.page.jcadmin.JCAdminTestimonial.uploadFile(JCAdminTestimonial.java:302)
at cucumber.framework.page.jcadmin.JCAdminTestimonial.tambahDataTestimonialNegActiveNama(JCAdminTestimonial.java:412)
at cucumber.framework.runner.jcadmin.Anisa.JCTambahNegatifTestimonialImpl.admin_isi_negative_tambah_dengan_rating_angka_rating_active_nama_kecuali(JCTambahNegatifTestimonialImpl.java:174)
at ?.TE039N Admin isi negative tambah dengan rating 2 active nama kecuali(file:///C:/Users/NEXSOFT/git/INTEGRATION-BOIM-NICO-NISA/INTEGRATION-BOIM-NICO-NISA/src/main/resources/jcadmin/anisa/002Testimonial002TambahNegatif.feature:91)
]]>
    </error>
  </testcase> <!-- runScenario -->
  <system-out/>
</testsuite> <!-- cucumber.framework.runner.jcadmin.JCAdminRunnerKolektif -->
