<?xml version="1.0" encoding="UTF-8"?>
<!-- Generated by org.testng.reporters.JUnitReportReporter -->
<testsuite hostname="DESKTOP-8OTT66F" failures="0" tests="8" name="cucumber.framework.runner.jcadmin.boim.JCAdminRunnerBoim" time="134.472" errors="0" timestamp="2022-10-03T14:16:25 ICT" skipped="0">
  <testcase classname="cucumber.framework.runner.jcadmin.boim.JCAdminRunnerBoim" name="runScenario" time="17.682"/>
  <system-out/>
  <testcase classname="cucumber.framework.runner.jcadmin.boim.JCAdminRunnerBoim" name="runScenario" time="14.084"/>
  <system-out/>
  <testcase classname="cucumber.framework.runner.jcadmin.boim.JCAdminRunnerBoim" name="runScenario" time="14.369"/>
  <system-out/>
  <testcase classname="cucumber.framework.runner.jcadmin.boim.JCAdminRunnerBoim" name="runScenario" time="24.369"/>
  <system-out/>
  <testcase classname="cucumber.framework.runner.jcadmin.boim.JCAdminRunnerBoim" name="runScenario" time="15.922"/>
  <system-out/>
  <testcase classname="cucumber.framework.runner.jcadmin.boim.JCAdminRunnerBoim" name="runScenario" time="13.883"/>
  <system-out/>
  <testcase classname="cucumber.framework.runner.jcadmin.boim.JCAdminRunnerBoim" name="runScenario" time="16.873"/>
  <system-out/>
  <testcase classname="cucumber.framework.runner.jcadmin.boim.JCAdminRunnerBoim" name="runScenario" time="17.290"/>
  <system-out/>
</testsuite> <!-- cucumber.framework.runner.jcadmin.boim.JCAdminRunnerBoim -->
