<?xml version="1.0" encoding="UTF-8"?>
<!-- Generated by org.testng.reporters.JUnitReportReporter -->
<testsuite hostname="DESKTOP-8OTT66F" failures="0" tests="2" name="cucumber.framework.runner.jcadmin.nico.JCAdminRunnerNico" time="33.652" errors="0" timestamp="2022-10-03T14:10:43 ICT" skipped="0">
  <testcase classname="cucumber.framework.runner.jcadmin.nico.JCAdminRunnerNico" name="runScenario" time="13.761"/>
  <system-out/>
  <testcase classname="cucumber.framework.runner.jcadmin.nico.JCAdminRunnerNico" name="runScenario" time="19.891"/>
  <system-out/>
</testsuite> <!-- cucumber.framework.runner.jcadmin.nico.JCAdminRunnerNico -->
